2025-10-23 15:49:17,232 [INFO] Activator:176 - 


2025-10-23 15:49:17,239 [INFO] Activator:177 - !SESSION log4j initialized
2025-10-23 15:49:21,513 [INFO] LogOutputStream:77 - [STDOUT_REDIRECT] 
2025-10-23 15:49:22,107 [INFO] ApplicationProperties:184 - Using Application install path: D:\STM32CubeIDE_1.18.1\STM32CubeIDE\plugins\com.st.stm32cube.common.mx_6.14.1.202504091515
2025-10-23 15:49:22,121 [INFO] DbMcusXml:78 - Set database path to: D:\STM32CubeIDE_1.18.1\STM32CubeIDE\plugins\com.st.stm32cube.common.mx_6.14.1.202504091515\\db\/mcu/
2025-10-23 15:49:22,121 [INFO] ApiDb:274 - Set plugin database path to: D:\STM32CubeIDE_1.18.1\STM32CubeIDE\plugins\com.st.stm32cube.common.mx_6.14.1.202504091515\\db\/plugins/boardmanager/
2025-10-23 15:49:22,122 [WARN] ApiDb:259 - Overriding images path with different value:  => D:\STM32CubeIDE_1.18.1\STM32CubeIDE\plugins\com.st.stm32cube.common.mx_6.14.1.202504091515\\db\/plugins/mcufinder/images/
2025-10-23 15:49:22,125 [INFO] ApiDb:250 - Set database path to: C:\Users\ADMIN\.stmcufinder\plugins\mcufinder//mcu/
2025-10-23 15:49:22,127 [INFO] DbMcusAds:125 - Set database path to: C:\Users\ADMIN\.stmcufinder\plugins\mcufinder//mcu/
2025-10-23 15:49:22,129 [INFO] CrossReferenceDbSqlite:203 - Set database path to: C:\Users\ADMIN\.stmcufinder\plugins\mcufinder//mcu/cs/
2025-10-23 15:49:22,252 [INFO] RulesReader:64 - Compatibility file has been processed (302 Rules)
2025-10-23 15:49:22,312 [INFO] DbMcusXml:78 - Set database path to: D:\STM32CubeIDE_1.18.1\STM32CubeIDE\plugins\com.st.stm32cube.common.mx_6.14.1.202504091515\\db\/mcu/
2025-10-23 15:49:22,313 [INFO] ApiDb:274 - Set plugin database path to: D:\STM32CubeIDE_1.18.1\STM32CubeIDE\plugins\com.st.stm32cube.common.mx_6.14.1.202504091515\\db\/plugins/boardmanager/
2025-10-23 15:49:22,313 [INFO] ApiDb:261 - Set plugin images path to: D:\STM32CubeIDE_1.18.1\STM32CubeIDE\plugins\com.st.stm32cube.common.mx_6.14.1.202504091515\\db\/plugins/mcufinder/images/
2025-10-23 15:49:22,313 [WARN] DbFile:41 - Overriding database path with different value: C:\Users\ADMIN\.stmcufinder\plugins\mcufinder/ => C:\Users\ADMIN\.stmcufinder\plugins\mcufinder
2025-10-23 15:49:22,313 [INFO] ApiDb:250 - Set database path to: C:\Users\ADMIN\.stmcufinder\plugins\mcufinder//mcu/
2025-10-23 15:49:22,313 [WARN] DbFile:41 - Overriding database path with different value: C:\Users\ADMIN\.stmcufinder\plugins\mcufinder/ => C:\Users\ADMIN\.stmcufinder\plugins\mcufinder
2025-10-23 15:49:22,313 [INFO] DbMcusAds:125 - Set database path to: C:\Users\ADMIN\.stmcufinder\plugins\mcufinder//mcu/
2025-10-23 15:49:22,313 [WARN] DbFile:41 - Overriding database path with different value: C:\Users\ADMIN\.stmcufinder\plugins\mcufinder/ => C:\Users\ADMIN\.stmcufinder\plugins\mcufinder
2025-10-23 15:49:22,313 [WARN] DbFile:41 - Overriding database path with different value: C:\Users\ADMIN\.stmcufinder\plugins\mcufinder/ => C:\Users\ADMIN\.stmcufinder\plugins\mcufinder
2025-10-23 15:49:22,313 [INFO] CrossReferenceDbSqlite:203 - Set database path to: C:\Users\ADMIN\.stmcufinder\plugins\mcufinder//mcu/cs/
2025-10-23 15:49:22,367 [INFO] MainPanel:272 - HeapMemory: 268435456
2025-10-23 15:49:22,449 [INFO] DbMcusXml:78 - Set database path to: D:\STM32CubeIDE_1.18.1\STM32CubeIDE\plugins\com.st.stm32cube.common.mx_6.14.1.202504091515\\db\/mcu/
2025-10-23 15:49:22,449 [INFO] ApiDb:274 - Set plugin database path to: D:\STM32CubeIDE_1.18.1\STM32CubeIDE\plugins\com.st.stm32cube.common.mx_6.14.1.202504091515\\db\/plugins/boardmanager/
2025-10-23 15:49:22,449 [INFO] ApiDb:261 - Set plugin images path to: D:\STM32CubeIDE_1.18.1\STM32CubeIDE\plugins\com.st.stm32cube.common.mx_6.14.1.202504091515\\db\/plugins/mcufinder/images/
2025-10-23 15:49:22,449 [WARN] DbFile:41 - Overriding database path with different value: C:\Users\ADMIN\.stmcufinder\plugins\mcufinder/ => C:\Users\ADMIN\.stmcufinder\plugins\mcufinder
2025-10-23 15:49:22,449 [INFO] ApiDb:250 - Set database path to: C:\Users\ADMIN\.stmcufinder\plugins\mcufinder//mcu/
2025-10-23 15:49:22,449 [WARN] DbFile:41 - Overriding database path with different value: C:\Users\ADMIN\.stmcufinder\plugins\mcufinder/ => C:\Users\ADMIN\.stmcufinder\plugins\mcufinder
2025-10-23 15:49:22,450 [INFO] DbMcusAds:125 - Set database path to: C:\Users\ADMIN\.stmcufinder\plugins\mcufinder//mcu/
2025-10-23 15:49:22,450 [WARN] DbFile:41 - Overriding database path with different value: C:\Users\ADMIN\.stmcufinder\plugins\mcufinder/ => C:\Users\ADMIN\.stmcufinder\plugins\mcufinder
2025-10-23 15:49:22,450 [WARN] DbFile:41 - Overriding database path with different value: C:\Users\ADMIN\.stmcufinder\plugins\mcufinder/ => C:\Users\ADMIN\.stmcufinder\plugins\mcufinder
2025-10-23 15:49:22,450 [INFO] CrossReferenceDbSqlite:203 - Set database path to: C:\Users\ADMIN\.stmcufinder\plugins\mcufinder//mcu/cs/
2025-10-23 15:49:22,463 [INFO] ApplicationProperties:184 - Using Application install path: D:\STM32CubeIDE_1.18.1\STM32CubeIDE\plugins\com.st.stm32cube.common.mx_6.14.1.202504091515
2025-10-23 15:49:22,464 [INFO] PluginManage:196 - Search for loadable plugins [exclusion list=, ]
2025-10-23 15:49:22,464 [INFO] PluginManage:310 - Check plugin analytics
2025-10-23 15:49:22,622 [INFO] AnalyticsPlugin:253 - Accepted Software Licenses: STM32CubeMX.6.12.0
2025-10-23 15:49:22,623 [INFO] AnalyticsPlugin:255 - Accepted CMSIS Pack Licenses: 
2025-10-23 15:49:22,623 [INFO] AnalyticsPlugin:257 - Accepted Firmware Licenses: FW.F4.1.28.0,FW.H5.1.1.0,FW.H7.1.11.0
2025-10-23 15:49:22,625 [INFO] PluginManage:359 - Loaded plugin analytics (category:tool,tabindex:-1)
2025-10-23 15:49:22,626 [INFO] PluginManage:310 - Check plugin cadmodel
2025-10-23 15:49:22,632 [INFO] CADModel:105 - Init CAD model plugin
2025-10-23 15:49:22,633 [INFO] PluginManage:359 - Loaded plugin cadmodel (category:power,tabindex:5)
2025-10-23 15:49:22,633 [INFO] PluginManage:310 - Check plugin clock
2025-10-23 15:49:22,643 [INFO] PluginManage:359 - Loaded plugin clock (category:base,tabindex:2)
2025-10-23 15:49:22,643 [INFO] PluginManage:310 - Check plugin ddr
2025-10-23 15:49:22,645 [INFO] PluginManage:359 - Loaded plugin ddr (category:tool,tabindex:6)
2025-10-23 15:49:22,645 [INFO] PluginManage:310 - Check plugin filemanager
2025-10-23 15:49:22,784 [INFO] PluginManage:359 - Loaded plugin filemanager (category:base,tabindex:10)
2025-10-23 15:49:22,784 [INFO] PluginManage:310 - Check plugin ipmanager
2025-10-23 15:49:22,789 [INFO] PluginManage:359 - Loaded plugin ipmanager (category:base,tabindex:5)
2025-10-23 15:49:22,790 [INFO] PluginManage:310 - Check plugin lpbam
2025-10-23 15:49:22,796 [INFO] PluginManage:359 - Loaded plugin lpbam (category:base,tabindex:0)
2025-10-23 15:49:22,796 [INFO] PluginManage:310 - Check plugin memorymap
2025-10-23 15:49:22,809 [INFO] PluginManage:359 - Loaded plugin memorymap (category:base,tabindex:4)
2025-10-23 15:49:22,809 [INFO] PluginManage:310 - Check plugin pinoutandconfiguration
2025-10-23 15:49:22,816 [INFO] PluginManage:359 - Loaded plugin pinoutandconfiguration (category:base,tabindex:1)
2025-10-23 15:49:22,816 [INFO] PluginManage:310 - Check plugin pinoutconfig
2025-10-23 15:49:22,887 [WARN] SupportedApi:132 - Cannot load RTOS API schema: s4s-elt-must-match.1: The content of 'definitions' must match (annotation?, (simpleType | complexType)?, (unique | key | keyref)*)). A problem was found starting at: attribute.
2025-10-23 15:49:22,987 [INFO] PluginManage:359 - Loaded plugin pinoutconfig (category:base,tabindex:0)
2025-10-23 15:49:22,987 [INFO] PluginManage:310 - Check plugin power
2025-10-23 15:49:22,993 [INFO] PluginManage:359 - Loaded plugin power (category:power,tabindex:4)
2025-10-23 15:49:22,994 [INFO] PluginManage:310 - Check plugin projectmanager
2025-10-23 15:49:23,004 [INFO] PluginManage:359 - Loaded plugin projectmanager (category:projectmanager,tabindex:4)
2025-10-23 15:49:23,004 [INFO] PluginManage:310 - Check plugin rif
2025-10-23 15:49:23,010 [INFO] PluginManage:359 - Loaded plugin rif (category:base,tabindex:3)
2025-10-23 15:49:23,010 [INFO] PluginManage:310 - Check plugin thirdparty
2025-10-23 15:49:23,102 [WARN] IntegrityCheckThread:84 - waiting for thirdparty lock release [integrity check]
2025-10-23 15:49:23,102 [INFO] PluginManage:359 - Loaded plugin thirdparty (category:base,tabindex:-1)
2025-10-23 15:49:23,102 [INFO] IntegrityCheckThread:86 - entering critical section [integrity check]
2025-10-23 15:49:23,102 [INFO] PluginManage:310 - Check plugin tools
2025-10-23 15:49:23,103 [INFO] ThirdPartyUpdaterWithRetryManager:70 - Updater plugin not ready yet. [1/15]
2025-10-23 15:49:23,104 [INFO] PluginManage:359 - Loaded plugin tools (category:base,tabindex:7)
2025-10-23 15:49:23,104 [INFO] PluginManage:310 - Check plugin tutovideos
2025-10-23 15:49:23,234 [INFO] PluginManage:359 - Loaded plugin tutovideos (category:base,tabindex:-1)
2025-10-23 15:49:23,234 [INFO] PluginManage:310 - Check plugin updater
2025-10-23 15:49:23,251 [INFO] PluginManage:359 - Loaded plugin updater (category:base,tabindex:12)
2025-10-23 15:49:23,251 [INFO] PluginManage:310 - Check plugin userauth
2025-10-23 15:49:23,254 [INFO] UserAuth:118 - Init User Auth plugin
2025-10-23 15:49:23,254 [INFO] PluginManage:359 - Loaded plugin userauth (category:base,tabindex:14)
2025-10-23 15:49:23,255 [INFO] PluginManage:283 - PluginManage : Loaded plugins [18]
2025-10-23 15:49:23,424 [INFO] PinOutPanel:1589 - setPackage(No Configuration,No Configuration)
2025-10-23 15:49:23,497 [INFO] CADModel:165 - CPN selected for project level
2025-10-23 15:49:23,497 [INFO] CADModel:114 - Register for checkConnection events
2025-10-23 15:49:23,513 [INFO] IPUIPlugin:80 - create IPUIPlugin
2025-10-23 15:49:23,513 [INFO] PluginManager:220 - loadIPPluginJar : add adc
2025-10-23 15:49:23,515 [INFO] IPUIPlugin:80 - create IPUIPlugin
2025-10-23 15:49:23,515 [INFO] PluginManager:220 - loadIPPluginJar : add aes
2025-10-23 15:49:23,518 [INFO] IPUIPlugin:80 - create IPUIPlugin
2025-10-23 15:49:23,519 [INFO] PluginManager:220 - loadIPPluginJar : add can
2025-10-23 15:49:23,520 [INFO] IPUIPlugin:80 - create IPUIPlugin
2025-10-23 15:49:23,520 [INFO] PluginManager:220 - loadIPPluginJar : add comp
2025-10-23 15:49:23,523 [INFO] IPUIPlugin:80 - create IPUIPlugin
2025-10-23 15:49:23,523 [INFO] PluginManager:220 - loadIPPluginJar : add cryp
2025-10-23 15:49:23,526 [INFO] IPUIPlugin:80 - create IPUIPlugin
2025-10-23 15:49:23,526 [INFO] PluginManager:220 - loadIPPluginJar : add ddr_ctrl_phy
2025-10-23 15:49:23,528 [INFO] IPUIPlugin:80 - create IPUIPlugin
2025-10-23 15:49:23,528 [INFO] PluginManager:220 - loadIPPluginJar : add dfsdm
2025-10-23 15:49:23,532 [INFO] IPUIPlugin:80 - create IPUIPlugin
2025-10-23 15:49:23,533 [INFO] PluginManager:220 - loadIPPluginJar : add dma
2025-10-23 15:49:23,535 [INFO] IPUIPlugin:80 - create IPUIPlugin
2025-10-23 15:49:23,535 [INFO] PluginManager:220 - loadIPPluginJar : add dma3
2025-10-23 15:49:23,537 [INFO] IPUIPlugin:80 - create IPUIPlugin
2025-10-23 15:49:23,538 [INFO] PluginManager:220 - loadIPPluginJar : add extmemmanager
2025-10-23 15:49:23,538 [INFO] IPUIPlugin:80 - create IPUIPlugin
2025-10-23 15:49:23,539 [INFO] PluginManager:220 - loadIPPluginJar : add fatfs
2025-10-23 15:49:23,542 [INFO] IPUIPlugin:80 - create IPUIPlugin
2025-10-23 15:49:23,542 [INFO] PluginManager:220 - loadIPPluginJar : add fmc
2025-10-23 15:49:23,546 [INFO] IPUIPlugin:80 - create IPUIPlugin
2025-10-23 15:49:23,547 [INFO] PluginManager:220 - loadIPPluginJar : add freertos
2025-10-23 15:49:23,549 [INFO] IPUIPlugin:80 - create IPUIPlugin
2025-10-23 15:49:23,549 [INFO] PluginManager:220 - loadIPPluginJar : add genericplugin
2025-10-23 15:49:23,550 [INFO] IPUIPlugin:80 - create IPUIPlugin
2025-10-23 15:49:23,551 [INFO] PluginManager:220 - loadIPPluginJar : add gfxmmu
2025-10-23 15:49:23,554 [INFO] IPUIPlugin:80 - create IPUIPlugin
2025-10-23 15:49:23,554 [INFO] PluginManager:220 - loadIPPluginJar : add gic
2025-10-23 15:49:23,558 [INFO] IPUIPlugin:80 - create IPUIPlugin
2025-10-23 15:49:23,558 [INFO] PluginManager:220 - loadIPPluginJar : add gpio
2025-10-23 15:49:23,560 [INFO] IPUIPlugin:80 - create IPUIPlugin
2025-10-23 15:49:23,560 [INFO] PluginManager:220 - loadIPPluginJar : add gtzc
2025-10-23 15:49:23,562 [INFO] IPUIPlugin:80 - create IPUIPlugin
2025-10-23 15:49:23,562 [INFO] PluginManager:220 - loadIPPluginJar : add hash
2025-10-23 15:49:23,564 [INFO] IPUIPlugin:80 - create IPUIPlugin
2025-10-23 15:49:23,564 [INFO] PluginManager:220 - loadIPPluginJar : add i2c
2025-10-23 15:49:23,566 [INFO] IPUIPlugin:80 - create IPUIPlugin
2025-10-23 15:49:23,566 [INFO] PluginManager:220 - loadIPPluginJar : add i2s
2025-10-23 15:49:23,569 [INFO] IPUIPlugin:80 - create IPUIPlugin
2025-10-23 15:49:23,569 [INFO] PluginManager:220 - loadIPPluginJar : add i3c
2025-10-23 15:49:23,572 [INFO] IPUIPlugin:80 - create IPUIPlugin
2025-10-23 15:49:23,572 [INFO] PluginManager:220 - loadIPPluginJar : add ipddr
2025-10-23 15:49:23,577 [INFO] IPUIPlugin:80 - create IPUIPlugin
2025-10-23 15:49:23,577 [INFO] PluginManager:220 - loadIPPluginJar : add linkedlist
2025-10-23 15:49:23,580 [INFO] IPUIPlugin:80 - create IPUIPlugin
2025-10-23 15:49:23,580 [INFO] PluginManager:220 - loadIPPluginJar : add lorawan
2025-10-23 15:49:23,581 [INFO] IPUIPlugin:80 - create IPUIPlugin
2025-10-23 15:49:23,581 [INFO] PluginManager:220 - loadIPPluginJar : add ltdc
2025-10-23 15:49:23,586 [INFO] IPUIPlugin:80 - create IPUIPlugin
2025-10-23 15:49:23,586 [INFO] PluginManager:220 - loadIPPluginJar : add mdma
2025-10-23 15:49:23,589 [INFO] IPUIPlugin:80 - create IPUIPlugin
2025-10-23 15:49:23,589 [INFO] PluginManager:220 - loadIPPluginJar : add nvic
2025-10-23 15:49:23,591 [INFO] IPUIPlugin:80 - create IPUIPlugin
2025-10-23 15:49:23,591 [INFO] PluginManager:220 - loadIPPluginJar : add opamp
2025-10-23 15:49:23,593 [INFO] IPUIPlugin:80 - create IPUIPlugin
2025-10-23 15:49:23,593 [INFO] PluginManager:220 - loadIPPluginJar : add openamp
2025-10-23 15:49:23,596 [INFO] IPUIPlugin:80 - create IPUIPlugin
2025-10-23 15:49:23,596 [INFO] PluginManager:220 - loadIPPluginJar : add pdm2pcm
2025-10-23 15:49:23,600 [INFO] IPUIPlugin:80 - create IPUIPlugin
2025-10-23 15:49:23,603 [INFO] PluginManager:220 - loadIPPluginJar : add plateformsettings
2025-10-23 15:49:23,604 [INFO] IPUIPlugin:80 - create IPUIPlugin
2025-10-23 15:49:23,605 [INFO] PluginManager:220 - loadIPPluginJar : add quadspi
2025-10-23 15:49:23,606 [INFO] IPUIPlugin:80 - create IPUIPlugin
2025-10-23 15:49:23,606 [INFO] PluginManager:220 - loadIPPluginJar : add radio
2025-10-23 15:49:23,610 [INFO] IPUIPlugin:80 - create IPUIPlugin
2025-10-23 15:49:23,610 [INFO] PluginManager:220 - loadIPPluginJar : add resmgrutility
2025-10-23 15:49:23,612 [INFO] IPUIPlugin:80 - create IPUIPlugin
2025-10-23 15:49:23,613 [INFO] PluginManager:220 - loadIPPluginJar : add sai
2025-10-23 15:49:23,615 [INFO] IPUIPlugin:80 - create IPUIPlugin
2025-10-23 15:49:23,615 [INFO] PluginManager:220 - loadIPPluginJar : add spi
2025-10-23 15:49:23,620 [INFO] IPUIPlugin:80 - create IPUIPlugin
2025-10-23 15:49:23,620 [INFO] PluginManager:220 - loadIPPluginJar : add stm32_wpan
2025-10-23 15:49:23,621 [INFO] IPUIPlugin:80 - create IPUIPlugin
2025-10-23 15:49:23,621 [INFO] PluginManager:220 - loadIPPluginJar : add tim
2025-10-23 15:49:23,625 [INFO] IPUIPlugin:80 - create IPUIPlugin
2025-10-23 15:49:23,625 [INFO] PluginManager:220 - loadIPPluginJar : add touchsensing
2025-10-23 15:49:23,627 [INFO] IPUIPlugin:80 - create IPUIPlugin
2025-10-23 15:49:23,627 [INFO] PluginManager:220 - loadIPPluginJar : add tracer_emb
2025-10-23 15:49:23,628 [INFO] IPUIPlugin:80 - create IPUIPlugin
2025-10-23 15:49:23,628 [INFO] PluginManager:220 - loadIPPluginJar : add ts
2025-10-23 15:49:23,629 [INFO] IPUIPlugin:80 - create IPUIPlugin
2025-10-23 15:49:23,629 [INFO] PluginManager:220 - loadIPPluginJar : add tsc
2025-10-23 15:49:23,631 [INFO] IPUIPlugin:80 - create IPUIPlugin
2025-10-23 15:49:23,631 [INFO] PluginManager:220 - loadIPPluginJar : add ucpd
2025-10-23 15:49:23,633 [INFO] IPUIPlugin:80 - create IPUIPlugin
2025-10-23 15:49:23,633 [INFO] PluginManager:220 - loadIPPluginJar : add usart
2025-10-23 15:49:23,636 [INFO] IPUIPlugin:80 - create IPUIPlugin
2025-10-23 15:49:23,636 [INFO] PluginManager:220 - loadIPPluginJar : add usbx
2025-10-23 15:49:23,759 [FATAL] Updater:351 - Updater called before beeing initialized
2025-10-23 15:49:23,779 [INFO] RulesReader:64 - Compatibility file has been processed (302 Rules)
2025-10-23 15:49:23,787 [INFO] RulesReader:64 - Compatibility file has been processed (302 Rules)
2025-10-23 15:49:23,793 [INFO] CADModel:165 - CPN selected for project level
2025-10-23 15:49:23,793 [INFO] CADModel:114 - Register for checkConnection events
2025-10-23 15:49:23,793 [FATAL] Updater:351 - Updater called before beeing initialized
2025-10-23 15:49:23,793 [ERROR] CADModel:125 - Updater not yet initialized, retry later 
2025-10-23 15:49:23,904 [FATAL] Updater:351 - Updater called before beeing initialized
2025-10-23 15:49:23,906 [INFO] CADModel:165 - CPN selected for project level
2025-10-23 15:49:23,906 [INFO] CADModel:114 - Register for checkConnection events
2025-10-23 15:49:23,906 [FATAL] Updater:351 - Updater called before beeing initialized
2025-10-23 15:49:23,906 [ERROR] CADModel:125 - Updater not yet initialized, retry later 
2025-10-23 15:49:23,909 [FATAL] Updater:351 - Updater called before beeing initialized
2025-10-23 15:49:23,992 [FATAL] Updater:351 - Updater called before beeing initialized
2025-10-23 15:49:23,995 [INFO] DbMcusAds:53 - JSON generation date=Thu Oct 02 16:36:05 GMT+07:00 2025 (1759397765645)
2025-10-23 15:49:23,995 [FATAL] Updater:351 - Updater called before beeing initialized
2025-10-23 15:49:24,024 [WARN] DetailPanel:346 - Failed to get advertising image, set to default
2025-10-23 15:49:24,252 [FATAL] Updater:351 - Updater called before beeing initialized
2025-10-23 15:49:24,255 [FATAL] Updater:351 - Updater called before beeing initialized
2025-10-23 15:49:24,255 [FATAL] Updater:351 - Updater called before beeing initialized
2025-10-23 15:49:24,255 [WARN] DetailPanel:346 - Failed to get advertising image, set to default
2025-10-23 15:49:24,256 [FATAL] Updater:351 - Updater called before beeing initialized
2025-10-23 15:49:24,289 [ERROR] Updater:1198 - MainUpdater not yet initialized. External WinMGr cannot be set.
2025-10-23 15:49:24,290 [INFO] Updater:1134 - Updater Version found : 6.14.1
2025-10-23 15:49:24,304 [INFO] ApplicationProperties:184 - Using Application install path: D:\STM32CubeIDE_1.18.1\STM32CubeIDE\plugins\com.st.stm32cube.common.mx_6.14.1.202504091515
2025-10-23 15:49:25,889 [ERROR] LogOutputStream:75 - [STDERR_REDIRECT] Oct 23, 2025 3:49:25 PM java.util.prefs.WindowsPreferences <init>
2025-10-23 15:49:25,891 [ERROR] LogOutputStream:75 - [STDERR_REDIRECT] WARNING: Could not open/create prefs root node Software\JavaSoft\Prefs at root 0xffffffff80000002. Windows RegCreateKeyEx(...) returned error code 5.
2025-10-23 15:49:25,891 [ERROR] LogOutputStream:75 - [STDERR_REDIRECT] 
2025-10-23 15:49:26,115 [INFO] ThirdPartyUpdaterWithRetryManager:70 - Updater plugin not ready yet. [2/15]
2025-10-23 15:49:26,208 [INFO] MainUpdater:2872 - connection check result : 10
2025-10-23 15:49:26,209 [INFO] MainUpdater:3566 - Updater definition file requires update
2025-10-23 15:49:26,209 [INFO] MainUpdater:289 - Updater Check For Update Now.
2025-10-23 15:49:26,209 [INFO] MicroXplorer:498 - Change Database Version : DB.6.0.141
2025-10-23 15:49:26,214 [INFO] McuFinderGlobals:63 - Set McuFinder mode to 2 (CubeIDE integrated)
2025-10-23 15:49:26,214 [INFO] UserAuth:484 - Internet connection configuration mode: 1
2025-10-23 15:49:26,231 [INFO] JxBrowserEngine:152 - Initiate JxBrowser Engine with user profile folder
2025-10-23 15:49:26,246 [INFO] ServerAccessManage:473 - Download File updaters.zip
2025-10-23 15:49:26,323 [INFO] FileExtend:242 - Unzip File : updaters.zip
2025-10-23 15:49:26,323 [INFO] FileExtend:257 - Standard Zip Deflate
2025-10-23 15:49:26,688 [INFO] ServerAccessManage:473 - Download File PacksControlFlags.xml
2025-10-23 15:49:26,753 [INFO] ServerAccessManage:473 - Download File cubemx.pidx
2025-10-23 15:49:27,298 [INFO] WebApp:169 - Instantiating new browser for Auth
2025-10-23 15:49:27,380 [INFO] ServerAccessManage:473 - Download File QuantumLeaps.pidx
2025-10-23 15:49:27,383 [ERROR] CmsisPackIndexFile:434 - Cannot parse timestamp
2025-10-23 15:49:27,386 [ERROR] CmsisPackIndexFile:434 - Cannot parse timestamp
2025-10-23 15:49:27,432 [INFO] LoadServerUpdatesThread:375 - End of LoadServerUpdate Thread
2025-10-23 15:49:27,603 [INFO] CheckServerUpdateThread:120 - End of CheckServer Thread
2025-10-23 15:49:28,060 [INFO] WebApp:463 - Apply proxy settings
2025-10-23 15:49:28,061 [INFO] WebApp:548 - Chromium requires no authentication
2025-10-23 15:49:28,073 [INFO] WebApp:491 - Direct internet connection detected
2025-10-23 15:49:28,100 [INFO] WebApp:894 - Register for checkConnection events
2025-10-23 15:49:28,101 [INFO] WebApp:463 - Apply proxy settings
2025-10-23 15:49:28,101 [INFO] WebApp:548 - Chromium requires no authentication
2025-10-23 15:49:28,101 [INFO] WebApp:491 - Direct internet connection detected
2025-10-23 15:49:28,251 [INFO] WebApp:225 - Starting web application
2025-10-23 15:49:28,251 [INFO] WebApp:593 - Web application path used D:\STM32CubeIDE_1.18.1\STM32CubeIDE\plugins\com.st.stm32cube.common.mx_6.14.1.202504091515\db\plugins\mcufinder\reactClient1\index.html
2025-10-23 15:49:28,389 [INFO] WebApp:191 - Connection restablished
2025-10-23 15:49:28,439 [INFO] UserAuth:484 - Internet connection configuration mode: 1
2025-10-23 15:49:29,382 [WARN] PackLoader:240 - Cannot read IP mode file for STMicroelectronics.FP-SNS-MOTENVWB1.1.4.0
2025-10-23 15:49:29,389 [WARN] PackLoader:240 - Cannot read IP mode file for STMicroelectronics.FP-ATR-ASTRA1.2.0.2
2025-10-23 15:49:29,393 [WARN] PackLoader:240 - Cannot read IP mode file for STMicroelectronics.FP-ATR-ASTRA1.2.0.1
2025-10-23 15:49:29,400 [WARN] PackLoader:240 - Cannot read IP mode file for STMicroelectronics.X-CUBE-SMBUS.2.1.0
2025-10-23 15:49:29,407 [WARN] PackLoader:240 - Cannot read IP mode file for STMicroelectronics.X-CUBE-WB05N.1.1.0
2025-10-23 15:49:29,414 [WARN] PackLoader:240 - Cannot read IP mode file for STMicroelectronics.X-CUBE-ST60.1.0.0
2025-10-23 15:49:29,422 [WARN] PackLoader:240 - Cannot read IP mode file for STMicroelectronics.X-CUBE-TOUCHGFX.4.23.0
2025-10-23 15:49:29,426 [WARN] PackLoader:240 - Cannot read IP mode file for STMicroelectronics.X-CUBE-TOUCHGFX.4.23.2
2025-10-23 15:49:29,461 [WARN] PackLoader:240 - Cannot read IP mode file for STMicroelectronics.X-CUBE-AZRTOS-F7.1.1.0
2025-10-23 15:49:29,470 [WARN] PackLoader:240 - Cannot read IP mode file for STMicroelectronics.FP-SNS-MOTENV1.4.3.2
2025-10-23 15:49:29,525 [WARN] PackLoader:240 - Cannot read IP mode file for STMicroelectronics.X-CUBE-MEMS1.11.0.0
2025-10-23 15:49:29,758 [WARN] PackLoader:240 - Cannot read IP mode file for STMicroelectronics.FP-SNS-FLIGHT1.5.0.2
2025-10-23 15:49:29,800 [WARN] PackLoader:240 - Cannot read IP mode file for Infineon.AIROC-Wi-Fi-Bluetooth-STM32.1.7.0
2025-10-23 15:49:29,837 [WARN] PackLoader:240 - Cannot read IP mode file for STMicroelectronics.X-CUBE-AZRTOS-H7.3.4.0
2025-10-23 15:49:29,849 [WARN] PackLoader:240 - Cannot read IP mode file for STMicroelectronics.X-CUBE-DISPLAY.3.0.0
2025-10-23 15:49:29,859 [WARN] PackLoader:240 - Cannot read IP mode file for STMicroelectronics.X-CUBE-BLE1.7.0.0
2025-10-23 15:49:29,869 [WARN] PackLoader:240 - Cannot read IP mode file for STMicroelectronics.X-CUBE-NFC10.1.0.0
2025-10-23 15:49:29,881 [WARN] PackLoader:240 - Cannot read IP mode file for STMicroelectronics.X-CUBE-BLEMGR.4.0.0
2025-10-23 15:49:29,891 [WARN] PackLoader:240 - Cannot read IP mode file for STMicroelectronics.X-CUBE-ST60.1.1.0
2025-10-23 15:49:29,899 [WARN] PackLoader:240 - Cannot read IP mode file for emotas.I-CUBE-CANOPEN.1.3.0
2025-10-23 15:49:29,905 [WARN] ConditionMgr:438 - getConditionDescription Invalid condition id : Cortex-A Device cause : null
2025-10-23 15:49:29,917 [WARN] ConditionMgr:1044 - genDependencies : Invalid condition id : Cortex-A Device cause : null
2025-10-23 15:49:29,918 [WARN] ConditionMgr:1044 - genDependencies : Invalid condition id : Cortex-A Device cause : null
2025-10-23 15:49:29,918 [WARN] ConditionMgr:1044 - genDependencies : Invalid condition id : Cortex-A Device cause : null
2025-10-23 15:49:29,927 [WARN] PackLoader:240 - Cannot read IP mode file for STMicroelectronics.X-CUBE-BLEMGR.3.1.0
2025-10-23 15:49:29,935 [WARN] PackLoader:240 - Cannot read IP mode file for STMicroelectronics.X-CUBE-AI.10.0.0
2025-10-23 15:49:29,941 [ERROR] Engine:466 - C:\Users\ADMIN\.stm32cubemx\thirdparties\pdsc\STMicroelectronics.FP-SNS-STBOX1.2.1.0.pdsc: PDSC version is not supported
2025-10-23 15:49:29,946 [WARN] PackLoader:240 - Cannot read IP mode file for STMicroelectronics.FP-SNS-SMARTAG2.1.2.0
2025-10-23 15:49:29,953 [WARN] PackLoader:240 - Cannot read IP mode file for STMicroelectronics.FP-SNS-FLIGHT1.5.1.0
2025-10-23 15:49:30,005 [WARN] PackLoader:240 - Cannot read IP mode file for STMicroelectronics.X-CUBE-MEMS1.11.1.0
2025-10-23 15:49:30,101 [INFO] LogOutputStream:77 - [STDOUT_REDIRECT] 1 : Invalid condition id : UX_CORESTACK_Condition cause : null
2025-10-23 15:49:30,101 [INFO] LogOutputStream:77 - [STDOUT_REDIRECT] 1 : Invalid condition id : UX_CORESTACK_Condition cause : null
2025-10-23 15:49:30,102 [INFO] LogOutputStream:77 - [STDOUT_REDIRECT] 1 : Invalid condition id : UX_CORESTACK_Condition cause : null
2025-10-23 15:49:30,102 [INFO] LogOutputStream:77 - [STDOUT_REDIRECT] 1 : Invalid condition id : UX_CORESTACK_Condition cause : null
2025-10-23 15:49:30,103 [INFO] LogOutputStream:77 - [STDOUT_REDIRECT] 1 : Invalid condition id : UX_CORESTACK_Condition cause : null
2025-10-23 15:49:30,105 [WARN] PackLoader:240 - Cannot read IP mode file for STMicroelectronics.X-CUBE-AZRTOS-WL.2.0.0
2025-10-23 15:49:30,109 [WARN] PackLoader:240 - Cannot read IP mode file for STMicroelectronics.FP-SNS-MOTENV1.5.0.0
2025-10-23 15:49:30,113 [WARN] PackLoader:240 - Cannot read IP mode file for wolfSSL.I-CUBE-wolfMQTT.1.19.0
2025-10-23 15:49:30,118 [WARN] PackLoader:240 - Cannot read IP mode file for WES.I-CUBE-Cesium.1.3.0
2025-10-23 15:49:30,122 [WARN] PackLoader:240 - Cannot read IP mode file for STMicroelectronics.X-CUBE-BLE2.3.3.0
2025-10-23 15:49:30,128 [WARN] PackLoader:240 - Cannot read IP mode file for STMicroelectronics.X-CUBE-NFC9.1.0.0
2025-10-23 15:49:30,134 [WARN] PackLoader:240 - Cannot read IP mode file for wolfSSL.I-CUBE-wolfSSL.5.8.0
2025-10-23 15:49:30,137 [WARN] PackLoader:240 - Cannot read IP mode file for STMicroelectronics.X-CUBE-BLE1.7.1.0
2025-10-23 15:49:30,139 [WARN] PackLoader:240 - Cannot read IP mode file for wolfSSL.I-CUBE-wolfMQTT.1.19.2
2025-10-23 15:49:30,144 [WARN] PackLoader:240 - Cannot read IP mode file for STMicroelectronics.X-CUBE-TCPP.4.1.0
2025-10-23 15:49:30,150 [WARN] PackLoader:240 - Cannot read IP mode file for STMicroelectronics.X-CUBE-EEPRMA1.5.2.0
2025-10-23 15:49:30,152 [ERROR] Engine:466 - C:\Users\ADMIN\.stm32cubemx\thirdparties\pdsc\STMicroelectronics.X-CUBE-ST67W61.1.1.0.pdsc: PDSC version is not supported
2025-10-23 15:49:30,156 [WARN] PackLoader:240 - Cannot read IP mode file for STMicroelectronics.X-CUBE-AI.10.1.0
2025-10-23 15:49:30,160 [WARN] PackLoader:240 - Cannot read IP mode file for STMicroelectronics.X-CUBE-ALGOBUILD.1.3.0
2025-10-23 15:49:30,192 [WARN] PackLoader:240 - Cannot read IP mode file for STMicroelectronics.X-CUBE-MEMS1.11.2.0
2025-10-23 15:49:30,276 [WARN] PackLoader:240 - Cannot read IP mode file for STMicroelectronics.X-CUBE-AZRTOS-G0.1.1.0
2025-10-23 15:49:30,295 [WARN] PackLoader:240 - Cannot read IP mode file for STMicroelectronics.X-CUBE-SAFEA1.1.2.2
2025-10-23 15:49:30,300 [WARN] PackLoader:240 - Cannot read IP mode file for STMicroelectronics.X-CUBE-NFC4.3.0.0
2025-10-23 15:49:30,308 [WARN] PackLoader:240 - Cannot read IP mode file for EmbeddedOffice.I-CUBE-FS-RTOS.1.0.1
2025-10-23 15:49:30,312 [WARN] PackLoader:240 - Cannot read IP mode file for STMicroelectronics.X-CUBE-WB05N.2.0.0
2025-10-23 15:49:30,320 [WARN] PackLoader:240 - Cannot read IP mode file for STMicroelectronics.X-CUBE-BLEMGR.3.0.0
2025-10-23 15:49:30,324 [WARN] PackLoader:240 - Cannot read IP mode file for wolfSSL.I-CUBE-wolfTPM.3.8.0
2025-10-23 15:49:30,330 [WARN] PackLoader:240 - Cannot read IP mode file for STMicroelectronics.X-CUBE-TCPP.4.2.0
2025-10-23 15:49:30,335 [WARN] PackLoader:240 - Cannot read IP mode file for RealThread.X-CUBE-RT-Thread_Nano.4.1.1
2025-10-23 15:49:30,339 [WARN] PackLoader:240 - Cannot read IP mode file for STMicroelectronics.FP-ATR-SIGFOX1.3.2.0
2025-10-23 15:49:30,342 [WARN] ConditionMgr:438 - getConditionDescription Invalid condition id : Cortex-A Device cause : null
2025-10-23 15:49:30,348 [WARN] ConditionMgr:1044 - genDependencies : Invalid condition id : Cortex-A Device cause : null
2025-10-23 15:49:30,348 [WARN] ConditionMgr:1044 - genDependencies : Invalid condition id : Cortex-A Device cause : null
2025-10-23 15:49:30,348 [WARN] ConditionMgr:1044 - genDependencies : Invalid condition id : Cortex-A Device cause : null
2025-10-23 15:49:30,353 [WARN] PackLoader:240 - Cannot read IP mode file for STMicroelectronics.X-CUBE-EEPRMA1.5.1.0
2025-10-23 15:49:30,359 [WARN] PackLoader:240 - Cannot read IP mode file for ITTIA_DB.I-CUBE-ITTIADB.8.9.0
2025-10-23 15:49:30,365 [WARN] PackLoader:240 - Cannot read IP mode file for STMicroelectronics.X-CUBE-ST67W61.1.0.0
2025-10-23 15:49:30,370 [WARN] PackLoader:240 - Cannot read IP mode file for STMicroelectronics.X-CUBE-AI.10.2.0
2025-10-23 15:49:30,400 [WARN] PackLoader:240 - Cannot read IP mode file for SEGGER.I-CUBE-embOS.1.3.1
2025-10-23 15:49:30,446 [WARN] PackLoader:240 - Cannot read IP mode file for STMicroelectronics.X-CUBE-ALGOBUILD.1.4.0
2025-10-23 15:49:30,524 [WARN] PackLoader:240 - Cannot read IP mode file for STMicroelectronics.X-CUBE-MEMS1.11.3.0
2025-10-23 15:49:30,758 [WARN] PackLoader:240 - Cannot read IP mode file for STMicroelectronics.X-CUBE-AI.9.1.0
2025-10-23 15:49:30,764 [WARN] PackLoader:240 - Cannot read IP mode file for STMicroelectronics.X-CUBE-PM33A1.1.0.0
2025-10-23 15:49:30,770 [WARN] PackLoader:240 - Cannot read IP mode file for STMicroelectronics.X-CUBE-GNSS1.6.0.0
2025-10-23 15:49:30,796 [WARN] PackLoader:240 - Cannot read IP mode file for STMicroelectronics.X-CUBE-AZRTOS-F4.1.1.0
2025-10-23 15:49:30,808 [WARN] PackLoader:240 - Cannot read IP mode file for Avnet-IotConnect.X-CUBE-IoTC-DA16k-PMOD.1.0.0
2025-10-23 15:49:30,815 [WARN] PackLoader:240 - Cannot read IP mode file for STMicroelectronics.X-CUBE-ISPU.2.1.0
2025-10-23 15:49:30,822 [ERROR] Engine:466 - C:\Users\ADMIN\.stm32cubemx\thirdparties\pdsc\STMicroelectronics.X-CUBE-IPS.3.2.0.pdsc: PDSC version is not supported
2025-10-23 15:49:30,835 [WARN] PackLoader:240 - Cannot read IP mode file for STMicroelectronics.X-CUBE-FREERTOS.1.2.0
2025-10-23 15:49:30,839 [WARN] PackLoader:240 - Cannot read IP mode file for wolfSSL.I-CUBE-wolfSSL.5.6.6
2025-10-23 15:49:30,848 [WARN] PackLoader:240 - Cannot read IP mode file for STMicroelectronics.X-CUBE-NFC12.1.0.0
2025-10-23 15:49:30,873 [WARN] PackLoader:240 - Cannot read IP mode file for STMicroelectronics.X-CUBE-AZRTOS-L5.2.0.0
2025-10-23 15:49:30,884 [WARN] PackLoader:240 - Cannot read IP mode file for STMicroelectronics.X-CUBE-NFC6.3.1.0
2025-10-23 15:49:30,891 [WARN] PackLoader:240 - Cannot read IP mode file for ITTIA_DB.I-CUBE-ITTIADB.8.8.0
2025-10-23 15:49:30,897 [WARN] PackLoader:240 - Cannot read IP mode file for STMicroelectronics.X-CUBE-DPower.1.2.0
2025-10-23 15:49:30,901 [WARN] PackLoader:240 - Cannot read IP mode file for STMicroelectronics.X-CUBE-AI.9.0.0
2025-10-23 15:49:30,907 [WARN] PackLoader:240 - Cannot read IP mode file for STMicroelectronics.X-CUBE-FREERTOS.1.3.1
2025-10-23 15:49:30,911 [WARN] PackLoader:240 - Cannot read IP mode file for STMicroelectronics.X-CUBE-FREERTOS.1.3.0
2025-10-23 15:49:30,917 [WARN] PackLoader:240 - Cannot read IP mode file for STMicroelectronics.X-CUBE-NFC7.1.0.1
2025-10-23 15:49:30,922 [WARN] PackLoader:240 - Cannot read IP mode file for wolfSSL.I-CUBE-wolfTPM.3.2.0
2025-10-23 15:49:30,926 [WARN] PackLoader:240 - Cannot read IP mode file for STMicroelectronics.X-CUBE-TOUCHGFX.4.26.0
2025-10-23 15:49:30,934 [WARN] PackLoader:240 - Cannot read IP mode file for STMicroelectronics.X-CUBE-NFC6.3.0.0
2025-10-23 15:49:30,946 [WARN] PackLoader:240 - Cannot read IP mode file for STMicroelectronics.FP-SNS-STAIOTCFT.1.0.0
2025-10-23 15:49:30,953 [WARN] PackLoader:240 - Cannot read IP mode file for STMicroelectronics.X-CUBE-DPower.1.3.0
2025-10-23 15:49:30,957 [WARN] PackLoader:240 - Cannot read IP mode file for STMicroelectronics.X-CUBE-AI.8.1.0
2025-10-23 15:49:30,982 [WARN] ConditionMgr:438 - getConditionDescription Invalid condition id : LAN8742 Phy interface Condition cause : null
2025-10-23 15:49:30,982 [WARN] PackLoader:240 - Cannot read IP mode file for STMicroelectronics.X-CUBE-AZRTOS-L4.2.0.0
2025-10-23 15:49:30,984 [WARN] ConditionMgr:1044 - genDependencies : Invalid condition id : LAN8742 Phy interface Condition cause : null
2025-10-23 15:49:30,984 [WARN] ConditionMgr:1044 - genDependencies : Invalid condition id : LAN8742 Phy interface Condition cause : null
2025-10-23 15:49:30,985 [WARN] ConditionMgr:1044 - genDependencies : Invalid condition id : LAN8742 Phy interface Condition cause : null
2025-10-23 15:49:30,995 [WARN] PackLoader:240 - Cannot read IP mode file for STMicroelectronics.X-CUBE-SFXS2LP1.4.0.0
2025-10-23 15:49:31,026 [WARN] PackLoader:240 - Cannot read IP mode file for STMicroelectronics.X-CUBE-AZRTOS-H7.3.3.0
2025-10-23 15:49:31,043 [WARN] PackLoader:240 - Cannot read IP mode file for STMicroelectronics.X-CUBE-BLEMGR.4.1.0
2025-10-23 15:49:31,064 [WARN] PackLoader:240 - Cannot read IP mode file for STMicroelectronics.X-CUBE-IPS.3.0.0
2025-10-23 15:49:31,089 [WARN] ConditionMgr:438 - getConditionDescription Invalid condition id : UX DEVICE CLASS RTOS Condition cause : null
2025-10-23 15:49:31,089 [WARN] ConditionMgr:438 - getConditionDescription Invalid condition id : UX DEVICE CLASS RTOS Condition cause : null
2025-10-23 15:49:31,092 [WARN] PackLoader:240 - Cannot read IP mode file for STMicroelectronics.X-CUBE-AZRTOS-WB.2.0.0
2025-10-23 15:49:31,093 [WARN] ConditionMgr:1044 - genDependencies : Invalid condition id : UX DEVICE CLASS RTOS Condition cause : null
2025-10-23 15:49:31,093 [WARN] ConditionMgr:1044 - genDependencies : Invalid condition id : UX DEVICE CLASS RTOS Condition cause : null
2025-10-23 15:49:31,095 [WARN] ConditionMgr:1044 - genDependencies : Invalid condition id : UX DEVICE CLASS RTOS Condition cause : null
2025-10-23 15:49:31,095 [WARN] ConditionMgr:1044 - genDependencies : Invalid condition id : UX DEVICE CLASS RTOS Condition cause : null
2025-10-23 15:49:31,095 [WARN] ConditionMgr:1044 - genDependencies : Invalid condition id : UX DEVICE CLASS RTOS Condition cause : null
2025-10-23 15:49:31,103 [WARN] PackLoader:240 - Cannot read IP mode file for STMicroelectronics.X-CUBE-GNSS1.7.0.0
2025-10-23 15:49:31,111 [WARN] PackLoader:240 - Cannot read IP mode file for STMicroelectronics.X-CUBE-GNSS1.7.0.1
2025-10-23 15:49:31,117 [WARN] PackLoader:240 - Cannot read IP mode file for STMicroelectronics.X-CUBE-TOUCHGFX.4.25.0
2025-10-23 15:49:31,126 [WARN] PackLoader:240 - Cannot read IP mode file for STMicroelectronics.FP-SNS-STBOX1.2.0.0
2025-10-23 15:49:31,139 [WARN] PackLoader:240 - Cannot read IP mode file for STMicroelectronics.X-CUBE-SUBG2.5.0.0
2025-10-23 15:49:31,166 [WARN] PackLoader:240 - Cannot read IP mode file for STMicroelectronics.X-CUBE-AZRTOS-H7RS.1.1.0
2025-10-23 15:49:31,173 [WARN] PackLoader:240 - Cannot read IP mode file for Cesanta.I-CUBE-Mongoose.7.13.0
2025-10-23 15:49:31,190 [WARN] PackLoader:240 - Cannot read IP mode file for STMicroelectronics.X-CUBE-AZRTOS-G4.2.0.0
2025-10-23 15:49:31,201 [WARN] PackLoader:240 - Cannot read IP mode file for Infineon.AIROC-Wi-Fi-Bluetooth-STM32.1.5.1
2025-10-23 15:49:31,208 [WARN] PackLoader:240 - Cannot read IP mode file for wolfSSL.I-CUBE-wolfSSH.1.4.20
2025-10-23 15:49:31,213 [WARN] PackLoader:240 - Cannot read IP mode file for STMicroelectronics.X-CUBE-NFC7.2.0.0
2025-10-23 15:49:31,217 [WARN] PackLoader:240 - Cannot read IP mode file for STMicroelectronics.FP-SNS-MOTENVWB1.1.3.1
2025-10-23 15:49:31,221 [WARN] PackLoader:240 - Cannot read IP mode file for STMicroelectronics.X-CUBE-ISPU.2.0.0
2025-10-23 15:49:31,230 [WARN] PackLoader:240 - Cannot read IP mode file for STMicroelectronics.X-CUBE-IPS.3.1.0
2025-10-23 15:49:31,238 [WARN] PackLoader:240 - Cannot read IP mode file for STMicroelectronics.X-CUBE-ALS.1.0.2
2025-10-23 15:49:31,274 [WARN] PackLoader:240 - Cannot read IP mode file for STMicroelectronics.X-CUBE-MEMS1.10.0.0
2025-10-23 15:49:31,369 [WARN] PackLoader:240 - Cannot read IP mode file for STMicroelectronics.X-CUBE-FREERTOS.1.1.0
2025-10-23 15:49:31,371 [WARN] PackLoader:240 - Cannot read IP mode file for STMicroelectronics.X-CUBE-TOUCHGFX.4.24.0
2025-10-23 15:49:31,373 [WARN] PackLoader:240 - Cannot read IP mode file for STMicroelectronics.X-CUBE-TOUCHGFX.4.24.2
2025-10-23 15:49:31,375 [WARN] PackLoader:240 - Cannot read IP mode file for STMicroelectronics.X-CUBE-TOUCHGFX.4.24.1
2025-10-23 15:49:31,381 [WARN] PackLoader:240 - Cannot read IP mode file for STMicroelectronics.X-CUBE-STSE01.1.0.0
2025-10-23 15:49:31,386 [WARN] PackLoader:240 - Cannot read IP mode file for portGmbH.I-Cube-SoM-uGOAL.1.1.0
2025-10-23 15:49:31,390 [WARN] PackLoader:240 - Cannot read IP mode file for STMicroelectronics.X-CUBE-ALS.1.0.1
2025-10-23 15:49:31,411 [WARN] PackLoader:240 - Cannot read IP mode file for STMicroelectronics.X-CUBE-AZRTOS-H7RS.1.0.0
2025-10-23 15:49:31,415 [WARN] PackLoader:240 - Cannot read IP mode file for STMicroelectronics.FP-ATR-ASTRA1.2.0.0
2025-10-23 15:49:31,425 [WARN] PackLoader:240 - Cannot read IP mode file for STMicroelectronics.X-CUBE-TOF1.3.4.2
2025-10-23 15:49:31,442 [WARN] PackLoader:240 - Cannot read IP mode file for STMicroelectronics.X-CUBE-TOF1.3.4.3
2025-10-23 15:49:31,459 [WARN] PackLoader:240 - Cannot read IP mode file for STMicroelectronics.X-CUBE-TOF1.3.4.0
2025-10-23 15:49:31,474 [WARN] PackLoader:240 - Cannot read IP mode file for STMicroelectronics.X-CUBE-TOF1.3.4.1
2025-10-23 15:49:31,494 [WARN] PackLoader:240 - Cannot read IP mode file for STMicroelectronics.X-CUBE-AZRTOS-H7.3.2.0
2025-10-23 15:49:31,498 [WARN] PackLoader:240 - Cannot read IP mode file for wolfSSL.I-CUBE-wolfSSH.1.4.17
2025-10-23 15:49:31,499 [INFO] ThirdParty:978 - Integrity check success = true
2025-10-23 15:49:31,499 [INFO] IntegrityCheckThread:100 - exiting critical section [integrity check]
2025-10-23 15:49:31,499 [INFO] IntegrityCheckThread:103 - End integrity checks thread
2025-10-23 16:19:17,222 [INFO] WebApp:194 - Connection lost
2025-10-23 16:19:17,416 [INFO] WebApp:191 - Connection restablished
2025-10-23 17:51:30,808 [ERROR] ConfigurationRetriever:142 - IOException on connection: Connect timed out
2025-10-23 17:52:02,068 [ERROR] LogOutputStream:75 - [STDERR_REDIRECT] 
2025-10-23 17:52:20,829 [INFO] Activator:176 - 


2025-10-23 17:52:20,833 [INFO] Activator:177 - !SESSION log4j initialized
2025-10-23 17:52:26,943 [INFO] LogOutputStream:77 - [STDOUT_REDIRECT] 
2025-10-23 17:52:27,589 [INFO] ApplicationProperties:184 - Using Application install path: D:\STM32CubeIDE_1.18.1\STM32CubeIDE\plugins\com.st.stm32cube.common.mx_6.14.1.202504091515
2025-10-23 17:52:27,605 [INFO] DbMcusXml:78 - Set database path to: D:\STM32CubeIDE_1.18.1\STM32CubeIDE\plugins\com.st.stm32cube.common.mx_6.14.1.202504091515\\db\/mcu/
2025-10-23 17:52:27,605 [INFO] ApiDb:274 - Set plugin database path to: D:\STM32CubeIDE_1.18.1\STM32CubeIDE\plugins\com.st.stm32cube.common.mx_6.14.1.202504091515\\db\/plugins/boardmanager/
2025-10-23 17:52:27,605 [WARN] ApiDb:259 - Overriding images path with different value:  => D:\STM32CubeIDE_1.18.1\STM32CubeIDE\plugins\com.st.stm32cube.common.mx_6.14.1.202504091515\\db\/plugins/mcufinder/images/
2025-10-23 17:52:27,608 [INFO] ApiDb:250 - Set database path to: C:\Users\ADMIN\.stmcufinder\plugins\mcufinder//mcu/
2025-10-23 17:52:27,609 [INFO] DbMcusAds:125 - Set database path to: C:\Users\ADMIN\.stmcufinder\plugins\mcufinder//mcu/
2025-10-23 17:52:27,611 [INFO] CrossReferenceDbSqlite:203 - Set database path to: C:\Users\ADMIN\.stmcufinder\plugins\mcufinder//mcu/cs/
2025-10-23 17:52:27,715 [INFO] RulesReader:64 - Compatibility file has been processed (302 Rules)
2025-10-23 17:52:27,784 [INFO] DbMcusXml:78 - Set database path to: D:\STM32CubeIDE_1.18.1\STM32CubeIDE\plugins\com.st.stm32cube.common.mx_6.14.1.202504091515\\db\/mcu/
2025-10-23 17:52:27,784 [INFO] ApiDb:274 - Set plugin database path to: D:\STM32CubeIDE_1.18.1\STM32CubeIDE\plugins\com.st.stm32cube.common.mx_6.14.1.202504091515\\db\/plugins/boardmanager/
2025-10-23 17:52:27,785 [INFO] ApiDb:261 - Set plugin images path to: D:\STM32CubeIDE_1.18.1\STM32CubeIDE\plugins\com.st.stm32cube.common.mx_6.14.1.202504091515\\db\/plugins/mcufinder/images/
2025-10-23 17:52:27,785 [WARN] DbFile:41 - Overriding database path with different value: C:\Users\ADMIN\.stmcufinder\plugins\mcufinder/ => C:\Users\ADMIN\.stmcufinder\plugins\mcufinder
2025-10-23 17:52:27,785 [INFO] ApiDb:250 - Set database path to: C:\Users\ADMIN\.stmcufinder\plugins\mcufinder//mcu/
2025-10-23 17:52:27,785 [WARN] DbFile:41 - Overriding database path with different value: C:\Users\ADMIN\.stmcufinder\plugins\mcufinder/ => C:\Users\ADMIN\.stmcufinder\plugins\mcufinder
2025-10-23 17:52:27,785 [INFO] DbMcusAds:125 - Set database path to: C:\Users\ADMIN\.stmcufinder\plugins\mcufinder//mcu/
2025-10-23 17:52:27,785 [WARN] DbFile:41 - Overriding database path with different value: C:\Users\ADMIN\.stmcufinder\plugins\mcufinder/ => C:\Users\ADMIN\.stmcufinder\plugins\mcufinder
2025-10-23 17:52:27,785 [WARN] DbFile:41 - Overriding database path with different value: C:\Users\ADMIN\.stmcufinder\plugins\mcufinder/ => C:\Users\ADMIN\.stmcufinder\plugins\mcufinder
2025-10-23 17:52:27,785 [INFO] CrossReferenceDbSqlite:203 - Set database path to: C:\Users\ADMIN\.stmcufinder\plugins\mcufinder//mcu/cs/
2025-10-23 17:52:27,855 [INFO] MainPanel:272 - HeapMemory: 268435456
2025-10-23 17:52:28,000 [INFO] DbMcusXml:78 - Set database path to: D:\STM32CubeIDE_1.18.1\STM32CubeIDE\plugins\com.st.stm32cube.common.mx_6.14.1.202504091515\\db\/mcu/
2025-10-23 17:52:28,000 [INFO] ApiDb:274 - Set plugin database path to: D:\STM32CubeIDE_1.18.1\STM32CubeIDE\plugins\com.st.stm32cube.common.mx_6.14.1.202504091515\\db\/plugins/boardmanager/
2025-10-23 17:52:28,001 [INFO] ApiDb:261 - Set plugin images path to: D:\STM32CubeIDE_1.18.1\STM32CubeIDE\plugins\com.st.stm32cube.common.mx_6.14.1.202504091515\\db\/plugins/mcufinder/images/
2025-10-23 17:52:28,001 [WARN] DbFile:41 - Overriding database path with different value: C:\Users\ADMIN\.stmcufinder\plugins\mcufinder/ => C:\Users\ADMIN\.stmcufinder\plugins\mcufinder
2025-10-23 17:52:28,001 [INFO] ApiDb:250 - Set database path to: C:\Users\ADMIN\.stmcufinder\plugins\mcufinder//mcu/
2025-10-23 17:52:28,001 [WARN] DbFile:41 - Overriding database path with different value: C:\Users\ADMIN\.stmcufinder\plugins\mcufinder/ => C:\Users\ADMIN\.stmcufinder\plugins\mcufinder
2025-10-23 17:52:28,002 [INFO] DbMcusAds:125 - Set database path to: C:\Users\ADMIN\.stmcufinder\plugins\mcufinder//mcu/
2025-10-23 17:52:28,002 [WARN] DbFile:41 - Overriding database path with different value: C:\Users\ADMIN\.stmcufinder\plugins\mcufinder/ => C:\Users\ADMIN\.stmcufinder\plugins\mcufinder
2025-10-23 17:52:28,002 [WARN] DbFile:41 - Overriding database path with different value: C:\Users\ADMIN\.stmcufinder\plugins\mcufinder/ => C:\Users\ADMIN\.stmcufinder\plugins\mcufinder
2025-10-23 17:52:28,002 [INFO] CrossReferenceDbSqlite:203 - Set database path to: C:\Users\ADMIN\.stmcufinder\plugins\mcufinder//mcu/cs/
2025-10-23 17:52:28,021 [INFO] ApplicationProperties:184 - Using Application install path: D:\STM32CubeIDE_1.18.1\STM32CubeIDE\plugins\com.st.stm32cube.common.mx_6.14.1.202504091515
2025-10-23 17:52:28,022 [INFO] PluginManage:196 - Search for loadable plugins [exclusion list=, ]
2025-10-23 17:52:28,023 [INFO] PluginManage:310 - Check plugin analytics
2025-10-23 17:52:28,342 [INFO] AnalyticsPlugin:253 - Accepted Software Licenses: STM32CubeMX.6.12.0
2025-10-23 17:52:28,342 [INFO] AnalyticsPlugin:255 - Accepted CMSIS Pack Licenses: 
2025-10-23 17:52:28,342 [INFO] AnalyticsPlugin:257 - Accepted Firmware Licenses: FW.F4.1.28.0,FW.H5.1.1.0,FW.H7.1.11.0
2025-10-23 17:52:28,346 [INFO] PluginManage:359 - Loaded plugin analytics (category:tool,tabindex:-1)
2025-10-23 17:52:28,346 [INFO] PluginManage:310 - Check plugin cadmodel
2025-10-23 17:52:28,351 [INFO] CADModel:105 - Init CAD model plugin
2025-10-23 17:52:28,351 [INFO] PluginManage:359 - Loaded plugin cadmodel (category:power,tabindex:5)
2025-10-23 17:52:28,351 [INFO] PluginManage:310 - Check plugin clock
2025-10-23 17:52:28,361 [INFO] PluginManage:359 - Loaded plugin clock (category:base,tabindex:2)
2025-10-23 17:52:28,361 [INFO] PluginManage:310 - Check plugin ddr
2025-10-23 17:52:28,365 [INFO] PluginManage:359 - Loaded plugin ddr (category:tool,tabindex:6)
2025-10-23 17:52:28,365 [INFO] PluginManage:310 - Check plugin filemanager
2025-10-23 17:52:28,511 [INFO] PluginManage:359 - Loaded plugin filemanager (category:base,tabindex:10)
2025-10-23 17:52:28,511 [INFO] PluginManage:310 - Check plugin ipmanager
2025-10-23 17:52:28,520 [INFO] PluginManage:359 - Loaded plugin ipmanager (category:base,tabindex:5)
2025-10-23 17:52:28,520 [INFO] PluginManage:310 - Check plugin lpbam
2025-10-23 17:52:28,526 [INFO] PluginManage:359 - Loaded plugin lpbam (category:base,tabindex:0)
2025-10-23 17:52:28,527 [INFO] PluginManage:310 - Check plugin memorymap
2025-10-23 17:52:28,539 [INFO] PluginManage:359 - Loaded plugin memorymap (category:base,tabindex:4)
2025-10-23 17:52:28,539 [INFO] PluginManage:310 - Check plugin pinoutandconfiguration
2025-10-23 17:52:28,545 [INFO] PluginManage:359 - Loaded plugin pinoutandconfiguration (category:base,tabindex:1)
2025-10-23 17:52:28,546 [INFO] PluginManage:310 - Check plugin pinoutconfig
2025-10-23 17:52:28,626 [WARN] SupportedApi:132 - Cannot load RTOS API schema: s4s-elt-must-match.1: The content of 'definitions' must match (annotation?, (simpleType | complexType)?, (unique | key | keyref)*)). A problem was found starting at: attribute.
2025-10-23 17:52:28,767 [INFO] PluginManage:359 - Loaded plugin pinoutconfig (category:base,tabindex:0)
2025-10-23 17:52:28,768 [INFO] PluginManage:310 - Check plugin power
2025-10-23 17:52:28,778 [INFO] PluginManage:359 - Loaded plugin power (category:power,tabindex:4)
2025-10-23 17:52:28,778 [INFO] PluginManage:310 - Check plugin projectmanager
2025-10-23 17:52:28,794 [INFO] PluginManage:359 - Loaded plugin projectmanager (category:projectmanager,tabindex:4)
2025-10-23 17:52:28,795 [INFO] PluginManage:310 - Check plugin rif
2025-10-23 17:52:28,803 [INFO] PluginManage:359 - Loaded plugin rif (category:base,tabindex:3)
2025-10-23 17:52:28,803 [INFO] PluginManage:310 - Check plugin thirdparty
2025-10-23 17:52:28,933 [INFO] PluginManage:359 - Loaded plugin thirdparty (category:base,tabindex:-1)
2025-10-23 17:52:28,933 [WARN] IntegrityCheckThread:84 - waiting for thirdparty lock release [integrity check]
2025-10-23 17:52:28,933 [INFO] PluginManage:310 - Check plugin tools
2025-10-23 17:52:28,933 [INFO] IntegrityCheckThread:86 - entering critical section [integrity check]
2025-10-23 17:52:28,934 [INFO] ThirdPartyUpdaterWithRetryManager:70 - Updater plugin not ready yet. [1/15]
2025-10-23 17:52:28,936 [INFO] PluginManage:359 - Loaded plugin tools (category:base,tabindex:7)
2025-10-23 17:52:28,936 [INFO] PluginManage:310 - Check plugin tutovideos
2025-10-23 17:52:29,090 [INFO] PluginManage:359 - Loaded plugin tutovideos (category:base,tabindex:-1)
2025-10-23 17:52:29,090 [INFO] PluginManage:310 - Check plugin updater
2025-10-23 17:52:29,110 [INFO] PluginManage:359 - Loaded plugin updater (category:base,tabindex:12)
2025-10-23 17:52:29,110 [INFO] PluginManage:310 - Check plugin userauth
2025-10-23 17:52:29,114 [INFO] UserAuth:118 - Init User Auth plugin
2025-10-23 17:52:29,115 [INFO] PluginManage:359 - Loaded plugin userauth (category:base,tabindex:14)
2025-10-23 17:52:29,116 [INFO] PluginManage:283 - PluginManage : Loaded plugins [18]
2025-10-23 17:52:29,323 [INFO] PinOutPanel:1589 - setPackage(No Configuration,No Configuration)
2025-10-23 17:52:29,397 [INFO] CADModel:165 - CPN selected for project level
2025-10-23 17:52:29,397 [INFO] CADModel:114 - Register for checkConnection events
2025-10-23 17:52:29,412 [INFO] IPUIPlugin:80 - create IPUIPlugin
2025-10-23 17:52:29,412 [INFO] PluginManager:220 - loadIPPluginJar : add adc
2025-10-23 17:52:29,413 [INFO] IPUIPlugin:80 - create IPUIPlugin
2025-10-23 17:52:29,413 [INFO] PluginManager:220 - loadIPPluginJar : add aes
2025-10-23 17:52:29,415 [INFO] IPUIPlugin:80 - create IPUIPlugin
2025-10-23 17:52:29,415 [INFO] PluginManager:220 - loadIPPluginJar : add can
2025-10-23 17:52:29,416 [INFO] IPUIPlugin:80 - create IPUIPlugin
2025-10-23 17:52:29,416 [INFO] PluginManager:220 - loadIPPluginJar : add comp
2025-10-23 17:52:29,418 [INFO] IPUIPlugin:80 - create IPUIPlugin
2025-10-23 17:52:29,418 [INFO] PluginManager:220 - loadIPPluginJar : add cryp
2025-10-23 17:52:29,420 [INFO] IPUIPlugin:80 - create IPUIPlugin
2025-10-23 17:52:29,420 [INFO] PluginManager:220 - loadIPPluginJar : add ddr_ctrl_phy
2025-10-23 17:52:29,422 [INFO] IPUIPlugin:80 - create IPUIPlugin
2025-10-23 17:52:29,422 [INFO] PluginManager:220 - loadIPPluginJar : add dfsdm
2025-10-23 17:52:29,426 [INFO] IPUIPlugin:80 - create IPUIPlugin
2025-10-23 17:52:29,426 [INFO] PluginManager:220 - loadIPPluginJar : add dma
2025-10-23 17:52:29,428 [INFO] IPUIPlugin:80 - create IPUIPlugin
2025-10-23 17:52:29,428 [INFO] PluginManager:220 - loadIPPluginJar : add dma3
2025-10-23 17:52:29,430 [INFO] IPUIPlugin:80 - create IPUIPlugin
2025-10-23 17:52:29,430 [INFO] PluginManager:220 - loadIPPluginJar : add extmemmanager
2025-10-23 17:52:29,432 [INFO] IPUIPlugin:80 - create IPUIPlugin
2025-10-23 17:52:29,432 [INFO] PluginManager:220 - loadIPPluginJar : add fatfs
2025-10-23 17:52:29,437 [INFO] IPUIPlugin:80 - create IPUIPlugin
2025-10-23 17:52:29,437 [INFO] PluginManager:220 - loadIPPluginJar : add fmc
2025-10-23 17:52:29,443 [INFO] IPUIPlugin:80 - create IPUIPlugin
2025-10-23 17:52:29,443 [INFO] PluginManager:220 - loadIPPluginJar : add freertos
2025-10-23 17:52:29,444 [INFO] IPUIPlugin:80 - create IPUIPlugin
2025-10-23 17:52:29,444 [INFO] PluginManager:220 - loadIPPluginJar : add genericplugin
2025-10-23 17:52:29,445 [INFO] IPUIPlugin:80 - create IPUIPlugin
2025-10-23 17:52:29,446 [INFO] PluginManager:220 - loadIPPluginJar : add gfxmmu
2025-10-23 17:52:29,450 [INFO] IPUIPlugin:80 - create IPUIPlugin
2025-10-23 17:52:29,450 [INFO] PluginManager:220 - loadIPPluginJar : add gic
2025-10-23 17:52:29,453 [INFO] IPUIPlugin:80 - create IPUIPlugin
2025-10-23 17:52:29,453 [INFO] PluginManager:220 - loadIPPluginJar : add gpio
2025-10-23 17:52:29,455 [INFO] IPUIPlugin:80 - create IPUIPlugin
2025-10-23 17:52:29,455 [INFO] PluginManager:220 - loadIPPluginJar : add gtzc
2025-10-23 17:52:29,457 [INFO] IPUIPlugin:80 - create IPUIPlugin
2025-10-23 17:52:29,457 [INFO] PluginManager:220 - loadIPPluginJar : add hash
2025-10-23 17:52:29,459 [INFO] IPUIPlugin:80 - create IPUIPlugin
2025-10-23 17:52:29,459 [INFO] PluginManager:220 - loadIPPluginJar : add i2c
2025-10-23 17:52:29,461 [INFO] IPUIPlugin:80 - create IPUIPlugin
2025-10-23 17:52:29,461 [INFO] PluginManager:220 - loadIPPluginJar : add i2s
2025-10-23 17:52:29,463 [INFO] IPUIPlugin:80 - create IPUIPlugin
2025-10-23 17:52:29,463 [INFO] PluginManager:220 - loadIPPluginJar : add i3c
2025-10-23 17:52:29,465 [INFO] IPUIPlugin:80 - create IPUIPlugin
2025-10-23 17:52:29,467 [INFO] PluginManager:220 - loadIPPluginJar : add ipddr
2025-10-23 17:52:29,472 [INFO] IPUIPlugin:80 - create IPUIPlugin
2025-10-23 17:52:29,473 [INFO] PluginManager:220 - loadIPPluginJar : add linkedlist
2025-10-23 17:52:29,476 [INFO] IPUIPlugin:80 - create IPUIPlugin
2025-10-23 17:52:29,476 [INFO] PluginManager:220 - loadIPPluginJar : add lorawan
2025-10-23 17:52:29,477 [INFO] IPUIPlugin:80 - create IPUIPlugin
2025-10-23 17:52:29,477 [INFO] PluginManager:220 - loadIPPluginJar : add ltdc
2025-10-23 17:52:29,482 [INFO] IPUIPlugin:80 - create IPUIPlugin
2025-10-23 17:52:29,482 [INFO] PluginManager:220 - loadIPPluginJar : add mdma
2025-10-23 17:52:29,485 [INFO] IPUIPlugin:80 - create IPUIPlugin
2025-10-23 17:52:29,485 [INFO] PluginManager:220 - loadIPPluginJar : add nvic
2025-10-23 17:52:29,487 [INFO] IPUIPlugin:80 - create IPUIPlugin
2025-10-23 17:52:29,488 [INFO] PluginManager:220 - loadIPPluginJar : add opamp
2025-10-23 17:52:29,492 [INFO] IPUIPlugin:80 - create IPUIPlugin
2025-10-23 17:52:29,492 [INFO] PluginManager:220 - loadIPPluginJar : add openamp
2025-10-23 17:52:29,495 [INFO] IPUIPlugin:80 - create IPUIPlugin
2025-10-23 17:52:29,495 [INFO] PluginManager:220 - loadIPPluginJar : add pdm2pcm
2025-10-23 17:52:29,500 [INFO] IPUIPlugin:80 - create IPUIPlugin
2025-10-23 17:52:29,504 [INFO] PluginManager:220 - loadIPPluginJar : add plateformsettings
2025-10-23 17:52:29,505 [INFO] IPUIPlugin:80 - create IPUIPlugin
2025-10-23 17:52:29,505 [INFO] PluginManager:220 - loadIPPluginJar : add quadspi
2025-10-23 17:52:29,507 [INFO] IPUIPlugin:80 - create IPUIPlugin
2025-10-23 17:52:29,507 [INFO] PluginManager:220 - loadIPPluginJar : add radio
2025-10-23 17:52:29,512 [INFO] IPUIPlugin:80 - create IPUIPlugin
2025-10-23 17:52:29,512 [INFO] PluginManager:220 - loadIPPluginJar : add resmgrutility
2025-10-23 17:52:29,517 [INFO] IPUIPlugin:80 - create IPUIPlugin
2025-10-23 17:52:29,517 [INFO] PluginManager:220 - loadIPPluginJar : add sai
2025-10-23 17:52:29,519 [INFO] IPUIPlugin:80 - create IPUIPlugin
2025-10-23 17:52:29,519 [INFO] PluginManager:220 - loadIPPluginJar : add spi
2025-10-23 17:52:29,527 [INFO] IPUIPlugin:80 - create IPUIPlugin
2025-10-23 17:52:29,527 [INFO] PluginManager:220 - loadIPPluginJar : add stm32_wpan
2025-10-23 17:52:29,530 [INFO] IPUIPlugin:80 - create IPUIPlugin
2025-10-23 17:52:29,531 [INFO] PluginManager:220 - loadIPPluginJar : add tim
2025-10-23 17:52:29,535 [INFO] IPUIPlugin:80 - create IPUIPlugin
2025-10-23 17:52:29,535 [INFO] PluginManager:220 - loadIPPluginJar : add touchsensing
2025-10-23 17:52:29,538 [INFO] IPUIPlugin:80 - create IPUIPlugin
2025-10-23 17:52:29,538 [INFO] PluginManager:220 - loadIPPluginJar : add tracer_emb
2025-10-23 17:52:29,541 [INFO] IPUIPlugin:80 - create IPUIPlugin
2025-10-23 17:52:29,541 [INFO] PluginManager:220 - loadIPPluginJar : add ts
2025-10-23 17:52:29,546 [INFO] IPUIPlugin:80 - create IPUIPlugin
2025-10-23 17:52:29,546 [INFO] PluginManager:220 - loadIPPluginJar : add tsc
2025-10-23 17:52:29,549 [INFO] IPUIPlugin:80 - create IPUIPlugin
2025-10-23 17:52:29,549 [INFO] PluginManager:220 - loadIPPluginJar : add ucpd
2025-10-23 17:52:29,553 [INFO] IPUIPlugin:80 - create IPUIPlugin
2025-10-23 17:52:29,553 [INFO] PluginManager:220 - loadIPPluginJar : add usart
2025-10-23 17:52:29,560 [INFO] IPUIPlugin:80 - create IPUIPlugin
2025-10-23 17:52:29,560 [INFO] PluginManager:220 - loadIPPluginJar : add usbx
2025-10-23 17:52:29,734 [FATAL] Updater:351 - Updater called before beeing initialized
2025-10-23 17:52:29,771 [INFO] RulesReader:64 - Compatibility file has been processed (302 Rules)
2025-10-23 17:52:29,788 [INFO] RulesReader:64 - Compatibility file has been processed (302 Rules)
2025-10-23 17:52:29,800 [INFO] CADModel:165 - CPN selected for project level
2025-10-23 17:52:29,800 [INFO] CADModel:114 - Register for checkConnection events
2025-10-23 17:52:29,801 [FATAL] Updater:351 - Updater called before beeing initialized
2025-10-23 17:52:29,801 [ERROR] CADModel:125 - Updater not yet initialized, retry later 
2025-10-23 17:52:30,053 [FATAL] Updater:351 - Updater called before beeing initialized
2025-10-23 17:52:30,056 [INFO] CADModel:165 - CPN selected for project level
2025-10-23 17:52:30,057 [INFO] CADModel:114 - Register for checkConnection events
2025-10-23 17:52:30,057 [FATAL] Updater:351 - Updater called before beeing initialized
2025-10-23 17:52:30,057 [ERROR] CADModel:125 - Updater not yet initialized, retry later 
2025-10-23 17:52:30,063 [FATAL] Updater:351 - Updater called before beeing initialized
2025-10-23 17:52:30,206 [FATAL] Updater:351 - Updater called before beeing initialized
2025-10-23 17:52:30,211 [INFO] DbMcusAds:53 - JSON generation date=Thu Oct 02 16:36:05 GMT+07:00 2025 (1759397765645)
2025-10-23 17:52:30,211 [FATAL] Updater:351 - Updater called before beeing initialized
2025-10-23 17:52:30,255 [WARN] DetailPanel:346 - Failed to get advertising image, set to default
2025-10-23 17:52:30,585 [FATAL] Updater:351 - Updater called before beeing initialized
2025-10-23 17:52:30,588 [FATAL] Updater:351 - Updater called before beeing initialized
2025-10-23 17:52:30,588 [FATAL] Updater:351 - Updater called before beeing initialized
2025-10-23 17:52:30,588 [WARN] DetailPanel:346 - Failed to get advertising image, set to default
2025-10-23 17:52:30,589 [FATAL] Updater:351 - Updater called before beeing initialized
2025-10-23 17:52:30,652 [ERROR] Updater:1198 - MainUpdater not yet initialized. External WinMGr cannot be set.
2025-10-23 17:52:30,657 [INFO] Updater:1134 - Updater Version found : 6.14.1
2025-10-23 17:52:30,684 [INFO] ApplicationProperties:184 - Using Application install path: D:\STM32CubeIDE_1.18.1\STM32CubeIDE\plugins\com.st.stm32cube.common.mx_6.14.1.202504091515
2025-10-23 17:52:31,946 [INFO] ThirdPartyUpdaterWithRetryManager:70 - Updater plugin not ready yet. [2/15]
2025-10-23 17:52:32,306 [ERROR] LogOutputStream:75 - [STDERR_REDIRECT] Oct 23, 2025 5:52:32 PM java.util.prefs.WindowsPreferences <init>
2025-10-23 17:52:32,308 [ERROR] LogOutputStream:75 - [STDERR_REDIRECT] WARNING: Could not open/create prefs root node Software\JavaSoft\Prefs at root 0xffffffff80000002. Windows RegCreateKeyEx(...) returned error code 5.
2025-10-23 17:52:32,308 [ERROR] LogOutputStream:75 - [STDERR_REDIRECT] 
2025-10-23 17:52:32,887 [INFO] MainUpdater:2872 - connection check result : 10
2025-10-23 17:52:32,888 [INFO] MainUpdater:289 - Updater Check For Update Now.
2025-10-23 17:52:32,889 [INFO] MicroXplorer:498 - Change Database Version : DB.6.0.141
2025-10-23 17:52:32,898 [INFO] McuFinderGlobals:63 - Set McuFinder mode to 2 (CubeIDE integrated)
2025-10-23 17:52:32,899 [INFO] UserAuth:484 - Internet connection configuration mode: 1
2025-10-23 17:52:32,941 [INFO] JxBrowserEngine:152 - Initiate JxBrowser Engine with user profile folder
2025-10-23 17:52:33,147 [INFO] CheckServerUpdateThread:120 - End of CheckServer Thread
2025-10-23 17:52:33,987 [INFO] WebApp:169 - Instantiating new browser for Auth
2025-10-23 17:52:34,988 [INFO] WebApp:463 - Apply proxy settings
2025-10-23 17:52:34,989 [INFO] WebApp:548 - Chromium requires no authentication
2025-10-23 17:52:35,004 [INFO] WebApp:491 - Direct internet connection detected
2025-10-23 17:52:35,047 [INFO] WebApp:894 - Register for checkConnection events
2025-10-23 17:52:35,048 [INFO] WebApp:463 - Apply proxy settings
2025-10-23 17:52:35,049 [INFO] WebApp:548 - Chromium requires no authentication
2025-10-23 17:52:35,050 [INFO] WebApp:491 - Direct internet connection detected
2025-10-23 17:52:35,246 [INFO] WebApp:191 - Connection restablished
2025-10-23 17:52:35,386 [WARN] PackLoader:240 - Cannot read IP mode file for STMicroelectronics.FP-SNS-MOTENVWB1.1.4.0
2025-10-23 17:52:35,405 [WARN] PackLoader:240 - Cannot read IP mode file for STMicroelectronics.FP-ATR-ASTRA1.2.0.2
2025-10-23 17:52:35,414 [WARN] PackLoader:240 - Cannot read IP mode file for STMicroelectronics.FP-ATR-ASTRA1.2.0.1
2025-10-23 17:52:35,434 [WARN] PackLoader:240 - Cannot read IP mode file for STMicroelectronics.X-CUBE-SMBUS.2.1.0
2025-10-23 17:52:35,453 [WARN] PackLoader:240 - Cannot read IP mode file for STMicroelectronics.X-CUBE-WB05N.1.1.0
2025-10-23 17:52:35,463 [WARN] PackLoader:240 - Cannot read IP mode file for STMicroelectronics.X-CUBE-ST60.1.0.0
2025-10-23 17:52:35,477 [WARN] PackLoader:240 - Cannot read IP mode file for STMicroelectronics.X-CUBE-TOUCHGFX.4.23.0
2025-10-23 17:52:35,484 [WARN] PackLoader:240 - Cannot read IP mode file for STMicroelectronics.X-CUBE-TOUCHGFX.4.23.2
2025-10-23 17:52:35,487 [INFO] WebApp:225 - Starting web application
2025-10-23 17:52:35,487 [INFO] WebApp:593 - Web application path used D:\STM32CubeIDE_1.18.1\STM32CubeIDE\plugins\com.st.stm32cube.common.mx_6.14.1.202504091515\db\plugins\mcufinder\reactClient1\index.html
2025-10-23 17:52:35,558 [WARN] PackLoader:240 - Cannot read IP mode file for STMicroelectronics.X-CUBE-AZRTOS-F7.1.1.0
2025-10-23 17:52:35,603 [WARN] PackLoader:240 - Cannot read IP mode file for STMicroelectronics.FP-SNS-MOTENV1.4.3.2
2025-10-23 17:52:35,756 [WARN] PackLoader:240 - Cannot read IP mode file for STMicroelectronics.X-CUBE-MEMS1.11.0.0
2025-10-23 17:52:35,788 [INFO] UserAuth:484 - Internet connection configuration mode: 1
2025-10-23 17:52:36,025 [WARN] PackLoader:240 - Cannot read IP mode file for STMicroelectronics.FP-SNS-FLIGHT1.5.0.2
2025-10-23 17:52:36,057 [WARN] PackLoader:240 - Cannot read IP mode file for Infineon.AIROC-Wi-Fi-Bluetooth-STM32.1.7.0
2025-10-23 17:52:36,098 [WARN] PackLoader:240 - Cannot read IP mode file for STMicroelectronics.X-CUBE-AZRTOS-H7.3.4.0
2025-10-23 17:52:36,114 [WARN] PackLoader:240 - Cannot read IP mode file for STMicroelectronics.X-CUBE-DISPLAY.3.0.0
2025-10-23 17:52:36,126 [WARN] PackLoader:240 - Cannot read IP mode file for STMicroelectronics.X-CUBE-BLE1.7.0.0
2025-10-23 17:52:36,137 [WARN] PackLoader:240 - Cannot read IP mode file for STMicroelectronics.X-CUBE-NFC10.1.0.0
2025-10-23 17:52:36,153 [WARN] PackLoader:240 - Cannot read IP mode file for STMicroelectronics.X-CUBE-BLEMGR.4.0.0
2025-10-23 17:52:36,166 [WARN] PackLoader:240 - Cannot read IP mode file for STMicroelectronics.X-CUBE-ST60.1.1.0
2025-10-23 17:52:36,177 [WARN] PackLoader:240 - Cannot read IP mode file for emotas.I-CUBE-CANOPEN.1.3.0
2025-10-23 17:52:36,186 [WARN] ConditionMgr:438 - getConditionDescription Invalid condition id : Cortex-A Device cause : null
2025-10-23 17:52:36,204 [WARN] ConditionMgr:1044 - genDependencies : Invalid condition id : Cortex-A Device cause : null
2025-10-23 17:52:36,205 [WARN] ConditionMgr:1044 - genDependencies : Invalid condition id : Cortex-A Device cause : null
2025-10-23 17:52:36,206 [WARN] ConditionMgr:1044 - genDependencies : Invalid condition id : Cortex-A Device cause : null
2025-10-23 17:52:36,221 [WARN] PackLoader:240 - Cannot read IP mode file for STMicroelectronics.X-CUBE-BLEMGR.3.1.0
2025-10-23 17:52:36,229 [WARN] PackLoader:240 - Cannot read IP mode file for STMicroelectronics.X-CUBE-AI.10.0.0
2025-10-23 17:52:36,238 [ERROR] Engine:466 - C:\Users\ADMIN\.stm32cubemx\thirdparties\pdsc\STMicroelectronics.FP-SNS-STBOX1.2.1.0.pdsc: PDSC version is not supported
2025-10-23 17:52:36,245 [WARN] PackLoader:240 - Cannot read IP mode file for STMicroelectronics.FP-SNS-SMARTAG2.1.2.0
2025-10-23 17:52:36,252 [WARN] PackLoader:240 - Cannot read IP mode file for STMicroelectronics.FP-SNS-FLIGHT1.5.1.0
2025-10-23 17:52:36,339 [WARN] PackLoader:240 - Cannot read IP mode file for STMicroelectronics.X-CUBE-MEMS1.11.1.0
2025-10-23 17:52:36,537 [INFO] LogOutputStream:77 - [STDOUT_REDIRECT] 1 : Invalid condition id : UX_CORESTACK_Condition cause : null
2025-10-23 17:52:36,538 [INFO] LogOutputStream:77 - [STDOUT_REDIRECT] 1 : Invalid condition id : UX_CORESTACK_Condition cause : null
2025-10-23 17:52:36,540 [INFO] LogOutputStream:77 - [STDOUT_REDIRECT] 1 : Invalid condition id : UX_CORESTACK_Condition cause : null
2025-10-23 17:52:36,541 [INFO] LogOutputStream:77 - [STDOUT_REDIRECT] 1 : Invalid condition id : UX_CORESTACK_Condition cause : null
2025-10-23 17:52:36,543 [INFO] LogOutputStream:77 - [STDOUT_REDIRECT] 1 : Invalid condition id : UX_CORESTACK_Condition cause : null
2025-10-23 17:52:36,549 [WARN] PackLoader:240 - Cannot read IP mode file for STMicroelectronics.X-CUBE-AZRTOS-WL.2.0.0
2025-10-23 17:52:36,556 [WARN] PackLoader:240 - Cannot read IP mode file for STMicroelectronics.FP-SNS-MOTENV1.5.0.0
2025-10-23 17:52:36,565 [WARN] PackLoader:240 - Cannot read IP mode file for wolfSSL.I-CUBE-wolfMQTT.1.19.0
2025-10-23 17:52:36,576 [WARN] PackLoader:240 - Cannot read IP mode file for WES.I-CUBE-Cesium.1.3.0
2025-10-23 17:52:36,583 [WARN] PackLoader:240 - Cannot read IP mode file for STMicroelectronics.X-CUBE-BLE2.3.3.0
2025-10-23 17:52:36,592 [WARN] PackLoader:240 - Cannot read IP mode file for STMicroelectronics.X-CUBE-NFC9.1.0.0
2025-10-23 17:52:36,601 [WARN] PackLoader:240 - Cannot read IP mode file for wolfSSL.I-CUBE-wolfSSL.5.8.0
2025-10-23 17:52:36,607 [WARN] PackLoader:240 - Cannot read IP mode file for STMicroelectronics.X-CUBE-BLE1.7.1.0
2025-10-23 17:52:36,614 [WARN] PackLoader:240 - Cannot read IP mode file for wolfSSL.I-CUBE-wolfMQTT.1.19.2
2025-10-23 17:52:36,620 [WARN] PackLoader:240 - Cannot read IP mode file for STMicroelectronics.X-CUBE-TCPP.4.1.0
2025-10-23 17:52:36,630 [WARN] PackLoader:240 - Cannot read IP mode file for STMicroelectronics.X-CUBE-EEPRMA1.5.2.0
2025-10-23 17:52:36,636 [ERROR] Engine:466 - C:\Users\ADMIN\.stm32cubemx\thirdparties\pdsc\STMicroelectronics.X-CUBE-ST67W61.1.1.0.pdsc: PDSC version is not supported
2025-10-23 17:52:36,641 [WARN] PackLoader:240 - Cannot read IP mode file for STMicroelectronics.X-CUBE-AI.10.1.0
2025-10-23 17:52:36,650 [WARN] PackLoader:240 - Cannot read IP mode file for STMicroelectronics.X-CUBE-ALGOBUILD.1.3.0
2025-10-23 17:52:36,729 [WARN] PackLoader:240 - Cannot read IP mode file for STMicroelectronics.X-CUBE-MEMS1.11.2.0
2025-10-23 17:52:36,950 [WARN] PackLoader:240 - Cannot read IP mode file for STMicroelectronics.X-CUBE-AZRTOS-G0.1.1.0
2025-10-23 17:52:36,989 [WARN] PackLoader:240 - Cannot read IP mode file for STMicroelectronics.X-CUBE-SAFEA1.1.2.2
2025-10-23 17:52:36,997 [WARN] PackLoader:240 - Cannot read IP mode file for STMicroelectronics.X-CUBE-NFC4.3.0.0
2025-10-23 17:52:37,014 [WARN] PackLoader:240 - Cannot read IP mode file for EmbeddedOffice.I-CUBE-FS-RTOS.1.0.1
2025-10-23 17:52:37,025 [WARN] PackLoader:240 - Cannot read IP mode file for STMicroelectronics.X-CUBE-WB05N.2.0.0
2025-10-23 17:52:37,035 [WARN] PackLoader:240 - Cannot read IP mode file for STMicroelectronics.X-CUBE-BLEMGR.3.0.0
2025-10-23 17:52:37,044 [WARN] PackLoader:240 - Cannot read IP mode file for wolfSSL.I-CUBE-wolfTPM.3.8.0
2025-10-23 17:52:37,050 [WARN] PackLoader:240 - Cannot read IP mode file for STMicroelectronics.X-CUBE-TCPP.4.2.0
2025-10-23 17:52:37,060 [WARN] PackLoader:240 - Cannot read IP mode file for RealThread.X-CUBE-RT-Thread_Nano.4.1.1
2025-10-23 17:52:37,065 [WARN] PackLoader:240 - Cannot read IP mode file for STMicroelectronics.FP-ATR-SIGFOX1.3.2.0
2025-10-23 17:52:37,071 [WARN] ConditionMgr:438 - getConditionDescription Invalid condition id : Cortex-A Device cause : null
2025-10-23 17:52:37,081 [WARN] ConditionMgr:1044 - genDependencies : Invalid condition id : Cortex-A Device cause : null
2025-10-23 17:52:37,081 [WARN] ConditionMgr:1044 - genDependencies : Invalid condition id : Cortex-A Device cause : null
2025-10-23 17:52:37,081 [WARN] ConditionMgr:1044 - genDependencies : Invalid condition id : Cortex-A Device cause : null
2025-10-23 17:52:37,091 [WARN] PackLoader:240 - Cannot read IP mode file for STMicroelectronics.X-CUBE-EEPRMA1.5.1.0
2025-10-23 17:52:37,103 [WARN] PackLoader:240 - Cannot read IP mode file for ITTIA_DB.I-CUBE-ITTIADB.8.9.0
2025-10-23 17:52:37,113 [WARN] PackLoader:240 - Cannot read IP mode file for STMicroelectronics.X-CUBE-ST67W61.1.0.0
2025-10-23 17:52:37,118 [WARN] PackLoader:240 - Cannot read IP mode file for STMicroelectronics.X-CUBE-AI.10.2.0
2025-10-23 17:52:37,154 [WARN] PackLoader:240 - Cannot read IP mode file for SEGGER.I-CUBE-embOS.1.3.1
2025-10-23 17:52:37,212 [WARN] PackLoader:240 - Cannot read IP mode file for STMicroelectronics.X-CUBE-ALGOBUILD.1.4.0
2025-10-23 17:52:37,285 [WARN] PackLoader:240 - Cannot read IP mode file for STMicroelectronics.X-CUBE-MEMS1.11.3.0
2025-10-23 17:52:37,478 [WARN] PackLoader:240 - Cannot read IP mode file for STMicroelectronics.X-CUBE-AI.9.1.0
2025-10-23 17:52:37,485 [WARN] PackLoader:240 - Cannot read IP mode file for STMicroelectronics.X-CUBE-PM33A1.1.0.0
2025-10-23 17:52:37,494 [WARN] PackLoader:240 - Cannot read IP mode file for STMicroelectronics.X-CUBE-GNSS1.6.0.0
2025-10-23 17:52:37,517 [WARN] PackLoader:240 - Cannot read IP mode file for STMicroelectronics.X-CUBE-AZRTOS-F4.1.1.0
2025-10-23 17:52:37,526 [WARN] PackLoader:240 - Cannot read IP mode file for Avnet-IotConnect.X-CUBE-IoTC-DA16k-PMOD.1.0.0
2025-10-23 17:52:37,533 [WARN] PackLoader:240 - Cannot read IP mode file for STMicroelectronics.X-CUBE-ISPU.2.1.0
2025-10-23 17:52:37,540 [ERROR] Engine:466 - C:\Users\ADMIN\.stm32cubemx\thirdparties\pdsc\STMicroelectronics.X-CUBE-IPS.3.2.0.pdsc: PDSC version is not supported
2025-10-23 17:52:37,547 [WARN] PackLoader:240 - Cannot read IP mode file for STMicroelectronics.X-CUBE-FREERTOS.1.2.0
2025-10-23 17:52:37,552 [WARN] PackLoader:240 - Cannot read IP mode file for wolfSSL.I-CUBE-wolfSSL.5.6.6
2025-10-23 17:52:37,561 [WARN] PackLoader:240 - Cannot read IP mode file for STMicroelectronics.X-CUBE-NFC12.1.0.0
2025-10-23 17:52:37,586 [WARN] PackLoader:240 - Cannot read IP mode file for STMicroelectronics.X-CUBE-AZRTOS-L5.2.0.0
2025-10-23 17:52:37,599 [WARN] PackLoader:240 - Cannot read IP mode file for STMicroelectronics.X-CUBE-NFC6.3.1.0
2025-10-23 17:52:37,611 [WARN] PackLoader:240 - Cannot read IP mode file for ITTIA_DB.I-CUBE-ITTIADB.8.8.0
2025-10-23 17:52:37,618 [WARN] PackLoader:240 - Cannot read IP mode file for STMicroelectronics.X-CUBE-DPower.1.2.0
2025-10-23 17:52:37,624 [WARN] PackLoader:240 - Cannot read IP mode file for STMicroelectronics.X-CUBE-AI.9.0.0
2025-10-23 17:52:37,631 [WARN] PackLoader:240 - Cannot read IP mode file for STMicroelectronics.X-CUBE-FREERTOS.1.3.1
2025-10-23 17:52:37,638 [WARN] PackLoader:240 - Cannot read IP mode file for STMicroelectronics.X-CUBE-FREERTOS.1.3.0
2025-10-23 17:52:37,644 [WARN] PackLoader:240 - Cannot read IP mode file for STMicroelectronics.X-CUBE-NFC7.1.0.1
2025-10-23 17:52:37,649 [WARN] PackLoader:240 - Cannot read IP mode file for wolfSSL.I-CUBE-wolfTPM.3.2.0
2025-10-23 17:52:37,653 [WARN] PackLoader:240 - Cannot read IP mode file for STMicroelectronics.X-CUBE-TOUCHGFX.4.26.0
2025-10-23 17:52:37,661 [WARN] PackLoader:240 - Cannot read IP mode file for STMicroelectronics.X-CUBE-NFC6.3.0.0
2025-10-23 17:52:37,671 [WARN] PackLoader:240 - Cannot read IP mode file for STMicroelectronics.FP-SNS-STAIOTCFT.1.0.0
2025-10-23 17:52:37,678 [WARN] PackLoader:240 - Cannot read IP mode file for STMicroelectronics.X-CUBE-DPower.1.3.0
2025-10-23 17:52:37,683 [WARN] PackLoader:240 - Cannot read IP mode file for STMicroelectronics.X-CUBE-AI.8.1.0
2025-10-23 17:52:37,708 [WARN] ConditionMgr:438 - getConditionDescription Invalid condition id : LAN8742 Phy interface Condition cause : null
2025-10-23 17:52:37,709 [WARN] PackLoader:240 - Cannot read IP mode file for STMicroelectronics.X-CUBE-AZRTOS-L4.2.0.0
2025-10-23 17:52:37,710 [WARN] ConditionMgr:1044 - genDependencies : Invalid condition id : LAN8742 Phy interface Condition cause : null
2025-10-23 17:52:37,712 [WARN] ConditionMgr:1044 - genDependencies : Invalid condition id : LAN8742 Phy interface Condition cause : null
2025-10-23 17:52:37,714 [WARN] ConditionMgr:1044 - genDependencies : Invalid condition id : LAN8742 Phy interface Condition cause : null
2025-10-23 17:52:37,722 [WARN] PackLoader:240 - Cannot read IP mode file for STMicroelectronics.X-CUBE-SFXS2LP1.4.0.0
2025-10-23 17:52:37,761 [WARN] PackLoader:240 - Cannot read IP mode file for STMicroelectronics.X-CUBE-AZRTOS-H7.3.3.0
2025-10-23 17:52:37,783 [WARN] PackLoader:240 - Cannot read IP mode file for STMicroelectronics.X-CUBE-BLEMGR.4.1.0
2025-10-23 17:52:37,802 [WARN] PackLoader:240 - Cannot read IP mode file for STMicroelectronics.X-CUBE-IPS.3.0.0
2025-10-23 17:52:37,826 [WARN] ConditionMgr:438 - getConditionDescription Invalid condition id : UX DEVICE CLASS RTOS Condition cause : null
2025-10-23 17:52:37,827 [WARN] ConditionMgr:438 - getConditionDescription Invalid condition id : UX DEVICE CLASS RTOS Condition cause : null
2025-10-23 17:52:37,830 [WARN] PackLoader:240 - Cannot read IP mode file for STMicroelectronics.X-CUBE-AZRTOS-WB.2.0.0
2025-10-23 17:52:37,831 [WARN] ConditionMgr:1044 - genDependencies : Invalid condition id : UX DEVICE CLASS RTOS Condition cause : null
2025-10-23 17:52:37,831 [WARN] ConditionMgr:1044 - genDependencies : Invalid condition id : UX DEVICE CLASS RTOS Condition cause : null
2025-10-23 17:52:37,832 [WARN] ConditionMgr:1044 - genDependencies : Invalid condition id : UX DEVICE CLASS RTOS Condition cause : null
2025-10-23 17:52:37,832 [WARN] ConditionMgr:1044 - genDependencies : Invalid condition id : UX DEVICE CLASS RTOS Condition cause : null
2025-10-23 17:52:37,833 [WARN] ConditionMgr:1044 - genDependencies : Invalid condition id : UX DEVICE CLASS RTOS Condition cause : null
2025-10-23 17:52:37,839 [WARN] PackLoader:240 - Cannot read IP mode file for STMicroelectronics.X-CUBE-GNSS1.7.0.0
2025-10-23 17:52:37,858 [WARN] PackLoader:240 - Cannot read IP mode file for STMicroelectronics.X-CUBE-GNSS1.7.0.1
2025-10-23 17:52:37,864 [WARN] PackLoader:240 - Cannot read IP mode file for STMicroelectronics.X-CUBE-TOUCHGFX.4.25.0
2025-10-23 17:52:37,872 [WARN] PackLoader:240 - Cannot read IP mode file for STMicroelectronics.FP-SNS-STBOX1.2.0.0
2025-10-23 17:52:37,891 [WARN] PackLoader:240 - Cannot read IP mode file for STMicroelectronics.X-CUBE-SUBG2.5.0.0
2025-10-23 17:52:37,924 [WARN] PackLoader:240 - Cannot read IP mode file for STMicroelectronics.X-CUBE-AZRTOS-H7RS.1.1.0
2025-10-23 17:52:37,932 [WARN] PackLoader:240 - Cannot read IP mode file for Cesanta.I-CUBE-Mongoose.7.13.0
2025-10-23 17:52:37,954 [WARN] PackLoader:240 - Cannot read IP mode file for STMicroelectronics.X-CUBE-AZRTOS-G4.2.0.0
2025-10-23 17:52:37,971 [WARN] PackLoader:240 - Cannot read IP mode file for Infineon.AIROC-Wi-Fi-Bluetooth-STM32.1.5.1
2025-10-23 17:52:37,981 [WARN] PackLoader:240 - Cannot read IP mode file for wolfSSL.I-CUBE-wolfSSH.1.4.20
2025-10-23 17:52:37,986 [WARN] PackLoader:240 - Cannot read IP mode file for STMicroelectronics.X-CUBE-NFC7.2.0.0
2025-10-23 17:52:37,991 [WARN] PackLoader:240 - Cannot read IP mode file for STMicroelectronics.FP-SNS-MOTENVWB1.1.3.1
2025-10-23 17:52:37,998 [WARN] PackLoader:240 - Cannot read IP mode file for STMicroelectronics.X-CUBE-ISPU.2.0.0
2025-10-23 17:52:38,012 [WARN] PackLoader:240 - Cannot read IP mode file for STMicroelectronics.X-CUBE-IPS.3.1.0
2025-10-23 17:52:38,025 [WARN] PackLoader:240 - Cannot read IP mode file for STMicroelectronics.X-CUBE-ALS.1.0.2
2025-10-23 17:52:38,079 [WARN] PackLoader:240 - Cannot read IP mode file for STMicroelectronics.X-CUBE-MEMS1.10.0.0
2025-10-23 17:52:38,235 [WARN] PackLoader:240 - Cannot read IP mode file for STMicroelectronics.X-CUBE-FREERTOS.1.1.0
2025-10-23 17:52:38,241 [WARN] PackLoader:240 - Cannot read IP mode file for STMicroelectronics.X-CUBE-TOUCHGFX.4.24.0
2025-10-23 17:52:38,244 [WARN] PackLoader:240 - Cannot read IP mode file for STMicroelectronics.X-CUBE-TOUCHGFX.4.24.2
2025-10-23 17:52:38,259 [WARN] PackLoader:240 - Cannot read IP mode file for STMicroelectronics.X-CUBE-TOUCHGFX.4.24.1
2025-10-23 17:52:38,268 [WARN] PackLoader:240 - Cannot read IP mode file for STMicroelectronics.X-CUBE-STSE01.1.0.0
2025-10-23 17:52:38,276 [WARN] PackLoader:240 - Cannot read IP mode file for portGmbH.I-Cube-SoM-uGOAL.1.1.0
2025-10-23 17:52:38,282 [WARN] PackLoader:240 - Cannot read IP mode file for STMicroelectronics.X-CUBE-ALS.1.0.1
2025-10-23 17:52:38,328 [WARN] PackLoader:240 - Cannot read IP mode file for STMicroelectronics.X-CUBE-AZRTOS-H7RS.1.0.0
2025-10-23 17:52:38,335 [WARN] PackLoader:240 - Cannot read IP mode file for STMicroelectronics.FP-ATR-ASTRA1.2.0.0
2025-10-23 17:52:38,350 [WARN] PackLoader:240 - Cannot read IP mode file for STMicroelectronics.X-CUBE-TOF1.3.4.2
2025-10-23 17:52:38,376 [WARN] PackLoader:240 - Cannot read IP mode file for STMicroelectronics.X-CUBE-TOF1.3.4.3
2025-10-23 17:52:38,403 [WARN] PackLoader:240 - Cannot read IP mode file for STMicroelectronics.X-CUBE-TOF1.3.4.0
2025-10-23 17:52:38,427 [WARN] PackLoader:240 - Cannot read IP mode file for STMicroelectronics.X-CUBE-TOF1.3.4.1
2025-10-23 17:52:38,473 [WARN] PackLoader:240 - Cannot read IP mode file for STMicroelectronics.X-CUBE-AZRTOS-H7.3.2.0
2025-10-23 17:52:38,481 [WARN] PackLoader:240 - Cannot read IP mode file for wolfSSL.I-CUBE-wolfSSH.1.4.17
2025-10-23 17:52:38,482 [INFO] ThirdParty:978 - Integrity check success = true
2025-10-23 17:52:38,482 [INFO] IntegrityCheckThread:100 - exiting critical section [integrity check]
2025-10-23 17:52:38,482 [INFO] IntegrityCheckThread:103 - End integrity checks thread
2025-10-23 18:29:30,659 [ERROR] ConfigurationRetriever:142 - IOException on connection: Read timed out
2025-10-23 19:06:14,680 [ERROR] ConfigurationRetriever:142 - IOException on connection: Connect timed out
2025-10-23 19:06:19,376 [ERROR] ConfigurationRetriever:142 - IOException on connection: Read timed out
2025-10-23 19:08:36,138 [ERROR] ConfigurationRetriever:142 - IOException on connection: Read timed out
2025-10-23 19:09:52,808 [ERROR] LogOutputStream:75 - [STDERR_REDIRECT] 
2025-10-23 19:09:52,809 [ERROR] LogOutputStream:75 - [STDERR_REDIRECT] 
