2025-09-03 20:05:36,468 [INFO] Activator:176 - 


2025-09-03 20:05:36,474 [INFO] Activator:177 - !SESSION log4j initialized
2025-09-03 20:05:41,655 [INFO] LogOutputStream:77 - [STDOUT_REDIRECT] 
2025-09-03 20:05:42,359 [INFO] ApplicationProperties:184 - Using Application install path: D:\STM32CubeIDE_1.18.1\STM32CubeIDE\plugins\com.st.stm32cube.common.mx_6.14.1.202504091515
2025-09-03 20:05:42,373 [INFO] DbMcusXml:78 - Set database path to: D:\STM32CubeIDE_1.18.1\STM32CubeIDE\plugins\com.st.stm32cube.common.mx_6.14.1.202504091515\\db\/mcu/
2025-09-03 20:05:42,373 [INFO] ApiDb:274 - Set plugin database path to: D:\STM32CubeIDE_1.18.1\STM32CubeIDE\plugins\com.st.stm32cube.common.mx_6.14.1.202504091515\\db\/plugins/boardmanager/
2025-09-03 20:05:42,373 [WARN] ApiDb:259 - Overriding images path with different value:  => D:\STM32CubeIDE_1.18.1\STM32CubeIDE\plugins\com.st.stm32cube.common.mx_6.14.1.202504091515\\db\/plugins/mcufinder/images/
2025-09-03 20:05:42,379 [INFO] ApiDb:250 - Set database path to: C:\Users\ADMIN\.stmcufinder\plugins\mcufinder//mcu/
2025-09-03 20:05:42,380 [INFO] DbMcusAds:125 - Set database path to: C:\Users\ADMIN\.stmcufinder\plugins\mcufinder//mcu/
2025-09-03 20:05:42,381 [INFO] CrossReferenceDbSqlite:203 - Set database path to: C:\Users\ADMIN\.stmcufinder\plugins\mcufinder//mcu/cs/
2025-09-03 20:05:42,478 [INFO] RulesReader:64 - Compatibility file has been processed (302 Rules)
2025-09-03 20:05:42,538 [INFO] DbMcusXml:78 - Set database path to: D:\STM32CubeIDE_1.18.1\STM32CubeIDE\plugins\com.st.stm32cube.common.mx_6.14.1.202504091515\\db\/mcu/
2025-09-03 20:05:42,538 [INFO] ApiDb:274 - Set plugin database path to: D:\STM32CubeIDE_1.18.1\STM32CubeIDE\plugins\com.st.stm32cube.common.mx_6.14.1.202504091515\\db\/plugins/boardmanager/
2025-09-03 20:05:42,538 [INFO] ApiDb:261 - Set plugin images path to: D:\STM32CubeIDE_1.18.1\STM32CubeIDE\plugins\com.st.stm32cube.common.mx_6.14.1.202504091515\\db\/plugins/mcufinder/images/
2025-09-03 20:05:42,538 [WARN] DbFile:41 - Overriding database path with different value: C:\Users\ADMIN\.stmcufinder\plugins\mcufinder/ => C:\Users\ADMIN\.stmcufinder\plugins\mcufinder
2025-09-03 20:05:42,539 [INFO] ApiDb:250 - Set database path to: C:\Users\ADMIN\.stmcufinder\plugins\mcufinder//mcu/
2025-09-03 20:05:42,539 [WARN] DbFile:41 - Overriding database path with different value: C:\Users\ADMIN\.stmcufinder\plugins\mcufinder/ => C:\Users\ADMIN\.stmcufinder\plugins\mcufinder
2025-09-03 20:05:42,539 [INFO] DbMcusAds:125 - Set database path to: C:\Users\ADMIN\.stmcufinder\plugins\mcufinder//mcu/
2025-09-03 20:05:42,539 [WARN] DbFile:41 - Overriding database path with different value: C:\Users\ADMIN\.stmcufinder\plugins\mcufinder/ => C:\Users\ADMIN\.stmcufinder\plugins\mcufinder
2025-09-03 20:05:42,539 [WARN] DbFile:41 - Overriding database path with different value: C:\Users\ADMIN\.stmcufinder\plugins\mcufinder/ => C:\Users\ADMIN\.stmcufinder\plugins\mcufinder
2025-09-03 20:05:42,539 [INFO] CrossReferenceDbSqlite:203 - Set database path to: C:\Users\ADMIN\.stmcufinder\plugins\mcufinder//mcu/cs/
2025-09-03 20:05:42,603 [INFO] MainPanel:272 - HeapMemory: 268435456
2025-09-03 20:05:42,691 [INFO] DbMcusXml:78 - Set database path to: D:\STM32CubeIDE_1.18.1\STM32CubeIDE\plugins\com.st.stm32cube.common.mx_6.14.1.202504091515\\db\/mcu/
2025-09-03 20:05:42,691 [INFO] ApiDb:274 - Set plugin database path to: D:\STM32CubeIDE_1.18.1\STM32CubeIDE\plugins\com.st.stm32cube.common.mx_6.14.1.202504091515\\db\/plugins/boardmanager/
2025-09-03 20:05:42,691 [INFO] ApiDb:261 - Set plugin images path to: D:\STM32CubeIDE_1.18.1\STM32CubeIDE\plugins\com.st.stm32cube.common.mx_6.14.1.202504091515\\db\/plugins/mcufinder/images/
2025-09-03 20:05:42,691 [WARN] DbFile:41 - Overriding database path with different value: C:\Users\ADMIN\.stmcufinder\plugins\mcufinder/ => C:\Users\ADMIN\.stmcufinder\plugins\mcufinder
2025-09-03 20:05:42,691 [INFO] ApiDb:250 - Set database path to: C:\Users\ADMIN\.stmcufinder\plugins\mcufinder//mcu/
2025-09-03 20:05:42,691 [WARN] DbFile:41 - Overriding database path with different value: C:\Users\ADMIN\.stmcufinder\plugins\mcufinder/ => C:\Users\ADMIN\.stmcufinder\plugins\mcufinder
2025-09-03 20:05:42,691 [INFO] DbMcusAds:125 - Set database path to: C:\Users\ADMIN\.stmcufinder\plugins\mcufinder//mcu/
2025-09-03 20:05:42,692 [WARN] DbFile:41 - Overriding database path with different value: C:\Users\ADMIN\.stmcufinder\plugins\mcufinder/ => C:\Users\ADMIN\.stmcufinder\plugins\mcufinder
2025-09-03 20:05:42,692 [WARN] DbFile:41 - Overriding database path with different value: C:\Users\ADMIN\.stmcufinder\plugins\mcufinder/ => C:\Users\ADMIN\.stmcufinder\plugins\mcufinder
2025-09-03 20:05:42,692 [INFO] CrossReferenceDbSqlite:203 - Set database path to: C:\Users\ADMIN\.stmcufinder\plugins\mcufinder//mcu/cs/
2025-09-03 20:05:42,710 [INFO] ApplicationProperties:184 - Using Application install path: D:\STM32CubeIDE_1.18.1\STM32CubeIDE\plugins\com.st.stm32cube.common.mx_6.14.1.202504091515
2025-09-03 20:05:42,711 [INFO] PluginManage:196 - Search for loadable plugins [exclusion list=, ]
2025-09-03 20:05:42,713 [INFO] PluginManage:310 - Check plugin analytics
2025-09-03 20:05:42,882 [INFO] AnalyticsPlugin:253 - Accepted Software Licenses: STM32CubeMX.6.12.0
2025-09-03 20:05:42,882 [INFO] AnalyticsPlugin:255 - Accepted CMSIS Pack Licenses: 
2025-09-03 20:05:42,882 [INFO] AnalyticsPlugin:257 - Accepted Firmware Licenses: FW.F4.1.28.0,FW.H5.1.1.0,FW.H7.1.11.0
2025-09-03 20:05:42,885 [INFO] PluginManage:359 - Loaded plugin analytics (category:tool,tabindex:-1)
2025-09-03 20:05:42,885 [INFO] PluginManage:310 - Check plugin cadmodel
2025-09-03 20:05:42,891 [INFO] CADModel:105 - Init CAD model plugin
2025-09-03 20:05:42,891 [INFO] PluginManage:359 - Loaded plugin cadmodel (category:power,tabindex:5)
2025-09-03 20:05:42,891 [INFO] PluginManage:310 - Check plugin clock
2025-09-03 20:05:42,901 [INFO] PluginManage:359 - Loaded plugin clock (category:base,tabindex:2)
2025-09-03 20:05:42,901 [INFO] PluginManage:310 - Check plugin ddr
2025-09-03 20:05:42,904 [INFO] PluginManage:359 - Loaded plugin ddr (category:tool,tabindex:6)
2025-09-03 20:05:42,904 [INFO] PluginManage:310 - Check plugin filemanager
2025-09-03 20:05:43,055 [INFO] PluginManage:359 - Loaded plugin filemanager (category:base,tabindex:10)
2025-09-03 20:05:43,055 [INFO] PluginManage:310 - Check plugin ipmanager
2025-09-03 20:05:43,062 [INFO] PluginManage:359 - Loaded plugin ipmanager (category:base,tabindex:5)
2025-09-03 20:05:43,062 [INFO] PluginManage:310 - Check plugin lpbam
2025-09-03 20:05:43,069 [INFO] PluginManage:359 - Loaded plugin lpbam (category:base,tabindex:0)
2025-09-03 20:05:43,069 [INFO] PluginManage:310 - Check plugin memorymap
2025-09-03 20:05:43,083 [INFO] PluginManage:359 - Loaded plugin memorymap (category:base,tabindex:4)
2025-09-03 20:05:43,083 [INFO] PluginManage:310 - Check plugin pinoutandconfiguration
2025-09-03 20:05:43,094 [INFO] PluginManage:359 - Loaded plugin pinoutandconfiguration (category:base,tabindex:1)
2025-09-03 20:05:43,094 [INFO] PluginManage:310 - Check plugin pinoutconfig
2025-09-03 20:05:43,188 [WARN] SupportedApi:132 - Cannot load RTOS API schema: s4s-elt-must-match.1: The content of 'definitions' must match (annotation?, (simpleType | complexType)?, (unique | key | keyref)*)). A problem was found starting at: attribute.
2025-09-03 20:05:43,305 [INFO] PluginManage:359 - Loaded plugin pinoutconfig (category:base,tabindex:0)
2025-09-03 20:05:43,305 [INFO] PluginManage:310 - Check plugin power
2025-09-03 20:05:43,315 [INFO] PluginManage:359 - Loaded plugin power (category:power,tabindex:4)
2025-09-03 20:05:43,315 [INFO] PluginManage:310 - Check plugin projectmanager
2025-09-03 20:05:43,340 [INFO] PluginManage:359 - Loaded plugin projectmanager (category:projectmanager,tabindex:4)
2025-09-03 20:05:43,340 [INFO] PluginManage:310 - Check plugin rif
2025-09-03 20:05:43,349 [INFO] PluginManage:359 - Loaded plugin rif (category:base,tabindex:3)
2025-09-03 20:05:43,349 [INFO] PluginManage:310 - Check plugin thirdparty
2025-09-03 20:05:43,486 [INFO] PluginManage:359 - Loaded plugin thirdparty (category:base,tabindex:-1)
2025-09-03 20:05:43,486 [WARN] IntegrityCheckThread:84 - waiting for thirdparty lock release [integrity check]
2025-09-03 20:05:43,486 [INFO] PluginManage:310 - Check plugin tools
2025-09-03 20:05:43,486 [INFO] IntegrityCheckThread:86 - entering critical section [integrity check]
2025-09-03 20:05:43,486 [INFO] ThirdPartyUpdaterWithRetryManager:70 - Updater plugin not ready yet. [1/15]
2025-09-03 20:05:43,488 [INFO] PluginManage:359 - Loaded plugin tools (category:base,tabindex:7)
2025-09-03 20:05:43,488 [INFO] PluginManage:310 - Check plugin tutovideos
2025-09-03 20:05:43,650 [INFO] PluginManage:359 - Loaded plugin tutovideos (category:base,tabindex:-1)
2025-09-03 20:05:43,650 [INFO] PluginManage:310 - Check plugin updater
2025-09-03 20:05:43,670 [INFO] PluginManage:359 - Loaded plugin updater (category:base,tabindex:12)
2025-09-03 20:05:43,670 [INFO] PluginManage:310 - Check plugin userauth
2025-09-03 20:05:43,673 [INFO] UserAuth:118 - Init User Auth plugin
2025-09-03 20:05:43,674 [INFO] PluginManage:359 - Loaded plugin userauth (category:base,tabindex:14)
2025-09-03 20:05:43,674 [INFO] PluginManage:283 - PluginManage : Loaded plugins [18]
2025-09-03 20:05:43,849 [INFO] PinOutPanel:1589 - setPackage(No Configuration,No Configuration)
2025-09-03 20:05:43,923 [INFO] CADModel:165 - CPN selected for project level
2025-09-03 20:05:43,923 [INFO] CADModel:114 - Register for checkConnection events
2025-09-03 20:05:43,937 [INFO] IPUIPlugin:80 - create IPUIPlugin
2025-09-03 20:05:43,938 [INFO] PluginManager:220 - loadIPPluginJar : add adc
2025-09-03 20:05:43,941 [INFO] IPUIPlugin:80 - create IPUIPlugin
2025-09-03 20:05:43,941 [INFO] PluginManager:220 - loadIPPluginJar : add aes
2025-09-03 20:05:43,943 [INFO] IPUIPlugin:80 - create IPUIPlugin
2025-09-03 20:05:43,943 [INFO] PluginManager:220 - loadIPPluginJar : add can
2025-09-03 20:05:43,944 [INFO] IPUIPlugin:80 - create IPUIPlugin
2025-09-03 20:05:43,944 [INFO] PluginManager:220 - loadIPPluginJar : add comp
2025-09-03 20:05:43,946 [INFO] IPUIPlugin:80 - create IPUIPlugin
2025-09-03 20:05:43,946 [INFO] PluginManager:220 - loadIPPluginJar : add cryp
2025-09-03 20:05:43,948 [INFO] IPUIPlugin:80 - create IPUIPlugin
2025-09-03 20:05:43,948 [INFO] PluginManager:220 - loadIPPluginJar : add ddr_ctrl_phy
2025-09-03 20:05:43,951 [INFO] IPUIPlugin:80 - create IPUIPlugin
2025-09-03 20:05:43,951 [INFO] PluginManager:220 - loadIPPluginJar : add dfsdm
2025-09-03 20:05:43,954 [INFO] IPUIPlugin:80 - create IPUIPlugin
2025-09-03 20:05:43,955 [INFO] PluginManager:220 - loadIPPluginJar : add dma
2025-09-03 20:05:43,956 [INFO] IPUIPlugin:80 - create IPUIPlugin
2025-09-03 20:05:43,956 [INFO] PluginManager:220 - loadIPPluginJar : add dma3
2025-09-03 20:05:43,958 [INFO] IPUIPlugin:80 - create IPUIPlugin
2025-09-03 20:05:43,958 [INFO] PluginManager:220 - loadIPPluginJar : add extmemmanager
2025-09-03 20:05:43,958 [INFO] IPUIPlugin:80 - create IPUIPlugin
2025-09-03 20:05:43,958 [INFO] PluginManager:220 - loadIPPluginJar : add fatfs
2025-09-03 20:05:43,961 [INFO] IPUIPlugin:80 - create IPUIPlugin
2025-09-03 20:05:43,961 [INFO] PluginManager:220 - loadIPPluginJar : add fmc
2025-09-03 20:05:43,965 [INFO] IPUIPlugin:80 - create IPUIPlugin
2025-09-03 20:05:43,965 [INFO] PluginManager:220 - loadIPPluginJar : add freertos
2025-09-03 20:05:43,966 [INFO] IPUIPlugin:80 - create IPUIPlugin
2025-09-03 20:05:43,966 [INFO] PluginManager:220 - loadIPPluginJar : add genericplugin
2025-09-03 20:05:43,967 [INFO] IPUIPlugin:80 - create IPUIPlugin
2025-09-03 20:05:43,968 [INFO] PluginManager:220 - loadIPPluginJar : add gfxmmu
2025-09-03 20:05:43,970 [INFO] IPUIPlugin:80 - create IPUIPlugin
2025-09-03 20:05:43,971 [INFO] PluginManager:220 - loadIPPluginJar : add gic
2025-09-03 20:05:43,974 [INFO] IPUIPlugin:80 - create IPUIPlugin
2025-09-03 20:05:43,974 [INFO] PluginManager:220 - loadIPPluginJar : add gpio
2025-09-03 20:05:43,975 [INFO] IPUIPlugin:80 - create IPUIPlugin
2025-09-03 20:05:43,975 [INFO] PluginManager:220 - loadIPPluginJar : add gtzc
2025-09-03 20:05:43,976 [INFO] IPUIPlugin:80 - create IPUIPlugin
2025-09-03 20:05:43,977 [INFO] PluginManager:220 - loadIPPluginJar : add hash
2025-09-03 20:05:43,978 [INFO] IPUIPlugin:80 - create IPUIPlugin
2025-09-03 20:05:43,978 [INFO] PluginManager:220 - loadIPPluginJar : add i2c
2025-09-03 20:05:43,980 [INFO] IPUIPlugin:80 - create IPUIPlugin
2025-09-03 20:05:43,980 [INFO] PluginManager:220 - loadIPPluginJar : add i2s
2025-09-03 20:05:43,981 [INFO] IPUIPlugin:80 - create IPUIPlugin
2025-09-03 20:05:43,982 [INFO] PluginManager:220 - loadIPPluginJar : add i3c
2025-09-03 20:05:43,984 [INFO] IPUIPlugin:80 - create IPUIPlugin
2025-09-03 20:05:43,984 [INFO] PluginManager:220 - loadIPPluginJar : add ipddr
2025-09-03 20:05:43,988 [INFO] IPUIPlugin:80 - create IPUIPlugin
2025-09-03 20:05:43,988 [INFO] PluginManager:220 - loadIPPluginJar : add linkedlist
2025-09-03 20:05:43,991 [INFO] IPUIPlugin:80 - create IPUIPlugin
2025-09-03 20:05:43,991 [INFO] PluginManager:220 - loadIPPluginJar : add lorawan
2025-09-03 20:05:43,991 [INFO] IPUIPlugin:80 - create IPUIPlugin
2025-09-03 20:05:43,991 [INFO] PluginManager:220 - loadIPPluginJar : add ltdc
2025-09-03 20:05:43,995 [INFO] IPUIPlugin:80 - create IPUIPlugin
2025-09-03 20:05:43,995 [INFO] PluginManager:220 - loadIPPluginJar : add mdma
2025-09-03 20:05:43,997 [INFO] IPUIPlugin:80 - create IPUIPlugin
2025-09-03 20:05:43,997 [INFO] PluginManager:220 - loadIPPluginJar : add nvic
2025-09-03 20:05:43,999 [INFO] IPUIPlugin:80 - create IPUIPlugin
2025-09-03 20:05:43,999 [INFO] PluginManager:220 - loadIPPluginJar : add opamp
2025-09-03 20:05:44,002 [INFO] IPUIPlugin:80 - create IPUIPlugin
2025-09-03 20:05:44,002 [INFO] PluginManager:220 - loadIPPluginJar : add openamp
2025-09-03 20:05:44,004 [INFO] IPUIPlugin:80 - create IPUIPlugin
2025-09-03 20:05:44,004 [INFO] PluginManager:220 - loadIPPluginJar : add pdm2pcm
2025-09-03 20:05:44,008 [INFO] IPUIPlugin:80 - create IPUIPlugin
2025-09-03 20:05:44,010 [INFO] PluginManager:220 - loadIPPluginJar : add plateformsettings
2025-09-03 20:05:44,011 [INFO] IPUIPlugin:80 - create IPUIPlugin
2025-09-03 20:05:44,011 [INFO] PluginManager:220 - loadIPPluginJar : add quadspi
2025-09-03 20:05:44,012 [INFO] IPUIPlugin:80 - create IPUIPlugin
2025-09-03 20:05:44,014 [INFO] PluginManager:220 - loadIPPluginJar : add radio
2025-09-03 20:05:44,017 [INFO] IPUIPlugin:80 - create IPUIPlugin
2025-09-03 20:05:44,017 [INFO] PluginManager:220 - loadIPPluginJar : add resmgrutility
2025-09-03 20:05:44,020 [INFO] IPUIPlugin:80 - create IPUIPlugin
2025-09-03 20:05:44,020 [INFO] PluginManager:220 - loadIPPluginJar : add sai
2025-09-03 20:05:44,021 [INFO] IPUIPlugin:80 - create IPUIPlugin
2025-09-03 20:05:44,021 [INFO] PluginManager:220 - loadIPPluginJar : add spi
2025-09-03 20:05:44,026 [INFO] IPUIPlugin:80 - create IPUIPlugin
2025-09-03 20:05:44,026 [INFO] PluginManager:220 - loadIPPluginJar : add stm32_wpan
2025-09-03 20:05:44,028 [INFO] IPUIPlugin:80 - create IPUIPlugin
2025-09-03 20:05:44,028 [INFO] PluginManager:220 - loadIPPluginJar : add tim
2025-09-03 20:05:44,031 [INFO] IPUIPlugin:80 - create IPUIPlugin
2025-09-03 20:05:44,031 [INFO] PluginManager:220 - loadIPPluginJar : add touchsensing
2025-09-03 20:05:44,033 [INFO] IPUIPlugin:80 - create IPUIPlugin
2025-09-03 20:05:44,033 [INFO] PluginManager:220 - loadIPPluginJar : add tracer_emb
2025-09-03 20:05:44,035 [INFO] IPUIPlugin:80 - create IPUIPlugin
2025-09-03 20:05:44,035 [INFO] PluginManager:220 - loadIPPluginJar : add ts
2025-09-03 20:05:44,036 [INFO] IPUIPlugin:80 - create IPUIPlugin
2025-09-03 20:05:44,036 [INFO] PluginManager:220 - loadIPPluginJar : add tsc
2025-09-03 20:05:44,039 [INFO] IPUIPlugin:80 - create IPUIPlugin
2025-09-03 20:05:44,039 [INFO] PluginManager:220 - loadIPPluginJar : add ucpd
2025-09-03 20:05:44,040 [INFO] IPUIPlugin:80 - create IPUIPlugin
2025-09-03 20:05:44,040 [INFO] PluginManager:220 - loadIPPluginJar : add usart
2025-09-03 20:05:44,044 [INFO] IPUIPlugin:80 - create IPUIPlugin
2025-09-03 20:05:44,045 [INFO] PluginManager:220 - loadIPPluginJar : add usbx
2025-09-03 20:05:44,167 [FATAL] Updater:351 - Updater called before beeing initialized
2025-09-03 20:05:44,208 [INFO] RulesReader:64 - Compatibility file has been processed (302 Rules)
2025-09-03 20:05:44,218 [INFO] RulesReader:64 - Compatibility file has been processed (302 Rules)
2025-09-03 20:05:44,224 [INFO] CADModel:165 - CPN selected for project level
2025-09-03 20:05:44,224 [INFO] CADModel:114 - Register for checkConnection events
2025-09-03 20:05:44,224 [FATAL] Updater:351 - Updater called before beeing initialized
2025-09-03 20:05:44,224 [ERROR] CADModel:125 - Updater not yet initialized, retry later 
2025-09-03 20:05:44,353 [FATAL] Updater:351 - Updater called before beeing initialized
2025-09-03 20:05:44,355 [INFO] CADModel:165 - CPN selected for project level
2025-09-03 20:05:44,355 [INFO] CADModel:114 - Register for checkConnection events
2025-09-03 20:05:44,356 [FATAL] Updater:351 - Updater called before beeing initialized
2025-09-03 20:05:44,356 [ERROR] CADModel:125 - Updater not yet initialized, retry later 
2025-09-03 20:05:44,358 [FATAL] Updater:351 - Updater called before beeing initialized
2025-09-03 20:05:44,470 [FATAL] Updater:351 - Updater called before beeing initialized
2025-09-03 20:05:44,473 [INFO] DbMcusAds:53 - JSON generation date=Tue Jul 08 15:14:23 GMT+07:00 2025 (1751962463582)
2025-09-03 20:05:44,474 [FATAL] Updater:351 - Updater called before beeing initialized
2025-09-03 20:05:44,504 [WARN] DetailPanel:346 - Failed to get advertising image, set to default
2025-09-03 20:05:44,715 [FATAL] Updater:351 - Updater called before beeing initialized
2025-09-03 20:05:44,717 [FATAL] Updater:351 - Updater called before beeing initialized
2025-09-03 20:05:44,717 [FATAL] Updater:351 - Updater called before beeing initialized
2025-09-03 20:05:44,717 [WARN] DetailPanel:346 - Failed to get advertising image, set to default
2025-09-03 20:05:44,717 [FATAL] Updater:351 - Updater called before beeing initialized
2025-09-03 20:05:44,757 [ERROR] Updater:1198 - MainUpdater not yet initialized. External WinMGr cannot be set.
2025-09-03 20:05:44,758 [INFO] Updater:1134 - Updater Version found : 6.14.1
2025-09-03 20:05:44,773 [INFO] ApplicationProperties:184 - Using Application install path: D:\STM32CubeIDE_1.18.1\STM32CubeIDE\plugins\com.st.stm32cube.common.mx_6.14.1.202504091515
2025-09-03 20:05:46,342 [ERROR] LogOutputStream:75 - [STDERR_REDIRECT] Sep 03, 2025 8:05:46 PM java.util.prefs.WindowsPreferences <init>
2025-09-03 20:05:46,343 [ERROR] LogOutputStream:75 - [STDERR_REDIRECT] WARNING: Could not open/create prefs root node Software\JavaSoft\Prefs at root 0xffffffff80000002. Windows RegCreateKeyEx(...) returned error code 5.
2025-09-03 20:05:46,343 [ERROR] LogOutputStream:75 - [STDERR_REDIRECT] 
2025-09-03 20:05:46,487 [INFO] ThirdPartyUpdaterWithRetryManager:70 - Updater plugin not ready yet. [2/15]
2025-09-03 20:05:49,489 [FATAL] Updater:351 - Updater called before beeing initialized
2025-09-03 20:05:49,490 [ERROR] IntegrityCheckThread:130 - Cannot retrieve database content from updater: error 21
2025-09-03 20:05:49,491 [INFO] ThirdParty:978 - Integrity check success = false
2025-09-03 20:05:49,491 [INFO] IntegrityCheckThread:100 - exiting critical section [integrity check]
2025-09-03 20:05:49,491 [INFO] IntegrityCheckThread:103 - End integrity checks thread
2025-09-03 20:05:51,087 [INFO] MainUpdater:2872 - connection check result : 10
2025-09-03 20:05:51,088 [INFO] MainUpdater:289 - Updater Check For Update Now.
2025-09-03 20:05:51,088 [INFO] MicroXplorer:498 - Change Database Version : DB.6.0.141
2025-09-03 20:05:51,093 [INFO] McuFinderGlobals:63 - Set McuFinder mode to 2 (CubeIDE integrated)
2025-09-03 20:05:51,095 [INFO] UserAuth:484 - Internet connection configuration mode: 1
2025-09-03 20:05:51,121 [INFO] JxBrowserEngine:152 - Initiate JxBrowser Engine with user profile folder
2025-09-03 20:05:51,279 [INFO] CheckServerUpdateThread:120 - End of CheckServer Thread
2025-09-03 20:05:52,177 [INFO] WebApp:169 - Instantiating new browser for Auth
2025-09-03 20:05:52,981 [INFO] WebApp:463 - Apply proxy settings
2025-09-03 20:05:52,982 [INFO] WebApp:548 - Chromium requires no authentication
2025-09-03 20:05:52,991 [INFO] WebApp:491 - Direct internet connection detected
2025-09-03 20:05:53,021 [INFO] WebApp:894 - Register for checkConnection events
2025-09-03 20:05:53,021 [INFO] WebApp:463 - Apply proxy settings
2025-09-03 20:05:53,021 [INFO] WebApp:548 - Chromium requires no authentication
2025-09-03 20:05:53,021 [INFO] WebApp:491 - Direct internet connection detected
2025-09-03 20:05:53,268 [INFO] WebApp:225 - Starting web application
2025-09-03 20:05:53,268 [INFO] WebApp:593 - Web application path used D:\STM32CubeIDE_1.18.1\STM32CubeIDE\plugins\com.st.stm32cube.common.mx_6.14.1.202504091515\db\plugins\mcufinder\reactClient1\index.html
2025-09-03 20:05:53,393 [INFO] WebApp:191 - Connection restablished
2025-09-03 20:05:53,473 [INFO] UserAuth:484 - Internet connection configuration mode: 1
2025-09-03 22:18:02,623 [ERROR] LogOutputStream:75 - [STDERR_REDIRECT] 
2025-09-03 22:18:02,624 [ERROR] LogOutputStream:75 - [STDERR_REDIRECT] 
