2025-10-07 07:14:31,706 [INFO] Activator:176 - 


2025-10-07 07:14:31,711 [INFO] Activator:177 - !SESSION log4j initialized
2025-10-07 07:14:35,695 [INFO] LogOutputStream:77 - [STDOUT_REDIRECT] 
2025-10-07 07:14:41,151 [INFO] ApplicationProperties:184 - Using Application install path: D:\STM32CubeIDE_1.18.1\STM32CubeIDE\plugins\com.st.stm32cube.common.mx_6.14.1.202504091515
2025-10-07 07:14:41,171 [INFO] DbMcusXml:78 - Set database path to: D:\STM32CubeIDE_1.18.1\STM32CubeIDE\plugins\com.st.stm32cube.common.mx_6.14.1.202504091515\\db\/mcu/
2025-10-07 07:14:41,172 [INFO] ApiDb:274 - Set plugin database path to: D:\STM32CubeIDE_1.18.1\STM32CubeIDE\plugins\com.st.stm32cube.common.mx_6.14.1.202504091515\\db\/plugins/boardmanager/
2025-10-07 07:14:41,172 [WARN] ApiDb:259 - Overriding images path with different value:  => D:\STM32CubeIDE_1.18.1\STM32CubeIDE\plugins\com.st.stm32cube.common.mx_6.14.1.202504091515\\db\/plugins/mcufinder/images/
2025-10-07 07:14:41,179 [INFO] ApiDb:250 - Set database path to: C:\Users\ADMIN\.stmcufinder\plugins\mcufinder//mcu/
2025-10-07 07:14:41,180 [INFO] DbMcusAds:125 - Set database path to: C:\Users\ADMIN\.stmcufinder\plugins\mcufinder//mcu/
2025-10-07 07:14:41,182 [INFO] CrossReferenceDbSqlite:203 - Set database path to: C:\Users\ADMIN\.stmcufinder\plugins\mcufinder//mcu/cs/
2025-10-07 07:14:41,276 [INFO] RulesReader:64 - Compatibility file has been processed (302 Rules)
2025-10-07 07:14:41,339 [INFO] DbMcusXml:78 - Set database path to: D:\STM32CubeIDE_1.18.1\STM32CubeIDE\plugins\com.st.stm32cube.common.mx_6.14.1.202504091515\\db\/mcu/
2025-10-07 07:14:41,339 [INFO] ApiDb:274 - Set plugin database path to: D:\STM32CubeIDE_1.18.1\STM32CubeIDE\plugins\com.st.stm32cube.common.mx_6.14.1.202504091515\\db\/plugins/boardmanager/
2025-10-07 07:14:41,339 [INFO] ApiDb:261 - Set plugin images path to: D:\STM32CubeIDE_1.18.1\STM32CubeIDE\plugins\com.st.stm32cube.common.mx_6.14.1.202504091515\\db\/plugins/mcufinder/images/
2025-10-07 07:14:41,339 [WARN] DbFile:41 - Overriding database path with different value: C:\Users\ADMIN\.stmcufinder\plugins\mcufinder/ => C:\Users\ADMIN\.stmcufinder\plugins\mcufinder
2025-10-07 07:14:41,339 [INFO] ApiDb:250 - Set database path to: C:\Users\ADMIN\.stmcufinder\plugins\mcufinder//mcu/
2025-10-07 07:14:41,339 [WARN] DbFile:41 - Overriding database path with different value: C:\Users\ADMIN\.stmcufinder\plugins\mcufinder/ => C:\Users\ADMIN\.stmcufinder\plugins\mcufinder
2025-10-07 07:14:41,341 [INFO] DbMcusAds:125 - Set database path to: C:\Users\ADMIN\.stmcufinder\plugins\mcufinder//mcu/
2025-10-07 07:14:41,341 [WARN] DbFile:41 - Overriding database path with different value: C:\Users\ADMIN\.stmcufinder\plugins\mcufinder/ => C:\Users\ADMIN\.stmcufinder\plugins\mcufinder
2025-10-07 07:14:41,341 [WARN] DbFile:41 - Overriding database path with different value: C:\Users\ADMIN\.stmcufinder\plugins\mcufinder/ => C:\Users\ADMIN\.stmcufinder\plugins\mcufinder
2025-10-07 07:14:41,341 [INFO] CrossReferenceDbSqlite:203 - Set database path to: C:\Users\ADMIN\.stmcufinder\plugins\mcufinder//mcu/cs/
2025-10-07 07:14:41,404 [INFO] MainPanel:272 - HeapMemory: 268435456
2025-10-07 07:14:41,496 [INFO] DbMcusXml:78 - Set database path to: D:\STM32CubeIDE_1.18.1\STM32CubeIDE\plugins\com.st.stm32cube.common.mx_6.14.1.202504091515\\db\/mcu/
2025-10-07 07:14:41,496 [INFO] ApiDb:274 - Set plugin database path to: D:\STM32CubeIDE_1.18.1\STM32CubeIDE\plugins\com.st.stm32cube.common.mx_6.14.1.202504091515\\db\/plugins/boardmanager/
2025-10-07 07:14:41,496 [INFO] ApiDb:261 - Set plugin images path to: D:\STM32CubeIDE_1.18.1\STM32CubeIDE\plugins\com.st.stm32cube.common.mx_6.14.1.202504091515\\db\/plugins/mcufinder/images/
2025-10-07 07:14:41,496 [WARN] DbFile:41 - Overriding database path with different value: C:\Users\ADMIN\.stmcufinder\plugins\mcufinder/ => C:\Users\ADMIN\.stmcufinder\plugins\mcufinder
2025-10-07 07:14:41,496 [INFO] ApiDb:250 - Set database path to: C:\Users\ADMIN\.stmcufinder\plugins\mcufinder//mcu/
2025-10-07 07:14:41,496 [WARN] DbFile:41 - Overriding database path with different value: C:\Users\ADMIN\.stmcufinder\plugins\mcufinder/ => C:\Users\ADMIN\.stmcufinder\plugins\mcufinder
2025-10-07 07:14:41,496 [INFO] DbMcusAds:125 - Set database path to: C:\Users\ADMIN\.stmcufinder\plugins\mcufinder//mcu/
2025-10-07 07:14:41,496 [WARN] DbFile:41 - Overriding database path with different value: C:\Users\ADMIN\.stmcufinder\plugins\mcufinder/ => C:\Users\ADMIN\.stmcufinder\plugins\mcufinder
2025-10-07 07:14:41,496 [WARN] DbFile:41 - Overriding database path with different value: C:\Users\ADMIN\.stmcufinder\plugins\mcufinder/ => C:\Users\ADMIN\.stmcufinder\plugins\mcufinder
2025-10-07 07:14:41,497 [INFO] CrossReferenceDbSqlite:203 - Set database path to: C:\Users\ADMIN\.stmcufinder\plugins\mcufinder//mcu/cs/
2025-10-07 07:14:41,509 [INFO] ApplicationProperties:184 - Using Application install path: D:\STM32CubeIDE_1.18.1\STM32CubeIDE\plugins\com.st.stm32cube.common.mx_6.14.1.202504091515
2025-10-07 07:14:41,511 [INFO] PluginManage:196 - Search for loadable plugins [exclusion list=, ]
2025-10-07 07:14:41,512 [INFO] PluginManage:310 - Check plugin analytics
2025-10-07 07:14:46,177 [INFO] AnalyticsPlugin:253 - Accepted Software Licenses: STM32CubeMX.6.12.0
2025-10-07 07:14:46,177 [INFO] AnalyticsPlugin:255 - Accepted CMSIS Pack Licenses: 
2025-10-07 07:14:46,177 [INFO] AnalyticsPlugin:257 - Accepted Firmware Licenses: FW.F4.1.28.0,FW.H5.1.1.0,FW.H7.1.11.0
2025-10-07 07:14:46,179 [INFO] PluginManage:359 - Loaded plugin analytics (category:tool,tabindex:-1)
2025-10-07 07:14:46,179 [INFO] PluginManage:310 - Check plugin cadmodel
2025-10-07 07:14:46,183 [INFO] CADModel:105 - Init CAD model plugin
2025-10-07 07:14:46,183 [INFO] PluginManage:359 - Loaded plugin cadmodel (category:power,tabindex:5)
2025-10-07 07:14:46,183 [INFO] PluginManage:310 - Check plugin clock
2025-10-07 07:14:46,191 [INFO] PluginManage:359 - Loaded plugin clock (category:base,tabindex:2)
2025-10-07 07:14:46,191 [INFO] PluginManage:310 - Check plugin ddr
2025-10-07 07:14:46,192 [INFO] PluginManage:359 - Loaded plugin ddr (category:tool,tabindex:6)
2025-10-07 07:14:46,192 [INFO] PluginManage:310 - Check plugin filemanager
2025-10-07 07:14:46,303 [INFO] PluginManage:359 - Loaded plugin filemanager (category:base,tabindex:10)
2025-10-07 07:14:46,303 [INFO] PluginManage:310 - Check plugin ipmanager
2025-10-07 07:14:46,308 [INFO] PluginManage:359 - Loaded plugin ipmanager (category:base,tabindex:5)
2025-10-07 07:14:46,309 [INFO] PluginManage:310 - Check plugin lpbam
2025-10-07 07:14:46,315 [INFO] PluginManage:359 - Loaded plugin lpbam (category:base,tabindex:0)
2025-10-07 07:14:46,315 [INFO] PluginManage:310 - Check plugin memorymap
2025-10-07 07:14:46,334 [INFO] PluginManage:359 - Loaded plugin memorymap (category:base,tabindex:4)
2025-10-07 07:14:46,334 [INFO] PluginManage:310 - Check plugin pinoutandconfiguration
2025-10-07 07:14:46,345 [INFO] PluginManage:359 - Loaded plugin pinoutandconfiguration (category:base,tabindex:1)
2025-10-07 07:14:46,345 [INFO] PluginManage:310 - Check plugin pinoutconfig
2025-10-07 07:14:46,416 [WARN] SupportedApi:132 - Cannot load RTOS API schema: s4s-elt-must-match.1: The content of 'definitions' must match (annotation?, (simpleType | complexType)?, (unique | key | keyref)*)). A problem was found starting at: attribute.
2025-10-07 07:14:46,522 [INFO] PluginManage:359 - Loaded plugin pinoutconfig (category:base,tabindex:0)
2025-10-07 07:14:46,522 [INFO] PluginManage:310 - Check plugin power
2025-10-07 07:14:46,529 [INFO] PluginManage:359 - Loaded plugin power (category:power,tabindex:4)
2025-10-07 07:14:46,529 [INFO] PluginManage:310 - Check plugin projectmanager
2025-10-07 07:14:46,541 [INFO] PluginManage:359 - Loaded plugin projectmanager (category:projectmanager,tabindex:4)
2025-10-07 07:14:46,541 [INFO] PluginManage:310 - Check plugin rif
2025-10-07 07:14:46,546 [INFO] PluginManage:359 - Loaded plugin rif (category:base,tabindex:3)
2025-10-07 07:14:46,546 [INFO] PluginManage:310 - Check plugin thirdparty
2025-10-07 07:14:46,649 [INFO] PluginManage:359 - Loaded plugin thirdparty (category:base,tabindex:-1)
2025-10-07 07:14:46,649 [WARN] IntegrityCheckThread:84 - waiting for thirdparty lock release [integrity check]
2025-10-07 07:14:46,649 [INFO] PluginManage:310 - Check plugin tools
2025-10-07 07:14:46,649 [INFO] IntegrityCheckThread:86 - entering critical section [integrity check]
2025-10-07 07:14:46,649 [INFO] ThirdPartyUpdaterWithRetryManager:70 - Updater plugin not ready yet. [1/15]
2025-10-07 07:14:46,650 [INFO] PluginManage:359 - Loaded plugin tools (category:base,tabindex:7)
2025-10-07 07:14:46,650 [INFO] PluginManage:310 - Check plugin tutovideos
2025-10-07 07:14:46,789 [INFO] PluginManage:359 - Loaded plugin tutovideos (category:base,tabindex:-1)
2025-10-07 07:14:46,791 [INFO] PluginManage:310 - Check plugin updater
2025-10-07 07:14:46,811 [INFO] PluginManage:359 - Loaded plugin updater (category:base,tabindex:12)
2025-10-07 07:14:46,811 [INFO] PluginManage:310 - Check plugin userauth
2025-10-07 07:14:46,814 [INFO] UserAuth:118 - Init User Auth plugin
2025-10-07 07:14:46,815 [INFO] PluginManage:359 - Loaded plugin userauth (category:base,tabindex:14)
2025-10-07 07:14:46,815 [INFO] PluginManage:283 - PluginManage : Loaded plugins [18]
2025-10-07 07:14:46,971 [INFO] PinOutPanel:1589 - setPackage(No Configuration,No Configuration)
2025-10-07 07:14:47,037 [INFO] CADModel:165 - CPN selected for project level
2025-10-07 07:14:47,037 [INFO] CADModel:114 - Register for checkConnection events
2025-10-07 07:14:47,052 [INFO] IPUIPlugin:80 - create IPUIPlugin
2025-10-07 07:14:47,052 [INFO] PluginManager:220 - loadIPPluginJar : add adc
2025-10-07 07:14:47,055 [INFO] IPUIPlugin:80 - create IPUIPlugin
2025-10-07 07:14:47,055 [INFO] PluginManager:220 - loadIPPluginJar : add aes
2025-10-07 07:14:47,057 [INFO] IPUIPlugin:80 - create IPUIPlugin
2025-10-07 07:14:47,057 [INFO] PluginManager:220 - loadIPPluginJar : add can
2025-10-07 07:14:47,058 [INFO] IPUIPlugin:80 - create IPUIPlugin
2025-10-07 07:14:47,058 [INFO] PluginManager:220 - loadIPPluginJar : add comp
2025-10-07 07:14:47,060 [INFO] IPUIPlugin:80 - create IPUIPlugin
2025-10-07 07:14:47,060 [INFO] PluginManager:220 - loadIPPluginJar : add cryp
2025-10-07 07:14:47,063 [INFO] IPUIPlugin:80 - create IPUIPlugin
2025-10-07 07:14:47,064 [INFO] PluginManager:220 - loadIPPluginJar : add ddr_ctrl_phy
2025-10-07 07:14:47,065 [INFO] IPUIPlugin:80 - create IPUIPlugin
2025-10-07 07:14:47,065 [INFO] PluginManager:220 - loadIPPluginJar : add dfsdm
2025-10-07 07:14:47,070 [INFO] IPUIPlugin:80 - create IPUIPlugin
2025-10-07 07:14:47,070 [INFO] PluginManager:220 - loadIPPluginJar : add dma
2025-10-07 07:14:47,072 [INFO] IPUIPlugin:80 - create IPUIPlugin
2025-10-07 07:14:47,073 [INFO] PluginManager:220 - loadIPPluginJar : add dma3
2025-10-07 07:14:47,074 [INFO] IPUIPlugin:80 - create IPUIPlugin
2025-10-07 07:14:47,075 [INFO] PluginManager:220 - loadIPPluginJar : add extmemmanager
2025-10-07 07:14:47,075 [INFO] IPUIPlugin:80 - create IPUIPlugin
2025-10-07 07:14:47,075 [INFO] PluginManager:220 - loadIPPluginJar : add fatfs
2025-10-07 07:14:47,080 [INFO] IPUIPlugin:80 - create IPUIPlugin
2025-10-07 07:14:47,080 [INFO] PluginManager:220 - loadIPPluginJar : add fmc
2025-10-07 07:14:47,086 [INFO] IPUIPlugin:80 - create IPUIPlugin
2025-10-07 07:14:47,087 [INFO] PluginManager:220 - loadIPPluginJar : add freertos
2025-10-07 07:14:47,087 [INFO] IPUIPlugin:80 - create IPUIPlugin
2025-10-07 07:14:47,089 [INFO] PluginManager:220 - loadIPPluginJar : add genericplugin
2025-10-07 07:14:47,090 [INFO] IPUIPlugin:80 - create IPUIPlugin
2025-10-07 07:14:47,090 [INFO] PluginManager:220 - loadIPPluginJar : add gfxmmu
2025-10-07 07:14:47,095 [INFO] IPUIPlugin:80 - create IPUIPlugin
2025-10-07 07:14:47,095 [INFO] PluginManager:220 - loadIPPluginJar : add gic
2025-10-07 07:14:47,098 [INFO] IPUIPlugin:80 - create IPUIPlugin
2025-10-07 07:14:47,098 [INFO] PluginManager:220 - loadIPPluginJar : add gpio
2025-10-07 07:14:47,100 [INFO] IPUIPlugin:80 - create IPUIPlugin
2025-10-07 07:14:47,101 [INFO] PluginManager:220 - loadIPPluginJar : add gtzc
2025-10-07 07:14:47,102 [INFO] IPUIPlugin:80 - create IPUIPlugin
2025-10-07 07:14:47,103 [INFO] PluginManager:220 - loadIPPluginJar : add hash
2025-10-07 07:14:47,104 [INFO] IPUIPlugin:80 - create IPUIPlugin
2025-10-07 07:14:47,104 [INFO] PluginManager:220 - loadIPPluginJar : add i2c
2025-10-07 07:14:47,107 [INFO] IPUIPlugin:80 - create IPUIPlugin
2025-10-07 07:14:47,107 [INFO] PluginManager:220 - loadIPPluginJar : add i2s
2025-10-07 07:14:47,109 [INFO] IPUIPlugin:80 - create IPUIPlugin
2025-10-07 07:14:47,109 [INFO] PluginManager:220 - loadIPPluginJar : add i3c
2025-10-07 07:14:47,113 [INFO] IPUIPlugin:80 - create IPUIPlugin
2025-10-07 07:14:47,113 [INFO] PluginManager:220 - loadIPPluginJar : add ipddr
2025-10-07 07:14:47,119 [INFO] IPUIPlugin:80 - create IPUIPlugin
2025-10-07 07:14:47,119 [INFO] PluginManager:220 - loadIPPluginJar : add linkedlist
2025-10-07 07:14:47,121 [INFO] IPUIPlugin:80 - create IPUIPlugin
2025-10-07 07:14:47,121 [INFO] PluginManager:220 - loadIPPluginJar : add lorawan
2025-10-07 07:14:47,122 [INFO] IPUIPlugin:80 - create IPUIPlugin
2025-10-07 07:14:47,122 [INFO] PluginManager:220 - loadIPPluginJar : add ltdc
2025-10-07 07:14:47,126 [INFO] IPUIPlugin:80 - create IPUIPlugin
2025-10-07 07:14:47,126 [INFO] PluginManager:220 - loadIPPluginJar : add mdma
2025-10-07 07:14:47,129 [INFO] IPUIPlugin:80 - create IPUIPlugin
2025-10-07 07:14:47,129 [INFO] PluginManager:220 - loadIPPluginJar : add nvic
2025-10-07 07:14:47,133 [INFO] IPUIPlugin:80 - create IPUIPlugin
2025-10-07 07:14:47,133 [INFO] PluginManager:220 - loadIPPluginJar : add opamp
2025-10-07 07:14:47,135 [INFO] IPUIPlugin:80 - create IPUIPlugin
2025-10-07 07:14:47,135 [INFO] PluginManager:220 - loadIPPluginJar : add openamp
2025-10-07 07:14:47,138 [INFO] IPUIPlugin:80 - create IPUIPlugin
2025-10-07 07:14:47,138 [INFO] PluginManager:220 - loadIPPluginJar : add pdm2pcm
2025-10-07 07:14:47,142 [INFO] IPUIPlugin:80 - create IPUIPlugin
2025-10-07 07:14:47,144 [INFO] PluginManager:220 - loadIPPluginJar : add plateformsettings
2025-10-07 07:14:47,145 [INFO] IPUIPlugin:80 - create IPUIPlugin
2025-10-07 07:14:47,145 [INFO] PluginManager:220 - loadIPPluginJar : add quadspi
2025-10-07 07:14:47,148 [INFO] IPUIPlugin:80 - create IPUIPlugin
2025-10-07 07:14:47,148 [INFO] PluginManager:220 - loadIPPluginJar : add radio
2025-10-07 07:14:47,151 [INFO] IPUIPlugin:80 - create IPUIPlugin
2025-10-07 07:14:47,151 [INFO] PluginManager:220 - loadIPPluginJar : add resmgrutility
2025-10-07 07:14:47,153 [INFO] IPUIPlugin:80 - create IPUIPlugin
2025-10-07 07:14:47,153 [INFO] PluginManager:220 - loadIPPluginJar : add sai
2025-10-07 07:14:47,155 [INFO] IPUIPlugin:80 - create IPUIPlugin
2025-10-07 07:14:47,155 [INFO] PluginManager:220 - loadIPPluginJar : add spi
2025-10-07 07:14:47,159 [INFO] IPUIPlugin:80 - create IPUIPlugin
2025-10-07 07:14:47,159 [INFO] PluginManager:220 - loadIPPluginJar : add stm32_wpan
2025-10-07 07:14:47,162 [INFO] IPUIPlugin:80 - create IPUIPlugin
2025-10-07 07:14:47,162 [INFO] PluginManager:220 - loadIPPluginJar : add tim
2025-10-07 07:14:47,164 [INFO] IPUIPlugin:80 - create IPUIPlugin
2025-10-07 07:14:47,164 [INFO] PluginManager:220 - loadIPPluginJar : add touchsensing
2025-10-07 07:14:47,166 [INFO] IPUIPlugin:80 - create IPUIPlugin
2025-10-07 07:14:47,166 [INFO] PluginManager:220 - loadIPPluginJar : add tracer_emb
2025-10-07 07:14:47,167 [INFO] IPUIPlugin:80 - create IPUIPlugin
2025-10-07 07:14:47,167 [INFO] PluginManager:220 - loadIPPluginJar : add ts
2025-10-07 07:14:47,168 [INFO] IPUIPlugin:80 - create IPUIPlugin
2025-10-07 07:14:47,168 [INFO] PluginManager:220 - loadIPPluginJar : add tsc
2025-10-07 07:14:47,170 [INFO] IPUIPlugin:80 - create IPUIPlugin
2025-10-07 07:14:47,170 [INFO] PluginManager:220 - loadIPPluginJar : add ucpd
2025-10-07 07:14:47,172 [INFO] IPUIPlugin:80 - create IPUIPlugin
2025-10-07 07:14:47,173 [INFO] PluginManager:220 - loadIPPluginJar : add usart
2025-10-07 07:14:47,174 [INFO] IPUIPlugin:80 - create IPUIPlugin
2025-10-07 07:14:47,175 [INFO] PluginManager:220 - loadIPPluginJar : add usbx
2025-10-07 07:14:47,292 [FATAL] Updater:351 - Updater called before beeing initialized
2025-10-07 07:14:47,311 [INFO] RulesReader:64 - Compatibility file has been processed (302 Rules)
2025-10-07 07:14:47,317 [INFO] RulesReader:64 - Compatibility file has been processed (302 Rules)
2025-10-07 07:14:47,322 [INFO] CADModel:165 - CPN selected for project level
2025-10-07 07:14:47,322 [INFO] CADModel:114 - Register for checkConnection events
2025-10-07 07:14:47,322 [FATAL] Updater:351 - Updater called before beeing initialized
2025-10-07 07:14:47,322 [ERROR] CADModel:125 - Updater not yet initialized, retry later 
2025-10-07 07:14:47,442 [FATAL] Updater:351 - Updater called before beeing initialized
2025-10-07 07:14:47,443 [INFO] CADModel:165 - CPN selected for project level
2025-10-07 07:14:47,443 [INFO] CADModel:114 - Register for checkConnection events
2025-10-07 07:14:47,443 [FATAL] Updater:351 - Updater called before beeing initialized
2025-10-07 07:14:47,443 [ERROR] CADModel:125 - Updater not yet initialized, retry later 
2025-10-07 07:14:47,446 [FATAL] Updater:351 - Updater called before beeing initialized
2025-10-07 07:14:47,550 [FATAL] Updater:351 - Updater called before beeing initialized
2025-10-07 07:14:47,553 [INFO] DbMcusAds:53 - JSON generation date=Tue Jul 08 15:14:23 GMT+07:00 2025 (1751962463582)
2025-10-07 07:14:47,553 [FATAL] Updater:351 - Updater called before beeing initialized
2025-10-07 07:14:47,586 [WARN] DetailPanel:346 - Failed to get advertising image, set to default
2025-10-07 07:14:47,829 [FATAL] Updater:351 - Updater called before beeing initialized
2025-10-07 07:14:47,830 [FATAL] Updater:351 - Updater called before beeing initialized
2025-10-07 07:14:47,830 [FATAL] Updater:351 - Updater called before beeing initialized
2025-10-07 07:14:47,830 [WARN] DetailPanel:346 - Failed to get advertising image, set to default
2025-10-07 07:14:47,831 [FATAL] Updater:351 - Updater called before beeing initialized
2025-10-07 07:14:47,867 [ERROR] Updater:1198 - MainUpdater not yet initialized. External WinMGr cannot be set.
2025-10-07 07:14:47,868 [INFO] Updater:1134 - Updater Version found : 6.14.1
2025-10-07 07:14:47,883 [INFO] ApplicationProperties:184 - Using Application install path: D:\STM32CubeIDE_1.18.1\STM32CubeIDE\plugins\com.st.stm32cube.common.mx_6.14.1.202504091515
2025-10-07 07:14:49,451 [ERROR] LogOutputStream:75 - [STDERR_REDIRECT] Oct 07, 2025 7:14:49 AM java.util.prefs.WindowsPreferences <init>
2025-10-07 07:14:49,452 [ERROR] LogOutputStream:75 - [STDERR_REDIRECT] WARNING: Could not open/create prefs root node Software\JavaSoft\Prefs at root 0xffffffff80000002. Windows RegCreateKeyEx(...) returned error code 5.
2025-10-07 07:14:49,452 [ERROR] LogOutputStream:75 - [STDERR_REDIRECT] 
2025-10-07 07:14:49,650 [INFO] ThirdPartyUpdaterWithRetryManager:70 - Updater plugin not ready yet. [2/15]
2025-10-07 07:14:49,766 [INFO] MainUpdater:2872 - connection check result : 10
2025-10-07 07:14:49,766 [INFO] MainUpdater:289 - Updater Check For Update Now.
2025-10-07 07:14:49,766 [INFO] MicroXplorer:498 - Change Database Version : DB.6.0.141
2025-10-07 07:14:49,771 [INFO] McuFinderGlobals:63 - Set McuFinder mode to 2 (CubeIDE integrated)
2025-10-07 07:14:49,774 [INFO] UserAuth:484 - Internet connection configuration mode: 1
2025-10-07 07:14:49,796 [INFO] JxBrowserEngine:152 - Initiate JxBrowser Engine with user profile folder
2025-10-07 07:14:49,939 [INFO] CheckServerUpdateThread:120 - End of CheckServer Thread
2025-10-07 07:14:50,835 [INFO] WebApp:169 - Instantiating new browser for Auth
2025-10-07 07:14:51,454 [INFO] WebApp:463 - Apply proxy settings
2025-10-07 07:14:51,454 [INFO] WebApp:548 - Chromium requires no authentication
2025-10-07 07:14:51,463 [INFO] WebApp:491 - Direct internet connection detected
2025-10-07 07:14:51,483 [INFO] WebApp:894 - Register for checkConnection events
2025-10-07 07:14:51,483 [INFO] WebApp:463 - Apply proxy settings
2025-10-07 07:14:51,483 [INFO] WebApp:548 - Chromium requires no authentication
2025-10-07 07:14:51,484 [INFO] WebApp:491 - Direct internet connection detected
2025-10-07 07:14:51,629 [INFO] WebApp:225 - Starting web application
2025-10-07 07:14:51,629 [INFO] WebApp:593 - Web application path used D:\STM32CubeIDE_1.18.1\STM32CubeIDE\plugins\com.st.stm32cube.common.mx_6.14.1.202504091515\db\plugins\mcufinder\reactClient1\index.html
2025-10-07 07:14:51,757 [INFO] WebApp:191 - Connection restablished
2025-10-07 07:14:51,832 [INFO] UserAuth:484 - Internet connection configuration mode: 1
2025-10-07 07:14:52,947 [WARN] PackLoader:240 - Cannot read IP mode file for STMicroelectronics.FP-SNS-MOTENVWB1.1.4.0
2025-10-07 07:14:52,956 [WARN] PackLoader:240 - Cannot read IP mode file for STMicroelectronics.FP-ATR-ASTRA1.2.0.2
2025-10-07 07:14:52,960 [WARN] PackLoader:240 - Cannot read IP mode file for STMicroelectronics.FP-ATR-ASTRA1.2.0.1
2025-10-07 07:14:52,968 [WARN] PackLoader:240 - Cannot read IP mode file for STMicroelectronics.X-CUBE-SMBUS.2.1.0
2025-10-07 07:14:52,974 [WARN] PackLoader:240 - Cannot read IP mode file for STMicroelectronics.X-CUBE-WB05N.1.1.0
2025-10-07 07:14:52,980 [WARN] PackLoader:240 - Cannot read IP mode file for STMicroelectronics.X-CUBE-ST60.1.0.0
2025-10-07 07:14:52,984 [WARN] PackLoader:240 - Cannot read IP mode file for STMicroelectronics.X-CUBE-TOUCHGFX.4.23.0
2025-10-07 07:14:52,986 [WARN] PackLoader:240 - Cannot read IP mode file for STMicroelectronics.X-CUBE-TOUCHGFX.4.23.2
2025-10-07 07:14:53,015 [WARN] PackLoader:240 - Cannot read IP mode file for STMicroelectronics.X-CUBE-AZRTOS-F7.1.1.0
2025-10-07 07:14:53,023 [WARN] PackLoader:240 - Cannot read IP mode file for STMicroelectronics.FP-SNS-MOTENV1.4.3.2
2025-10-07 07:14:53,079 [WARN] PackLoader:240 - Cannot read IP mode file for STMicroelectronics.X-CUBE-MEMS1.11.0.0
2025-10-07 07:14:53,218 [WARN] PackLoader:240 - Cannot read IP mode file for STMicroelectronics.FP-SNS-FLIGHT1.5.0.2
2025-10-07 07:14:53,237 [WARN] PackLoader:240 - Cannot read IP mode file for Infineon.AIROC-Wi-Fi-Bluetooth-STM32.1.7.0
2025-10-07 07:14:53,276 [WARN] PackLoader:240 - Cannot read IP mode file for STMicroelectronics.X-CUBE-AZRTOS-H7.3.4.0
2025-10-07 07:14:53,284 [WARN] PackLoader:240 - Cannot read IP mode file for STMicroelectronics.X-CUBE-DISPLAY.3.0.0
2025-10-07 07:14:53,291 [WARN] PackLoader:240 - Cannot read IP mode file for STMicroelectronics.X-CUBE-BLE1.7.0.0
2025-10-07 07:14:53,296 [WARN] PackLoader:240 - Cannot read IP mode file for STMicroelectronics.X-CUBE-NFC10.1.0.0
2025-10-07 07:14:53,304 [WARN] PackLoader:240 - Cannot read IP mode file for STMicroelectronics.X-CUBE-BLEMGR.4.0.0
2025-10-07 07:14:53,311 [WARN] PackLoader:240 - Cannot read IP mode file for emotas.I-CUBE-CANOPEN.1.3.0
2025-10-07 07:14:53,316 [WARN] ConditionMgr:438 - getConditionDescription Invalid condition id : Cortex-A Device cause : null
2025-10-07 07:14:53,325 [WARN] ConditionMgr:1044 - genDependencies : Invalid condition id : Cortex-A Device cause : null
2025-10-07 07:14:53,325 [WARN] ConditionMgr:1044 - genDependencies : Invalid condition id : Cortex-A Device cause : null
2025-10-07 07:14:53,325 [WARN] ConditionMgr:1044 - genDependencies : Invalid condition id : Cortex-A Device cause : null
2025-10-07 07:14:53,333 [WARN] PackLoader:240 - Cannot read IP mode file for STMicroelectronics.X-CUBE-BLEMGR.3.1.0
2025-10-07 07:14:53,337 [WARN] PackLoader:240 - Cannot read IP mode file for STMicroelectronics.X-CUBE-AI.10.0.0
2025-10-07 07:14:53,340 [ERROR] Engine:466 - C:\Users\ADMIN\.stm32cubemx\thirdparties\pdsc\STMicroelectronics.FP-SNS-STBOX1.2.1.0.pdsc: PDSC version is not supported
2025-10-07 07:14:53,345 [WARN] PackLoader:240 - Cannot read IP mode file for STMicroelectronics.FP-SNS-SMARTAG2.1.2.0
2025-10-07 07:14:53,347 [WARN] PackLoader:240 - Cannot read IP mode file for STMicroelectronics.FP-SNS-FLIGHT1.5.1.0
2025-10-07 07:14:53,384 [WARN] PackLoader:240 - Cannot read IP mode file for STMicroelectronics.X-CUBE-MEMS1.11.1.0
2025-10-07 07:14:53,499 [INFO] LogOutputStream:77 - [STDOUT_REDIRECT] 1 : Invalid condition id : UX_CORESTACK_Condition cause : null
2025-10-07 07:14:53,499 [INFO] LogOutputStream:77 - [STDOUT_REDIRECT] 1 : Invalid condition id : UX_CORESTACK_Condition cause : null
2025-10-07 07:14:53,500 [INFO] LogOutputStream:77 - [STDOUT_REDIRECT] 1 : Invalid condition id : UX_CORESTACK_Condition cause : null
2025-10-07 07:14:53,503 [INFO] LogOutputStream:77 - [STDOUT_REDIRECT] 1 : Invalid condition id : UX_CORESTACK_Condition cause : null
2025-10-07 07:14:53,504 [INFO] LogOutputStream:77 - [STDOUT_REDIRECT] 1 : Invalid condition id : UX_CORESTACK_Condition cause : null
2025-10-07 07:14:53,506 [WARN] PackLoader:240 - Cannot read IP mode file for STMicroelectronics.X-CUBE-AZRTOS-WL.2.0.0
2025-10-07 07:14:53,509 [WARN] PackLoader:240 - Cannot read IP mode file for STMicroelectronics.FP-SNS-MOTENV1.5.0.0
2025-10-07 07:14:53,514 [WARN] PackLoader:240 - Cannot read IP mode file for wolfSSL.I-CUBE-wolfMQTT.1.19.0
2025-10-07 07:14:53,520 [WARN] PackLoader:240 - Cannot read IP mode file for WES.I-CUBE-Cesium.1.3.0
2025-10-07 07:14:53,524 [WARN] PackLoader:240 - Cannot read IP mode file for STMicroelectronics.X-CUBE-BLE2.3.3.0
2025-10-07 07:14:53,529 [WARN] PackLoader:240 - Cannot read IP mode file for STMicroelectronics.X-CUBE-NFC9.1.0.0
2025-10-07 07:14:53,533 [WARN] PackLoader:240 - Cannot read IP mode file for wolfSSL.I-CUBE-wolfSSL.5.8.0
2025-10-07 07:14:53,537 [WARN] PackLoader:240 - Cannot read IP mode file for STMicroelectronics.X-CUBE-BLE1.7.1.0
2025-10-07 07:14:53,539 [WARN] PackLoader:240 - Cannot read IP mode file for wolfSSL.I-CUBE-wolfMQTT.1.19.2
2025-10-07 07:14:53,544 [WARN] PackLoader:240 - Cannot read IP mode file for STMicroelectronics.X-CUBE-TCPP.4.1.0
2025-10-07 07:14:53,548 [WARN] PackLoader:240 - Cannot read IP mode file for STMicroelectronics.X-CUBE-EEPRMA1.5.2.0
2025-10-07 07:14:53,553 [WARN] PackLoader:240 - Cannot read IP mode file for STMicroelectronics.X-CUBE-AI.10.1.0
2025-10-07 07:14:53,556 [WARN] PackLoader:240 - Cannot read IP mode file for STMicroelectronics.X-CUBE-ALGOBUILD.1.3.0
2025-10-07 07:14:53,593 [WARN] PackLoader:240 - Cannot read IP mode file for STMicroelectronics.X-CUBE-MEMS1.11.2.0
2025-10-07 07:14:53,743 [WARN] PackLoader:240 - Cannot read IP mode file for STMicroelectronics.X-CUBE-AZRTOS-G0.1.1.0
2025-10-07 07:14:53,761 [WARN] PackLoader:240 - Cannot read IP mode file for STMicroelectronics.X-CUBE-SAFEA1.1.2.2
2025-10-07 07:14:53,765 [WARN] PackLoader:240 - Cannot read IP mode file for STMicroelectronics.X-CUBE-NFC4.3.0.0
2025-10-07 07:14:53,771 [WARN] PackLoader:240 - Cannot read IP mode file for EmbeddedOffice.I-CUBE-FS-RTOS.1.0.1
2025-10-07 07:14:53,775 [WARN] PackLoader:240 - Cannot read IP mode file for STMicroelectronics.X-CUBE-WB05N.2.0.0
2025-10-07 07:14:53,781 [WARN] PackLoader:240 - Cannot read IP mode file for STMicroelectronics.X-CUBE-BLEMGR.3.0.0
2025-10-07 07:14:53,784 [WARN] PackLoader:240 - Cannot read IP mode file for wolfSSL.I-CUBE-wolfTPM.3.8.0
2025-10-07 07:14:53,790 [WARN] PackLoader:240 - Cannot read IP mode file for STMicroelectronics.X-CUBE-TCPP.4.2.0
2025-10-07 07:14:53,796 [WARN] PackLoader:240 - Cannot read IP mode file for RealThread.X-CUBE-RT-Thread_Nano.4.1.1
2025-10-07 07:14:53,799 [WARN] PackLoader:240 - Cannot read IP mode file for STMicroelectronics.FP-ATR-SIGFOX1.3.2.0
2025-10-07 07:14:53,803 [WARN] ConditionMgr:438 - getConditionDescription Invalid condition id : Cortex-A Device cause : null
2025-10-07 07:14:53,806 [WARN] ConditionMgr:1044 - genDependencies : Invalid condition id : Cortex-A Device cause : null
2025-10-07 07:14:53,806 [WARN] ConditionMgr:1044 - genDependencies : Invalid condition id : Cortex-A Device cause : null
2025-10-07 07:14:53,807 [WARN] ConditionMgr:1044 - genDependencies : Invalid condition id : Cortex-A Device cause : null
2025-10-07 07:14:53,811 [WARN] PackLoader:240 - Cannot read IP mode file for STMicroelectronics.X-CUBE-EEPRMA1.5.1.0
2025-10-07 07:14:53,816 [WARN] PackLoader:240 - Cannot read IP mode file for ITTIA_DB.I-CUBE-ITTIADB.8.9.0
2025-10-07 07:14:53,821 [WARN] PackLoader:240 - Cannot read IP mode file for STMicroelectronics.X-CUBE-ST67W61.1.0.0
2025-10-07 07:14:53,823 [WARN] PackLoader:240 - Cannot read IP mode file for STMicroelectronics.X-CUBE-AI.10.2.0
2025-10-07 07:14:53,840 [WARN] PackLoader:240 - Cannot read IP mode file for SEGGER.I-CUBE-embOS.1.3.1
2025-10-07 07:14:53,863 [WARN] PackLoader:240 - Cannot read IP mode file for STMicroelectronics.X-CUBE-ALGOBUILD.1.4.0
2025-10-07 07:14:53,893 [WARN] PackLoader:240 - Cannot read IP mode file for STMicroelectronics.X-CUBE-MEMS1.11.3.0
2025-10-07 07:14:53,970 [WARN] PackLoader:240 - Cannot read IP mode file for STMicroelectronics.X-CUBE-AI.9.1.0
2025-10-07 07:14:53,973 [WARN] PackLoader:240 - Cannot read IP mode file for STMicroelectronics.X-CUBE-PM33A1.1.0.0
2025-10-07 07:14:53,978 [WARN] PackLoader:240 - Cannot read IP mode file for STMicroelectronics.X-CUBE-GNSS1.6.0.0
2025-10-07 07:14:53,990 [WARN] PackLoader:240 - Cannot read IP mode file for STMicroelectronics.X-CUBE-AZRTOS-F4.1.1.0
2025-10-07 07:14:53,996 [WARN] PackLoader:240 - Cannot read IP mode file for Avnet-IotConnect.X-CUBE-IoTC-DA16k-PMOD.1.0.0
2025-10-07 07:14:53,999 [WARN] PackLoader:240 - Cannot read IP mode file for STMicroelectronics.X-CUBE-ISPU.2.1.0
2025-10-07 07:14:54,005 [WARN] PackLoader:240 - Cannot read IP mode file for STMicroelectronics.X-CUBE-FREERTOS.1.2.0
2025-10-07 07:14:54,008 [WARN] PackLoader:240 - Cannot read IP mode file for wolfSSL.I-CUBE-wolfSSL.5.6.6
2025-10-07 07:14:54,013 [WARN] PackLoader:240 - Cannot read IP mode file for STMicroelectronics.X-CUBE-NFC12.1.0.0
2025-10-07 07:14:54,024 [WARN] PackLoader:240 - Cannot read IP mode file for STMicroelectronics.X-CUBE-AZRTOS-L5.2.0.0
2025-10-07 07:14:54,032 [WARN] PackLoader:240 - Cannot read IP mode file for STMicroelectronics.X-CUBE-NFC6.3.1.0
2025-10-07 07:14:54,036 [WARN] PackLoader:240 - Cannot read IP mode file for ITTIA_DB.I-CUBE-ITTIADB.8.8.0
2025-10-07 07:14:54,041 [WARN] PackLoader:240 - Cannot read IP mode file for STMicroelectronics.X-CUBE-DPower.1.2.0
2025-10-07 07:14:54,044 [WARN] PackLoader:240 - Cannot read IP mode file for STMicroelectronics.X-CUBE-AI.9.0.0
2025-10-07 07:14:54,046 [WARN] PackLoader:240 - Cannot read IP mode file for STMicroelectronics.X-CUBE-FREERTOS.1.3.1
2025-10-07 07:14:54,049 [WARN] PackLoader:240 - Cannot read IP mode file for STMicroelectronics.X-CUBE-FREERTOS.1.3.0
2025-10-07 07:14:54,053 [WARN] PackLoader:240 - Cannot read IP mode file for STMicroelectronics.X-CUBE-NFC7.1.0.1
2025-10-07 07:14:54,055 [WARN] PackLoader:240 - Cannot read IP mode file for wolfSSL.I-CUBE-wolfTPM.3.2.0
2025-10-07 07:14:54,058 [WARN] PackLoader:240 - Cannot read IP mode file for STMicroelectronics.X-CUBE-TOUCHGFX.4.26.0
2025-10-07 07:14:54,062 [WARN] PackLoader:240 - Cannot read IP mode file for STMicroelectronics.X-CUBE-NFC6.3.0.0
2025-10-07 07:14:54,067 [WARN] PackLoader:240 - Cannot read IP mode file for STMicroelectronics.FP-SNS-STAIOTCFT.1.0.0
2025-10-07 07:14:54,071 [WARN] PackLoader:240 - Cannot read IP mode file for STMicroelectronics.X-CUBE-DPower.1.3.0
2025-10-07 07:14:54,073 [WARN] PackLoader:240 - Cannot read IP mode file for STMicroelectronics.X-CUBE-AI.8.1.0
2025-10-07 07:14:54,085 [WARN] ConditionMgr:438 - getConditionDescription Invalid condition id : LAN8742 Phy interface Condition cause : null
2025-10-07 07:14:54,085 [WARN] PackLoader:240 - Cannot read IP mode file for STMicroelectronics.X-CUBE-AZRTOS-L4.2.0.0
2025-10-07 07:14:54,087 [WARN] ConditionMgr:1044 - genDependencies : Invalid condition id : LAN8742 Phy interface Condition cause : null
2025-10-07 07:14:54,087 [WARN] ConditionMgr:1044 - genDependencies : Invalid condition id : LAN8742 Phy interface Condition cause : null
2025-10-07 07:14:54,087 [WARN] ConditionMgr:1044 - genDependencies : Invalid condition id : LAN8742 Phy interface Condition cause : null
2025-10-07 07:14:54,093 [WARN] PackLoader:240 - Cannot read IP mode file for STMicroelectronics.X-CUBE-SFXS2LP1.4.0.0
2025-10-07 07:14:54,107 [WARN] PackLoader:240 - Cannot read IP mode file for STMicroelectronics.X-CUBE-AZRTOS-H7.3.3.0
2025-10-07 07:14:54,116 [WARN] PackLoader:240 - Cannot read IP mode file for STMicroelectronics.X-CUBE-BLEMGR.4.1.0
2025-10-07 07:14:54,123 [WARN] PackLoader:240 - Cannot read IP mode file for STMicroelectronics.X-CUBE-IPS.3.0.0
2025-10-07 07:14:54,138 [WARN] ConditionMgr:438 - getConditionDescription Invalid condition id : UX DEVICE CLASS RTOS Condition cause : null
2025-10-07 07:14:54,138 [WARN] ConditionMgr:438 - getConditionDescription Invalid condition id : UX DEVICE CLASS RTOS Condition cause : null
2025-10-07 07:14:54,142 [WARN] PackLoader:240 - Cannot read IP mode file for STMicroelectronics.X-CUBE-AZRTOS-WB.2.0.0
2025-10-07 07:14:54,143 [WARN] ConditionMgr:1044 - genDependencies : Invalid condition id : UX DEVICE CLASS RTOS Condition cause : null
2025-10-07 07:14:54,143 [WARN] ConditionMgr:1044 - genDependencies : Invalid condition id : UX DEVICE CLASS RTOS Condition cause : null
2025-10-07 07:14:54,143 [WARN] ConditionMgr:1044 - genDependencies : Invalid condition id : UX DEVICE CLASS RTOS Condition cause : null
2025-10-07 07:14:54,144 [WARN] ConditionMgr:1044 - genDependencies : Invalid condition id : UX DEVICE CLASS RTOS Condition cause : null
2025-10-07 07:14:54,144 [WARN] ConditionMgr:1044 - genDependencies : Invalid condition id : UX DEVICE CLASS RTOS Condition cause : null
2025-10-07 07:14:54,149 [WARN] PackLoader:240 - Cannot read IP mode file for STMicroelectronics.X-CUBE-GNSS1.7.0.0
2025-10-07 07:14:54,154 [WARN] PackLoader:240 - Cannot read IP mode file for STMicroelectronics.X-CUBE-GNSS1.7.0.1
2025-10-07 07:14:54,157 [WARN] PackLoader:240 - Cannot read IP mode file for STMicroelectronics.X-CUBE-TOUCHGFX.4.25.0
2025-10-07 07:14:54,163 [WARN] PackLoader:240 - Cannot read IP mode file for STMicroelectronics.FP-SNS-STBOX1.2.0.0
2025-10-07 07:14:54,173 [WARN] PackLoader:240 - Cannot read IP mode file for STMicroelectronics.X-CUBE-SUBG2.5.0.0
2025-10-07 07:14:54,197 [WARN] PackLoader:240 - Cannot read IP mode file for STMicroelectronics.X-CUBE-AZRTOS-H7RS.1.1.0
2025-10-07 07:14:54,204 [WARN] PackLoader:240 - Cannot read IP mode file for Cesanta.I-CUBE-Mongoose.7.13.0
2025-10-07 07:14:54,222 [WARN] PackLoader:240 - Cannot read IP mode file for STMicroelectronics.X-CUBE-AZRTOS-G4.2.0.0
2025-10-07 07:14:54,235 [WARN] PackLoader:240 - Cannot read IP mode file for Infineon.AIROC-Wi-Fi-Bluetooth-STM32.1.5.1
2025-10-07 07:14:54,241 [WARN] PackLoader:240 - Cannot read IP mode file for wolfSSL.I-CUBE-wolfSSH.1.4.20
2025-10-07 07:14:54,243 [WARN] PackLoader:240 - Cannot read IP mode file for STMicroelectronics.X-CUBE-NFC7.2.0.0
2025-10-07 07:14:54,248 [WARN] PackLoader:240 - Cannot read IP mode file for STMicroelectronics.FP-SNS-MOTENVWB1.1.3.1
2025-10-07 07:14:54,252 [WARN] PackLoader:240 - Cannot read IP mode file for STMicroelectronics.X-CUBE-ISPU.2.0.0
2025-10-07 07:14:54,260 [WARN] PackLoader:240 - Cannot read IP mode file for STMicroelectronics.X-CUBE-IPS.3.1.0
2025-10-07 07:14:54,268 [WARN] PackLoader:240 - Cannot read IP mode file for STMicroelectronics.X-CUBE-ALS.1.0.2
2025-10-07 07:14:54,294 [WARN] PackLoader:240 - Cannot read IP mode file for STMicroelectronics.X-CUBE-MEMS1.10.0.0
2025-10-07 07:14:54,395 [WARN] PackLoader:240 - Cannot read IP mode file for STMicroelectronics.X-CUBE-FREERTOS.1.1.0
2025-10-07 07:14:54,397 [WARN] PackLoader:240 - Cannot read IP mode file for STMicroelectronics.X-CUBE-TOUCHGFX.4.24.0
2025-10-07 07:14:54,401 [WARN] PackLoader:240 - Cannot read IP mode file for STMicroelectronics.X-CUBE-TOUCHGFX.4.24.2
2025-10-07 07:14:54,403 [WARN] PackLoader:240 - Cannot read IP mode file for STMicroelectronics.X-CUBE-TOUCHGFX.4.24.1
2025-10-07 07:14:54,410 [WARN] PackLoader:240 - Cannot read IP mode file for STMicroelectronics.X-CUBE-STSE01.1.0.0
2025-10-07 07:14:54,416 [WARN] PackLoader:240 - Cannot read IP mode file for portGmbH.I-Cube-SoM-uGOAL.1.1.0
2025-10-07 07:14:54,420 [WARN] PackLoader:240 - Cannot read IP mode file for STMicroelectronics.X-CUBE-ALS.1.0.1
2025-10-07 07:14:54,442 [WARN] PackLoader:240 - Cannot read IP mode file for STMicroelectronics.X-CUBE-AZRTOS-H7RS.1.0.0
2025-10-07 07:14:54,445 [WARN] PackLoader:240 - Cannot read IP mode file for STMicroelectronics.FP-ATR-ASTRA1.2.0.0
2025-10-07 07:14:54,453 [WARN] PackLoader:240 - Cannot read IP mode file for STMicroelectronics.X-CUBE-TOF1.3.4.2
2025-10-07 07:14:54,465 [WARN] PackLoader:240 - Cannot read IP mode file for STMicroelectronics.X-CUBE-TOF1.3.4.3
2025-10-07 07:14:54,479 [WARN] PackLoader:240 - Cannot read IP mode file for STMicroelectronics.X-CUBE-TOF1.3.4.0
2025-10-07 07:14:54,492 [WARN] PackLoader:240 - Cannot read IP mode file for STMicroelectronics.X-CUBE-TOF1.3.4.1
2025-10-07 07:14:54,508 [WARN] PackLoader:240 - Cannot read IP mode file for STMicroelectronics.X-CUBE-AZRTOS-H7.3.2.0
2025-10-07 07:14:54,514 [WARN] PackLoader:240 - Cannot read IP mode file for wolfSSL.I-CUBE-wolfSSH.1.4.17
2025-10-07 07:14:54,515 [INFO] ThirdParty:978 - Integrity check success = true
2025-10-07 07:14:54,515 [INFO] IntegrityCheckThread:100 - exiting critical section [integrity check]
2025-10-07 07:14:54,515 [INFO] IntegrityCheckThread:103 - End integrity checks thread
2025-10-07 09:03:08,755 [ERROR] LogOutputStream:75 - [STDERR_REDIRECT] 
2025-10-07 09:03:08,755 [ERROR] LogOutputStream:75 - [STDERR_REDIRECT] 
