2025-10-22 13:54:46,963 [INFO] Activator:176 - 


2025-10-22 13:54:46,968 [INFO] Activator:177 - !SESSION log4j initialized
2025-10-22 13:54:52,295 [INFO] LogOutputStream:77 - [STDOUT_REDIRECT] 
2025-10-22 13:54:53,003 [INFO] ApplicationProperties:184 - Using Application install path: D:\STM32CubeIDE_1.18.1\STM32CubeIDE\plugins\com.st.stm32cube.common.mx_6.14.1.202504091515
2025-10-22 13:54:53,019 [INFO] DbMcusXml:78 - Set database path to: D:\STM32CubeIDE_1.18.1\STM32CubeIDE\plugins\com.st.stm32cube.common.mx_6.14.1.202504091515\\db\/mcu/
2025-10-22 13:54:53,019 [INFO] ApiDb:274 - Set plugin database path to: D:\STM32CubeIDE_1.18.1\STM32CubeIDE\plugins\com.st.stm32cube.common.mx_6.14.1.202504091515\\db\/plugins/boardmanager/
2025-10-22 13:54:53,019 [WARN] ApiDb:259 - Overriding images path with different value:  => D:\STM32CubeIDE_1.18.1\STM32CubeIDE\plugins\com.st.stm32cube.common.mx_6.14.1.202504091515\\db\/plugins/mcufinder/images/
2025-10-22 13:54:53,030 [INFO] ApiDb:250 - Set database path to: C:\Users\ADMIN\.stmcufinder\plugins\mcufinder//mcu/
2025-10-22 13:54:53,031 [INFO] DbMcusAds:125 - Set database path to: C:\Users\ADMIN\.stmcufinder\plugins\mcufinder//mcu/
2025-10-22 13:54:53,033 [INFO] CrossReferenceDbSqlite:203 - Set database path to: C:\Users\ADMIN\.stmcufinder\plugins\mcufinder//mcu/cs/
2025-10-22 13:54:53,134 [INFO] RulesReader:64 - Compatibility file has been processed (302 Rules)
2025-10-22 13:54:53,203 [INFO] DbMcusXml:78 - Set database path to: D:\STM32CubeIDE_1.18.1\STM32CubeIDE\plugins\com.st.stm32cube.common.mx_6.14.1.202504091515\\db\/mcu/
2025-10-22 13:54:53,204 [INFO] ApiDb:274 - Set plugin database path to: D:\STM32CubeIDE_1.18.1\STM32CubeIDE\plugins\com.st.stm32cube.common.mx_6.14.1.202504091515\\db\/plugins/boardmanager/
2025-10-22 13:54:53,204 [INFO] ApiDb:261 - Set plugin images path to: D:\STM32CubeIDE_1.18.1\STM32CubeIDE\plugins\com.st.stm32cube.common.mx_6.14.1.202504091515\\db\/plugins/mcufinder/images/
2025-10-22 13:54:53,204 [WARN] DbFile:41 - Overriding database path with different value: C:\Users\ADMIN\.stmcufinder\plugins\mcufinder/ => C:\Users\ADMIN\.stmcufinder\plugins\mcufinder
2025-10-22 13:54:53,204 [INFO] ApiDb:250 - Set database path to: C:\Users\ADMIN\.stmcufinder\plugins\mcufinder//mcu/
2025-10-22 13:54:53,204 [WARN] DbFile:41 - Overriding database path with different value: C:\Users\ADMIN\.stmcufinder\plugins\mcufinder/ => C:\Users\ADMIN\.stmcufinder\plugins\mcufinder
2025-10-22 13:54:53,204 [INFO] DbMcusAds:125 - Set database path to: C:\Users\ADMIN\.stmcufinder\plugins\mcufinder//mcu/
2025-10-22 13:54:53,204 [WARN] DbFile:41 - Overriding database path with different value: C:\Users\ADMIN\.stmcufinder\plugins\mcufinder/ => C:\Users\ADMIN\.stmcufinder\plugins\mcufinder
2025-10-22 13:54:53,204 [WARN] DbFile:41 - Overriding database path with different value: C:\Users\ADMIN\.stmcufinder\plugins\mcufinder/ => C:\Users\ADMIN\.stmcufinder\plugins\mcufinder
2025-10-22 13:54:53,204 [INFO] CrossReferenceDbSqlite:203 - Set database path to: C:\Users\ADMIN\.stmcufinder\plugins\mcufinder//mcu/cs/
2025-10-22 13:54:53,279 [INFO] MainPanel:272 - HeapMemory: 268435456
2025-10-22 13:54:53,375 [INFO] DbMcusXml:78 - Set database path to: D:\STM32CubeIDE_1.18.1\STM32CubeIDE\plugins\com.st.stm32cube.common.mx_6.14.1.202504091515\\db\/mcu/
2025-10-22 13:54:53,376 [INFO] ApiDb:274 - Set plugin database path to: D:\STM32CubeIDE_1.18.1\STM32CubeIDE\plugins\com.st.stm32cube.common.mx_6.14.1.202504091515\\db\/plugins/boardmanager/
2025-10-22 13:54:53,376 [INFO] ApiDb:261 - Set plugin images path to: D:\STM32CubeIDE_1.18.1\STM32CubeIDE\plugins\com.st.stm32cube.common.mx_6.14.1.202504091515\\db\/plugins/mcufinder/images/
2025-10-22 13:54:53,376 [WARN] DbFile:41 - Overriding database path with different value: C:\Users\ADMIN\.stmcufinder\plugins\mcufinder/ => C:\Users\ADMIN\.stmcufinder\plugins\mcufinder
2025-10-22 13:54:53,376 [INFO] ApiDb:250 - Set database path to: C:\Users\ADMIN\.stmcufinder\plugins\mcufinder//mcu/
2025-10-22 13:54:53,376 [WARN] DbFile:41 - Overriding database path with different value: C:\Users\ADMIN\.stmcufinder\plugins\mcufinder/ => C:\Users\ADMIN\.stmcufinder\plugins\mcufinder
2025-10-22 13:54:53,376 [INFO] DbMcusAds:125 - Set database path to: C:\Users\ADMIN\.stmcufinder\plugins\mcufinder//mcu/
2025-10-22 13:54:53,376 [WARN] DbFile:41 - Overriding database path with different value: C:\Users\ADMIN\.stmcufinder\plugins\mcufinder/ => C:\Users\ADMIN\.stmcufinder\plugins\mcufinder
2025-10-22 13:54:53,376 [WARN] DbFile:41 - Overriding database path with different value: C:\Users\ADMIN\.stmcufinder\plugins\mcufinder/ => C:\Users\ADMIN\.stmcufinder\plugins\mcufinder
2025-10-22 13:54:53,376 [INFO] CrossReferenceDbSqlite:203 - Set database path to: C:\Users\ADMIN\.stmcufinder\plugins\mcufinder//mcu/cs/
2025-10-22 13:54:53,393 [INFO] ApplicationProperties:184 - Using Application install path: D:\STM32CubeIDE_1.18.1\STM32CubeIDE\plugins\com.st.stm32cube.common.mx_6.14.1.202504091515
2025-10-22 13:54:53,394 [INFO] PluginManage:196 - Search for loadable plugins [exclusion list=, ]
2025-10-22 13:54:53,395 [INFO] PluginManage:310 - Check plugin analytics
2025-10-22 13:54:53,573 [INFO] AnalyticsPlugin:253 - Accepted Software Licenses: STM32CubeMX.6.12.0
2025-10-22 13:54:53,573 [INFO] AnalyticsPlugin:255 - Accepted CMSIS Pack Licenses: 
2025-10-22 13:54:53,574 [INFO] AnalyticsPlugin:257 - Accepted Firmware Licenses: FW.F4.1.28.0,FW.H5.1.1.0,FW.H7.1.11.0
2025-10-22 13:54:53,575 [INFO] PluginManage:359 - Loaded plugin analytics (category:tool,tabindex:-1)
2025-10-22 13:54:53,577 [INFO] PluginManage:310 - Check plugin cadmodel
2025-10-22 13:54:53,582 [INFO] CADModel:105 - Init CAD model plugin
2025-10-22 13:54:53,582 [INFO] PluginManage:359 - Loaded plugin cadmodel (category:power,tabindex:5)
2025-10-22 13:54:53,582 [INFO] PluginManage:310 - Check plugin clock
2025-10-22 13:54:53,595 [INFO] PluginManage:359 - Loaded plugin clock (category:base,tabindex:2)
2025-10-22 13:54:53,595 [INFO] PluginManage:310 - Check plugin ddr
2025-10-22 13:54:53,598 [INFO] PluginManage:359 - Loaded plugin ddr (category:tool,tabindex:6)
2025-10-22 13:54:53,599 [INFO] PluginManage:310 - Check plugin filemanager
2025-10-22 13:54:53,742 [INFO] PluginManage:359 - Loaded plugin filemanager (category:base,tabindex:10)
2025-10-22 13:54:53,743 [INFO] PluginManage:310 - Check plugin ipmanager
2025-10-22 13:54:53,747 [INFO] PluginManage:359 - Loaded plugin ipmanager (category:base,tabindex:5)
2025-10-22 13:54:53,747 [INFO] PluginManage:310 - Check plugin lpbam
2025-10-22 13:54:53,756 [INFO] PluginManage:359 - Loaded plugin lpbam (category:base,tabindex:0)
2025-10-22 13:54:53,756 [INFO] PluginManage:310 - Check plugin memorymap
2025-10-22 13:54:53,769 [INFO] PluginManage:359 - Loaded plugin memorymap (category:base,tabindex:4)
2025-10-22 13:54:53,769 [INFO] PluginManage:310 - Check plugin pinoutandconfiguration
2025-10-22 13:54:53,777 [INFO] PluginManage:359 - Loaded plugin pinoutandconfiguration (category:base,tabindex:1)
2025-10-22 13:54:53,777 [INFO] PluginManage:310 - Check plugin pinoutconfig
2025-10-22 13:54:53,866 [WARN] SupportedApi:132 - Cannot load RTOS API schema: s4s-elt-must-match.1: The content of 'definitions' must match (annotation?, (simpleType | complexType)?, (unique | key | keyref)*)). A problem was found starting at: attribute.
2025-10-22 13:54:53,990 [INFO] PluginManage:359 - Loaded plugin pinoutconfig (category:base,tabindex:0)
2025-10-22 13:54:53,992 [INFO] PluginManage:310 - Check plugin power
2025-10-22 13:54:54,005 [INFO] PluginManage:359 - Loaded plugin power (category:power,tabindex:4)
2025-10-22 13:54:54,005 [INFO] PluginManage:310 - Check plugin projectmanager
2025-10-22 13:54:54,025 [INFO] PluginManage:359 - Loaded plugin projectmanager (category:projectmanager,tabindex:4)
2025-10-22 13:54:54,026 [INFO] PluginManage:310 - Check plugin rif
2025-10-22 13:54:54,034 [INFO] PluginManage:359 - Loaded plugin rif (category:base,tabindex:3)
2025-10-22 13:54:54,034 [INFO] PluginManage:310 - Check plugin thirdparty
2025-10-22 13:54:54,198 [INFO] PluginManage:359 - Loaded plugin thirdparty (category:base,tabindex:-1)
2025-10-22 13:54:54,198 [WARN] IntegrityCheckThread:84 - waiting for thirdparty lock release [integrity check]
2025-10-22 13:54:54,198 [INFO] PluginManage:310 - Check plugin tools
2025-10-22 13:54:54,198 [INFO] IntegrityCheckThread:86 - entering critical section [integrity check]
2025-10-22 13:54:54,199 [INFO] ThirdPartyUpdaterWithRetryManager:70 - Updater plugin not ready yet. [1/15]
2025-10-22 13:54:54,200 [INFO] PluginManage:359 - Loaded plugin tools (category:base,tabindex:7)
2025-10-22 13:54:54,201 [INFO] PluginManage:310 - Check plugin tutovideos
2025-10-22 13:54:54,379 [INFO] PluginManage:359 - Loaded plugin tutovideos (category:base,tabindex:-1)
2025-10-22 13:54:54,379 [INFO] PluginManage:310 - Check plugin updater
2025-10-22 13:54:54,405 [INFO] PluginManage:359 - Loaded plugin updater (category:base,tabindex:12)
2025-10-22 13:54:54,406 [INFO] PluginManage:310 - Check plugin userauth
2025-10-22 13:54:54,412 [INFO] UserAuth:118 - Init User Auth plugin
2025-10-22 13:54:54,413 [INFO] PluginManage:359 - Loaded plugin userauth (category:base,tabindex:14)
2025-10-22 13:54:54,413 [INFO] PluginManage:283 - PluginManage : Loaded plugins [18]
2025-10-22 13:54:54,669 [INFO] PinOutPanel:1589 - setPackage(No Configuration,No Configuration)
2025-10-22 13:54:54,746 [INFO] CADModel:165 - CPN selected for project level
2025-10-22 13:54:54,746 [INFO] CADModel:114 - Register for checkConnection events
2025-10-22 13:54:54,760 [INFO] IPUIPlugin:80 - create IPUIPlugin
2025-10-22 13:54:54,761 [INFO] PluginManager:220 - loadIPPluginJar : add adc
2025-10-22 13:54:54,763 [INFO] IPUIPlugin:80 - create IPUIPlugin
2025-10-22 13:54:54,763 [INFO] PluginManager:220 - loadIPPluginJar : add aes
2025-10-22 13:54:54,765 [INFO] IPUIPlugin:80 - create IPUIPlugin
2025-10-22 13:54:54,765 [INFO] PluginManager:220 - loadIPPluginJar : add can
2025-10-22 13:54:54,767 [INFO] IPUIPlugin:80 - create IPUIPlugin
2025-10-22 13:54:54,767 [INFO] PluginManager:220 - loadIPPluginJar : add comp
2025-10-22 13:54:54,769 [INFO] IPUIPlugin:80 - create IPUIPlugin
2025-10-22 13:54:54,769 [INFO] PluginManager:220 - loadIPPluginJar : add cryp
2025-10-22 13:54:54,772 [INFO] IPUIPlugin:80 - create IPUIPlugin
2025-10-22 13:54:54,772 [INFO] PluginManager:220 - loadIPPluginJar : add ddr_ctrl_phy
2025-10-22 13:54:54,774 [INFO] IPUIPlugin:80 - create IPUIPlugin
2025-10-22 13:54:54,775 [INFO] PluginManager:220 - loadIPPluginJar : add dfsdm
2025-10-22 13:54:54,781 [INFO] IPUIPlugin:80 - create IPUIPlugin
2025-10-22 13:54:54,782 [INFO] PluginManager:220 - loadIPPluginJar : add dma
2025-10-22 13:54:54,788 [INFO] IPUIPlugin:80 - create IPUIPlugin
2025-10-22 13:54:54,788 [INFO] PluginManager:220 - loadIPPluginJar : add dma3
2025-10-22 13:54:54,791 [INFO] IPUIPlugin:80 - create IPUIPlugin
2025-10-22 13:54:54,791 [INFO] PluginManager:220 - loadIPPluginJar : add extmemmanager
2025-10-22 13:54:54,795 [INFO] IPUIPlugin:80 - create IPUIPlugin
2025-10-22 13:54:54,795 [INFO] PluginManager:220 - loadIPPluginJar : add fatfs
2025-10-22 13:54:54,802 [INFO] IPUIPlugin:80 - create IPUIPlugin
2025-10-22 13:54:54,802 [INFO] PluginManager:220 - loadIPPluginJar : add fmc
2025-10-22 13:54:54,808 [INFO] IPUIPlugin:80 - create IPUIPlugin
2025-10-22 13:54:54,808 [INFO] PluginManager:220 - loadIPPluginJar : add freertos
2025-10-22 13:54:54,810 [INFO] IPUIPlugin:80 - create IPUIPlugin
2025-10-22 13:54:54,810 [INFO] PluginManager:220 - loadIPPluginJar : add genericplugin
2025-10-22 13:54:54,813 [INFO] IPUIPlugin:80 - create IPUIPlugin
2025-10-22 13:54:54,813 [INFO] PluginManager:220 - loadIPPluginJar : add gfxmmu
2025-10-22 13:54:54,818 [INFO] IPUIPlugin:80 - create IPUIPlugin
2025-10-22 13:54:54,818 [INFO] PluginManager:220 - loadIPPluginJar : add gic
2025-10-22 13:54:54,823 [INFO] IPUIPlugin:80 - create IPUIPlugin
2025-10-22 13:54:54,823 [INFO] PluginManager:220 - loadIPPluginJar : add gpio
2025-10-22 13:54:54,825 [INFO] IPUIPlugin:80 - create IPUIPlugin
2025-10-22 13:54:54,825 [INFO] PluginManager:220 - loadIPPluginJar : add gtzc
2025-10-22 13:54:54,828 [INFO] IPUIPlugin:80 - create IPUIPlugin
2025-10-22 13:54:54,828 [INFO] PluginManager:220 - loadIPPluginJar : add hash
2025-10-22 13:54:54,831 [INFO] IPUIPlugin:80 - create IPUIPlugin
2025-10-22 13:54:54,831 [INFO] PluginManager:220 - loadIPPluginJar : add i2c
2025-10-22 13:54:54,834 [INFO] IPUIPlugin:80 - create IPUIPlugin
2025-10-22 13:54:54,834 [INFO] PluginManager:220 - loadIPPluginJar : add i2s
2025-10-22 13:54:54,838 [INFO] IPUIPlugin:80 - create IPUIPlugin
2025-10-22 13:54:54,838 [INFO] PluginManager:220 - loadIPPluginJar : add i3c
2025-10-22 13:54:54,842 [INFO] IPUIPlugin:80 - create IPUIPlugin
2025-10-22 13:54:54,842 [INFO] PluginManager:220 - loadIPPluginJar : add ipddr
2025-10-22 13:54:54,850 [INFO] IPUIPlugin:80 - create IPUIPlugin
2025-10-22 13:54:54,850 [INFO] PluginManager:220 - loadIPPluginJar : add linkedlist
2025-10-22 13:54:54,853 [INFO] IPUIPlugin:80 - create IPUIPlugin
2025-10-22 13:54:54,853 [INFO] PluginManager:220 - loadIPPluginJar : add lorawan
2025-10-22 13:54:54,855 [INFO] IPUIPlugin:80 - create IPUIPlugin
2025-10-22 13:54:54,855 [INFO] PluginManager:220 - loadIPPluginJar : add ltdc
2025-10-22 13:54:54,863 [INFO] IPUIPlugin:80 - create IPUIPlugin
2025-10-22 13:54:54,863 [INFO] PluginManager:220 - loadIPPluginJar : add mdma
2025-10-22 13:54:54,869 [INFO] IPUIPlugin:80 - create IPUIPlugin
2025-10-22 13:54:54,870 [INFO] PluginManager:220 - loadIPPluginJar : add nvic
2025-10-22 13:54:54,874 [INFO] IPUIPlugin:80 - create IPUIPlugin
2025-10-22 13:54:54,874 [INFO] PluginManager:220 - loadIPPluginJar : add opamp
2025-10-22 13:54:54,877 [INFO] IPUIPlugin:80 - create IPUIPlugin
2025-10-22 13:54:54,878 [INFO] PluginManager:220 - loadIPPluginJar : add openamp
2025-10-22 13:54:54,882 [INFO] IPUIPlugin:80 - create IPUIPlugin
2025-10-22 13:54:54,882 [INFO] PluginManager:220 - loadIPPluginJar : add pdm2pcm
2025-10-22 13:54:54,891 [INFO] IPUIPlugin:80 - create IPUIPlugin
2025-10-22 13:54:54,894 [INFO] PluginManager:220 - loadIPPluginJar : add plateformsettings
2025-10-22 13:54:54,897 [INFO] IPUIPlugin:80 - create IPUIPlugin
2025-10-22 13:54:54,897 [INFO] PluginManager:220 - loadIPPluginJar : add quadspi
2025-10-22 13:54:54,900 [INFO] IPUIPlugin:80 - create IPUIPlugin
2025-10-22 13:54:54,901 [INFO] PluginManager:220 - loadIPPluginJar : add radio
2025-10-22 13:54:54,909 [INFO] IPUIPlugin:80 - create IPUIPlugin
2025-10-22 13:54:54,911 [INFO] PluginManager:220 - loadIPPluginJar : add resmgrutility
2025-10-22 13:54:54,915 [INFO] IPUIPlugin:80 - create IPUIPlugin
2025-10-22 13:54:54,916 [INFO] PluginManager:220 - loadIPPluginJar : add sai
2025-10-22 13:54:54,920 [INFO] IPUIPlugin:80 - create IPUIPlugin
2025-10-22 13:54:54,920 [INFO] PluginManager:220 - loadIPPluginJar : add spi
2025-10-22 13:54:54,929 [INFO] IPUIPlugin:80 - create IPUIPlugin
2025-10-22 13:54:54,929 [INFO] PluginManager:220 - loadIPPluginJar : add stm32_wpan
2025-10-22 13:54:54,931 [INFO] IPUIPlugin:80 - create IPUIPlugin
2025-10-22 13:54:54,942 [INFO] PluginManager:220 - loadIPPluginJar : add tim
2025-10-22 13:54:54,967 [INFO] IPUIPlugin:80 - create IPUIPlugin
2025-10-22 13:54:54,967 [INFO] PluginManager:220 - loadIPPluginJar : add touchsensing
2025-10-22 13:54:54,971 [INFO] IPUIPlugin:80 - create IPUIPlugin
2025-10-22 13:54:54,972 [INFO] PluginManager:220 - loadIPPluginJar : add tracer_emb
2025-10-22 13:54:54,979 [INFO] IPUIPlugin:80 - create IPUIPlugin
2025-10-22 13:54:54,979 [INFO] PluginManager:220 - loadIPPluginJar : add ts
2025-10-22 13:54:54,982 [INFO] IPUIPlugin:80 - create IPUIPlugin
2025-10-22 13:54:54,983 [INFO] PluginManager:220 - loadIPPluginJar : add tsc
2025-10-22 13:54:54,989 [INFO] IPUIPlugin:80 - create IPUIPlugin
2025-10-22 13:54:54,989 [INFO] PluginManager:220 - loadIPPluginJar : add ucpd
2025-10-22 13:54:54,994 [INFO] IPUIPlugin:80 - create IPUIPlugin
2025-10-22 13:54:54,994 [INFO] PluginManager:220 - loadIPPluginJar : add usart
2025-10-22 13:54:55,000 [INFO] IPUIPlugin:80 - create IPUIPlugin
2025-10-22 13:54:55,000 [INFO] PluginManager:220 - loadIPPluginJar : add usbx
2025-10-22 13:54:55,155 [FATAL] Updater:351 - Updater called before beeing initialized
2025-10-22 13:54:55,197 [INFO] RulesReader:64 - Compatibility file has been processed (302 Rules)
2025-10-22 13:54:55,205 [INFO] RulesReader:64 - Compatibility file has been processed (302 Rules)
2025-10-22 13:54:55,211 [INFO] CADModel:165 - CPN selected for project level
2025-10-22 13:54:55,211 [INFO] CADModel:114 - Register for checkConnection events
2025-10-22 13:54:55,211 [FATAL] Updater:351 - Updater called before beeing initialized
2025-10-22 13:54:55,211 [ERROR] CADModel:125 - Updater not yet initialized, retry later 
2025-10-22 13:54:55,422 [FATAL] Updater:351 - Updater called before beeing initialized
2025-10-22 13:54:55,424 [INFO] CADModel:165 - CPN selected for project level
2025-10-22 13:54:55,424 [INFO] CADModel:114 - Register for checkConnection events
2025-10-22 13:54:55,424 [FATAL] Updater:351 - Updater called before beeing initialized
2025-10-22 13:54:55,425 [ERROR] CADModel:125 - Updater not yet initialized, retry later 
2025-10-22 13:54:55,428 [FATAL] Updater:351 - Updater called before beeing initialized
2025-10-22 13:54:55,513 [FATAL] Updater:351 - Updater called before beeing initialized
2025-10-22 13:54:55,516 [INFO] DbMcusAds:53 - JSON generation date=Thu Oct 02 16:36:05 GMT+07:00 2025 (1759397765645)
2025-10-22 13:54:55,516 [FATAL] Updater:351 - Updater called before beeing initialized
2025-10-22 13:54:55,554 [WARN] DetailPanel:346 - Failed to get advertising image, set to default
2025-10-22 13:54:55,770 [FATAL] Updater:351 - Updater called before beeing initialized
2025-10-22 13:54:55,772 [FATAL] Updater:351 - Updater called before beeing initialized
2025-10-22 13:54:55,772 [FATAL] Updater:351 - Updater called before beeing initialized
2025-10-22 13:54:55,772 [WARN] DetailPanel:346 - Failed to get advertising image, set to default
2025-10-22 13:54:55,774 [FATAL] Updater:351 - Updater called before beeing initialized
2025-10-22 13:54:55,818 [ERROR] Updater:1198 - MainUpdater not yet initialized. External WinMGr cannot be set.
2025-10-22 13:54:55,820 [INFO] Updater:1134 - Updater Version found : 6.14.1
2025-10-22 13:54:55,837 [INFO] ApplicationProperties:184 - Using Application install path: D:\STM32CubeIDE_1.18.1\STM32CubeIDE\plugins\com.st.stm32cube.common.mx_6.14.1.202504091515
2025-10-22 13:54:57,203 [INFO] ThirdPartyUpdaterWithRetryManager:70 - Updater plugin not ready yet. [2/15]
2025-10-22 13:54:57,443 [ERROR] LogOutputStream:75 - [STDERR_REDIRECT] Oct 22, 2025 1:54:57 PM java.util.prefs.WindowsPreferences <init>
2025-10-22 13:54:57,444 [ERROR] LogOutputStream:75 - [STDERR_REDIRECT] WARNING: Could not open/create prefs root node Software\JavaSoft\Prefs at root 0xffffffff80000002. Windows RegCreateKeyEx(...) returned error code 5.
2025-10-22 13:54:57,445 [ERROR] LogOutputStream:75 - [STDERR_REDIRECT] 
2025-10-22 13:54:57,918 [INFO] MainUpdater:2872 - connection check result : 10
2025-10-22 13:54:57,920 [INFO] MainUpdater:289 - Updater Check For Update Now.
2025-10-22 13:54:57,920 [INFO] MicroXplorer:498 - Change Database Version : DB.6.0.141
2025-10-22 13:54:57,929 [INFO] McuFinderGlobals:63 - Set McuFinder mode to 2 (CubeIDE integrated)
2025-10-22 13:54:57,932 [INFO] UserAuth:484 - Internet connection configuration mode: 1
2025-10-22 13:54:57,962 [INFO] JxBrowserEngine:152 - Initiate JxBrowser Engine with user profile folder
2025-10-22 13:54:58,157 [INFO] CheckServerUpdateThread:120 - End of CheckServer Thread
2025-10-22 13:55:00,444 [INFO] WebApp:169 - Instantiating new browser for Auth
2025-10-22 13:55:00,696 [WARN] PackLoader:240 - Cannot read IP mode file for STMicroelectronics.FP-SNS-MOTENVWB1.1.4.0
2025-10-22 13:55:00,707 [WARN] PackLoader:240 - Cannot read IP mode file for STMicroelectronics.FP-ATR-ASTRA1.2.0.2
2025-10-22 13:55:00,712 [WARN] PackLoader:240 - Cannot read IP mode file for STMicroelectronics.FP-ATR-ASTRA1.2.0.1
2025-10-22 13:55:00,734 [WARN] PackLoader:240 - Cannot read IP mode file for STMicroelectronics.X-CUBE-SMBUS.2.1.0
2025-10-22 13:55:00,743 [WARN] PackLoader:240 - Cannot read IP mode file for STMicroelectronics.X-CUBE-WB05N.1.1.0
2025-10-22 13:55:00,750 [WARN] PackLoader:240 - Cannot read IP mode file for STMicroelectronics.X-CUBE-ST60.1.0.0
2025-10-22 13:55:00,759 [WARN] PackLoader:240 - Cannot read IP mode file for STMicroelectronics.X-CUBE-TOUCHGFX.4.23.0
2025-10-22 13:55:00,762 [WARN] PackLoader:240 - Cannot read IP mode file for STMicroelectronics.X-CUBE-TOUCHGFX.4.23.2
2025-10-22 13:55:00,800 [WARN] PackLoader:240 - Cannot read IP mode file for STMicroelectronics.X-CUBE-AZRTOS-F7.1.1.0
2025-10-22 13:55:00,812 [WARN] PackLoader:240 - Cannot read IP mode file for STMicroelectronics.FP-SNS-MOTENV1.4.3.2
2025-10-22 13:55:00,888 [WARN] PackLoader:240 - Cannot read IP mode file for STMicroelectronics.X-CUBE-MEMS1.11.0.0
2025-10-22 13:55:01,183 [WARN] PackLoader:240 - Cannot read IP mode file for STMicroelectronics.FP-SNS-FLIGHT1.5.0.2
2025-10-22 13:55:01,208 [WARN] PackLoader:240 - Cannot read IP mode file for Infineon.AIROC-Wi-Fi-Bluetooth-STM32.1.7.0
2025-10-22 13:55:01,233 [WARN] PackLoader:240 - Cannot read IP mode file for STMicroelectronics.X-CUBE-AZRTOS-H7.3.4.0
2025-10-22 13:55:01,252 [WARN] PackLoader:240 - Cannot read IP mode file for STMicroelectronics.X-CUBE-DISPLAY.3.0.0
2025-10-22 13:55:01,267 [WARN] PackLoader:240 - Cannot read IP mode file for STMicroelectronics.X-CUBE-BLE1.7.0.0
2025-10-22 13:55:01,274 [WARN] PackLoader:240 - Cannot read IP mode file for STMicroelectronics.X-CUBE-NFC10.1.0.0
2025-10-22 13:55:01,295 [WARN] PackLoader:240 - Cannot read IP mode file for STMicroelectronics.X-CUBE-BLEMGR.4.0.0
2025-10-22 13:55:01,311 [WARN] PackLoader:240 - Cannot read IP mode file for STMicroelectronics.X-CUBE-ST60.1.1.0
2025-10-22 13:55:01,326 [WARN] PackLoader:240 - Cannot read IP mode file for emotas.I-CUBE-CANOPEN.1.3.0
2025-10-22 13:55:01,335 [WARN] ConditionMgr:438 - getConditionDescription Invalid condition id : Cortex-A Device cause : null
2025-10-22 13:55:01,356 [WARN] ConditionMgr:1044 - genDependencies : Invalid condition id : Cortex-A Device cause : null
2025-10-22 13:55:01,356 [WARN] ConditionMgr:1044 - genDependencies : Invalid condition id : Cortex-A Device cause : null
2025-10-22 13:55:01,356 [WARN] ConditionMgr:1044 - genDependencies : Invalid condition id : Cortex-A Device cause : null
2025-10-22 13:55:01,369 [WARN] PackLoader:240 - Cannot read IP mode file for STMicroelectronics.X-CUBE-BLEMGR.3.1.0
2025-10-22 13:55:01,382 [WARN] PackLoader:240 - Cannot read IP mode file for STMicroelectronics.X-CUBE-AI.10.0.0
2025-10-22 13:55:01,389 [ERROR] Engine:466 - C:\Users\ADMIN\.stm32cubemx\thirdparties\pdsc\STMicroelectronics.FP-SNS-STBOX1.2.1.0.pdsc: PDSC version is not supported
2025-10-22 13:55:01,395 [WARN] PackLoader:240 - Cannot read IP mode file for STMicroelectronics.FP-SNS-SMARTAG2.1.2.0
2025-10-22 13:55:01,401 [WARN] PackLoader:240 - Cannot read IP mode file for STMicroelectronics.FP-SNS-FLIGHT1.5.1.0
2025-10-22 13:55:01,455 [WARN] PackLoader:240 - Cannot read IP mode file for STMicroelectronics.X-CUBE-MEMS1.11.1.0
2025-10-22 13:55:01,480 [INFO] WebApp:463 - Apply proxy settings
2025-10-22 13:55:01,480 [INFO] WebApp:548 - Chromium requires no authentication
2025-10-22 13:55:01,500 [INFO] WebApp:491 - Direct internet connection detected
2025-10-22 13:55:01,539 [INFO] WebApp:894 - Register for checkConnection events
2025-10-22 13:55:01,539 [INFO] WebApp:463 - Apply proxy settings
2025-10-22 13:55:01,539 [INFO] WebApp:548 - Chromium requires no authentication
2025-10-22 13:55:01,540 [INFO] WebApp:491 - Direct internet connection detected
2025-10-22 13:55:01,614 [INFO] LogOutputStream:77 - [STDOUT_REDIRECT] 1 : Invalid condition id : UX_CORESTACK_Condition cause : null
2025-10-22 13:55:01,615 [INFO] LogOutputStream:77 - [STDOUT_REDIRECT] 1 : Invalid condition id : UX_CORESTACK_Condition cause : null
2025-10-22 13:55:01,616 [INFO] LogOutputStream:77 - [STDOUT_REDIRECT] 1 : Invalid condition id : UX_CORESTACK_Condition cause : null
2025-10-22 13:55:01,617 [INFO] LogOutputStream:77 - [STDOUT_REDIRECT] 1 : Invalid condition id : UX_CORESTACK_Condition cause : null
2025-10-22 13:55:01,618 [INFO] LogOutputStream:77 - [STDOUT_REDIRECT] 1 : Invalid condition id : UX_CORESTACK_Condition cause : null
2025-10-22 13:55:01,620 [WARN] PackLoader:240 - Cannot read IP mode file for STMicroelectronics.X-CUBE-AZRTOS-WL.2.0.0
2025-10-22 13:55:01,624 [WARN] PackLoader:240 - Cannot read IP mode file for STMicroelectronics.FP-SNS-MOTENV1.5.0.0
2025-10-22 13:55:01,630 [WARN] PackLoader:240 - Cannot read IP mode file for wolfSSL.I-CUBE-wolfMQTT.1.19.0
2025-10-22 13:55:01,635 [WARN] PackLoader:240 - Cannot read IP mode file for WES.I-CUBE-Cesium.1.3.0
2025-10-22 13:55:01,639 [WARN] PackLoader:240 - Cannot read IP mode file for STMicroelectronics.X-CUBE-BLE2.3.3.0
2025-10-22 13:55:01,643 [WARN] PackLoader:240 - Cannot read IP mode file for STMicroelectronics.X-CUBE-NFC9.1.0.0
2025-10-22 13:55:01,648 [WARN] PackLoader:240 - Cannot read IP mode file for wolfSSL.I-CUBE-wolfSSL.5.8.0
2025-10-22 13:55:01,651 [WARN] PackLoader:240 - Cannot read IP mode file for STMicroelectronics.X-CUBE-BLE1.7.1.0
2025-10-22 13:55:01,654 [WARN] PackLoader:240 - Cannot read IP mode file for wolfSSL.I-CUBE-wolfMQTT.1.19.2
2025-10-22 13:55:01,659 [WARN] PackLoader:240 - Cannot read IP mode file for STMicroelectronics.X-CUBE-TCPP.4.1.0
2025-10-22 13:55:01,664 [WARN] PackLoader:240 - Cannot read IP mode file for STMicroelectronics.X-CUBE-EEPRMA1.5.2.0
2025-10-22 13:55:01,668 [ERROR] Engine:466 - C:\Users\ADMIN\.stm32cubemx\thirdparties\pdsc\STMicroelectronics.X-CUBE-ST67W61.1.1.0.pdsc: PDSC version is not supported
2025-10-22 13:55:01,671 [WARN] PackLoader:240 - Cannot read IP mode file for STMicroelectronics.X-CUBE-AI.10.1.0
2025-10-22 13:55:01,675 [WARN] PackLoader:240 - Cannot read IP mode file for STMicroelectronics.X-CUBE-ALGOBUILD.1.3.0
2025-10-22 13:55:01,721 [WARN] PackLoader:240 - Cannot read IP mode file for STMicroelectronics.X-CUBE-MEMS1.11.2.0
2025-10-22 13:55:01,736 [INFO] WebApp:191 - Connection restablished
2025-10-22 13:55:01,844 [INFO] WebApp:225 - Starting web application
2025-10-22 13:55:01,845 [INFO] WebApp:593 - Web application path used D:\STM32CubeIDE_1.18.1\STM32CubeIDE\plugins\com.st.stm32cube.common.mx_6.14.1.202504091515\db\plugins\mcufinder\reactClient1\index.html
2025-10-22 13:55:01,975 [WARN] PackLoader:240 - Cannot read IP mode file for STMicroelectronics.X-CUBE-AZRTOS-G0.1.1.0
2025-10-22 13:55:02,002 [WARN] PackLoader:240 - Cannot read IP mode file for STMicroelectronics.X-CUBE-SAFEA1.1.2.2
2025-10-22 13:55:02,016 [WARN] PackLoader:240 - Cannot read IP mode file for STMicroelectronics.X-CUBE-NFC4.3.0.0
2025-10-22 13:55:02,026 [WARN] PackLoader:240 - Cannot read IP mode file for EmbeddedOffice.I-CUBE-FS-RTOS.1.0.1
2025-10-22 13:55:02,030 [WARN] PackLoader:240 - Cannot read IP mode file for STMicroelectronics.X-CUBE-WB05N.2.0.0
2025-10-22 13:55:02,039 [WARN] PackLoader:240 - Cannot read IP mode file for STMicroelectronics.X-CUBE-BLEMGR.3.0.0
2025-10-22 13:55:02,044 [WARN] PackLoader:240 - Cannot read IP mode file for wolfSSL.I-CUBE-wolfTPM.3.8.0
2025-10-22 13:55:02,048 [WARN] PackLoader:240 - Cannot read IP mode file for STMicroelectronics.X-CUBE-TCPP.4.2.0
2025-10-22 13:55:02,055 [WARN] PackLoader:240 - Cannot read IP mode file for RealThread.X-CUBE-RT-Thread_Nano.4.1.1
2025-10-22 13:55:02,059 [WARN] PackLoader:240 - Cannot read IP mode file for STMicroelectronics.FP-ATR-SIGFOX1.3.2.0
2025-10-22 13:55:02,066 [WARN] ConditionMgr:438 - getConditionDescription Invalid condition id : Cortex-A Device cause : null
2025-10-22 13:55:02,073 [WARN] ConditionMgr:1044 - genDependencies : Invalid condition id : Cortex-A Device cause : null
2025-10-22 13:55:02,073 [WARN] ConditionMgr:1044 - genDependencies : Invalid condition id : Cortex-A Device cause : null
2025-10-22 13:55:02,073 [WARN] ConditionMgr:1044 - genDependencies : Invalid condition id : Cortex-A Device cause : null
2025-10-22 13:55:02,078 [WARN] PackLoader:240 - Cannot read IP mode file for STMicroelectronics.X-CUBE-EEPRMA1.5.1.0
2025-10-22 13:55:02,086 [WARN] PackLoader:240 - Cannot read IP mode file for ITTIA_DB.I-CUBE-ITTIADB.8.9.0
2025-10-22 13:55:02,091 [INFO] UserAuth:484 - Internet connection configuration mode: 1
2025-10-22 13:55:02,099 [WARN] PackLoader:240 - Cannot read IP mode file for STMicroelectronics.X-CUBE-ST67W61.1.0.0
2025-10-22 13:55:02,104 [WARN] PackLoader:240 - Cannot read IP mode file for STMicroelectronics.X-CUBE-AI.10.2.0
2025-10-22 13:55:02,131 [WARN] PackLoader:240 - Cannot read IP mode file for SEGGER.I-CUBE-embOS.1.3.1
2025-10-22 13:55:02,165 [WARN] PackLoader:240 - Cannot read IP mode file for STMicroelectronics.X-CUBE-ALGOBUILD.1.4.0
2025-10-22 13:55:02,199 [WARN] PackLoader:240 - Cannot read IP mode file for STMicroelectronics.X-CUBE-MEMS1.11.3.0
2025-10-22 13:55:02,298 [WARN] PackLoader:240 - Cannot read IP mode file for STMicroelectronics.X-CUBE-AI.9.1.0
2025-10-22 13:55:02,302 [WARN] PackLoader:240 - Cannot read IP mode file for STMicroelectronics.X-CUBE-PM33A1.1.0.0
2025-10-22 13:55:02,306 [WARN] PackLoader:240 - Cannot read IP mode file for STMicroelectronics.X-CUBE-GNSS1.6.0.0
2025-10-22 13:55:02,318 [WARN] PackLoader:240 - Cannot read IP mode file for STMicroelectronics.X-CUBE-AZRTOS-F4.1.1.0
2025-10-22 13:55:02,324 [WARN] PackLoader:240 - Cannot read IP mode file for Avnet-IotConnect.X-CUBE-IoTC-DA16k-PMOD.1.0.0
2025-10-22 13:55:02,328 [WARN] PackLoader:240 - Cannot read IP mode file for STMicroelectronics.X-CUBE-ISPU.2.1.0
2025-10-22 13:55:02,334 [ERROR] Engine:466 - C:\Users\ADMIN\.stm32cubemx\thirdparties\pdsc\STMicroelectronics.X-CUBE-IPS.3.2.0.pdsc: PDSC version is not supported
2025-10-22 13:55:02,338 [WARN] PackLoader:240 - Cannot read IP mode file for STMicroelectronics.X-CUBE-FREERTOS.1.2.0
2025-10-22 13:55:02,343 [WARN] PackLoader:240 - Cannot read IP mode file for wolfSSL.I-CUBE-wolfSSL.5.6.6
2025-10-22 13:55:02,349 [WARN] PackLoader:240 - Cannot read IP mode file for STMicroelectronics.X-CUBE-NFC12.1.0.0
2025-10-22 13:55:02,364 [WARN] PackLoader:240 - Cannot read IP mode file for STMicroelectronics.X-CUBE-AZRTOS-L5.2.0.0
2025-10-22 13:55:02,375 [WARN] PackLoader:240 - Cannot read IP mode file for STMicroelectronics.X-CUBE-NFC6.3.1.0
2025-10-22 13:55:02,381 [WARN] PackLoader:240 - Cannot read IP mode file for ITTIA_DB.I-CUBE-ITTIADB.8.8.0
2025-10-22 13:55:02,386 [WARN] PackLoader:240 - Cannot read IP mode file for STMicroelectronics.X-CUBE-DPower.1.2.0
2025-10-22 13:55:02,389 [WARN] PackLoader:240 - Cannot read IP mode file for STMicroelectronics.X-CUBE-AI.9.0.0
2025-10-22 13:55:02,394 [WARN] PackLoader:240 - Cannot read IP mode file for STMicroelectronics.X-CUBE-FREERTOS.1.3.1
2025-10-22 13:55:02,403 [WARN] PackLoader:240 - Cannot read IP mode file for STMicroelectronics.X-CUBE-FREERTOS.1.3.0
2025-10-22 13:55:02,411 [WARN] PackLoader:240 - Cannot read IP mode file for STMicroelectronics.X-CUBE-NFC7.1.0.1
2025-10-22 13:55:02,417 [WARN] PackLoader:240 - Cannot read IP mode file for wolfSSL.I-CUBE-wolfTPM.3.2.0
2025-10-22 13:55:02,420 [WARN] PackLoader:240 - Cannot read IP mode file for STMicroelectronics.X-CUBE-TOUCHGFX.4.26.0
2025-10-22 13:55:02,429 [WARN] PackLoader:240 - Cannot read IP mode file for STMicroelectronics.X-CUBE-NFC6.3.0.0
2025-10-22 13:55:02,439 [WARN] PackLoader:240 - Cannot read IP mode file for STMicroelectronics.FP-SNS-STAIOTCFT.1.0.0
2025-10-22 13:55:02,446 [WARN] PackLoader:240 - Cannot read IP mode file for STMicroelectronics.X-CUBE-DPower.1.3.0
2025-10-22 13:55:02,454 [WARN] PackLoader:240 - Cannot read IP mode file for STMicroelectronics.X-CUBE-AI.8.1.0
2025-10-22 13:55:02,482 [WARN] ConditionMgr:438 - getConditionDescription Invalid condition id : LAN8742 Phy interface Condition cause : null
2025-10-22 13:55:02,483 [WARN] PackLoader:240 - Cannot read IP mode file for STMicroelectronics.X-CUBE-AZRTOS-L4.2.0.0
2025-10-22 13:55:02,490 [WARN] ConditionMgr:1044 - genDependencies : Invalid condition id : LAN8742 Phy interface Condition cause : null
2025-10-22 13:55:02,490 [WARN] ConditionMgr:1044 - genDependencies : Invalid condition id : LAN8742 Phy interface Condition cause : null
2025-10-22 13:55:02,490 [WARN] ConditionMgr:1044 - genDependencies : Invalid condition id : LAN8742 Phy interface Condition cause : null
2025-10-22 13:55:02,501 [WARN] PackLoader:240 - Cannot read IP mode file for STMicroelectronics.X-CUBE-SFXS2LP1.4.0.0
2025-10-22 13:55:02,523 [WARN] PackLoader:240 - Cannot read IP mode file for STMicroelectronics.X-CUBE-AZRTOS-H7.3.3.0
2025-10-22 13:55:02,546 [WARN] PackLoader:240 - Cannot read IP mode file for STMicroelectronics.X-CUBE-BLEMGR.4.1.0
2025-10-22 13:55:02,563 [WARN] PackLoader:240 - Cannot read IP mode file for STMicroelectronics.X-CUBE-IPS.3.0.0
2025-10-22 13:55:02,576 [WARN] ConditionMgr:438 - getConditionDescription Invalid condition id : UX DEVICE CLASS RTOS Condition cause : null
2025-10-22 13:55:02,576 [WARN] ConditionMgr:438 - getConditionDescription Invalid condition id : UX DEVICE CLASS RTOS Condition cause : null
2025-10-22 13:55:02,578 [WARN] PackLoader:240 - Cannot read IP mode file for STMicroelectronics.X-CUBE-AZRTOS-WB.2.0.0
2025-10-22 13:55:02,578 [WARN] ConditionMgr:1044 - genDependencies : Invalid condition id : UX DEVICE CLASS RTOS Condition cause : null
2025-10-22 13:55:02,579 [WARN] ConditionMgr:1044 - genDependencies : Invalid condition id : UX DEVICE CLASS RTOS Condition cause : null
2025-10-22 13:55:02,579 [WARN] ConditionMgr:1044 - genDependencies : Invalid condition id : UX DEVICE CLASS RTOS Condition cause : null
2025-10-22 13:55:02,579 [WARN] ConditionMgr:1044 - genDependencies : Invalid condition id : UX DEVICE CLASS RTOS Condition cause : null
2025-10-22 13:55:02,580 [WARN] ConditionMgr:1044 - genDependencies : Invalid condition id : UX DEVICE CLASS RTOS Condition cause : null
2025-10-22 13:55:02,585 [WARN] PackLoader:240 - Cannot read IP mode file for STMicroelectronics.X-CUBE-GNSS1.7.0.0
2025-10-22 13:55:02,590 [WARN] PackLoader:240 - Cannot read IP mode file for STMicroelectronics.X-CUBE-GNSS1.7.0.1
2025-10-22 13:55:02,594 [WARN] PackLoader:240 - Cannot read IP mode file for STMicroelectronics.X-CUBE-TOUCHGFX.4.25.0
2025-10-22 13:55:02,600 [WARN] PackLoader:240 - Cannot read IP mode file for STMicroelectronics.FP-SNS-STBOX1.2.0.0
2025-10-22 13:55:02,608 [WARN] PackLoader:240 - Cannot read IP mode file for STMicroelectronics.X-CUBE-SUBG2.5.0.0
2025-10-22 13:55:02,629 [WARN] PackLoader:240 - Cannot read IP mode file for STMicroelectronics.X-CUBE-AZRTOS-H7RS.1.1.0
2025-10-22 13:55:02,637 [WARN] PackLoader:240 - Cannot read IP mode file for Cesanta.I-CUBE-Mongoose.7.13.0
2025-10-22 13:55:02,648 [WARN] PackLoader:240 - Cannot read IP mode file for STMicroelectronics.X-CUBE-AZRTOS-G4.2.0.0
2025-10-22 13:55:02,661 [WARN] PackLoader:240 - Cannot read IP mode file for Infineon.AIROC-Wi-Fi-Bluetooth-STM32.1.5.1
2025-10-22 13:55:02,668 [WARN] PackLoader:240 - Cannot read IP mode file for wolfSSL.I-CUBE-wolfSSH.1.4.20
2025-10-22 13:55:02,672 [WARN] PackLoader:240 - Cannot read IP mode file for STMicroelectronics.X-CUBE-NFC7.2.0.0
2025-10-22 13:55:02,678 [WARN] PackLoader:240 - Cannot read IP mode file for STMicroelectronics.FP-SNS-MOTENVWB1.1.3.1
2025-10-22 13:55:02,684 [WARN] PackLoader:240 - Cannot read IP mode file for STMicroelectronics.X-CUBE-ISPU.2.0.0
2025-10-22 13:55:02,697 [WARN] PackLoader:240 - Cannot read IP mode file for STMicroelectronics.X-CUBE-IPS.3.1.0
2025-10-22 13:55:02,706 [WARN] PackLoader:240 - Cannot read IP mode file for STMicroelectronics.X-CUBE-ALS.1.0.2
2025-10-22 13:55:02,735 [WARN] PackLoader:240 - Cannot read IP mode file for STMicroelectronics.X-CUBE-MEMS1.10.0.0
2025-10-22 13:55:02,832 [WARN] PackLoader:240 - Cannot read IP mode file for STMicroelectronics.X-CUBE-FREERTOS.1.1.0
2025-10-22 13:55:02,836 [WARN] PackLoader:240 - Cannot read IP mode file for STMicroelectronics.X-CUBE-TOUCHGFX.4.24.0
2025-10-22 13:55:02,839 [WARN] PackLoader:240 - Cannot read IP mode file for STMicroelectronics.X-CUBE-TOUCHGFX.4.24.2
2025-10-22 13:55:02,842 [WARN] PackLoader:240 - Cannot read IP mode file for STMicroelectronics.X-CUBE-TOUCHGFX.4.24.1
2025-10-22 13:55:02,849 [WARN] PackLoader:240 - Cannot read IP mode file for STMicroelectronics.X-CUBE-STSE01.1.0.0
2025-10-22 13:55:02,855 [WARN] PackLoader:240 - Cannot read IP mode file for portGmbH.I-Cube-SoM-uGOAL.1.1.0
2025-10-22 13:55:02,859 [WARN] PackLoader:240 - Cannot read IP mode file for STMicroelectronics.X-CUBE-ALS.1.0.1
2025-10-22 13:55:02,880 [WARN] PackLoader:240 - Cannot read IP mode file for STMicroelectronics.X-CUBE-AZRTOS-H7RS.1.0.0
2025-10-22 13:55:02,884 [WARN] PackLoader:240 - Cannot read IP mode file for STMicroelectronics.FP-ATR-ASTRA1.2.0.0
2025-10-22 13:55:02,897 [WARN] PackLoader:240 - Cannot read IP mode file for STMicroelectronics.X-CUBE-TOF1.3.4.2
2025-10-22 13:55:02,912 [WARN] PackLoader:240 - Cannot read IP mode file for STMicroelectronics.X-CUBE-TOF1.3.4.3
2025-10-22 13:55:02,925 [WARN] PackLoader:240 - Cannot read IP mode file for STMicroelectronics.X-CUBE-TOF1.3.4.0
2025-10-22 13:55:02,940 [WARN] PackLoader:240 - Cannot read IP mode file for STMicroelectronics.X-CUBE-TOF1.3.4.1
2025-10-22 13:55:02,958 [WARN] PackLoader:240 - Cannot read IP mode file for STMicroelectronics.X-CUBE-AZRTOS-H7.3.2.0
2025-10-22 13:55:02,962 [WARN] PackLoader:240 - Cannot read IP mode file for wolfSSL.I-CUBE-wolfSSH.1.4.17
2025-10-22 13:55:02,963 [INFO] ThirdParty:978 - Integrity check success = true
2025-10-22 13:55:02,963 [INFO] IntegrityCheckThread:100 - exiting critical section [integrity check]
2025-10-22 13:55:02,963 [INFO] IntegrityCheckThread:103 - End integrity checks thread
2025-10-22 16:36:42,855 [ERROR] LogOutputStream:75 - [STDERR_REDIRECT] 
2025-10-22 16:36:42,856 [ERROR] LogOutputStream:75 - [STDERR_REDIRECT] 
