2025-10-17 17:19:49,608 [INFO] Activator:176 - 


2025-10-17 17:19:49,613 [INFO] Activator:177 - !SESSION log4j initialized
2025-10-17 17:19:54,496 [INFO] LogOutputStream:77 - [STDOUT_REDIRECT] 
2025-10-17 17:19:55,348 [INFO] ApplicationProperties:184 - Using Application install path: D:\STM32CubeIDE_1.18.1\STM32CubeIDE\plugins\com.st.stm32cube.common.mx_6.14.1.202504091515
2025-10-17 17:19:55,368 [INFO] DbMcusXml:78 - Set database path to: D:\STM32CubeIDE_1.18.1\STM32CubeIDE\plugins\com.st.stm32cube.common.mx_6.14.1.202504091515\\db\/mcu/
2025-10-17 17:19:55,368 [INFO] ApiDb:274 - Set plugin database path to: D:\STM32CubeIDE_1.18.1\STM32CubeIDE\plugins\com.st.stm32cube.common.mx_6.14.1.202504091515\\db\/plugins/boardmanager/
2025-10-17 17:19:55,369 [WARN] ApiDb:259 - Overriding images path with different value:  => D:\STM32CubeIDE_1.18.1\STM32CubeIDE\plugins\com.st.stm32cube.common.mx_6.14.1.202504091515\\db\/plugins/mcufinder/images/
2025-10-17 17:19:55,378 [INFO] ApiDb:250 - Set database path to: C:\Users\ADMIN\.stmcufinder\plugins\mcufinder//mcu/
2025-10-17 17:19:55,379 [INFO] DbMcusAds:125 - Set database path to: C:\Users\ADMIN\.stmcufinder\plugins\mcufinder//mcu/
2025-10-17 17:19:55,381 [INFO] CrossReferenceDbSqlite:203 - Set database path to: C:\Users\ADMIN\.stmcufinder\plugins\mcufinder//mcu/cs/
2025-10-17 17:19:55,487 [INFO] RulesReader:64 - Compatibility file has been processed (302 Rules)
2025-10-17 17:19:55,593 [INFO] DbMcusXml:78 - Set database path to: D:\STM32CubeIDE_1.18.1\STM32CubeIDE\plugins\com.st.stm32cube.common.mx_6.14.1.202504091515\\db\/mcu/
2025-10-17 17:19:55,593 [INFO] ApiDb:274 - Set plugin database path to: D:\STM32CubeIDE_1.18.1\STM32CubeIDE\plugins\com.st.stm32cube.common.mx_6.14.1.202504091515\\db\/plugins/boardmanager/
2025-10-17 17:19:55,593 [INFO] ApiDb:261 - Set plugin images path to: D:\STM32CubeIDE_1.18.1\STM32CubeIDE\plugins\com.st.stm32cube.common.mx_6.14.1.202504091515\\db\/plugins/mcufinder/images/
2025-10-17 17:19:55,593 [WARN] DbFile:41 - Overriding database path with different value: C:\Users\ADMIN\.stmcufinder\plugins\mcufinder/ => C:\Users\ADMIN\.stmcufinder\plugins\mcufinder
2025-10-17 17:19:55,594 [INFO] ApiDb:250 - Set database path to: C:\Users\ADMIN\.stmcufinder\plugins\mcufinder//mcu/
2025-10-17 17:19:55,594 [WARN] DbFile:41 - Overriding database path with different value: C:\Users\ADMIN\.stmcufinder\plugins\mcufinder/ => C:\Users\ADMIN\.stmcufinder\plugins\mcufinder
2025-10-17 17:19:55,594 [INFO] DbMcusAds:125 - Set database path to: C:\Users\ADMIN\.stmcufinder\plugins\mcufinder//mcu/
2025-10-17 17:19:55,594 [WARN] DbFile:41 - Overriding database path with different value: C:\Users\ADMIN\.stmcufinder\plugins\mcufinder/ => C:\Users\ADMIN\.stmcufinder\plugins\mcufinder
2025-10-17 17:19:55,594 [WARN] DbFile:41 - Overriding database path with different value: C:\Users\ADMIN\.stmcufinder\plugins\mcufinder/ => C:\Users\ADMIN\.stmcufinder\plugins\mcufinder
2025-10-17 17:19:55,594 [INFO] CrossReferenceDbSqlite:203 - Set database path to: C:\Users\ADMIN\.stmcufinder\plugins\mcufinder//mcu/cs/
2025-10-17 17:19:55,660 [INFO] MainPanel:272 - HeapMemory: 268435456
2025-10-17 17:19:55,747 [INFO] DbMcusXml:78 - Set database path to: D:\STM32CubeIDE_1.18.1\STM32CubeIDE\plugins\com.st.stm32cube.common.mx_6.14.1.202504091515\\db\/mcu/
2025-10-17 17:19:55,747 [INFO] ApiDb:274 - Set plugin database path to: D:\STM32CubeIDE_1.18.1\STM32CubeIDE\plugins\com.st.stm32cube.common.mx_6.14.1.202504091515\\db\/plugins/boardmanager/
2025-10-17 17:19:55,747 [INFO] ApiDb:261 - Set plugin images path to: D:\STM32CubeIDE_1.18.1\STM32CubeIDE\plugins\com.st.stm32cube.common.mx_6.14.1.202504091515\\db\/plugins/mcufinder/images/
2025-10-17 17:19:55,747 [WARN] DbFile:41 - Overriding database path with different value: C:\Users\ADMIN\.stmcufinder\plugins\mcufinder/ => C:\Users\ADMIN\.stmcufinder\plugins\mcufinder
2025-10-17 17:19:55,747 [INFO] ApiDb:250 - Set database path to: C:\Users\ADMIN\.stmcufinder\plugins\mcufinder//mcu/
2025-10-17 17:19:55,748 [WARN] DbFile:41 - Overriding database path with different value: C:\Users\ADMIN\.stmcufinder\plugins\mcufinder/ => C:\Users\ADMIN\.stmcufinder\plugins\mcufinder
2025-10-17 17:19:55,748 [INFO] DbMcusAds:125 - Set database path to: C:\Users\ADMIN\.stmcufinder\plugins\mcufinder//mcu/
2025-10-17 17:19:55,748 [WARN] DbFile:41 - Overriding database path with different value: C:\Users\ADMIN\.stmcufinder\plugins\mcufinder/ => C:\Users\ADMIN\.stmcufinder\plugins\mcufinder
2025-10-17 17:19:55,748 [WARN] DbFile:41 - Overriding database path with different value: C:\Users\ADMIN\.stmcufinder\plugins\mcufinder/ => C:\Users\ADMIN\.stmcufinder\plugins\mcufinder
2025-10-17 17:19:55,748 [INFO] CrossReferenceDbSqlite:203 - Set database path to: C:\Users\ADMIN\.stmcufinder\plugins\mcufinder//mcu/cs/
2025-10-17 17:19:55,763 [INFO] ApplicationProperties:184 - Using Application install path: D:\STM32CubeIDE_1.18.1\STM32CubeIDE\plugins\com.st.stm32cube.common.mx_6.14.1.202504091515
2025-10-17 17:19:55,764 [INFO] PluginManage:196 - Search for loadable plugins [exclusion list=, ]
2025-10-17 17:19:55,765 [INFO] PluginManage:310 - Check plugin analytics
2025-10-17 17:19:55,942 [INFO] AnalyticsPlugin:253 - Accepted Software Licenses: STM32CubeMX.6.12.0
2025-10-17 17:19:55,943 [INFO] AnalyticsPlugin:255 - Accepted CMSIS Pack Licenses: 
2025-10-17 17:19:55,943 [INFO] AnalyticsPlugin:257 - Accepted Firmware Licenses: FW.F4.1.28.0,FW.H5.1.1.0,FW.H7.1.11.0
2025-10-17 17:19:55,945 [INFO] PluginManage:359 - Loaded plugin analytics (category:tool,tabindex:-1)
2025-10-17 17:19:55,945 [INFO] PluginManage:310 - Check plugin cadmodel
2025-10-17 17:19:55,951 [INFO] CADModel:105 - Init CAD model plugin
2025-10-17 17:19:55,951 [INFO] PluginManage:359 - Loaded plugin cadmodel (category:power,tabindex:5)
2025-10-17 17:19:55,951 [INFO] PluginManage:310 - Check plugin clock
2025-10-17 17:19:55,962 [INFO] PluginManage:359 - Loaded plugin clock (category:base,tabindex:2)
2025-10-17 17:19:55,962 [INFO] PluginManage:310 - Check plugin ddr
2025-10-17 17:19:55,964 [INFO] PluginManage:359 - Loaded plugin ddr (category:tool,tabindex:6)
2025-10-17 17:19:55,964 [INFO] PluginManage:310 - Check plugin filemanager
2025-10-17 17:19:56,153 [INFO] PluginManage:359 - Loaded plugin filemanager (category:base,tabindex:10)
2025-10-17 17:19:56,154 [INFO] PluginManage:310 - Check plugin ipmanager
2025-10-17 17:19:56,162 [INFO] PluginManage:359 - Loaded plugin ipmanager (category:base,tabindex:5)
2025-10-17 17:19:56,162 [INFO] PluginManage:310 - Check plugin lpbam
2025-10-17 17:19:56,172 [INFO] PluginManage:359 - Loaded plugin lpbam (category:base,tabindex:0)
2025-10-17 17:19:56,172 [INFO] PluginManage:310 - Check plugin memorymap
2025-10-17 17:19:56,187 [INFO] PluginManage:359 - Loaded plugin memorymap (category:base,tabindex:4)
2025-10-17 17:19:56,187 [INFO] PluginManage:310 - Check plugin pinoutandconfiguration
2025-10-17 17:19:56,198 [INFO] PluginManage:359 - Loaded plugin pinoutandconfiguration (category:base,tabindex:1)
2025-10-17 17:19:56,198 [INFO] PluginManage:310 - Check plugin pinoutconfig
2025-10-17 17:19:56,301 [WARN] SupportedApi:132 - Cannot load RTOS API schema: s4s-elt-must-match.1: The content of 'definitions' must match (annotation?, (simpleType | complexType)?, (unique | key | keyref)*)). A problem was found starting at: attribute.
2025-10-17 17:19:56,484 [INFO] PluginManage:359 - Loaded plugin pinoutconfig (category:base,tabindex:0)
2025-10-17 17:19:56,484 [INFO] PluginManage:310 - Check plugin power
2025-10-17 17:19:56,496 [INFO] PluginManage:359 - Loaded plugin power (category:power,tabindex:4)
2025-10-17 17:19:56,496 [INFO] PluginManage:310 - Check plugin projectmanager
2025-10-17 17:19:56,513 [INFO] PluginManage:359 - Loaded plugin projectmanager (category:projectmanager,tabindex:4)
2025-10-17 17:19:56,513 [INFO] PluginManage:310 - Check plugin rif
2025-10-17 17:19:56,523 [INFO] PluginManage:359 - Loaded plugin rif (category:base,tabindex:3)
2025-10-17 17:19:56,523 [INFO] PluginManage:310 - Check plugin thirdparty
2025-10-17 17:19:56,693 [INFO] PluginManage:359 - Loaded plugin thirdparty (category:base,tabindex:-1)
2025-10-17 17:19:56,693 [WARN] IntegrityCheckThread:84 - waiting for thirdparty lock release [integrity check]
2025-10-17 17:19:56,694 [INFO] PluginManage:310 - Check plugin tools
2025-10-17 17:19:56,694 [INFO] IntegrityCheckThread:86 - entering critical section [integrity check]
2025-10-17 17:19:56,694 [INFO] ThirdPartyUpdaterWithRetryManager:70 - Updater plugin not ready yet. [1/15]
2025-10-17 17:19:56,696 [INFO] PluginManage:359 - Loaded plugin tools (category:base,tabindex:7)
2025-10-17 17:19:56,696 [INFO] PluginManage:310 - Check plugin tutovideos
2025-10-17 17:19:56,863 [INFO] PluginManage:359 - Loaded plugin tutovideos (category:base,tabindex:-1)
2025-10-17 17:19:56,864 [INFO] PluginManage:310 - Check plugin updater
2025-10-17 17:19:56,886 [INFO] PluginManage:359 - Loaded plugin updater (category:base,tabindex:12)
2025-10-17 17:19:56,888 [INFO] PluginManage:310 - Check plugin userauth
2025-10-17 17:19:56,892 [INFO] UserAuth:118 - Init User Auth plugin
2025-10-17 17:19:56,892 [INFO] PluginManage:359 - Loaded plugin userauth (category:base,tabindex:14)
2025-10-17 17:19:56,893 [INFO] PluginManage:283 - PluginManage : Loaded plugins [18]
2025-10-17 17:19:57,123 [INFO] PinOutPanel:1589 - setPackage(No Configuration,No Configuration)
2025-10-17 17:19:57,213 [INFO] CADModel:165 - CPN selected for project level
2025-10-17 17:19:57,213 [INFO] CADModel:114 - Register for checkConnection events
2025-10-17 17:19:57,231 [INFO] IPUIPlugin:80 - create IPUIPlugin
2025-10-17 17:19:57,231 [INFO] PluginManager:220 - loadIPPluginJar : add adc
2025-10-17 17:19:57,234 [INFO] IPUIPlugin:80 - create IPUIPlugin
2025-10-17 17:19:57,234 [INFO] PluginManager:220 - loadIPPluginJar : add aes
2025-10-17 17:19:57,237 [INFO] IPUIPlugin:80 - create IPUIPlugin
2025-10-17 17:19:57,237 [INFO] PluginManager:220 - loadIPPluginJar : add can
2025-10-17 17:19:57,239 [INFO] IPUIPlugin:80 - create IPUIPlugin
2025-10-17 17:19:57,239 [INFO] PluginManager:220 - loadIPPluginJar : add comp
2025-10-17 17:19:57,241 [INFO] IPUIPlugin:80 - create IPUIPlugin
2025-10-17 17:19:57,241 [INFO] PluginManager:220 - loadIPPluginJar : add cryp
2025-10-17 17:19:57,245 [INFO] IPUIPlugin:80 - create IPUIPlugin
2025-10-17 17:19:57,245 [INFO] PluginManager:220 - loadIPPluginJar : add ddr_ctrl_phy
2025-10-17 17:19:57,247 [INFO] IPUIPlugin:80 - create IPUIPlugin
2025-10-17 17:19:57,247 [INFO] PluginManager:220 - loadIPPluginJar : add dfsdm
2025-10-17 17:19:57,253 [INFO] IPUIPlugin:80 - create IPUIPlugin
2025-10-17 17:19:57,254 [INFO] PluginManager:220 - loadIPPluginJar : add dma
2025-10-17 17:19:57,258 [INFO] IPUIPlugin:80 - create IPUIPlugin
2025-10-17 17:19:57,258 [INFO] PluginManager:220 - loadIPPluginJar : add dma3
2025-10-17 17:19:57,261 [INFO] IPUIPlugin:80 - create IPUIPlugin
2025-10-17 17:19:57,261 [INFO] PluginManager:220 - loadIPPluginJar : add extmemmanager
2025-10-17 17:19:57,262 [INFO] IPUIPlugin:80 - create IPUIPlugin
2025-10-17 17:19:57,262 [INFO] PluginManager:220 - loadIPPluginJar : add fatfs
2025-10-17 17:19:57,268 [INFO] IPUIPlugin:80 - create IPUIPlugin
2025-10-17 17:19:57,268 [INFO] PluginManager:220 - loadIPPluginJar : add fmc
2025-10-17 17:19:57,276 [INFO] IPUIPlugin:80 - create IPUIPlugin
2025-10-17 17:19:57,276 [INFO] PluginManager:220 - loadIPPluginJar : add freertos
2025-10-17 17:19:57,277 [INFO] IPUIPlugin:80 - create IPUIPlugin
2025-10-17 17:19:57,278 [INFO] PluginManager:220 - loadIPPluginJar : add genericplugin
2025-10-17 17:19:57,281 [INFO] IPUIPlugin:80 - create IPUIPlugin
2025-10-17 17:19:57,281 [INFO] PluginManager:220 - loadIPPluginJar : add gfxmmu
2025-10-17 17:19:57,285 [INFO] IPUIPlugin:80 - create IPUIPlugin
2025-10-17 17:19:57,285 [INFO] PluginManager:220 - loadIPPluginJar : add gic
2025-10-17 17:19:57,289 [INFO] IPUIPlugin:80 - create IPUIPlugin
2025-10-17 17:19:57,289 [INFO] PluginManager:220 - loadIPPluginJar : add gpio
2025-10-17 17:19:57,292 [INFO] IPUIPlugin:80 - create IPUIPlugin
2025-10-17 17:19:57,293 [INFO] PluginManager:220 - loadIPPluginJar : add gtzc
2025-10-17 17:19:57,295 [INFO] IPUIPlugin:80 - create IPUIPlugin
2025-10-17 17:19:57,295 [INFO] PluginManager:220 - loadIPPluginJar : add hash
2025-10-17 17:19:57,298 [INFO] IPUIPlugin:80 - create IPUIPlugin
2025-10-17 17:19:57,298 [INFO] PluginManager:220 - loadIPPluginJar : add i2c
2025-10-17 17:19:57,301 [INFO] IPUIPlugin:80 - create IPUIPlugin
2025-10-17 17:19:57,301 [INFO] PluginManager:220 - loadIPPluginJar : add i2s
2025-10-17 17:19:57,303 [INFO] IPUIPlugin:80 - create IPUIPlugin
2025-10-17 17:19:57,303 [INFO] PluginManager:220 - loadIPPluginJar : add i3c
2025-10-17 17:19:57,307 [INFO] IPUIPlugin:80 - create IPUIPlugin
2025-10-17 17:19:57,307 [INFO] PluginManager:220 - loadIPPluginJar : add ipddr
2025-10-17 17:19:57,327 [INFO] IPUIPlugin:80 - create IPUIPlugin
2025-10-17 17:19:57,327 [INFO] PluginManager:220 - loadIPPluginJar : add linkedlist
2025-10-17 17:19:57,331 [INFO] IPUIPlugin:80 - create IPUIPlugin
2025-10-17 17:19:57,331 [INFO] PluginManager:220 - loadIPPluginJar : add lorawan
2025-10-17 17:19:57,333 [INFO] IPUIPlugin:80 - create IPUIPlugin
2025-10-17 17:19:57,333 [INFO] PluginManager:220 - loadIPPluginJar : add ltdc
2025-10-17 17:19:57,339 [INFO] IPUIPlugin:80 - create IPUIPlugin
2025-10-17 17:19:57,339 [INFO] PluginManager:220 - loadIPPluginJar : add mdma
2025-10-17 17:19:57,343 [INFO] IPUIPlugin:80 - create IPUIPlugin
2025-10-17 17:19:57,344 [INFO] PluginManager:220 - loadIPPluginJar : add nvic
2025-10-17 17:19:57,349 [INFO] IPUIPlugin:80 - create IPUIPlugin
2025-10-17 17:19:57,349 [INFO] PluginManager:220 - loadIPPluginJar : add opamp
2025-10-17 17:19:57,353 [INFO] IPUIPlugin:80 - create IPUIPlugin
2025-10-17 17:19:57,354 [INFO] PluginManager:220 - loadIPPluginJar : add openamp
2025-10-17 17:19:57,359 [INFO] IPUIPlugin:80 - create IPUIPlugin
2025-10-17 17:19:57,359 [INFO] PluginManager:220 - loadIPPluginJar : add pdm2pcm
2025-10-17 17:19:57,367 [INFO] IPUIPlugin:80 - create IPUIPlugin
2025-10-17 17:19:57,371 [INFO] PluginManager:220 - loadIPPluginJar : add plateformsettings
2025-10-17 17:19:57,373 [INFO] IPUIPlugin:80 - create IPUIPlugin
2025-10-17 17:19:57,373 [INFO] PluginManager:220 - loadIPPluginJar : add quadspi
2025-10-17 17:19:57,375 [INFO] IPUIPlugin:80 - create IPUIPlugin
2025-10-17 17:19:57,376 [INFO] PluginManager:220 - loadIPPluginJar : add radio
2025-10-17 17:19:57,381 [INFO] IPUIPlugin:80 - create IPUIPlugin
2025-10-17 17:19:57,382 [INFO] PluginManager:220 - loadIPPluginJar : add resmgrutility
2025-10-17 17:19:57,385 [INFO] IPUIPlugin:80 - create IPUIPlugin
2025-10-17 17:19:57,386 [INFO] PluginManager:220 - loadIPPluginJar : add sai
2025-10-17 17:19:57,387 [INFO] IPUIPlugin:80 - create IPUIPlugin
2025-10-17 17:19:57,387 [INFO] PluginManager:220 - loadIPPluginJar : add spi
2025-10-17 17:19:57,395 [INFO] IPUIPlugin:80 - create IPUIPlugin
2025-10-17 17:19:57,395 [INFO] PluginManager:220 - loadIPPluginJar : add stm32_wpan
2025-10-17 17:19:57,399 [INFO] IPUIPlugin:80 - create IPUIPlugin
2025-10-17 17:19:57,399 [INFO] PluginManager:220 - loadIPPluginJar : add tim
2025-10-17 17:19:57,407 [INFO] IPUIPlugin:80 - create IPUIPlugin
2025-10-17 17:19:57,407 [INFO] PluginManager:220 - loadIPPluginJar : add touchsensing
2025-10-17 17:19:57,410 [INFO] IPUIPlugin:80 - create IPUIPlugin
2025-10-17 17:19:57,410 [INFO] PluginManager:220 - loadIPPluginJar : add tracer_emb
2025-10-17 17:19:57,412 [INFO] IPUIPlugin:80 - create IPUIPlugin
2025-10-17 17:19:57,412 [INFO] PluginManager:220 - loadIPPluginJar : add ts
2025-10-17 17:19:57,414 [INFO] IPUIPlugin:80 - create IPUIPlugin
2025-10-17 17:19:57,414 [INFO] PluginManager:220 - loadIPPluginJar : add tsc
2025-10-17 17:19:57,418 [INFO] IPUIPlugin:80 - create IPUIPlugin
2025-10-17 17:19:57,418 [INFO] PluginManager:220 - loadIPPluginJar : add ucpd
2025-10-17 17:19:57,421 [INFO] IPUIPlugin:80 - create IPUIPlugin
2025-10-17 17:19:57,421 [INFO] PluginManager:220 - loadIPPluginJar : add usart
2025-10-17 17:19:57,426 [INFO] IPUIPlugin:80 - create IPUIPlugin
2025-10-17 17:19:57,426 [INFO] PluginManager:220 - loadIPPluginJar : add usbx
2025-10-17 17:19:57,577 [FATAL] Updater:351 - Updater called before beeing initialized
2025-10-17 17:19:57,611 [INFO] RulesReader:64 - Compatibility file has been processed (302 Rules)
2025-10-17 17:19:57,622 [INFO] RulesReader:64 - Compatibility file has been processed (302 Rules)
2025-10-17 17:19:57,630 [INFO] CADModel:165 - CPN selected for project level
2025-10-17 17:19:57,630 [INFO] CADModel:114 - Register for checkConnection events
2025-10-17 17:19:57,630 [FATAL] Updater:351 - Updater called before beeing initialized
2025-10-17 17:19:57,631 [ERROR] CADModel:125 - Updater not yet initialized, retry later 
2025-10-17 17:19:57,836 [FATAL] Updater:351 - Updater called before beeing initialized
2025-10-17 17:19:57,838 [INFO] CADModel:165 - CPN selected for project level
2025-10-17 17:19:57,838 [INFO] CADModel:114 - Register for checkConnection events
2025-10-17 17:19:57,838 [FATAL] Updater:351 - Updater called before beeing initialized
2025-10-17 17:19:57,838 [ERROR] CADModel:125 - Updater not yet initialized, retry later 
2025-10-17 17:19:57,845 [FATAL] Updater:351 - Updater called before beeing initialized
2025-10-17 17:19:58,008 [FATAL] Updater:351 - Updater called before beeing initialized
2025-10-17 17:19:58,013 [INFO] DbMcusAds:53 - JSON generation date=Thu Oct 02 16:36:05 GMT+07:00 2025 (1759397765645)
2025-10-17 17:19:58,014 [FATAL] Updater:351 - Updater called before beeing initialized
2025-10-17 17:19:58,061 [WARN] DetailPanel:346 - Failed to get advertising image, set to default
2025-10-17 17:19:58,338 [FATAL] Updater:351 - Updater called before beeing initialized
2025-10-17 17:19:58,340 [FATAL] Updater:351 - Updater called before beeing initialized
2025-10-17 17:19:58,340 [FATAL] Updater:351 - Updater called before beeing initialized
2025-10-17 17:19:58,340 [WARN] DetailPanel:346 - Failed to get advertising image, set to default
2025-10-17 17:19:58,341 [FATAL] Updater:351 - Updater called before beeing initialized
2025-10-17 17:19:58,398 [ERROR] Updater:1198 - MainUpdater not yet initialized. External WinMGr cannot be set.
2025-10-17 17:19:58,400 [INFO] Updater:1134 - Updater Version found : 6.14.1
2025-10-17 17:19:58,418 [INFO] ApplicationProperties:184 - Using Application install path: D:\STM32CubeIDE_1.18.1\STM32CubeIDE\plugins\com.st.stm32cube.common.mx_6.14.1.202504091515
2025-10-17 17:19:59,697 [INFO] ThirdPartyUpdaterWithRetryManager:70 - Updater plugin not ready yet. [2/15]
2025-10-17 17:19:59,984 [ERROR] LogOutputStream:75 - [STDERR_REDIRECT] Oct 17, 2025 5:19:59 PM java.util.prefs.WindowsPreferences <init>
2025-10-17 17:19:59,986 [ERROR] LogOutputStream:75 - [STDERR_REDIRECT] WARNING: Could not open/create prefs root node Software\JavaSoft\Prefs at root 0xffffffff80000002. Windows RegCreateKeyEx(...) returned error code 5.
2025-10-17 17:19:59,986 [ERROR] LogOutputStream:75 - [STDERR_REDIRECT] 
2025-10-17 17:20:00,263 [INFO] MainUpdater:2872 - connection check result : 10
2025-10-17 17:20:00,263 [INFO] MainUpdater:3566 - Updater definition file requires update
2025-10-17 17:20:00,264 [INFO] MainUpdater:289 - Updater Check For Update Now.
2025-10-17 17:20:00,264 [INFO] MicroXplorer:498 - Change Database Version : DB.6.0.141
2025-10-17 17:20:00,271 [INFO] McuFinderGlobals:63 - Set McuFinder mode to 2 (CubeIDE integrated)
2025-10-17 17:20:00,273 [INFO] UserAuth:484 - Internet connection configuration mode: 1
2025-10-17 17:20:00,283 [INFO] ServerAccessManage:473 - Download File updaters.zip
2025-10-17 17:20:00,294 [INFO] JxBrowserEngine:152 - Initiate JxBrowser Engine with user profile folder
2025-10-17 17:20:00,354 [INFO] FileExtend:242 - Unzip File : updaters.zip
2025-10-17 17:20:00,355 [INFO] FileExtend:257 - Standard Zip Deflate
2025-10-17 17:20:00,688 [INFO] ServerAccessManage:473 - Download File PacksControlFlags.xml
2025-10-17 17:20:00,741 [INFO] ServerAccessManage:473 - Download File cubemx.pidx
2025-10-17 17:20:01,633 [INFO] WebApp:169 - Instantiating new browser for Auth
2025-10-17 17:20:01,851 [INFO] ServerAccessManage:473 - Download File STMicroelectronics.X-CUBE-ST60.pdsc
2025-10-17 17:20:01,909 [INFO] ServerAccessManage:473 - Download File STMicroelectronics.X-CUBE-ST67W61.pdsc
2025-10-17 17:20:02,538 [INFO] WebApp:463 - Apply proxy settings
2025-10-17 17:20:02,539 [INFO] WebApp:548 - Chromium requires no authentication
2025-10-17 17:20:02,546 [INFO] WebApp:491 - Direct internet connection detected
2025-10-17 17:20:02,568 [INFO] WebApp:894 - Register for checkConnection events
2025-10-17 17:20:02,568 [INFO] WebApp:463 - Apply proxy settings
2025-10-17 17:20:02,568 [INFO] WebApp:548 - Chromium requires no authentication
2025-10-17 17:20:02,569 [INFO] WebApp:491 - Direct internet connection detected
2025-10-17 17:20:02,697 [WARN] MainUpdater:1193 - Updater busy. Cannot search thirdparties
2025-10-17 17:20:02,697 [INFO] ThirdPartyUpdaterWithRetryManager:96 - Updater plugin is busy. [1/15]
2025-10-17 17:20:02,743 [INFO] WebApp:225 - Starting web application
2025-10-17 17:20:02,743 [INFO] WebApp:593 - Web application path used D:\STM32CubeIDE_1.18.1\STM32CubeIDE\plugins\com.st.stm32cube.common.mx_6.14.1.202504091515\db\plugins\mcufinder\reactClient1\index.html
2025-10-17 17:20:02,764 [INFO] WebApp:191 - Connection restablished
2025-10-17 17:20:02,958 [INFO] UserAuth:484 - Internet connection configuration mode: 1
2025-10-17 17:20:02,962 [INFO] ServerAccessManage:473 - Download File QuantumLeaps.pidx
2025-10-17 17:20:02,968 [ERROR] CmsisPackIndexFile:434 - Cannot parse timestamp
2025-10-17 17:20:02,970 [ERROR] CmsisPackIndexFile:434 - Cannot parse timestamp
2025-10-17 17:20:03,103 [WARN] PackLoader:240 - Cannot read IP mode file for STMicroelectronics.X-CUBE-ST60.1.1.0
2025-10-17 17:20:03,113 [WARN] PopulateThirdPartyThread:106 - Error when creating pack: C:/Users/ADMIN/.stm32cubemx/thirdparties/pdsc/STMicroelectronics.X-CUBE-ST67W61.pdsc
2025-10-17 17:20:03,114 [INFO] PopulateThirdPartyThread:66 - Ending populate Thread
2025-10-17 17:20:03,115 [INFO] ThirdParty:1030 - CMSIS Pack Vendor :STMicroelectronics X-CUBE-ST60 1.1.0
2025-10-17 17:20:03,116 [INFO] LoadServerUpdatesThread:375 - End of LoadServerUpdate Thread
2025-10-17 17:20:03,247 [INFO] CheckServerUpdateThread:120 - End of CheckServer Thread
2025-10-17 17:20:05,913 [WARN] PackLoader:240 - Cannot read IP mode file for STMicroelectronics.FP-SNS-MOTENVWB1.1.4.0
2025-10-17 17:20:05,917 [WARN] PackLoader:240 - Cannot read IP mode file for STMicroelectronics.FP-ATR-ASTRA1.2.0.2
2025-10-17 17:20:05,921 [WARN] PackLoader:240 - Cannot read IP mode file for STMicroelectronics.FP-ATR-ASTRA1.2.0.1
2025-10-17 17:20:05,925 [WARN] PackLoader:240 - Cannot read IP mode file for STMicroelectronics.X-CUBE-SMBUS.2.1.0
2025-10-17 17:20:05,930 [WARN] PackLoader:240 - Cannot read IP mode file for STMicroelectronics.X-CUBE-WB05N.1.1.0
2025-10-17 17:20:05,934 [WARN] PackLoader:240 - Cannot read IP mode file for STMicroelectronics.X-CUBE-ST60.1.0.0
2025-10-17 17:20:05,937 [WARN] PackLoader:240 - Cannot read IP mode file for STMicroelectronics.X-CUBE-TOUCHGFX.4.23.0
2025-10-17 17:20:05,940 [WARN] PackLoader:240 - Cannot read IP mode file for STMicroelectronics.X-CUBE-TOUCHGFX.4.23.2
2025-10-17 17:20:05,955 [WARN] PackLoader:240 - Cannot read IP mode file for STMicroelectronics.X-CUBE-AZRTOS-F7.1.1.0
2025-10-17 17:20:05,961 [WARN] PackLoader:240 - Cannot read IP mode file for STMicroelectronics.FP-SNS-MOTENV1.4.3.2
2025-10-17 17:20:05,997 [WARN] PackLoader:240 - Cannot read IP mode file for STMicroelectronics.X-CUBE-MEMS1.11.0.0
2025-10-17 17:20:06,121 [WARN] PackLoader:240 - Cannot read IP mode file for STMicroelectronics.FP-SNS-FLIGHT1.5.0.2
2025-10-17 17:20:06,137 [WARN] PackLoader:240 - Cannot read IP mode file for Infineon.AIROC-Wi-Fi-Bluetooth-STM32.1.7.0
2025-10-17 17:20:06,157 [WARN] PackLoader:240 - Cannot read IP mode file for STMicroelectronics.X-CUBE-AZRTOS-H7.3.4.0
2025-10-17 17:20:06,164 [WARN] PackLoader:240 - Cannot read IP mode file for STMicroelectronics.X-CUBE-DISPLAY.3.0.0
2025-10-17 17:20:06,169 [WARN] PackLoader:240 - Cannot read IP mode file for STMicroelectronics.X-CUBE-BLE1.7.0.0
2025-10-17 17:20:06,175 [WARN] PackLoader:240 - Cannot read IP mode file for STMicroelectronics.X-CUBE-NFC10.1.0.0
2025-10-17 17:20:06,182 [WARN] PackLoader:240 - Cannot read IP mode file for STMicroelectronics.X-CUBE-BLEMGR.4.0.0
2025-10-17 17:20:06,186 [WARN] PackLoader:240 - Cannot read IP mode file for STMicroelectronics.X-CUBE-ST60.1.1.0
2025-10-17 17:20:06,191 [WARN] PackLoader:240 - Cannot read IP mode file for emotas.I-CUBE-CANOPEN.1.3.0
2025-10-17 17:20:06,196 [WARN] ConditionMgr:438 - getConditionDescription Invalid condition id : Cortex-A Device cause : null
2025-10-17 17:20:06,202 [WARN] ConditionMgr:1044 - genDependencies : Invalid condition id : Cortex-A Device cause : null
2025-10-17 17:20:06,204 [WARN] ConditionMgr:1044 - genDependencies : Invalid condition id : Cortex-A Device cause : null
2025-10-17 17:20:06,204 [WARN] ConditionMgr:1044 - genDependencies : Invalid condition id : Cortex-A Device cause : null
2025-10-17 17:20:06,209 [WARN] PackLoader:240 - Cannot read IP mode file for STMicroelectronics.X-CUBE-BLEMGR.3.1.0
2025-10-17 17:20:06,213 [WARN] PackLoader:240 - Cannot read IP mode file for STMicroelectronics.X-CUBE-AI.10.0.0
2025-10-17 17:20:06,216 [ERROR] Engine:466 - C:\Users\ADMIN\.stm32cubemx\thirdparties\pdsc\STMicroelectronics.FP-SNS-STBOX1.2.1.0.pdsc: PDSC version is not supported
2025-10-17 17:20:06,220 [WARN] PackLoader:240 - Cannot read IP mode file for STMicroelectronics.FP-SNS-SMARTAG2.1.2.0
2025-10-17 17:20:06,224 [WARN] PackLoader:240 - Cannot read IP mode file for STMicroelectronics.FP-SNS-FLIGHT1.5.1.0
2025-10-17 17:20:06,270 [WARN] PackLoader:240 - Cannot read IP mode file for STMicroelectronics.X-CUBE-MEMS1.11.1.0
2025-10-17 17:20:06,405 [INFO] LogOutputStream:77 - [STDOUT_REDIRECT] 1 : Invalid condition id : UX_CORESTACK_Condition cause : null
2025-10-17 17:20:06,406 [INFO] LogOutputStream:77 - [STDOUT_REDIRECT] 1 : Invalid condition id : UX_CORESTACK_Condition cause : null
2025-10-17 17:20:06,407 [INFO] LogOutputStream:77 - [STDOUT_REDIRECT] 1 : Invalid condition id : UX_CORESTACK_Condition cause : null
2025-10-17 17:20:06,408 [INFO] LogOutputStream:77 - [STDOUT_REDIRECT] 1 : Invalid condition id : UX_CORESTACK_Condition cause : null
2025-10-17 17:20:06,409 [INFO] LogOutputStream:77 - [STDOUT_REDIRECT] 1 : Invalid condition id : UX_CORESTACK_Condition cause : null
2025-10-17 17:20:06,411 [WARN] PackLoader:240 - Cannot read IP mode file for STMicroelectronics.X-CUBE-AZRTOS-WL.2.0.0
2025-10-17 17:20:06,414 [WARN] PackLoader:240 - Cannot read IP mode file for STMicroelectronics.FP-SNS-MOTENV1.5.0.0
2025-10-17 17:20:06,418 [WARN] PackLoader:240 - Cannot read IP mode file for wolfSSL.I-CUBE-wolfMQTT.1.19.0
2025-10-17 17:20:06,423 [WARN] PackLoader:240 - Cannot read IP mode file for WES.I-CUBE-Cesium.1.3.0
2025-10-17 17:20:06,427 [WARN] PackLoader:240 - Cannot read IP mode file for STMicroelectronics.X-CUBE-BLE2.3.3.0
2025-10-17 17:20:06,430 [WARN] PackLoader:240 - Cannot read IP mode file for STMicroelectronics.X-CUBE-NFC9.1.0.0
2025-10-17 17:20:06,434 [WARN] PackLoader:240 - Cannot read IP mode file for wolfSSL.I-CUBE-wolfSSL.5.8.0
2025-10-17 17:20:06,437 [WARN] PackLoader:240 - Cannot read IP mode file for STMicroelectronics.X-CUBE-BLE1.7.1.0
2025-10-17 17:20:06,440 [WARN] PackLoader:240 - Cannot read IP mode file for wolfSSL.I-CUBE-wolfMQTT.1.19.2
2025-10-17 17:20:06,443 [WARN] PackLoader:240 - Cannot read IP mode file for STMicroelectronics.X-CUBE-TCPP.4.1.0
2025-10-17 17:20:06,448 [WARN] PackLoader:240 - Cannot read IP mode file for STMicroelectronics.X-CUBE-EEPRMA1.5.2.0
2025-10-17 17:20:06,450 [ERROR] Engine:466 - C:\Users\ADMIN\.stm32cubemx\thirdparties\pdsc\STMicroelectronics.X-CUBE-ST67W61.1.1.0.pdsc: PDSC version is not supported
2025-10-17 17:20:06,452 [WARN] PackLoader:240 - Cannot read IP mode file for STMicroelectronics.X-CUBE-AI.10.1.0
2025-10-17 17:20:06,457 [WARN] PackLoader:240 - Cannot read IP mode file for STMicroelectronics.X-CUBE-ALGOBUILD.1.3.0
2025-10-17 17:20:06,487 [WARN] PackLoader:240 - Cannot read IP mode file for STMicroelectronics.X-CUBE-MEMS1.11.2.0
2025-10-17 17:20:06,576 [WARN] PackLoader:240 - Cannot read IP mode file for STMicroelectronics.X-CUBE-AZRTOS-G0.1.1.0
2025-10-17 17:20:06,591 [WARN] PackLoader:240 - Cannot read IP mode file for STMicroelectronics.X-CUBE-SAFEA1.1.2.2
2025-10-17 17:20:06,594 [WARN] PackLoader:240 - Cannot read IP mode file for STMicroelectronics.X-CUBE-NFC4.3.0.0
2025-10-17 17:20:06,602 [WARN] PackLoader:240 - Cannot read IP mode file for EmbeddedOffice.I-CUBE-FS-RTOS.1.0.1
2025-10-17 17:20:06,605 [WARN] PackLoader:240 - Cannot read IP mode file for STMicroelectronics.X-CUBE-WB05N.2.0.0
2025-10-17 17:20:06,612 [WARN] PackLoader:240 - Cannot read IP mode file for STMicroelectronics.X-CUBE-BLEMGR.3.0.0
2025-10-17 17:20:06,615 [WARN] PackLoader:240 - Cannot read IP mode file for wolfSSL.I-CUBE-wolfTPM.3.8.0
2025-10-17 17:20:06,618 [WARN] PackLoader:240 - Cannot read IP mode file for STMicroelectronics.X-CUBE-TCPP.4.2.0
2025-10-17 17:20:06,623 [WARN] PackLoader:240 - Cannot read IP mode file for RealThread.X-CUBE-RT-Thread_Nano.4.1.1
2025-10-17 17:20:06,625 [WARN] PackLoader:240 - Cannot read IP mode file for STMicroelectronics.FP-ATR-SIGFOX1.3.2.0
2025-10-17 17:20:06,628 [WARN] ConditionMgr:438 - getConditionDescription Invalid condition id : Cortex-A Device cause : null
2025-10-17 17:20:06,631 [WARN] ConditionMgr:1044 - genDependencies : Invalid condition id : Cortex-A Device cause : null
2025-10-17 17:20:06,631 [WARN] ConditionMgr:1044 - genDependencies : Invalid condition id : Cortex-A Device cause : null
2025-10-17 17:20:06,632 [WARN] ConditionMgr:1044 - genDependencies : Invalid condition id : Cortex-A Device cause : null
2025-10-17 17:20:06,643 [WARN] PackLoader:240 - Cannot read IP mode file for STMicroelectronics.X-CUBE-EEPRMA1.5.1.0
2025-10-17 17:20:06,650 [WARN] PackLoader:240 - Cannot read IP mode file for ITTIA_DB.I-CUBE-ITTIADB.8.9.0
2025-10-17 17:20:06,654 [WARN] PackLoader:240 - Cannot read IP mode file for STMicroelectronics.X-CUBE-ST67W61.1.0.0
2025-10-17 17:20:06,656 [WARN] PackLoader:240 - Cannot read IP mode file for STMicroelectronics.X-CUBE-AI.10.2.0
2025-10-17 17:20:06,674 [WARN] PackLoader:240 - Cannot read IP mode file for SEGGER.I-CUBE-embOS.1.3.1
2025-10-17 17:20:06,697 [WARN] PackLoader:240 - Cannot read IP mode file for STMicroelectronics.X-CUBE-ALGOBUILD.1.4.0
2025-10-17 17:20:06,725 [WARN] PackLoader:240 - Cannot read IP mode file for STMicroelectronics.X-CUBE-MEMS1.11.3.0
2025-10-17 17:20:06,817 [WARN] PackLoader:240 - Cannot read IP mode file for STMicroelectronics.X-CUBE-AI.9.1.0
2025-10-17 17:20:06,820 [WARN] PackLoader:240 - Cannot read IP mode file for STMicroelectronics.X-CUBE-PM33A1.1.0.0
2025-10-17 17:20:06,825 [WARN] PackLoader:240 - Cannot read IP mode file for STMicroelectronics.X-CUBE-GNSS1.6.0.0
2025-10-17 17:20:06,835 [WARN] PackLoader:240 - Cannot read IP mode file for STMicroelectronics.X-CUBE-AZRTOS-F4.1.1.0
2025-10-17 17:20:06,841 [WARN] PackLoader:240 - Cannot read IP mode file for Avnet-IotConnect.X-CUBE-IoTC-DA16k-PMOD.1.0.0
2025-10-17 17:20:06,845 [WARN] PackLoader:240 - Cannot read IP mode file for STMicroelectronics.X-CUBE-ISPU.2.1.0
2025-10-17 17:20:06,849 [ERROR] Engine:466 - C:\Users\ADMIN\.stm32cubemx\thirdparties\pdsc\STMicroelectronics.X-CUBE-IPS.3.2.0.pdsc: PDSC version is not supported
2025-10-17 17:20:06,853 [WARN] PackLoader:240 - Cannot read IP mode file for STMicroelectronics.X-CUBE-FREERTOS.1.2.0
2025-10-17 17:20:06,856 [WARN] PackLoader:240 - Cannot read IP mode file for wolfSSL.I-CUBE-wolfSSL.5.6.6
2025-10-17 17:20:06,860 [WARN] PackLoader:240 - Cannot read IP mode file for STMicroelectronics.X-CUBE-NFC12.1.0.0
2025-10-17 17:20:06,872 [WARN] PackLoader:240 - Cannot read IP mode file for STMicroelectronics.X-CUBE-AZRTOS-L5.2.0.0
2025-10-17 17:20:06,879 [WARN] PackLoader:240 - Cannot read IP mode file for STMicroelectronics.X-CUBE-NFC6.3.1.0
2025-10-17 17:20:06,882 [WARN] PackLoader:240 - Cannot read IP mode file for ITTIA_DB.I-CUBE-ITTIADB.8.8.0
2025-10-17 17:20:06,885 [WARN] PackLoader:240 - Cannot read IP mode file for STMicroelectronics.X-CUBE-DPower.1.2.0
2025-10-17 17:20:06,888 [WARN] PackLoader:240 - Cannot read IP mode file for STMicroelectronics.X-CUBE-AI.9.0.0
2025-10-17 17:20:06,892 [WARN] PackLoader:240 - Cannot read IP mode file for STMicroelectronics.X-CUBE-FREERTOS.1.3.1
2025-10-17 17:20:06,895 [WARN] PackLoader:240 - Cannot read IP mode file for STMicroelectronics.X-CUBE-FREERTOS.1.3.0
2025-10-17 17:20:06,898 [WARN] PackLoader:240 - Cannot read IP mode file for STMicroelectronics.X-CUBE-NFC7.1.0.1
2025-10-17 17:20:06,902 [WARN] PackLoader:240 - Cannot read IP mode file for wolfSSL.I-CUBE-wolfTPM.3.2.0
2025-10-17 17:20:06,904 [WARN] PackLoader:240 - Cannot read IP mode file for STMicroelectronics.X-CUBE-TOUCHGFX.4.26.0
2025-10-17 17:20:06,908 [WARN] PackLoader:240 - Cannot read IP mode file for STMicroelectronics.X-CUBE-NFC6.3.0.0
2025-10-17 17:20:06,913 [WARN] PackLoader:240 - Cannot read IP mode file for STMicroelectronics.FP-SNS-STAIOTCFT.1.0.0
2025-10-17 17:20:06,916 [WARN] PackLoader:240 - Cannot read IP mode file for STMicroelectronics.X-CUBE-DPower.1.3.0
2025-10-17 17:20:06,919 [WARN] PackLoader:240 - Cannot read IP mode file for STMicroelectronics.X-CUBE-AI.8.1.0
2025-10-17 17:20:06,930 [WARN] ConditionMgr:438 - getConditionDescription Invalid condition id : LAN8742 Phy interface Condition cause : null
2025-10-17 17:20:06,931 [WARN] PackLoader:240 - Cannot read IP mode file for STMicroelectronics.X-CUBE-AZRTOS-L4.2.0.0
2025-10-17 17:20:06,932 [WARN] ConditionMgr:1044 - genDependencies : Invalid condition id : LAN8742 Phy interface Condition cause : null
2025-10-17 17:20:06,932 [WARN] ConditionMgr:1044 - genDependencies : Invalid condition id : LAN8742 Phy interface Condition cause : null
2025-10-17 17:20:06,932 [WARN] ConditionMgr:1044 - genDependencies : Invalid condition id : LAN8742 Phy interface Condition cause : null
2025-10-17 17:20:06,937 [WARN] PackLoader:240 - Cannot read IP mode file for STMicroelectronics.X-CUBE-SFXS2LP1.4.0.0
2025-10-17 17:20:06,951 [WARN] PackLoader:240 - Cannot read IP mode file for STMicroelectronics.X-CUBE-AZRTOS-H7.3.3.0
2025-10-17 17:20:06,970 [WARN] PackLoader:240 - Cannot read IP mode file for STMicroelectronics.X-CUBE-BLEMGR.4.1.0
2025-10-17 17:20:06,978 [WARN] PackLoader:240 - Cannot read IP mode file for STMicroelectronics.X-CUBE-IPS.3.0.0
2025-10-17 17:20:06,991 [WARN] ConditionMgr:438 - getConditionDescription Invalid condition id : UX DEVICE CLASS RTOS Condition cause : null
2025-10-17 17:20:06,992 [WARN] ConditionMgr:438 - getConditionDescription Invalid condition id : UX DEVICE CLASS RTOS Condition cause : null
2025-10-17 17:20:06,994 [WARN] PackLoader:240 - Cannot read IP mode file for STMicroelectronics.X-CUBE-AZRTOS-WB.2.0.0
2025-10-17 17:20:06,995 [WARN] ConditionMgr:1044 - genDependencies : Invalid condition id : UX DEVICE CLASS RTOS Condition cause : null
2025-10-17 17:20:06,995 [WARN] ConditionMgr:1044 - genDependencies : Invalid condition id : UX DEVICE CLASS RTOS Condition cause : null
2025-10-17 17:20:06,995 [WARN] ConditionMgr:1044 - genDependencies : Invalid condition id : UX DEVICE CLASS RTOS Condition cause : null
2025-10-17 17:20:06,995 [WARN] ConditionMgr:1044 - genDependencies : Invalid condition id : UX DEVICE CLASS RTOS Condition cause : null
2025-10-17 17:20:06,997 [WARN] ConditionMgr:1044 - genDependencies : Invalid condition id : UX DEVICE CLASS RTOS Condition cause : null
2025-10-17 17:20:07,001 [WARN] PackLoader:240 - Cannot read IP mode file for STMicroelectronics.X-CUBE-GNSS1.7.0.0
2025-10-17 17:20:07,004 [WARN] PackLoader:240 - Cannot read IP mode file for STMicroelectronics.X-CUBE-GNSS1.7.0.1
2025-10-17 17:20:07,006 [WARN] PackLoader:240 - Cannot read IP mode file for STMicroelectronics.X-CUBE-TOUCHGFX.4.25.0
2025-10-17 17:20:07,011 [WARN] PackLoader:240 - Cannot read IP mode file for STMicroelectronics.FP-SNS-STBOX1.2.0.0
2025-10-17 17:20:07,019 [WARN] PackLoader:240 - Cannot read IP mode file for STMicroelectronics.X-CUBE-SUBG2.5.0.0
2025-10-17 17:20:07,036 [WARN] PackLoader:240 - Cannot read IP mode file for STMicroelectronics.X-CUBE-AZRTOS-H7RS.1.1.0
2025-10-17 17:20:07,046 [WARN] PackLoader:240 - Cannot read IP mode file for Cesanta.I-CUBE-Mongoose.7.13.0
2025-10-17 17:20:07,055 [WARN] PackLoader:240 - Cannot read IP mode file for STMicroelectronics.X-CUBE-AZRTOS-G4.2.0.0
2025-10-17 17:20:07,064 [WARN] PackLoader:240 - Cannot read IP mode file for Infineon.AIROC-Wi-Fi-Bluetooth-STM32.1.5.1
2025-10-17 17:20:07,069 [WARN] PackLoader:240 - Cannot read IP mode file for wolfSSL.I-CUBE-wolfSSH.1.4.20
2025-10-17 17:20:07,071 [WARN] PackLoader:240 - Cannot read IP mode file for STMicroelectronics.X-CUBE-NFC7.2.0.0
2025-10-17 17:20:07,073 [WARN] PackLoader:240 - Cannot read IP mode file for STMicroelectronics.FP-SNS-MOTENVWB1.1.3.1
2025-10-17 17:20:07,076 [WARN] PackLoader:240 - Cannot read IP mode file for STMicroelectronics.X-CUBE-ISPU.2.0.0
2025-10-17 17:20:07,083 [WARN] PackLoader:240 - Cannot read IP mode file for STMicroelectronics.X-CUBE-IPS.3.1.0
2025-10-17 17:20:07,089 [WARN] PackLoader:240 - Cannot read IP mode file for STMicroelectronics.X-CUBE-ALS.1.0.2
2025-10-17 17:20:07,113 [WARN] PackLoader:240 - Cannot read IP mode file for STMicroelectronics.X-CUBE-MEMS1.10.0.0
2025-10-17 17:20:07,183 [WARN] PackLoader:240 - Cannot read IP mode file for STMicroelectronics.X-CUBE-FREERTOS.1.1.0
2025-10-17 17:20:07,185 [WARN] PackLoader:240 - Cannot read IP mode file for STMicroelectronics.X-CUBE-TOUCHGFX.4.24.0
2025-10-17 17:20:07,188 [WARN] PackLoader:240 - Cannot read IP mode file for STMicroelectronics.X-CUBE-TOUCHGFX.4.24.2
2025-10-17 17:20:07,190 [WARN] PackLoader:240 - Cannot read IP mode file for STMicroelectronics.X-CUBE-TOUCHGFX.4.24.1
2025-10-17 17:20:07,193 [WARN] PackLoader:240 - Cannot read IP mode file for STMicroelectronics.X-CUBE-STSE01.1.0.0
2025-10-17 17:20:07,198 [WARN] PackLoader:240 - Cannot read IP mode file for portGmbH.I-Cube-SoM-uGOAL.1.1.0
2025-10-17 17:20:07,200 [WARN] PackLoader:240 - Cannot read IP mode file for STMicroelectronics.X-CUBE-ALS.1.0.1
2025-10-17 17:20:07,219 [WARN] PackLoader:240 - Cannot read IP mode file for STMicroelectronics.X-CUBE-AZRTOS-H7RS.1.0.0
2025-10-17 17:20:07,223 [WARN] PackLoader:240 - Cannot read IP mode file for STMicroelectronics.FP-ATR-ASTRA1.2.0.0
2025-10-17 17:20:07,231 [WARN] PackLoader:240 - Cannot read IP mode file for STMicroelectronics.X-CUBE-TOF1.3.4.2
2025-10-17 17:20:07,243 [WARN] PackLoader:240 - Cannot read IP mode file for STMicroelectronics.X-CUBE-TOF1.3.4.3
2025-10-17 17:20:07,256 [WARN] PackLoader:240 - Cannot read IP mode file for STMicroelectronics.X-CUBE-TOF1.3.4.0
2025-10-17 17:20:07,268 [WARN] PackLoader:240 - Cannot read IP mode file for STMicroelectronics.X-CUBE-TOF1.3.4.1
2025-10-17 17:20:07,296 [WARN] PackLoader:240 - Cannot read IP mode file for STMicroelectronics.X-CUBE-AZRTOS-H7.3.2.0
2025-10-17 17:20:07,307 [WARN] PackLoader:240 - Cannot read IP mode file for wolfSSL.I-CUBE-wolfSSH.1.4.17
2025-10-17 17:20:07,308 [INFO] ThirdParty:978 - Integrity check success = true
2025-10-17 17:20:07,308 [INFO] IntegrityCheckThread:100 - exiting critical section [integrity check]
2025-10-17 17:20:07,308 [INFO] IntegrityCheckThread:103 - End integrity checks thread
2025-10-17 17:43:26,897 [ERROR] LogOutputStream:75 - [STDERR_REDIRECT] 
2025-10-17 18:04:40,112 [INFO] Activator:176 - 


2025-10-17 18:04:40,113 [INFO] Activator:177 - !SESSION log4j initialized
2025-10-17 18:04:44,390 [INFO] LogOutputStream:77 - [STDOUT_REDIRECT] 
2025-10-17 18:04:44,884 [INFO] ApplicationProperties:184 - Using Application install path: D:\STM32CubeIDE_1.18.1\STM32CubeIDE\plugins\com.st.stm32cube.common.mx_6.14.1.202504091515
2025-10-17 18:04:44,898 [INFO] DbMcusXml:78 - Set database path to: D:\STM32CubeIDE_1.18.1\STM32CubeIDE\plugins\com.st.stm32cube.common.mx_6.14.1.202504091515\\db\/mcu/
2025-10-17 18:04:44,899 [INFO] ApiDb:274 - Set plugin database path to: D:\STM32CubeIDE_1.18.1\STM32CubeIDE\plugins\com.st.stm32cube.common.mx_6.14.1.202504091515\\db\/plugins/boardmanager/
2025-10-17 18:04:44,899 [WARN] ApiDb:259 - Overriding images path with different value:  => D:\STM32CubeIDE_1.18.1\STM32CubeIDE\plugins\com.st.stm32cube.common.mx_6.14.1.202504091515\\db\/plugins/mcufinder/images/
2025-10-17 18:04:44,905 [INFO] ApiDb:250 - Set database path to: C:\Users\ADMIN\.stmcufinder\plugins\mcufinder//mcu/
2025-10-17 18:04:44,906 [INFO] DbMcusAds:125 - Set database path to: C:\Users\ADMIN\.stmcufinder\plugins\mcufinder//mcu/
2025-10-17 18:04:44,908 [INFO] CrossReferenceDbSqlite:203 - Set database path to: C:\Users\ADMIN\.stmcufinder\plugins\mcufinder//mcu/cs/
2025-10-17 18:04:45,001 [INFO] RulesReader:64 - Compatibility file has been processed (302 Rules)
2025-10-17 18:04:45,058 [INFO] DbMcusXml:78 - Set database path to: D:\STM32CubeIDE_1.18.1\STM32CubeIDE\plugins\com.st.stm32cube.common.mx_6.14.1.202504091515\\db\/mcu/
2025-10-17 18:04:45,058 [INFO] ApiDb:274 - Set plugin database path to: D:\STM32CubeIDE_1.18.1\STM32CubeIDE\plugins\com.st.stm32cube.common.mx_6.14.1.202504091515\\db\/plugins/boardmanager/
2025-10-17 18:04:45,058 [INFO] ApiDb:261 - Set plugin images path to: D:\STM32CubeIDE_1.18.1\STM32CubeIDE\plugins\com.st.stm32cube.common.mx_6.14.1.202504091515\\db\/plugins/mcufinder/images/
2025-10-17 18:04:45,059 [WARN] DbFile:41 - Overriding database path with different value: C:\Users\ADMIN\.stmcufinder\plugins\mcufinder/ => C:\Users\ADMIN\.stmcufinder\plugins\mcufinder
2025-10-17 18:04:45,059 [INFO] ApiDb:250 - Set database path to: C:\Users\ADMIN\.stmcufinder\plugins\mcufinder//mcu/
2025-10-17 18:04:45,059 [WARN] DbFile:41 - Overriding database path with different value: C:\Users\ADMIN\.stmcufinder\plugins\mcufinder/ => C:\Users\ADMIN\.stmcufinder\plugins\mcufinder
2025-10-17 18:04:45,059 [INFO] DbMcusAds:125 - Set database path to: C:\Users\ADMIN\.stmcufinder\plugins\mcufinder//mcu/
2025-10-17 18:04:45,059 [WARN] DbFile:41 - Overriding database path with different value: C:\Users\ADMIN\.stmcufinder\plugins\mcufinder/ => C:\Users\ADMIN\.stmcufinder\plugins\mcufinder
2025-10-17 18:04:45,059 [WARN] DbFile:41 - Overriding database path with different value: C:\Users\ADMIN\.stmcufinder\plugins\mcufinder/ => C:\Users\ADMIN\.stmcufinder\plugins\mcufinder
2025-10-17 18:04:45,059 [INFO] CrossReferenceDbSqlite:203 - Set database path to: C:\Users\ADMIN\.stmcufinder\plugins\mcufinder//mcu/cs/
2025-10-17 18:04:45,113 [INFO] MainPanel:272 - HeapMemory: 268435456
2025-10-17 18:04:45,170 [INFO] DbMcusXml:78 - Set database path to: D:\STM32CubeIDE_1.18.1\STM32CubeIDE\plugins\com.st.stm32cube.common.mx_6.14.1.202504091515\\db\/mcu/
2025-10-17 18:04:45,170 [INFO] ApiDb:274 - Set plugin database path to: D:\STM32CubeIDE_1.18.1\STM32CubeIDE\plugins\com.st.stm32cube.common.mx_6.14.1.202504091515\\db\/plugins/boardmanager/
2025-10-17 18:04:45,170 [INFO] ApiDb:261 - Set plugin images path to: D:\STM32CubeIDE_1.18.1\STM32CubeIDE\plugins\com.st.stm32cube.common.mx_6.14.1.202504091515\\db\/plugins/mcufinder/images/
2025-10-17 18:04:45,172 [WARN] DbFile:41 - Overriding database path with different value: C:\Users\ADMIN\.stmcufinder\plugins\mcufinder/ => C:\Users\ADMIN\.stmcufinder\plugins\mcufinder
2025-10-17 18:04:45,172 [INFO] ApiDb:250 - Set database path to: C:\Users\ADMIN\.stmcufinder\plugins\mcufinder//mcu/
2025-10-17 18:04:45,172 [WARN] DbFile:41 - Overriding database path with different value: C:\Users\ADMIN\.stmcufinder\plugins\mcufinder/ => C:\Users\ADMIN\.stmcufinder\plugins\mcufinder
2025-10-17 18:04:45,172 [INFO] DbMcusAds:125 - Set database path to: C:\Users\ADMIN\.stmcufinder\plugins\mcufinder//mcu/
2025-10-17 18:04:45,172 [WARN] DbFile:41 - Overriding database path with different value: C:\Users\ADMIN\.stmcufinder\plugins\mcufinder/ => C:\Users\ADMIN\.stmcufinder\plugins\mcufinder
2025-10-17 18:04:45,172 [WARN] DbFile:41 - Overriding database path with different value: C:\Users\ADMIN\.stmcufinder\plugins\mcufinder/ => C:\Users\ADMIN\.stmcufinder\plugins\mcufinder
2025-10-17 18:04:45,172 [INFO] CrossReferenceDbSqlite:203 - Set database path to: C:\Users\ADMIN\.stmcufinder\plugins\mcufinder//mcu/cs/
2025-10-17 18:04:45,185 [INFO] ApplicationProperties:184 - Using Application install path: D:\STM32CubeIDE_1.18.1\STM32CubeIDE\plugins\com.st.stm32cube.common.mx_6.14.1.202504091515
2025-10-17 18:04:45,186 [INFO] PluginManage:196 - Search for loadable plugins [exclusion list=, ]
2025-10-17 18:04:45,186 [INFO] PluginManage:310 - Check plugin analytics
2025-10-17 18:04:45,323 [INFO] AnalyticsPlugin:253 - Accepted Software Licenses: STM32CubeMX.6.12.0
2025-10-17 18:04:45,323 [INFO] AnalyticsPlugin:255 - Accepted CMSIS Pack Licenses: 
2025-10-17 18:04:45,323 [INFO] AnalyticsPlugin:257 - Accepted Firmware Licenses: FW.F4.1.28.0,FW.H5.1.1.0,FW.H7.1.11.0
2025-10-17 18:04:45,326 [INFO] PluginManage:359 - Loaded plugin analytics (category:tool,tabindex:-1)
2025-10-17 18:04:45,326 [INFO] PluginManage:310 - Check plugin cadmodel
2025-10-17 18:04:45,329 [INFO] CADModel:105 - Init CAD model plugin
2025-10-17 18:04:45,329 [INFO] PluginManage:359 - Loaded plugin cadmodel (category:power,tabindex:5)
2025-10-17 18:04:45,329 [INFO] PluginManage:310 - Check plugin clock
2025-10-17 18:04:45,335 [INFO] PluginManage:359 - Loaded plugin clock (category:base,tabindex:2)
2025-10-17 18:04:45,335 [INFO] PluginManage:310 - Check plugin ddr
2025-10-17 18:04:45,338 [INFO] PluginManage:359 - Loaded plugin ddr (category:tool,tabindex:6)
2025-10-17 18:04:45,338 [INFO] PluginManage:310 - Check plugin filemanager
2025-10-17 18:04:45,462 [INFO] PluginManage:359 - Loaded plugin filemanager (category:base,tabindex:10)
2025-10-17 18:04:45,462 [INFO] PluginManage:310 - Check plugin ipmanager
2025-10-17 18:04:45,467 [INFO] PluginManage:359 - Loaded plugin ipmanager (category:base,tabindex:5)
2025-10-17 18:04:45,467 [INFO] PluginManage:310 - Check plugin lpbam
2025-10-17 18:04:45,473 [INFO] PluginManage:359 - Loaded plugin lpbam (category:base,tabindex:0)
2025-10-17 18:04:45,473 [INFO] PluginManage:310 - Check plugin memorymap
2025-10-17 18:04:45,481 [INFO] PluginManage:359 - Loaded plugin memorymap (category:base,tabindex:4)
2025-10-17 18:04:45,481 [INFO] PluginManage:310 - Check plugin pinoutandconfiguration
2025-10-17 18:04:45,486 [INFO] PluginManage:359 - Loaded plugin pinoutandconfiguration (category:base,tabindex:1)
2025-10-17 18:04:45,487 [INFO] PluginManage:310 - Check plugin pinoutconfig
2025-10-17 18:04:45,546 [WARN] SupportedApi:132 - Cannot load RTOS API schema: s4s-elt-must-match.1: The content of 'definitions' must match (annotation?, (simpleType | complexType)?, (unique | key | keyref)*)). A problem was found starting at: attribute.
2025-10-17 18:04:45,641 [INFO] PluginManage:359 - Loaded plugin pinoutconfig (category:base,tabindex:0)
2025-10-17 18:04:45,641 [INFO] PluginManage:310 - Check plugin power
2025-10-17 18:04:45,646 [INFO] PluginManage:359 - Loaded plugin power (category:power,tabindex:4)
2025-10-17 18:04:45,646 [INFO] PluginManage:310 - Check plugin projectmanager
2025-10-17 18:04:45,657 [INFO] PluginManage:359 - Loaded plugin projectmanager (category:projectmanager,tabindex:4)
2025-10-17 18:04:45,657 [INFO] PluginManage:310 - Check plugin rif
2025-10-17 18:04:45,662 [INFO] PluginManage:359 - Loaded plugin rif (category:base,tabindex:3)
2025-10-17 18:04:45,662 [INFO] PluginManage:310 - Check plugin thirdparty
2025-10-17 18:04:45,757 [INFO] PluginManage:359 - Loaded plugin thirdparty (category:base,tabindex:-1)
2025-10-17 18:04:45,757 [WARN] IntegrityCheckThread:84 - waiting for thirdparty lock release [integrity check]
2025-10-17 18:04:45,757 [INFO] PluginManage:310 - Check plugin tools
2025-10-17 18:04:45,757 [INFO] IntegrityCheckThread:86 - entering critical section [integrity check]
2025-10-17 18:04:45,757 [INFO] ThirdPartyUpdaterWithRetryManager:70 - Updater plugin not ready yet. [1/15]
2025-10-17 18:04:45,759 [INFO] PluginManage:359 - Loaded plugin tools (category:base,tabindex:7)
2025-10-17 18:04:45,759 [INFO] PluginManage:310 - Check plugin tutovideos
2025-10-17 18:04:45,875 [INFO] PluginManage:359 - Loaded plugin tutovideos (category:base,tabindex:-1)
2025-10-17 18:04:45,875 [INFO] PluginManage:310 - Check plugin updater
2025-10-17 18:04:45,890 [INFO] PluginManage:359 - Loaded plugin updater (category:base,tabindex:12)
2025-10-17 18:04:45,890 [INFO] PluginManage:310 - Check plugin userauth
2025-10-17 18:04:45,892 [INFO] UserAuth:118 - Init User Auth plugin
2025-10-17 18:04:45,893 [INFO] PluginManage:359 - Loaded plugin userauth (category:base,tabindex:14)
2025-10-17 18:04:45,893 [INFO] PluginManage:283 - PluginManage : Loaded plugins [18]
2025-10-17 18:04:46,040 [INFO] PinOutPanel:1589 - setPackage(No Configuration,No Configuration)
2025-10-17 18:04:46,104 [INFO] CADModel:165 - CPN selected for project level
2025-10-17 18:04:46,104 [INFO] CADModel:114 - Register for checkConnection events
2025-10-17 18:04:46,115 [INFO] IPUIPlugin:80 - create IPUIPlugin
2025-10-17 18:04:46,116 [INFO] PluginManager:220 - loadIPPluginJar : add adc
2025-10-17 18:04:46,117 [INFO] IPUIPlugin:80 - create IPUIPlugin
2025-10-17 18:04:46,117 [INFO] PluginManager:220 - loadIPPluginJar : add aes
2025-10-17 18:04:46,119 [INFO] IPUIPlugin:80 - create IPUIPlugin
2025-10-17 18:04:46,119 [INFO] PluginManager:220 - loadIPPluginJar : add can
2025-10-17 18:04:46,120 [INFO] IPUIPlugin:80 - create IPUIPlugin
2025-10-17 18:04:46,120 [INFO] PluginManager:220 - loadIPPluginJar : add comp
2025-10-17 18:04:46,121 [INFO] IPUIPlugin:80 - create IPUIPlugin
2025-10-17 18:04:46,121 [INFO] PluginManager:220 - loadIPPluginJar : add cryp
2025-10-17 18:04:46,123 [INFO] IPUIPlugin:80 - create IPUIPlugin
2025-10-17 18:04:46,123 [INFO] PluginManager:220 - loadIPPluginJar : add ddr_ctrl_phy
2025-10-17 18:04:46,124 [INFO] IPUIPlugin:80 - create IPUIPlugin
2025-10-17 18:04:46,124 [INFO] PluginManager:220 - loadIPPluginJar : add dfsdm
2025-10-17 18:04:46,128 [INFO] IPUIPlugin:80 - create IPUIPlugin
2025-10-17 18:04:46,129 [INFO] PluginManager:220 - loadIPPluginJar : add dma
2025-10-17 18:04:46,130 [INFO] IPUIPlugin:80 - create IPUIPlugin
2025-10-17 18:04:46,130 [INFO] PluginManager:220 - loadIPPluginJar : add dma3
2025-10-17 18:04:46,131 [INFO] IPUIPlugin:80 - create IPUIPlugin
2025-10-17 18:04:46,132 [INFO] PluginManager:220 - loadIPPluginJar : add extmemmanager
2025-10-17 18:04:46,132 [INFO] IPUIPlugin:80 - create IPUIPlugin
2025-10-17 18:04:46,132 [INFO] PluginManager:220 - loadIPPluginJar : add fatfs
2025-10-17 18:04:46,135 [INFO] IPUIPlugin:80 - create IPUIPlugin
2025-10-17 18:04:46,135 [INFO] PluginManager:220 - loadIPPluginJar : add fmc
2025-10-17 18:04:46,140 [INFO] IPUIPlugin:80 - create IPUIPlugin
2025-10-17 18:04:46,140 [INFO] PluginManager:220 - loadIPPluginJar : add freertos
2025-10-17 18:04:46,141 [INFO] IPUIPlugin:80 - create IPUIPlugin
2025-10-17 18:04:46,141 [INFO] PluginManager:220 - loadIPPluginJar : add genericplugin
2025-10-17 18:04:46,142 [INFO] IPUIPlugin:80 - create IPUIPlugin
2025-10-17 18:04:46,142 [INFO] PluginManager:220 - loadIPPluginJar : add gfxmmu
2025-10-17 18:04:46,145 [INFO] IPUIPlugin:80 - create IPUIPlugin
2025-10-17 18:04:46,145 [INFO] PluginManager:220 - loadIPPluginJar : add gic
2025-10-17 18:04:46,148 [INFO] IPUIPlugin:80 - create IPUIPlugin
2025-10-17 18:04:46,148 [INFO] PluginManager:220 - loadIPPluginJar : add gpio
2025-10-17 18:04:46,150 [INFO] IPUIPlugin:80 - create IPUIPlugin
2025-10-17 18:04:46,150 [INFO] PluginManager:220 - loadIPPluginJar : add gtzc
2025-10-17 18:04:46,151 [INFO] IPUIPlugin:80 - create IPUIPlugin
2025-10-17 18:04:46,151 [INFO] PluginManager:220 - loadIPPluginJar : add hash
2025-10-17 18:04:46,153 [INFO] IPUIPlugin:80 - create IPUIPlugin
2025-10-17 18:04:46,153 [INFO] PluginManager:220 - loadIPPluginJar : add i2c
2025-10-17 18:04:46,154 [INFO] IPUIPlugin:80 - create IPUIPlugin
2025-10-17 18:04:46,154 [INFO] PluginManager:220 - loadIPPluginJar : add i2s
2025-10-17 18:04:46,156 [INFO] IPUIPlugin:80 - create IPUIPlugin
2025-10-17 18:04:46,156 [INFO] PluginManager:220 - loadIPPluginJar : add i3c
2025-10-17 18:04:46,159 [INFO] IPUIPlugin:80 - create IPUIPlugin
2025-10-17 18:04:46,159 [INFO] PluginManager:220 - loadIPPluginJar : add ipddr
2025-10-17 18:04:46,164 [INFO] IPUIPlugin:80 - create IPUIPlugin
2025-10-17 18:04:46,164 [INFO] PluginManager:220 - loadIPPluginJar : add linkedlist
2025-10-17 18:04:46,165 [INFO] IPUIPlugin:80 - create IPUIPlugin
2025-10-17 18:04:46,165 [INFO] PluginManager:220 - loadIPPluginJar : add lorawan
2025-10-17 18:04:46,167 [INFO] IPUIPlugin:80 - create IPUIPlugin
2025-10-17 18:04:46,167 [INFO] PluginManager:220 - loadIPPluginJar : add ltdc
2025-10-17 18:04:46,171 [INFO] IPUIPlugin:80 - create IPUIPlugin
2025-10-17 18:04:46,171 [INFO] PluginManager:220 - loadIPPluginJar : add mdma
2025-10-17 18:04:46,174 [INFO] IPUIPlugin:80 - create IPUIPlugin
2025-10-17 18:04:46,175 [INFO] PluginManager:220 - loadIPPluginJar : add nvic
2025-10-17 18:04:46,176 [INFO] IPUIPlugin:80 - create IPUIPlugin
2025-10-17 18:04:46,177 [INFO] PluginManager:220 - loadIPPluginJar : add opamp
2025-10-17 18:04:46,178 [INFO] IPUIPlugin:80 - create IPUIPlugin
2025-10-17 18:04:46,178 [INFO] PluginManager:220 - loadIPPluginJar : add openamp
2025-10-17 18:04:46,181 [INFO] IPUIPlugin:80 - create IPUIPlugin
2025-10-17 18:04:46,181 [INFO] PluginManager:220 - loadIPPluginJar : add pdm2pcm
2025-10-17 18:04:46,184 [INFO] IPUIPlugin:80 - create IPUIPlugin
2025-10-17 18:04:46,187 [INFO] PluginManager:220 - loadIPPluginJar : add plateformsettings
2025-10-17 18:04:46,188 [INFO] IPUIPlugin:80 - create IPUIPlugin
2025-10-17 18:04:46,188 [INFO] PluginManager:220 - loadIPPluginJar : add quadspi
2025-10-17 18:04:46,189 [INFO] IPUIPlugin:80 - create IPUIPlugin
2025-10-17 18:04:46,189 [INFO] PluginManager:220 - loadIPPluginJar : add radio
2025-10-17 18:04:46,191 [INFO] IPUIPlugin:80 - create IPUIPlugin
2025-10-17 18:04:46,191 [INFO] PluginManager:220 - loadIPPluginJar : add resmgrutility
2025-10-17 18:04:46,193 [INFO] IPUIPlugin:80 - create IPUIPlugin
2025-10-17 18:04:46,193 [INFO] PluginManager:220 - loadIPPluginJar : add sai
2025-10-17 18:04:46,195 [INFO] IPUIPlugin:80 - create IPUIPlugin
2025-10-17 18:04:46,195 [INFO] PluginManager:220 - loadIPPluginJar : add spi
2025-10-17 18:04:46,198 [INFO] IPUIPlugin:80 - create IPUIPlugin
2025-10-17 18:04:46,198 [INFO] PluginManager:220 - loadIPPluginJar : add stm32_wpan
2025-10-17 18:04:46,200 [INFO] IPUIPlugin:80 - create IPUIPlugin
2025-10-17 18:04:46,200 [INFO] PluginManager:220 - loadIPPluginJar : add tim
2025-10-17 18:04:46,202 [INFO] IPUIPlugin:80 - create IPUIPlugin
2025-10-17 18:04:46,202 [INFO] PluginManager:220 - loadIPPluginJar : add touchsensing
2025-10-17 18:04:46,204 [INFO] IPUIPlugin:80 - create IPUIPlugin
2025-10-17 18:04:46,204 [INFO] PluginManager:220 - loadIPPluginJar : add tracer_emb
2025-10-17 18:04:46,206 [INFO] IPUIPlugin:80 - create IPUIPlugin
2025-10-17 18:04:46,206 [INFO] PluginManager:220 - loadIPPluginJar : add ts
2025-10-17 18:04:46,207 [INFO] IPUIPlugin:80 - create IPUIPlugin
2025-10-17 18:04:46,207 [INFO] PluginManager:220 - loadIPPluginJar : add tsc
2025-10-17 18:04:46,208 [INFO] IPUIPlugin:80 - create IPUIPlugin
2025-10-17 18:04:46,208 [INFO] PluginManager:220 - loadIPPluginJar : add ucpd
2025-10-17 18:04:46,210 [INFO] IPUIPlugin:80 - create IPUIPlugin
2025-10-17 18:04:46,210 [INFO] PluginManager:220 - loadIPPluginJar : add usart
2025-10-17 18:04:46,212 [INFO] IPUIPlugin:80 - create IPUIPlugin
2025-10-17 18:04:46,212 [INFO] PluginManager:220 - loadIPPluginJar : add usbx
2025-10-17 18:04:46,323 [FATAL] Updater:351 - Updater called before beeing initialized
2025-10-17 18:04:46,358 [INFO] RulesReader:64 - Compatibility file has been processed (302 Rules)
2025-10-17 18:04:46,366 [INFO] RulesReader:64 - Compatibility file has been processed (302 Rules)
2025-10-17 18:04:46,370 [INFO] CADModel:165 - CPN selected for project level
2025-10-17 18:04:46,370 [INFO] CADModel:114 - Register for checkConnection events
2025-10-17 18:04:46,370 [FATAL] Updater:351 - Updater called before beeing initialized
2025-10-17 18:04:46,370 [ERROR] CADModel:125 - Updater not yet initialized, retry later 
2025-10-17 18:04:46,462 [FATAL] Updater:351 - Updater called before beeing initialized
2025-10-17 18:04:46,463 [INFO] CADModel:165 - CPN selected for project level
2025-10-17 18:04:46,463 [INFO] CADModel:114 - Register for checkConnection events
2025-10-17 18:04:46,463 [FATAL] Updater:351 - Updater called before beeing initialized
2025-10-17 18:04:46,463 [ERROR] CADModel:125 - Updater not yet initialized, retry later 
2025-10-17 18:04:46,465 [FATAL] Updater:351 - Updater called before beeing initialized
2025-10-17 18:04:46,546 [FATAL] Updater:351 - Updater called before beeing initialized
2025-10-17 18:04:46,548 [INFO] DbMcusAds:53 - JSON generation date=Thu Oct 02 16:36:05 GMT+07:00 2025 (1759397765645)
2025-10-17 18:04:46,548 [FATAL] Updater:351 - Updater called before beeing initialized
2025-10-17 18:04:46,575 [WARN] DetailPanel:346 - Failed to get advertising image, set to default
2025-10-17 18:04:46,795 [FATAL] Updater:351 - Updater called before beeing initialized
2025-10-17 18:04:46,796 [FATAL] Updater:351 - Updater called before beeing initialized
2025-10-17 18:04:46,796 [FATAL] Updater:351 - Updater called before beeing initialized
2025-10-17 18:04:46,796 [WARN] DetailPanel:346 - Failed to get advertising image, set to default
2025-10-17 18:04:46,796 [FATAL] Updater:351 - Updater called before beeing initialized
2025-10-17 18:04:46,829 [ERROR] Updater:1198 - MainUpdater not yet initialized. External WinMGr cannot be set.
2025-10-17 18:04:46,830 [INFO] Updater:1134 - Updater Version found : 6.14.1
2025-10-17 18:04:46,842 [INFO] ApplicationProperties:184 - Using Application install path: D:\STM32CubeIDE_1.18.1\STM32CubeIDE\plugins\com.st.stm32cube.common.mx_6.14.1.202504091515
2025-10-17 18:04:48,414 [ERROR] LogOutputStream:75 - [STDERR_REDIRECT] Oct 17, 2025 6:04:48 PM java.util.prefs.WindowsPreferences <init>
2025-10-17 18:04:48,415 [ERROR] LogOutputStream:75 - [STDERR_REDIRECT] WARNING: Could not open/create prefs root node Software\JavaSoft\Prefs at root 0xffffffff80000002. Windows RegCreateKeyEx(...) returned error code 5.
2025-10-17 18:04:48,415 [ERROR] LogOutputStream:75 - [STDERR_REDIRECT] 
2025-10-17 18:04:48,627 [INFO] MainUpdater:2872 - connection check result : 10
2025-10-17 18:04:48,627 [INFO] MainUpdater:289 - Updater Check For Update Now.
2025-10-17 18:04:48,627 [INFO] MicroXplorer:498 - Change Database Version : DB.6.0.141
2025-10-17 18:04:48,632 [INFO] McuFinderGlobals:63 - Set McuFinder mode to 2 (CubeIDE integrated)
2025-10-17 18:04:48,632 [INFO] UserAuth:484 - Internet connection configuration mode: 1
2025-10-17 18:04:48,642 [INFO] JxBrowserEngine:152 - Initiate JxBrowser Engine with user profile folder
2025-10-17 18:04:48,758 [WARN] MainUpdater:1193 - Updater busy. Cannot search thirdparties
2025-10-17 18:04:48,758 [INFO] ThirdPartyUpdaterWithRetryManager:96 - Updater plugin is busy. [1/15]
2025-10-17 18:04:48,789 [INFO] CheckServerUpdateThread:120 - End of CheckServer Thread
2025-10-17 18:04:49,077 [INFO] WebApp:169 - Instantiating new browser for Auth
2025-10-17 18:04:49,587 [INFO] WebApp:463 - Apply proxy settings
2025-10-17 18:04:49,587 [INFO] WebApp:548 - Chromium requires no authentication
2025-10-17 18:04:49,593 [INFO] WebApp:491 - Direct internet connection detected
2025-10-17 18:04:49,609 [INFO] WebApp:894 - Register for checkConnection events
2025-10-17 18:04:49,609 [INFO] WebApp:463 - Apply proxy settings
2025-10-17 18:04:49,609 [INFO] WebApp:548 - Chromium requires no authentication
2025-10-17 18:04:49,609 [INFO] WebApp:491 - Direct internet connection detected
2025-10-17 18:04:49,728 [INFO] WebApp:225 - Starting web application
2025-10-17 18:04:49,728 [INFO] WebApp:593 - Web application path used D:\STM32CubeIDE_1.18.1\STM32CubeIDE\plugins\com.st.stm32cube.common.mx_6.14.1.202504091515\db\plugins\mcufinder\reactClient1\index.html
2025-10-17 18:04:49,790 [INFO] UserAuth:484 - Internet connection configuration mode: 1
2025-10-17 18:04:49,954 [INFO] WebApp:191 - Connection restablished
2025-10-17 18:04:51,951 [WARN] PackLoader:240 - Cannot read IP mode file for STMicroelectronics.FP-SNS-MOTENVWB1.1.4.0
2025-10-17 18:04:51,958 [WARN] PackLoader:240 - Cannot read IP mode file for STMicroelectronics.FP-ATR-ASTRA1.2.0.2
2025-10-17 18:04:51,962 [WARN] PackLoader:240 - Cannot read IP mode file for STMicroelectronics.FP-ATR-ASTRA1.2.0.1
2025-10-17 18:04:51,967 [WARN] PackLoader:240 - Cannot read IP mode file for STMicroelectronics.X-CUBE-SMBUS.2.1.0
2025-10-17 18:04:51,974 [WARN] PackLoader:240 - Cannot read IP mode file for STMicroelectronics.X-CUBE-WB05N.1.1.0
2025-10-17 18:04:51,978 [WARN] PackLoader:240 - Cannot read IP mode file for STMicroelectronics.X-CUBE-ST60.1.0.0
2025-10-17 18:04:51,983 [WARN] PackLoader:240 - Cannot read IP mode file for STMicroelectronics.X-CUBE-TOUCHGFX.4.23.0
2025-10-17 18:04:51,986 [WARN] PackLoader:240 - Cannot read IP mode file for STMicroelectronics.X-CUBE-TOUCHGFX.4.23.2
2025-10-17 18:04:52,012 [WARN] PackLoader:240 - Cannot read IP mode file for STMicroelectronics.X-CUBE-AZRTOS-F7.1.1.0
2025-10-17 18:04:52,020 [WARN] PackLoader:240 - Cannot read IP mode file for STMicroelectronics.FP-SNS-MOTENV1.4.3.2
2025-10-17 18:04:52,115 [WARN] PackLoader:240 - Cannot read IP mode file for STMicroelectronics.X-CUBE-MEMS1.11.0.0
2025-10-17 18:04:52,247 [WARN] PackLoader:240 - Cannot read IP mode file for STMicroelectronics.FP-SNS-FLIGHT1.5.0.2
2025-10-17 18:04:52,262 [WARN] PackLoader:240 - Cannot read IP mode file for Infineon.AIROC-Wi-Fi-Bluetooth-STM32.1.7.0
2025-10-17 18:04:52,288 [WARN] PackLoader:240 - Cannot read IP mode file for STMicroelectronics.X-CUBE-AZRTOS-H7.3.4.0
2025-10-17 18:04:52,295 [WARN] PackLoader:240 - Cannot read IP mode file for STMicroelectronics.X-CUBE-DISPLAY.3.0.0
2025-10-17 18:04:52,301 [WARN] PackLoader:240 - Cannot read IP mode file for STMicroelectronics.X-CUBE-BLE1.7.0.0
2025-10-17 18:04:52,305 [WARN] PackLoader:240 - Cannot read IP mode file for STMicroelectronics.X-CUBE-NFC10.1.0.0
2025-10-17 18:04:52,313 [WARN] PackLoader:240 - Cannot read IP mode file for STMicroelectronics.X-CUBE-BLEMGR.4.0.0
2025-10-17 18:04:52,318 [WARN] PackLoader:240 - Cannot read IP mode file for STMicroelectronics.X-CUBE-ST60.1.1.0
2025-10-17 18:04:52,323 [WARN] PackLoader:240 - Cannot read IP mode file for emotas.I-CUBE-CANOPEN.1.3.0
2025-10-17 18:04:52,325 [WARN] ConditionMgr:438 - getConditionDescription Invalid condition id : Cortex-A Device cause : null
2025-10-17 18:04:52,335 [WARN] ConditionMgr:1044 - genDependencies : Invalid condition id : Cortex-A Device cause : null
2025-10-17 18:04:52,335 [WARN] ConditionMgr:1044 - genDependencies : Invalid condition id : Cortex-A Device cause : null
2025-10-17 18:04:52,335 [WARN] ConditionMgr:1044 - genDependencies : Invalid condition id : Cortex-A Device cause : null
2025-10-17 18:04:52,341 [WARN] PackLoader:240 - Cannot read IP mode file for STMicroelectronics.X-CUBE-BLEMGR.3.1.0
2025-10-17 18:04:52,344 [WARN] PackLoader:240 - Cannot read IP mode file for STMicroelectronics.X-CUBE-AI.10.0.0
2025-10-17 18:04:52,347 [ERROR] Engine:466 - C:\Users\ADMIN\.stm32cubemx\thirdparties\pdsc\STMicroelectronics.FP-SNS-STBOX1.2.1.0.pdsc: PDSC version is not supported
2025-10-17 18:04:52,351 [WARN] PackLoader:240 - Cannot read IP mode file for STMicroelectronics.FP-SNS-SMARTAG2.1.2.0
2025-10-17 18:04:52,353 [WARN] PackLoader:240 - Cannot read IP mode file for STMicroelectronics.FP-SNS-FLIGHT1.5.1.0
2025-10-17 18:04:52,383 [WARN] PackLoader:240 - Cannot read IP mode file for STMicroelectronics.X-CUBE-MEMS1.11.1.0
2025-10-17 18:04:52,479 [INFO] LogOutputStream:77 - [STDOUT_REDIRECT] 1 : Invalid condition id : UX_CORESTACK_Condition cause : null
2025-10-17 18:04:52,480 [INFO] LogOutputStream:77 - [STDOUT_REDIRECT] 1 : Invalid condition id : UX_CORESTACK_Condition cause : null
2025-10-17 18:04:52,481 [INFO] LogOutputStream:77 - [STDOUT_REDIRECT] 1 : Invalid condition id : UX_CORESTACK_Condition cause : null
2025-10-17 18:04:52,482 [INFO] LogOutputStream:77 - [STDOUT_REDIRECT] 1 : Invalid condition id : UX_CORESTACK_Condition cause : null
2025-10-17 18:04:52,483 [INFO] LogOutputStream:77 - [STDOUT_REDIRECT] 1 : Invalid condition id : UX_CORESTACK_Condition cause : null
2025-10-17 18:04:52,484 [WARN] PackLoader:240 - Cannot read IP mode file for STMicroelectronics.X-CUBE-AZRTOS-WL.2.0.0
2025-10-17 18:04:52,488 [WARN] PackLoader:240 - Cannot read IP mode file for STMicroelectronics.FP-SNS-MOTENV1.5.0.0
2025-10-17 18:04:52,491 [WARN] PackLoader:240 - Cannot read IP mode file for wolfSSL.I-CUBE-wolfMQTT.1.19.0
2025-10-17 18:04:52,495 [WARN] PackLoader:240 - Cannot read IP mode file for WES.I-CUBE-Cesium.1.3.0
2025-10-17 18:04:52,498 [WARN] PackLoader:240 - Cannot read IP mode file for STMicroelectronics.X-CUBE-BLE2.3.3.0
2025-10-17 18:04:52,503 [WARN] PackLoader:240 - Cannot read IP mode file for STMicroelectronics.X-CUBE-NFC9.1.0.0
2025-10-17 18:04:52,506 [WARN] PackLoader:240 - Cannot read IP mode file for wolfSSL.I-CUBE-wolfSSL.5.8.0
2025-10-17 18:04:52,509 [WARN] PackLoader:240 - Cannot read IP mode file for STMicroelectronics.X-CUBE-BLE1.7.1.0
2025-10-17 18:04:52,511 [WARN] PackLoader:240 - Cannot read IP mode file for wolfSSL.I-CUBE-wolfMQTT.1.19.2
2025-10-17 18:04:52,515 [WARN] PackLoader:240 - Cannot read IP mode file for STMicroelectronics.X-CUBE-TCPP.4.1.0
2025-10-17 18:04:52,521 [WARN] PackLoader:240 - Cannot read IP mode file for STMicroelectronics.X-CUBE-EEPRMA1.5.2.0
2025-10-17 18:04:52,523 [ERROR] Engine:466 - C:\Users\ADMIN\.stm32cubemx\thirdparties\pdsc\STMicroelectronics.X-CUBE-ST67W61.1.1.0.pdsc: PDSC version is not supported
2025-10-17 18:04:52,525 [WARN] PackLoader:240 - Cannot read IP mode file for STMicroelectronics.X-CUBE-AI.10.1.0
2025-10-17 18:04:52,528 [WARN] PackLoader:240 - Cannot read IP mode file for STMicroelectronics.X-CUBE-ALGOBUILD.1.3.0
2025-10-17 18:04:52,558 [WARN] PackLoader:240 - Cannot read IP mode file for STMicroelectronics.X-CUBE-MEMS1.11.2.0
2025-10-17 18:04:52,696 [WARN] PackLoader:240 - Cannot read IP mode file for STMicroelectronics.X-CUBE-AZRTOS-G0.1.1.0
2025-10-17 18:04:52,714 [WARN] PackLoader:240 - Cannot read IP mode file for STMicroelectronics.X-CUBE-SAFEA1.1.2.2
2025-10-17 18:04:52,718 [WARN] PackLoader:240 - Cannot read IP mode file for STMicroelectronics.X-CUBE-NFC4.3.0.0
2025-10-17 18:04:52,725 [WARN] PackLoader:240 - Cannot read IP mode file for EmbeddedOffice.I-CUBE-FS-RTOS.1.0.1
2025-10-17 18:04:52,729 [WARN] PackLoader:240 - Cannot read IP mode file for STMicroelectronics.X-CUBE-WB05N.2.0.0
2025-10-17 18:04:52,736 [WARN] PackLoader:240 - Cannot read IP mode file for STMicroelectronics.X-CUBE-BLEMGR.3.0.0
2025-10-17 18:04:52,739 [WARN] PackLoader:240 - Cannot read IP mode file for wolfSSL.I-CUBE-wolfTPM.3.8.0
2025-10-17 18:04:52,743 [WARN] PackLoader:240 - Cannot read IP mode file for STMicroelectronics.X-CUBE-TCPP.4.2.0
2025-10-17 18:04:52,747 [WARN] PackLoader:240 - Cannot read IP mode file for RealThread.X-CUBE-RT-Thread_Nano.4.1.1
2025-10-17 18:04:52,751 [WARN] PackLoader:240 - Cannot read IP mode file for STMicroelectronics.FP-ATR-SIGFOX1.3.2.0
2025-10-17 18:04:52,754 [WARN] ConditionMgr:438 - getConditionDescription Invalid condition id : Cortex-A Device cause : null
2025-10-17 18:04:52,761 [WARN] ConditionMgr:1044 - genDependencies : Invalid condition id : Cortex-A Device cause : null
2025-10-17 18:04:52,761 [WARN] ConditionMgr:1044 - genDependencies : Invalid condition id : Cortex-A Device cause : null
2025-10-17 18:04:52,761 [WARN] ConditionMgr:1044 - genDependencies : Invalid condition id : Cortex-A Device cause : null
2025-10-17 18:04:52,764 [WARN] PackLoader:240 - Cannot read IP mode file for STMicroelectronics.X-CUBE-EEPRMA1.5.1.0
2025-10-17 18:04:52,769 [WARN] PackLoader:240 - Cannot read IP mode file for ITTIA_DB.I-CUBE-ITTIADB.8.9.0
2025-10-17 18:04:52,774 [WARN] PackLoader:240 - Cannot read IP mode file for STMicroelectronics.X-CUBE-ST67W61.1.0.0
2025-10-17 18:04:52,777 [WARN] PackLoader:240 - Cannot read IP mode file for STMicroelectronics.X-CUBE-AI.10.2.0
2025-10-17 18:04:52,798 [WARN] PackLoader:240 - Cannot read IP mode file for SEGGER.I-CUBE-embOS.1.3.1
2025-10-17 18:04:52,821 [WARN] PackLoader:240 - Cannot read IP mode file for STMicroelectronics.X-CUBE-ALGOBUILD.1.4.0
2025-10-17 18:04:52,851 [WARN] PackLoader:240 - Cannot read IP mode file for STMicroelectronics.X-CUBE-MEMS1.11.3.0
2025-10-17 18:04:52,938 [WARN] PackLoader:240 - Cannot read IP mode file for STMicroelectronics.X-CUBE-AI.9.1.0
2025-10-17 18:04:52,941 [WARN] PackLoader:240 - Cannot read IP mode file for STMicroelectronics.X-CUBE-PM33A1.1.0.0
2025-10-17 18:04:52,944 [WARN] PackLoader:240 - Cannot read IP mode file for STMicroelectronics.X-CUBE-GNSS1.6.0.0
2025-10-17 18:04:52,954 [WARN] PackLoader:240 - Cannot read IP mode file for STMicroelectronics.X-CUBE-AZRTOS-F4.1.1.0
2025-10-17 18:04:52,957 [WARN] PackLoader:240 - Cannot read IP mode file for Avnet-IotConnect.X-CUBE-IoTC-DA16k-PMOD.1.0.0
2025-10-17 18:04:52,959 [WARN] PackLoader:240 - Cannot read IP mode file for STMicroelectronics.X-CUBE-ISPU.2.1.0
2025-10-17 18:04:52,962 [ERROR] Engine:466 - C:\Users\ADMIN\.stm32cubemx\thirdparties\pdsc\STMicroelectronics.X-CUBE-IPS.3.2.0.pdsc: PDSC version is not supported
2025-10-17 18:04:52,965 [WARN] PackLoader:240 - Cannot read IP mode file for STMicroelectronics.X-CUBE-FREERTOS.1.2.0
2025-10-17 18:04:52,968 [WARN] PackLoader:240 - Cannot read IP mode file for wolfSSL.I-CUBE-wolfSSL.5.6.6
2025-10-17 18:04:52,971 [WARN] PackLoader:240 - Cannot read IP mode file for STMicroelectronics.X-CUBE-NFC12.1.0.0
2025-10-17 18:04:52,981 [WARN] PackLoader:240 - Cannot read IP mode file for STMicroelectronics.X-CUBE-AZRTOS-L5.2.0.0
2025-10-17 18:04:52,996 [WARN] PackLoader:240 - Cannot read IP mode file for STMicroelectronics.X-CUBE-NFC6.3.1.0
2025-10-17 18:04:52,999 [WARN] PackLoader:240 - Cannot read IP mode file for ITTIA_DB.I-CUBE-ITTIADB.8.8.0
2025-10-17 18:04:53,002 [WARN] PackLoader:240 - Cannot read IP mode file for STMicroelectronics.X-CUBE-DPower.1.2.0
2025-10-17 18:04:53,004 [WARN] PackLoader:240 - Cannot read IP mode file for STMicroelectronics.X-CUBE-AI.9.0.0
2025-10-17 18:04:53,006 [WARN] PackLoader:240 - Cannot read IP mode file for STMicroelectronics.X-CUBE-FREERTOS.1.3.1
2025-10-17 18:04:53,009 [WARN] PackLoader:240 - Cannot read IP mode file for STMicroelectronics.X-CUBE-FREERTOS.1.3.0
2025-10-17 18:04:53,012 [WARN] PackLoader:240 - Cannot read IP mode file for STMicroelectronics.X-CUBE-NFC7.1.0.1
2025-10-17 18:04:53,015 [WARN] PackLoader:240 - Cannot read IP mode file for wolfSSL.I-CUBE-wolfTPM.3.2.0
2025-10-17 18:04:53,017 [WARN] PackLoader:240 - Cannot read IP mode file for STMicroelectronics.X-CUBE-TOUCHGFX.4.26.0
2025-10-17 18:04:53,022 [WARN] PackLoader:240 - Cannot read IP mode file for STMicroelectronics.X-CUBE-NFC6.3.0.0
2025-10-17 18:04:53,027 [WARN] PackLoader:240 - Cannot read IP mode file for STMicroelectronics.FP-SNS-STAIOTCFT.1.0.0
2025-10-17 18:04:53,031 [WARN] PackLoader:240 - Cannot read IP mode file for STMicroelectronics.X-CUBE-DPower.1.3.0
2025-10-17 18:04:53,033 [WARN] PackLoader:240 - Cannot read IP mode file for STMicroelectronics.X-CUBE-AI.8.1.0
2025-10-17 18:04:53,043 [WARN] ConditionMgr:438 - getConditionDescription Invalid condition id : LAN8742 Phy interface Condition cause : null
2025-10-17 18:04:53,043 [WARN] PackLoader:240 - Cannot read IP mode file for STMicroelectronics.X-CUBE-AZRTOS-L4.2.0.0
2025-10-17 18:04:53,044 [WARN] ConditionMgr:1044 - genDependencies : Invalid condition id : LAN8742 Phy interface Condition cause : null
2025-10-17 18:04:53,044 [WARN] ConditionMgr:1044 - genDependencies : Invalid condition id : LAN8742 Phy interface Condition cause : null
2025-10-17 18:04:53,044 [WARN] ConditionMgr:1044 - genDependencies : Invalid condition id : LAN8742 Phy interface Condition cause : null
2025-10-17 18:04:53,049 [WARN] PackLoader:240 - Cannot read IP mode file for STMicroelectronics.X-CUBE-SFXS2LP1.4.0.0
2025-10-17 18:04:53,061 [WARN] PackLoader:240 - Cannot read IP mode file for STMicroelectronics.X-CUBE-AZRTOS-H7.3.3.0
2025-10-17 18:04:53,068 [WARN] PackLoader:240 - Cannot read IP mode file for STMicroelectronics.X-CUBE-BLEMGR.4.1.0
2025-10-17 18:04:53,076 [WARN] PackLoader:240 - Cannot read IP mode file for STMicroelectronics.X-CUBE-IPS.3.0.0
2025-10-17 18:04:53,086 [WARN] ConditionMgr:438 - getConditionDescription Invalid condition id : UX DEVICE CLASS RTOS Condition cause : null
2025-10-17 18:04:53,086 [WARN] ConditionMgr:438 - getConditionDescription Invalid condition id : UX DEVICE CLASS RTOS Condition cause : null
2025-10-17 18:04:53,090 [WARN] PackLoader:240 - Cannot read IP mode file for STMicroelectronics.X-CUBE-AZRTOS-WB.2.0.0
2025-10-17 18:04:53,092 [WARN] ConditionMgr:1044 - genDependencies : Invalid condition id : UX DEVICE CLASS RTOS Condition cause : null
2025-10-17 18:04:53,092 [WARN] ConditionMgr:1044 - genDependencies : Invalid condition id : UX DEVICE CLASS RTOS Condition cause : null
2025-10-17 18:04:53,092 [WARN] ConditionMgr:1044 - genDependencies : Invalid condition id : UX DEVICE CLASS RTOS Condition cause : null
2025-10-17 18:04:53,092 [WARN] ConditionMgr:1044 - genDependencies : Invalid condition id : UX DEVICE CLASS RTOS Condition cause : null
2025-10-17 18:04:53,092 [WARN] ConditionMgr:1044 - genDependencies : Invalid condition id : UX DEVICE CLASS RTOS Condition cause : null
2025-10-17 18:04:53,100 [WARN] PackLoader:240 - Cannot read IP mode file for STMicroelectronics.X-CUBE-GNSS1.7.0.0
2025-10-17 18:04:53,104 [WARN] PackLoader:240 - Cannot read IP mode file for STMicroelectronics.X-CUBE-GNSS1.7.0.1
2025-10-17 18:04:53,107 [WARN] PackLoader:240 - Cannot read IP mode file for STMicroelectronics.X-CUBE-TOUCHGFX.4.25.0
2025-10-17 18:04:53,113 [WARN] PackLoader:240 - Cannot read IP mode file for STMicroelectronics.FP-SNS-STBOX1.2.0.0
2025-10-17 18:04:53,124 [WARN] PackLoader:240 - Cannot read IP mode file for STMicroelectronics.X-CUBE-SUBG2.5.0.0
2025-10-17 18:04:53,145 [WARN] PackLoader:240 - Cannot read IP mode file for STMicroelectronics.X-CUBE-AZRTOS-H7RS.1.1.0
2025-10-17 18:04:53,152 [WARN] PackLoader:240 - Cannot read IP mode file for Cesanta.I-CUBE-Mongoose.7.13.0
2025-10-17 18:04:53,168 [WARN] PackLoader:240 - Cannot read IP mode file for STMicroelectronics.X-CUBE-AZRTOS-G4.2.0.0
2025-10-17 18:04:53,180 [WARN] PackLoader:240 - Cannot read IP mode file for Infineon.AIROC-Wi-Fi-Bluetooth-STM32.1.5.1
2025-10-17 18:04:53,186 [WARN] PackLoader:240 - Cannot read IP mode file for wolfSSL.I-CUBE-wolfSSH.1.4.20
2025-10-17 18:04:53,189 [WARN] PackLoader:240 - Cannot read IP mode file for STMicroelectronics.X-CUBE-NFC7.2.0.0
2025-10-17 18:04:53,193 [WARN] PackLoader:240 - Cannot read IP mode file for STMicroelectronics.FP-SNS-MOTENVWB1.1.3.1
2025-10-17 18:04:53,197 [WARN] PackLoader:240 - Cannot read IP mode file for STMicroelectronics.X-CUBE-ISPU.2.0.0
2025-10-17 18:04:53,204 [WARN] PackLoader:240 - Cannot read IP mode file for STMicroelectronics.X-CUBE-IPS.3.1.0
2025-10-17 18:04:53,210 [WARN] PackLoader:240 - Cannot read IP mode file for STMicroelectronics.X-CUBE-ALS.1.0.2
2025-10-17 18:04:53,232 [WARN] PackLoader:240 - Cannot read IP mode file for STMicroelectronics.X-CUBE-MEMS1.10.0.0
2025-10-17 18:04:53,303 [WARN] PackLoader:240 - Cannot read IP mode file for STMicroelectronics.X-CUBE-FREERTOS.1.1.0
2025-10-17 18:04:53,305 [WARN] PackLoader:240 - Cannot read IP mode file for STMicroelectronics.X-CUBE-TOUCHGFX.4.24.0
2025-10-17 18:04:53,308 [WARN] PackLoader:240 - Cannot read IP mode file for STMicroelectronics.X-CUBE-TOUCHGFX.4.24.2
2025-10-17 18:04:53,310 [WARN] PackLoader:240 - Cannot read IP mode file for STMicroelectronics.X-CUBE-TOUCHGFX.4.24.1
2025-10-17 18:04:53,314 [WARN] PackLoader:240 - Cannot read IP mode file for STMicroelectronics.X-CUBE-STSE01.1.0.0
2025-10-17 18:04:53,318 [WARN] PackLoader:240 - Cannot read IP mode file for portGmbH.I-Cube-SoM-uGOAL.1.1.0
2025-10-17 18:04:53,322 [WARN] PackLoader:240 - Cannot read IP mode file for STMicroelectronics.X-CUBE-ALS.1.0.1
2025-10-17 18:04:53,342 [WARN] PackLoader:240 - Cannot read IP mode file for STMicroelectronics.X-CUBE-AZRTOS-H7RS.1.0.0
2025-10-17 18:04:53,345 [WARN] PackLoader:240 - Cannot read IP mode file for STMicroelectronics.FP-ATR-ASTRA1.2.0.0
2025-10-17 18:04:53,352 [WARN] PackLoader:240 - Cannot read IP mode file for STMicroelectronics.X-CUBE-TOF1.3.4.2
2025-10-17 18:04:53,363 [WARN] PackLoader:240 - Cannot read IP mode file for STMicroelectronics.X-CUBE-TOF1.3.4.3
2025-10-17 18:04:53,376 [WARN] PackLoader:240 - Cannot read IP mode file for STMicroelectronics.X-CUBE-TOF1.3.4.0
2025-10-17 18:04:53,388 [WARN] PackLoader:240 - Cannot read IP mode file for STMicroelectronics.X-CUBE-TOF1.3.4.1
2025-10-17 18:04:53,404 [WARN] PackLoader:240 - Cannot read IP mode file for STMicroelectronics.X-CUBE-AZRTOS-H7.3.2.0
2025-10-17 18:04:53,407 [WARN] PackLoader:240 - Cannot read IP mode file for wolfSSL.I-CUBE-wolfSSH.1.4.17
2025-10-17 18:04:53,408 [INFO] ThirdParty:978 - Integrity check success = true
2025-10-17 18:04:53,408 [INFO] IntegrityCheckThread:100 - exiting critical section [integrity check]
2025-10-17 18:04:53,408 [INFO] IntegrityCheckThread:103 - End integrity checks thread
2025-10-17 19:21:36,805 [ERROR] ConfigurationRetriever:142 - IOException on connection: Read timed out
2025-10-17 19:24:17,005 [ERROR] LogOutputStream:75 - [STDERR_REDIRECT] 
2025-10-17 19:24:17,006 [ERROR] LogOutputStream:75 - [STDERR_REDIRECT] 
