2025-08-30 21:03:44,894 [INFO] Activator:176 - 


2025-08-30 21:03:44,899 [INFO] Activator:177 - !SESSION log4j initialized
2025-08-30 21:03:50,274 [INFO] LogOutputStream:77 - [STDOUT_REDIRECT] 
2025-08-30 21:03:51,027 [INFO] ApplicationProperties:184 - Using Application install path: D:\STM32CubeIDE_1.18.1\STM32CubeIDE\plugins\com.st.stm32cube.common.mx_6.14.1.202504091515
2025-08-30 21:03:51,045 [INFO] DbMcusXml:78 - Set database path to: D:\STM32CubeIDE_1.18.1\STM32CubeIDE\plugins\com.st.stm32cube.common.mx_6.14.1.202504091515\\db\/mcu/
2025-08-30 21:03:51,045 [INFO] ApiDb:274 - Set plugin database path to: D:\STM32CubeIDE_1.18.1\STM32CubeIDE\plugins\com.st.stm32cube.common.mx_6.14.1.202504091515\\db\/plugins/boardmanager/
2025-08-30 21:03:51,055 [WARN] ApiDb:259 - Overriding images path with different value:  => D:\STM32CubeIDE_1.18.1\STM32CubeIDE\plugins\com.st.stm32cube.common.mx_6.14.1.202504091515\\db\/plugins/mcufinder/images/
2025-08-30 21:03:51,059 [INFO] ApiDb:250 - Set database path to: C:\Users\ADMIN\.stmcufinder\plugins\mcufinder//mcu/
2025-08-30 21:03:51,060 [INFO] DbMcusAds:125 - Set database path to: C:\Users\ADMIN\.stmcufinder\plugins\mcufinder//mcu/
2025-08-30 21:03:51,062 [INFO] CrossReferenceDbSqlite:203 - Set database path to: C:\Users\ADMIN\.stmcufinder\plugins\mcufinder//mcu/cs/
2025-08-30 21:03:51,176 [INFO] RulesReader:64 - Compatibility file has been processed (302 Rules)
2025-08-30 21:03:51,252 [INFO] DbMcusXml:78 - Set database path to: D:\STM32CubeIDE_1.18.1\STM32CubeIDE\plugins\com.st.stm32cube.common.mx_6.14.1.202504091515\\db\/mcu/
2025-08-30 21:03:51,252 [INFO] ApiDb:274 - Set plugin database path to: D:\STM32CubeIDE_1.18.1\STM32CubeIDE\plugins\com.st.stm32cube.common.mx_6.14.1.202504091515\\db\/plugins/boardmanager/
2025-08-30 21:03:51,253 [INFO] ApiDb:261 - Set plugin images path to: D:\STM32CubeIDE_1.18.1\STM32CubeIDE\plugins\com.st.stm32cube.common.mx_6.14.1.202504091515\\db\/plugins/mcufinder/images/
2025-08-30 21:03:51,253 [WARN] DbFile:41 - Overriding database path with different value: C:\Users\ADMIN\.stmcufinder\plugins\mcufinder/ => C:\Users\ADMIN\.stmcufinder\plugins\mcufinder
2025-08-30 21:03:51,253 [INFO] ApiDb:250 - Set database path to: C:\Users\ADMIN\.stmcufinder\plugins\mcufinder//mcu/
2025-08-30 21:03:51,253 [WARN] DbFile:41 - Overriding database path with different value: C:\Users\ADMIN\.stmcufinder\plugins\mcufinder/ => C:\Users\ADMIN\.stmcufinder\plugins\mcufinder
2025-08-30 21:03:51,253 [INFO] DbMcusAds:125 - Set database path to: C:\Users\ADMIN\.stmcufinder\plugins\mcufinder//mcu/
2025-08-30 21:03:51,253 [WARN] DbFile:41 - Overriding database path with different value: C:\Users\ADMIN\.stmcufinder\plugins\mcufinder/ => C:\Users\ADMIN\.stmcufinder\plugins\mcufinder
2025-08-30 21:03:51,254 [WARN] DbFile:41 - Overriding database path with different value: C:\Users\ADMIN\.stmcufinder\plugins\mcufinder/ => C:\Users\ADMIN\.stmcufinder\plugins\mcufinder
2025-08-30 21:03:51,254 [INFO] CrossReferenceDbSqlite:203 - Set database path to: C:\Users\ADMIN\.stmcufinder\plugins\mcufinder//mcu/cs/
2025-08-30 21:03:51,327 [INFO] MainPanel:272 - HeapMemory: 268435456
2025-08-30 21:03:51,410 [INFO] DbMcusXml:78 - Set database path to: D:\STM32CubeIDE_1.18.1\STM32CubeIDE\plugins\com.st.stm32cube.common.mx_6.14.1.202504091515\\db\/mcu/
2025-08-30 21:03:51,410 [INFO] ApiDb:274 - Set plugin database path to: D:\STM32CubeIDE_1.18.1\STM32CubeIDE\plugins\com.st.stm32cube.common.mx_6.14.1.202504091515\\db\/plugins/boardmanager/
2025-08-30 21:03:51,410 [INFO] ApiDb:261 - Set plugin images path to: D:\STM32CubeIDE_1.18.1\STM32CubeIDE\plugins\com.st.stm32cube.common.mx_6.14.1.202504091515\\db\/plugins/mcufinder/images/
2025-08-30 21:03:51,411 [WARN] DbFile:41 - Overriding database path with different value: C:\Users\ADMIN\.stmcufinder\plugins\mcufinder/ => C:\Users\ADMIN\.stmcufinder\plugins\mcufinder
2025-08-30 21:03:51,411 [INFO] ApiDb:250 - Set database path to: C:\Users\ADMIN\.stmcufinder\plugins\mcufinder//mcu/
2025-08-30 21:03:51,411 [WARN] DbFile:41 - Overriding database path with different value: C:\Users\ADMIN\.stmcufinder\plugins\mcufinder/ => C:\Users\ADMIN\.stmcufinder\plugins\mcufinder
2025-08-30 21:03:51,411 [INFO] DbMcusAds:125 - Set database path to: C:\Users\ADMIN\.stmcufinder\plugins\mcufinder//mcu/
2025-08-30 21:03:51,411 [WARN] DbFile:41 - Overriding database path with different value: C:\Users\ADMIN\.stmcufinder\plugins\mcufinder/ => C:\Users\ADMIN\.stmcufinder\plugins\mcufinder
2025-08-30 21:03:51,411 [WARN] DbFile:41 - Overriding database path with different value: C:\Users\ADMIN\.stmcufinder\plugins\mcufinder/ => C:\Users\ADMIN\.stmcufinder\plugins\mcufinder
2025-08-30 21:03:51,411 [INFO] CrossReferenceDbSqlite:203 - Set database path to: C:\Users\ADMIN\.stmcufinder\plugins\mcufinder//mcu/cs/
2025-08-30 21:03:51,427 [INFO] ApplicationProperties:184 - Using Application install path: D:\STM32CubeIDE_1.18.1\STM32CubeIDE\plugins\com.st.stm32cube.common.mx_6.14.1.202504091515
2025-08-30 21:03:51,428 [INFO] PluginManage:196 - Search for loadable plugins [exclusion list=, ]
2025-08-30 21:03:51,429 [INFO] PluginManage:310 - Check plugin analytics
2025-08-30 21:03:51,594 [INFO] AnalyticsPlugin:253 - Accepted Software Licenses: STM32CubeMX.6.12.0
2025-08-30 21:03:51,594 [INFO] AnalyticsPlugin:255 - Accepted CMSIS Pack Licenses: 
2025-08-30 21:03:51,595 [INFO] AnalyticsPlugin:257 - Accepted Firmware Licenses: FW.F4.1.28.0,FW.H5.1.1.0,FW.H7.1.11.0
2025-08-30 21:03:51,601 [INFO] PluginManage:359 - Loaded plugin analytics (category:tool,tabindex:-1)
2025-08-30 21:03:51,601 [INFO] PluginManage:310 - Check plugin cadmodel
2025-08-30 21:03:51,605 [INFO] CADModel:105 - Init CAD model plugin
2025-08-30 21:03:51,605 [INFO] PluginManage:359 - Loaded plugin cadmodel (category:power,tabindex:5)
2025-08-30 21:03:51,605 [INFO] PluginManage:310 - Check plugin clock
2025-08-30 21:03:51,623 [INFO] PluginManage:359 - Loaded plugin clock (category:base,tabindex:2)
2025-08-30 21:03:51,623 [INFO] PluginManage:310 - Check plugin ddr
2025-08-30 21:03:51,625 [INFO] PluginManage:359 - Loaded plugin ddr (category:tool,tabindex:6)
2025-08-30 21:03:51,626 [INFO] PluginManage:310 - Check plugin filemanager
2025-08-30 21:03:51,802 [INFO] PluginManage:359 - Loaded plugin filemanager (category:base,tabindex:10)
2025-08-30 21:03:51,802 [INFO] PluginManage:310 - Check plugin ipmanager
2025-08-30 21:03:51,808 [INFO] PluginManage:359 - Loaded plugin ipmanager (category:base,tabindex:5)
2025-08-30 21:03:51,808 [INFO] PluginManage:310 - Check plugin lpbam
2025-08-30 21:03:51,816 [INFO] PluginManage:359 - Loaded plugin lpbam (category:base,tabindex:0)
2025-08-30 21:03:51,816 [INFO] PluginManage:310 - Check plugin memorymap
2025-08-30 21:03:51,826 [INFO] PluginManage:359 - Loaded plugin memorymap (category:base,tabindex:4)
2025-08-30 21:03:51,826 [INFO] PluginManage:310 - Check plugin pinoutandconfiguration
2025-08-30 21:03:51,832 [INFO] PluginManage:359 - Loaded plugin pinoutandconfiguration (category:base,tabindex:1)
2025-08-30 21:03:51,833 [INFO] PluginManage:310 - Check plugin pinoutconfig
2025-08-30 21:03:51,917 [WARN] SupportedApi:132 - Cannot load RTOS API schema: s4s-elt-must-match.1: The content of 'definitions' must match (annotation?, (simpleType | complexType)?, (unique | key | keyref)*)). A problem was found starting at: attribute.
2025-08-30 21:03:52,031 [INFO] PluginManage:359 - Loaded plugin pinoutconfig (category:base,tabindex:0)
2025-08-30 21:03:52,031 [INFO] PluginManage:310 - Check plugin power
2025-08-30 21:03:52,040 [INFO] PluginManage:359 - Loaded plugin power (category:power,tabindex:4)
2025-08-30 21:03:52,040 [INFO] PluginManage:310 - Check plugin projectmanager
2025-08-30 21:03:52,056 [INFO] PluginManage:359 - Loaded plugin projectmanager (category:projectmanager,tabindex:4)
2025-08-30 21:03:52,056 [INFO] PluginManage:310 - Check plugin rif
2025-08-30 21:03:52,062 [INFO] PluginManage:359 - Loaded plugin rif (category:base,tabindex:3)
2025-08-30 21:03:52,063 [INFO] PluginManage:310 - Check plugin thirdparty
2025-08-30 21:03:52,180 [INFO] PluginManage:359 - Loaded plugin thirdparty (category:base,tabindex:-1)
2025-08-30 21:03:52,180 [WARN] IntegrityCheckThread:84 - waiting for thirdparty lock release [integrity check]
2025-08-30 21:03:52,180 [INFO] PluginManage:310 - Check plugin tools
2025-08-30 21:03:52,180 [INFO] IntegrityCheckThread:86 - entering critical section [integrity check]
2025-08-30 21:03:52,181 [INFO] ThirdPartyUpdaterWithRetryManager:70 - Updater plugin not ready yet. [1/15]
2025-08-30 21:03:52,192 [INFO] PluginManage:359 - Loaded plugin tools (category:base,tabindex:7)
2025-08-30 21:03:52,192 [INFO] PluginManage:310 - Check plugin tutovideos
2025-08-30 21:03:52,337 [INFO] PluginManage:359 - Loaded plugin tutovideos (category:base,tabindex:-1)
2025-08-30 21:03:52,337 [INFO] PluginManage:310 - Check plugin updater
2025-08-30 21:03:52,357 [INFO] PluginManage:359 - Loaded plugin updater (category:base,tabindex:12)
2025-08-30 21:03:52,358 [INFO] PluginManage:310 - Check plugin userauth
2025-08-30 21:03:52,361 [INFO] UserAuth:118 - Init User Auth plugin
2025-08-30 21:03:52,362 [INFO] PluginManage:359 - Loaded plugin userauth (category:base,tabindex:14)
2025-08-30 21:03:52,362 [INFO] PluginManage:283 - PluginManage : Loaded plugins [18]
2025-08-30 21:03:52,517 [INFO] PinOutPanel:1589 - setPackage(No Configuration,No Configuration)
2025-08-30 21:03:52,583 [INFO] CADModel:165 - CPN selected for project level
2025-08-30 21:03:52,584 [INFO] CADModel:114 - Register for checkConnection events
2025-08-30 21:03:52,597 [INFO] IPUIPlugin:80 - create IPUIPlugin
2025-08-30 21:03:52,598 [INFO] PluginManager:220 - loadIPPluginJar : add adc
2025-08-30 21:03:52,600 [INFO] IPUIPlugin:80 - create IPUIPlugin
2025-08-30 21:03:52,600 [INFO] PluginManager:220 - loadIPPluginJar : add aes
2025-08-30 21:03:52,602 [INFO] IPUIPlugin:80 - create IPUIPlugin
2025-08-30 21:03:52,602 [INFO] PluginManager:220 - loadIPPluginJar : add can
2025-08-30 21:03:52,604 [INFO] IPUIPlugin:80 - create IPUIPlugin
2025-08-30 21:03:52,604 [INFO] PluginManager:220 - loadIPPluginJar : add comp
2025-08-30 21:03:52,605 [INFO] IPUIPlugin:80 - create IPUIPlugin
2025-08-30 21:03:52,605 [INFO] PluginManager:220 - loadIPPluginJar : add cryp
2025-08-30 21:03:52,607 [INFO] IPUIPlugin:80 - create IPUIPlugin
2025-08-30 21:03:52,607 [INFO] PluginManager:220 - loadIPPluginJar : add ddr_ctrl_phy
2025-08-30 21:03:52,609 [INFO] IPUIPlugin:80 - create IPUIPlugin
2025-08-30 21:03:52,609 [INFO] PluginManager:220 - loadIPPluginJar : add dfsdm
2025-08-30 21:03:52,613 [INFO] IPUIPlugin:80 - create IPUIPlugin
2025-08-30 21:03:52,613 [INFO] PluginManager:220 - loadIPPluginJar : add dma
2025-08-30 21:03:52,616 [INFO] IPUIPlugin:80 - create IPUIPlugin
2025-08-30 21:03:52,616 [INFO] PluginManager:220 - loadIPPluginJar : add dma3
2025-08-30 21:03:52,618 [INFO] IPUIPlugin:80 - create IPUIPlugin
2025-08-30 21:03:52,618 [INFO] PluginManager:220 - loadIPPluginJar : add extmemmanager
2025-08-30 21:03:52,620 [INFO] IPUIPlugin:80 - create IPUIPlugin
2025-08-30 21:03:52,620 [INFO] PluginManager:220 - loadIPPluginJar : add fatfs
2025-08-30 21:03:52,623 [INFO] IPUIPlugin:80 - create IPUIPlugin
2025-08-30 21:03:52,623 [INFO] PluginManager:220 - loadIPPluginJar : add fmc
2025-08-30 21:03:52,629 [INFO] IPUIPlugin:80 - create IPUIPlugin
2025-08-30 21:03:52,629 [INFO] PluginManager:220 - loadIPPluginJar : add freertos
2025-08-30 21:03:52,632 [INFO] IPUIPlugin:80 - create IPUIPlugin
2025-08-30 21:03:52,632 [INFO] PluginManager:220 - loadIPPluginJar : add genericplugin
2025-08-30 21:03:52,633 [INFO] IPUIPlugin:80 - create IPUIPlugin
2025-08-30 21:03:52,633 [INFO] PluginManager:220 - loadIPPluginJar : add gfxmmu
2025-08-30 21:03:52,637 [INFO] IPUIPlugin:80 - create IPUIPlugin
2025-08-30 21:03:52,638 [INFO] PluginManager:220 - loadIPPluginJar : add gic
2025-08-30 21:03:52,640 [INFO] IPUIPlugin:80 - create IPUIPlugin
2025-08-30 21:03:52,641 [INFO] PluginManager:220 - loadIPPluginJar : add gpio
2025-08-30 21:03:52,644 [INFO] IPUIPlugin:80 - create IPUIPlugin
2025-08-30 21:03:52,644 [INFO] PluginManager:220 - loadIPPluginJar : add gtzc
2025-08-30 21:03:52,646 [INFO] IPUIPlugin:80 - create IPUIPlugin
2025-08-30 21:03:52,646 [INFO] PluginManager:220 - loadIPPluginJar : add hash
2025-08-30 21:03:52,648 [INFO] IPUIPlugin:80 - create IPUIPlugin
2025-08-30 21:03:52,648 [INFO] PluginManager:220 - loadIPPluginJar : add i2c
2025-08-30 21:03:52,650 [INFO] IPUIPlugin:80 - create IPUIPlugin
2025-08-30 21:03:52,650 [INFO] PluginManager:220 - loadIPPluginJar : add i2s
2025-08-30 21:03:52,652 [INFO] IPUIPlugin:80 - create IPUIPlugin
2025-08-30 21:03:52,652 [INFO] PluginManager:220 - loadIPPluginJar : add i3c
2025-08-30 21:03:52,656 [INFO] IPUIPlugin:80 - create IPUIPlugin
2025-08-30 21:03:52,656 [INFO] PluginManager:220 - loadIPPluginJar : add ipddr
2025-08-30 21:03:52,662 [INFO] IPUIPlugin:80 - create IPUIPlugin
2025-08-30 21:03:52,662 [INFO] PluginManager:220 - loadIPPluginJar : add linkedlist
2025-08-30 21:03:52,664 [INFO] IPUIPlugin:80 - create IPUIPlugin
2025-08-30 21:03:52,664 [INFO] PluginManager:220 - loadIPPluginJar : add lorawan
2025-08-30 21:03:52,665 [INFO] IPUIPlugin:80 - create IPUIPlugin
2025-08-30 21:03:52,665 [INFO] PluginManager:220 - loadIPPluginJar : add ltdc
2025-08-30 21:03:52,670 [INFO] IPUIPlugin:80 - create IPUIPlugin
2025-08-30 21:03:52,670 [INFO] PluginManager:220 - loadIPPluginJar : add mdma
2025-08-30 21:03:52,672 [INFO] IPUIPlugin:80 - create IPUIPlugin
2025-08-30 21:03:52,673 [INFO] PluginManager:220 - loadIPPluginJar : add nvic
2025-08-30 21:03:52,675 [INFO] IPUIPlugin:80 - create IPUIPlugin
2025-08-30 21:03:52,675 [INFO] PluginManager:220 - loadIPPluginJar : add opamp
2025-08-30 21:03:52,677 [INFO] IPUIPlugin:80 - create IPUIPlugin
2025-08-30 21:03:52,678 [INFO] PluginManager:220 - loadIPPluginJar : add openamp
2025-08-30 21:03:52,680 [INFO] IPUIPlugin:80 - create IPUIPlugin
2025-08-30 21:03:52,680 [INFO] PluginManager:220 - loadIPPluginJar : add pdm2pcm
2025-08-30 21:03:52,686 [INFO] IPUIPlugin:80 - create IPUIPlugin
2025-08-30 21:03:52,688 [INFO] PluginManager:220 - loadIPPluginJar : add plateformsettings
2025-08-30 21:03:52,689 [INFO] IPUIPlugin:80 - create IPUIPlugin
2025-08-30 21:03:52,689 [INFO] PluginManager:220 - loadIPPluginJar : add quadspi
2025-08-30 21:03:52,691 [INFO] IPUIPlugin:80 - create IPUIPlugin
2025-08-30 21:03:52,692 [INFO] PluginManager:220 - loadIPPluginJar : add radio
2025-08-30 21:03:52,695 [INFO] IPUIPlugin:80 - create IPUIPlugin
2025-08-30 21:03:52,695 [INFO] PluginManager:220 - loadIPPluginJar : add resmgrutility
2025-08-30 21:03:52,699 [INFO] IPUIPlugin:80 - create IPUIPlugin
2025-08-30 21:03:52,699 [INFO] PluginManager:220 - loadIPPluginJar : add sai
2025-08-30 21:03:52,701 [INFO] IPUIPlugin:80 - create IPUIPlugin
2025-08-30 21:03:52,701 [INFO] PluginManager:220 - loadIPPluginJar : add spi
2025-08-30 21:03:52,706 [INFO] IPUIPlugin:80 - create IPUIPlugin
2025-08-30 21:03:52,706 [INFO] PluginManager:220 - loadIPPluginJar : add stm32_wpan
2025-08-30 21:03:52,707 [INFO] IPUIPlugin:80 - create IPUIPlugin
2025-08-30 21:03:52,707 [INFO] PluginManager:220 - loadIPPluginJar : add tim
2025-08-30 21:03:52,710 [INFO] IPUIPlugin:80 - create IPUIPlugin
2025-08-30 21:03:52,710 [INFO] PluginManager:220 - loadIPPluginJar : add touchsensing
2025-08-30 21:03:52,712 [INFO] IPUIPlugin:80 - create IPUIPlugin
2025-08-30 21:03:52,712 [INFO] PluginManager:220 - loadIPPluginJar : add tracer_emb
2025-08-30 21:03:52,714 [INFO] IPUIPlugin:80 - create IPUIPlugin
2025-08-30 21:03:52,714 [INFO] PluginManager:220 - loadIPPluginJar : add ts
2025-08-30 21:03:52,716 [INFO] IPUIPlugin:80 - create IPUIPlugin
2025-08-30 21:03:52,716 [INFO] PluginManager:220 - loadIPPluginJar : add tsc
2025-08-30 21:03:52,717 [INFO] IPUIPlugin:80 - create IPUIPlugin
2025-08-30 21:03:52,718 [INFO] PluginManager:220 - loadIPPluginJar : add ucpd
2025-08-30 21:03:52,720 [INFO] IPUIPlugin:80 - create IPUIPlugin
2025-08-30 21:03:52,720 [INFO] PluginManager:220 - loadIPPluginJar : add usart
2025-08-30 21:03:52,722 [INFO] IPUIPlugin:80 - create IPUIPlugin
2025-08-30 21:03:52,722 [INFO] PluginManager:220 - loadIPPluginJar : add usbx
2025-08-30 21:03:52,843 [FATAL] Updater:351 - Updater called before beeing initialized
2025-08-30 21:03:52,860 [INFO] RulesReader:64 - Compatibility file has been processed (302 Rules)
2025-08-30 21:03:52,871 [INFO] RulesReader:64 - Compatibility file has been processed (302 Rules)
2025-08-30 21:03:52,877 [INFO] CADModel:165 - CPN selected for project level
2025-08-30 21:03:52,878 [INFO] CADModel:114 - Register for checkConnection events
2025-08-30 21:03:52,878 [FATAL] Updater:351 - Updater called before beeing initialized
2025-08-30 21:03:52,878 [ERROR] CADModel:125 - Updater not yet initialized, retry later 
2025-08-30 21:03:52,992 [FATAL] Updater:351 - Updater called before beeing initialized
2025-08-30 21:03:52,993 [INFO] CADModel:165 - CPN selected for project level
2025-08-30 21:03:52,993 [INFO] CADModel:114 - Register for checkConnection events
2025-08-30 21:03:52,993 [FATAL] Updater:351 - Updater called before beeing initialized
2025-08-30 21:03:52,993 [ERROR] CADModel:125 - Updater not yet initialized, retry later 
2025-08-30 21:03:52,996 [FATAL] Updater:351 - Updater called before beeing initialized
2025-08-30 21:03:53,091 [FATAL] Updater:351 - Updater called before beeing initialized
2025-08-30 21:03:53,094 [INFO] DbMcusAds:53 - JSON generation date=Tue Jul 08 15:14:23 GMT+07:00 2025 (1751962463582)
2025-08-30 21:03:53,094 [FATAL] Updater:351 - Updater called before beeing initialized
2025-08-30 21:03:53,124 [WARN] DetailPanel:346 - Failed to get advertising image, set to default
2025-08-30 21:03:53,364 [FATAL] Updater:351 - Updater called before beeing initialized
2025-08-30 21:03:53,365 [FATAL] Updater:351 - Updater called before beeing initialized
2025-08-30 21:03:53,366 [FATAL] Updater:351 - Updater called before beeing initialized
2025-08-30 21:03:53,366 [WARN] DetailPanel:346 - Failed to get advertising image, set to default
2025-08-30 21:03:53,366 [FATAL] Updater:351 - Updater called before beeing initialized
2025-08-30 21:03:53,403 [ERROR] Updater:1198 - MainUpdater not yet initialized. External WinMGr cannot be set.
2025-08-30 21:03:53,404 [INFO] Updater:1134 - Updater Version found : 6.14.1
2025-08-30 21:03:53,418 [INFO] ApplicationProperties:184 - Using Application install path: D:\STM32CubeIDE_1.18.1\STM32CubeIDE\plugins\com.st.stm32cube.common.mx_6.14.1.202504091515
2025-08-30 21:03:54,984 [ERROR] LogOutputStream:75 - [STDERR_REDIRECT] Aug 30, 2025 9:03:54 PM java.util.prefs.WindowsPreferences <init>
2025-08-30 21:03:54,986 [ERROR] LogOutputStream:75 - [STDERR_REDIRECT] WARNING: Could not open/create prefs root node Software\JavaSoft\Prefs at root 0xffffffff80000002. Windows RegCreateKeyEx(...) returned error code 5.
2025-08-30 21:03:54,987 [ERROR] LogOutputStream:75 - [STDERR_REDIRECT] 
2025-08-30 21:03:55,191 [INFO] ThirdPartyUpdaterWithRetryManager:70 - Updater plugin not ready yet. [2/15]
2025-08-30 21:03:55,454 [INFO] MainUpdater:2872 - connection check result : 10
2025-08-30 21:03:55,454 [INFO] MainUpdater:289 - Updater Check For Update Now.
2025-08-30 21:03:55,454 [INFO] MicroXplorer:498 - Change Database Version : DB.6.0.141
2025-08-30 21:03:55,460 [INFO] McuFinderGlobals:63 - Set McuFinder mode to 2 (CubeIDE integrated)
2025-08-30 21:03:55,460 [INFO] UserAuth:484 - Internet connection configuration mode: 1
2025-08-30 21:03:55,489 [INFO] JxBrowserEngine:152 - Initiate JxBrowser Engine with user profile folder
2025-08-30 21:03:55,669 [INFO] CheckServerUpdateThread:120 - End of CheckServer Thread
2025-08-30 21:03:56,092 [INFO] WebApp:169 - Instantiating new browser for Auth
2025-08-30 21:03:56,707 [INFO] WebApp:463 - Apply proxy settings
2025-08-30 21:03:56,707 [INFO] WebApp:548 - Chromium requires no authentication
2025-08-30 21:03:56,714 [INFO] WebApp:491 - Direct internet connection detected
2025-08-30 21:03:56,735 [INFO] WebApp:894 - Register for checkConnection events
2025-08-30 21:03:56,735 [INFO] WebApp:463 - Apply proxy settings
2025-08-30 21:03:56,735 [INFO] WebApp:548 - Chromium requires no authentication
2025-08-30 21:03:56,736 [INFO] WebApp:491 - Direct internet connection detected
2025-08-30 21:03:56,875 [INFO] WebApp:225 - Starting web application
2025-08-30 21:03:56,875 [INFO] WebApp:593 - Web application path used D:\STM32CubeIDE_1.18.1\STM32CubeIDE\plugins\com.st.stm32cube.common.mx_6.14.1.202504091515\db\plugins\mcufinder\reactClient1\index.html
2025-08-30 21:03:56,957 [INFO] UserAuth:484 - Internet connection configuration mode: 1
2025-08-30 21:03:57,132 [INFO] WebApp:191 - Connection restablished
2025-08-30 21:03:58,410 [WARN] PackLoader:240 - Cannot read IP mode file for STMicroelectronics.FP-SNS-MOTENVWB1.1.4.0
2025-08-30 21:03:58,419 [WARN] PackLoader:240 - Cannot read IP mode file for STMicroelectronics.FP-ATR-ASTRA1.2.0.2
2025-08-30 21:03:58,423 [WARN] PackLoader:240 - Cannot read IP mode file for STMicroelectronics.FP-ATR-ASTRA1.2.0.1
2025-08-30 21:03:58,432 [WARN] PackLoader:240 - Cannot read IP mode file for STMicroelectronics.X-CUBE-SMBUS.2.1.0
2025-08-30 21:03:58,440 [WARN] PackLoader:240 - Cannot read IP mode file for STMicroelectronics.X-CUBE-WB05N.1.1.0
2025-08-30 21:03:58,462 [WARN] PackLoader:240 - Cannot read IP mode file for STMicroelectronics.X-CUBE-ST60.1.0.0
2025-08-30 21:03:58,480 [WARN] PackLoader:240 - Cannot read IP mode file for STMicroelectronics.X-CUBE-TOUCHGFX.4.23.0
2025-08-30 21:03:58,484 [WARN] PackLoader:240 - Cannot read IP mode file for STMicroelectronics.X-CUBE-TOUCHGFX.4.23.2
2025-08-30 21:03:58,518 [WARN] PackLoader:240 - Cannot read IP mode file for STMicroelectronics.X-CUBE-AZRTOS-F7.1.1.0
2025-08-30 21:03:58,540 [WARN] PackLoader:240 - Cannot read IP mode file for STMicroelectronics.FP-SNS-MOTENV1.4.3.2
2025-08-30 21:03:58,699 [WARN] PackLoader:240 - Cannot read IP mode file for STMicroelectronics.X-CUBE-MEMS1.11.0.0
2025-08-30 21:03:58,915 [WARN] PackLoader:240 - Cannot read IP mode file for STMicroelectronics.FP-SNS-FLIGHT1.5.0.2
2025-08-30 21:03:58,937 [WARN] PackLoader:240 - Cannot read IP mode file for Infineon.AIROC-Wi-Fi-Bluetooth-STM32.1.7.0
2025-08-30 21:03:58,972 [WARN] PackLoader:240 - Cannot read IP mode file for STMicroelectronics.X-CUBE-AZRTOS-H7.3.4.0
2025-08-30 21:03:58,990 [WARN] PackLoader:240 - Cannot read IP mode file for STMicroelectronics.X-CUBE-DISPLAY.3.0.0
2025-08-30 21:03:58,999 [WARN] PackLoader:240 - Cannot read IP mode file for STMicroelectronics.X-CUBE-BLE1.7.0.0
2025-08-30 21:03:59,006 [WARN] PackLoader:240 - Cannot read IP mode file for STMicroelectronics.X-CUBE-NFC10.1.0.0
2025-08-30 21:03:59,023 [WARN] PackLoader:240 - Cannot read IP mode file for STMicroelectronics.X-CUBE-BLEMGR.4.0.0
2025-08-30 21:03:59,035 [WARN] PackLoader:240 - Cannot read IP mode file for emotas.I-CUBE-CANOPEN.1.3.0
2025-08-30 21:03:59,041 [WARN] ConditionMgr:438 - getConditionDescription Invalid condition id : Cortex-A Device cause : null
2025-08-30 21:03:59,057 [WARN] ConditionMgr:1044 - genDependencies : Invalid condition id : Cortex-A Device cause : null
2025-08-30 21:03:59,058 [WARN] ConditionMgr:1044 - genDependencies : Invalid condition id : Cortex-A Device cause : null
2025-08-30 21:03:59,058 [WARN] ConditionMgr:1044 - genDependencies : Invalid condition id : Cortex-A Device cause : null
2025-08-30 21:03:59,067 [WARN] PackLoader:240 - Cannot read IP mode file for STMicroelectronics.X-CUBE-BLEMGR.3.1.0
2025-08-30 21:03:59,073 [WARN] PackLoader:240 - Cannot read IP mode file for STMicroelectronics.X-CUBE-AI.10.0.0
2025-08-30 21:03:59,078 [ERROR] Engine:466 - C:\Users\ADMIN\.stm32cubemx\thirdparties\pdsc\STMicroelectronics.FP-SNS-STBOX1.2.1.0.pdsc: PDSC version is not supported
2025-08-30 21:03:59,083 [WARN] PackLoader:240 - Cannot read IP mode file for STMicroelectronics.FP-SNS-SMARTAG2.1.2.0
2025-08-30 21:03:59,087 [WARN] PackLoader:240 - Cannot read IP mode file for STMicroelectronics.FP-SNS-FLIGHT1.5.1.0
2025-08-30 21:03:59,143 [WARN] PackLoader:240 - Cannot read IP mode file for STMicroelectronics.X-CUBE-MEMS1.11.1.0
2025-08-30 21:03:59,252 [INFO] LogOutputStream:77 - [STDOUT_REDIRECT] 1 : Invalid condition id : UX_CORESTACK_Condition cause : null
2025-08-30 21:03:59,253 [INFO] LogOutputStream:77 - [STDOUT_REDIRECT] 1 : Invalid condition id : UX_CORESTACK_Condition cause : null
2025-08-30 21:03:59,253 [INFO] LogOutputStream:77 - [STDOUT_REDIRECT] 1 : Invalid condition id : UX_CORESTACK_Condition cause : null
2025-08-30 21:03:59,254 [INFO] LogOutputStream:77 - [STDOUT_REDIRECT] 1 : Invalid condition id : UX_CORESTACK_Condition cause : null
2025-08-30 21:03:59,255 [INFO] LogOutputStream:77 - [STDOUT_REDIRECT] 1 : Invalid condition id : UX_CORESTACK_Condition cause : null
2025-08-30 21:03:59,258 [WARN] PackLoader:240 - Cannot read IP mode file for STMicroelectronics.X-CUBE-AZRTOS-WL.2.0.0
2025-08-30 21:03:59,262 [WARN] PackLoader:240 - Cannot read IP mode file for STMicroelectronics.FP-SNS-MOTENV1.5.0.0
2025-08-30 21:03:59,268 [WARN] PackLoader:240 - Cannot read IP mode file for wolfSSL.I-CUBE-wolfMQTT.1.19.0
2025-08-30 21:03:59,273 [WARN] PackLoader:240 - Cannot read IP mode file for WES.I-CUBE-Cesium.1.3.0
2025-08-30 21:03:59,278 [WARN] PackLoader:240 - Cannot read IP mode file for STMicroelectronics.X-CUBE-BLE2.3.3.0
2025-08-30 21:03:59,283 [WARN] PackLoader:240 - Cannot read IP mode file for STMicroelectronics.X-CUBE-NFC9.1.0.0
2025-08-30 21:03:59,288 [WARN] PackLoader:240 - Cannot read IP mode file for wolfSSL.I-CUBE-wolfSSL.5.8.0
2025-08-30 21:03:59,290 [WARN] PackLoader:240 - Cannot read IP mode file for STMicroelectronics.X-CUBE-BLE1.7.1.0
2025-08-30 21:03:59,293 [WARN] PackLoader:240 - Cannot read IP mode file for wolfSSL.I-CUBE-wolfMQTT.1.19.2
2025-08-30 21:03:59,298 [WARN] PackLoader:240 - Cannot read IP mode file for STMicroelectronics.X-CUBE-TCPP.4.1.0
2025-08-30 21:03:59,305 [WARN] PackLoader:240 - Cannot read IP mode file for STMicroelectronics.X-CUBE-EEPRMA1.5.2.0
2025-08-30 21:03:59,308 [WARN] PackLoader:240 - Cannot read IP mode file for STMicroelectronics.X-CUBE-AI.10.1.0
2025-08-30 21:03:59,313 [WARN] PackLoader:240 - Cannot read IP mode file for STMicroelectronics.X-CUBE-ALGOBUILD.1.3.0
2025-08-30 21:03:59,354 [WARN] PackLoader:240 - Cannot read IP mode file for STMicroelectronics.X-CUBE-MEMS1.11.2.0
2025-08-30 21:03:59,549 [WARN] PackLoader:240 - Cannot read IP mode file for STMicroelectronics.X-CUBE-AZRTOS-G0.1.1.0
2025-08-30 21:03:59,582 [WARN] PackLoader:240 - Cannot read IP mode file for STMicroelectronics.X-CUBE-SAFEA1.1.2.2
2025-08-30 21:03:59,589 [WARN] PackLoader:240 - Cannot read IP mode file for STMicroelectronics.X-CUBE-NFC4.3.0.0
2025-08-30 21:03:59,596 [WARN] PackLoader:240 - Cannot read IP mode file for EmbeddedOffice.I-CUBE-FS-RTOS.1.0.1
2025-08-30 21:03:59,601 [WARN] PackLoader:240 - Cannot read IP mode file for STMicroelectronics.X-CUBE-WB05N.2.0.0
2025-08-30 21:03:59,607 [WARN] PackLoader:240 - Cannot read IP mode file for STMicroelectronics.X-CUBE-BLEMGR.3.0.0
2025-08-30 21:03:59,611 [WARN] PackLoader:240 - Cannot read IP mode file for wolfSSL.I-CUBE-wolfTPM.3.8.0
2025-08-30 21:03:59,614 [WARN] PackLoader:240 - Cannot read IP mode file for STMicroelectronics.X-CUBE-TCPP.4.2.0
2025-08-30 21:03:59,618 [WARN] PackLoader:240 - Cannot read IP mode file for RealThread.X-CUBE-RT-Thread_Nano.4.1.1
2025-08-30 21:03:59,621 [WARN] PackLoader:240 - Cannot read IP mode file for STMicroelectronics.FP-ATR-SIGFOX1.3.2.0
2025-08-30 21:03:59,623 [WARN] ConditionMgr:438 - getConditionDescription Invalid condition id : Cortex-A Device cause : null
2025-08-30 21:03:59,628 [WARN] ConditionMgr:1044 - genDependencies : Invalid condition id : Cortex-A Device cause : null
2025-08-30 21:03:59,628 [WARN] ConditionMgr:1044 - genDependencies : Invalid condition id : Cortex-A Device cause : null
2025-08-30 21:03:59,628 [WARN] ConditionMgr:1044 - genDependencies : Invalid condition id : Cortex-A Device cause : null
2025-08-30 21:03:59,632 [WARN] PackLoader:240 - Cannot read IP mode file for STMicroelectronics.X-CUBE-EEPRMA1.5.1.0
2025-08-30 21:03:59,637 [WARN] PackLoader:240 - Cannot read IP mode file for ITTIA_DB.I-CUBE-ITTIADB.8.9.0
2025-08-30 21:03:59,642 [WARN] PackLoader:240 - Cannot read IP mode file for STMicroelectronics.X-CUBE-ST67W61.1.0.0
2025-08-30 21:03:59,644 [WARN] PackLoader:240 - Cannot read IP mode file for STMicroelectronics.X-CUBE-AI.10.2.0
2025-08-30 21:03:59,662 [WARN] PackLoader:240 - Cannot read IP mode file for SEGGER.I-CUBE-embOS.1.3.1
2025-08-30 21:03:59,692 [WARN] PackLoader:240 - Cannot read IP mode file for STMicroelectronics.X-CUBE-ALGOBUILD.1.4.0
2025-08-30 21:03:59,723 [WARN] PackLoader:240 - Cannot read IP mode file for STMicroelectronics.X-CUBE-MEMS1.11.3.0
2025-08-30 21:03:59,821 [WARN] PackLoader:240 - Cannot read IP mode file for STMicroelectronics.X-CUBE-AI.9.1.0
2025-08-30 21:03:59,825 [WARN] PackLoader:240 - Cannot read IP mode file for STMicroelectronics.X-CUBE-PM33A1.1.0.0
2025-08-30 21:03:59,829 [WARN] PackLoader:240 - Cannot read IP mode file for STMicroelectronics.X-CUBE-GNSS1.6.0.0
2025-08-30 21:03:59,841 [WARN] PackLoader:240 - Cannot read IP mode file for STMicroelectronics.X-CUBE-AZRTOS-F4.1.1.0
2025-08-30 21:03:59,846 [WARN] PackLoader:240 - Cannot read IP mode file for Avnet-IotConnect.X-CUBE-IoTC-DA16k-PMOD.1.0.0
2025-08-30 21:03:59,849 [WARN] PackLoader:240 - Cannot read IP mode file for STMicroelectronics.X-CUBE-ISPU.2.1.0
2025-08-30 21:03:59,852 [WARN] PackLoader:240 - Cannot read IP mode file for STMicroelectronics.X-CUBE-FREERTOS.1.2.0
2025-08-30 21:03:59,854 [WARN] PackLoader:240 - Cannot read IP mode file for wolfSSL.I-CUBE-wolfSSL.5.6.6
2025-08-30 21:03:59,859 [WARN] PackLoader:240 - Cannot read IP mode file for STMicroelectronics.X-CUBE-NFC12.1.0.0
2025-08-30 21:03:59,872 [WARN] PackLoader:240 - Cannot read IP mode file for STMicroelectronics.X-CUBE-AZRTOS-L5.2.0.0
2025-08-30 21:03:59,879 [WARN] PackLoader:240 - Cannot read IP mode file for STMicroelectronics.X-CUBE-NFC6.3.1.0
2025-08-30 21:03:59,885 [WARN] PackLoader:240 - Cannot read IP mode file for ITTIA_DB.I-CUBE-ITTIADB.8.8.0
2025-08-30 21:03:59,888 [WARN] PackLoader:240 - Cannot read IP mode file for STMicroelectronics.X-CUBE-DPower.1.2.0
2025-08-30 21:03:59,891 [WARN] PackLoader:240 - Cannot read IP mode file for STMicroelectronics.X-CUBE-AI.9.0.0
2025-08-30 21:03:59,894 [WARN] PackLoader:240 - Cannot read IP mode file for STMicroelectronics.X-CUBE-FREERTOS.1.3.1
2025-08-30 21:03:59,897 [WARN] PackLoader:240 - Cannot read IP mode file for STMicroelectronics.X-CUBE-FREERTOS.1.3.0
2025-08-30 21:03:59,901 [WARN] PackLoader:240 - Cannot read IP mode file for STMicroelectronics.X-CUBE-NFC7.1.0.1
2025-08-30 21:03:59,903 [WARN] PackLoader:240 - Cannot read IP mode file for wolfSSL.I-CUBE-wolfTPM.3.2.0
2025-08-30 21:03:59,907 [WARN] PackLoader:240 - Cannot read IP mode file for STMicroelectronics.X-CUBE-NFC6.3.0.0
2025-08-30 21:03:59,912 [WARN] PackLoader:240 - Cannot read IP mode file for STMicroelectronics.FP-SNS-STAIOTCFT.1.0.0
2025-08-30 21:03:59,916 [WARN] PackLoader:240 - Cannot read IP mode file for STMicroelectronics.X-CUBE-DPower.1.3.0
2025-08-30 21:03:59,919 [WARN] PackLoader:240 - Cannot read IP mode file for STMicroelectronics.X-CUBE-AI.8.1.0
2025-08-30 21:03:59,937 [WARN] ConditionMgr:438 - getConditionDescription Invalid condition id : LAN8742 Phy interface Condition cause : null
2025-08-30 21:03:59,937 [WARN] PackLoader:240 - Cannot read IP mode file for STMicroelectronics.X-CUBE-AZRTOS-L4.2.0.0
2025-08-30 21:03:59,938 [WARN] ConditionMgr:1044 - genDependencies : Invalid condition id : LAN8742 Phy interface Condition cause : null
2025-08-30 21:03:59,939 [WARN] ConditionMgr:1044 - genDependencies : Invalid condition id : LAN8742 Phy interface Condition cause : null
2025-08-30 21:03:59,939 [WARN] ConditionMgr:1044 - genDependencies : Invalid condition id : LAN8742 Phy interface Condition cause : null
2025-08-30 21:03:59,944 [WARN] PackLoader:240 - Cannot read IP mode file for STMicroelectronics.X-CUBE-SFXS2LP1.4.0.0
2025-08-30 21:03:59,962 [WARN] PackLoader:240 - Cannot read IP mode file for STMicroelectronics.X-CUBE-AZRTOS-H7.3.3.0
2025-08-30 21:03:59,971 [WARN] PackLoader:240 - Cannot read IP mode file for STMicroelectronics.X-CUBE-BLEMGR.4.1.0
2025-08-30 21:03:59,979 [WARN] PackLoader:240 - Cannot read IP mode file for STMicroelectronics.X-CUBE-IPS.3.0.0
2025-08-30 21:03:59,996 [WARN] ConditionMgr:438 - getConditionDescription Invalid condition id : UX DEVICE CLASS RTOS Condition cause : null
2025-08-30 21:03:59,996 [WARN] ConditionMgr:438 - getConditionDescription Invalid condition id : UX DEVICE CLASS RTOS Condition cause : null
2025-08-30 21:03:59,999 [WARN] PackLoader:240 - Cannot read IP mode file for STMicroelectronics.X-CUBE-AZRTOS-WB.2.0.0
2025-08-30 21:04:00,000 [WARN] ConditionMgr:1044 - genDependencies : Invalid condition id : UX DEVICE CLASS RTOS Condition cause : null
2025-08-30 21:04:00,000 [WARN] ConditionMgr:1044 - genDependencies : Invalid condition id : UX DEVICE CLASS RTOS Condition cause : null
2025-08-30 21:04:00,001 [WARN] ConditionMgr:1044 - genDependencies : Invalid condition id : UX DEVICE CLASS RTOS Condition cause : null
2025-08-30 21:04:00,001 [WARN] ConditionMgr:1044 - genDependencies : Invalid condition id : UX DEVICE CLASS RTOS Condition cause : null
2025-08-30 21:04:00,001 [WARN] ConditionMgr:1044 - genDependencies : Invalid condition id : UX DEVICE CLASS RTOS Condition cause : null
2025-08-30 21:04:00,008 [WARN] PackLoader:240 - Cannot read IP mode file for STMicroelectronics.X-CUBE-GNSS1.7.0.0
2025-08-30 21:04:00,015 [WARN] PackLoader:240 - Cannot read IP mode file for STMicroelectronics.X-CUBE-GNSS1.7.0.1
2025-08-30 21:04:00,018 [WARN] PackLoader:240 - Cannot read IP mode file for STMicroelectronics.X-CUBE-TOUCHGFX.4.25.0
2025-08-30 21:04:00,027 [WARN] PackLoader:240 - Cannot read IP mode file for STMicroelectronics.FP-SNS-STBOX1.2.0.0
2025-08-30 21:04:00,044 [WARN] PackLoader:240 - Cannot read IP mode file for STMicroelectronics.X-CUBE-SUBG2.5.0.0
2025-08-30 21:04:00,077 [WARN] PackLoader:240 - Cannot read IP mode file for STMicroelectronics.X-CUBE-AZRTOS-H7RS.1.1.0
2025-08-30 21:04:00,085 [WARN] PackLoader:240 - Cannot read IP mode file for Cesanta.I-CUBE-Mongoose.7.13.0
2025-08-30 21:04:00,098 [WARN] PackLoader:240 - Cannot read IP mode file for STMicroelectronics.X-CUBE-AZRTOS-G4.2.0.0
2025-08-30 21:04:00,110 [WARN] PackLoader:240 - Cannot read IP mode file for Infineon.AIROC-Wi-Fi-Bluetooth-STM32.1.5.1
2025-08-30 21:04:00,115 [WARN] PackLoader:240 - Cannot read IP mode file for wolfSSL.I-CUBE-wolfSSH.1.4.20
2025-08-30 21:04:00,118 [WARN] PackLoader:240 - Cannot read IP mode file for STMicroelectronics.X-CUBE-NFC7.2.0.0
2025-08-30 21:04:00,122 [WARN] PackLoader:240 - Cannot read IP mode file for STMicroelectronics.FP-SNS-MOTENVWB1.1.3.1
2025-08-30 21:04:00,124 [WARN] PackLoader:240 - Cannot read IP mode file for STMicroelectronics.X-CUBE-ISPU.2.0.0
2025-08-30 21:04:00,131 [WARN] PackLoader:240 - Cannot read IP mode file for STMicroelectronics.X-CUBE-IPS.3.1.0
2025-08-30 21:04:00,137 [WARN] PackLoader:240 - Cannot read IP mode file for STMicroelectronics.X-CUBE-ALS.1.0.2
2025-08-30 21:04:00,159 [WARN] PackLoader:240 - Cannot read IP mode file for STMicroelectronics.X-CUBE-MEMS1.10.0.0
2025-08-30 21:04:00,236 [WARN] PackLoader:240 - Cannot read IP mode file for STMicroelectronics.X-CUBE-FREERTOS.1.1.0
2025-08-30 21:04:00,238 [WARN] PackLoader:240 - Cannot read IP mode file for STMicroelectronics.X-CUBE-TOUCHGFX.4.24.0
2025-08-30 21:04:00,240 [WARN] PackLoader:240 - Cannot read IP mode file for STMicroelectronics.X-CUBE-TOUCHGFX.4.24.2
2025-08-30 21:04:00,240 [WARN] PackLoader:240 - Cannot read IP mode file for STMicroelectronics.X-CUBE-TOUCHGFX.4.24.1
2025-08-30 21:04:00,246 [WARN] PackLoader:240 - Cannot read IP mode file for portGmbH.I-Cube-SoM-uGOAL.1.1.0
2025-08-30 21:04:00,248 [WARN] PackLoader:240 - Cannot read IP mode file for STMicroelectronics.X-CUBE-ALS.1.0.1
2025-08-30 21:04:00,271 [WARN] PackLoader:240 - Cannot read IP mode file for STMicroelectronics.X-CUBE-AZRTOS-H7RS.1.0.0
2025-08-30 21:04:00,275 [WARN] PackLoader:240 - Cannot read IP mode file for STMicroelectronics.FP-ATR-ASTRA1.2.0.0
2025-08-30 21:04:00,282 [WARN] PackLoader:240 - Cannot read IP mode file for STMicroelectronics.X-CUBE-TOF1.3.4.2
2025-08-30 21:04:00,294 [WARN] PackLoader:240 - Cannot read IP mode file for STMicroelectronics.X-CUBE-TOF1.3.4.3
2025-08-30 21:04:00,306 [WARN] PackLoader:240 - Cannot read IP mode file for STMicroelectronics.X-CUBE-TOF1.3.4.0
2025-08-30 21:04:00,317 [WARN] PackLoader:240 - Cannot read IP mode file for STMicroelectronics.X-CUBE-TOF1.3.4.1
2025-08-30 21:04:00,332 [WARN] PackLoader:240 - Cannot read IP mode file for STMicroelectronics.X-CUBE-AZRTOS-H7.3.2.0
2025-08-30 21:04:00,343 [WARN] PackLoader:240 - Cannot read IP mode file for wolfSSL.I-CUBE-wolfSSH.1.4.17
2025-08-30 21:04:00,343 [INFO] ThirdParty:978 - Integrity check success = true
2025-08-30 21:04:00,343 [INFO] IntegrityCheckThread:100 - exiting critical section [integrity check]
2025-08-30 21:04:00,344 [INFO] IntegrityCheckThread:103 - End integrity checks thread
2025-08-30 21:05:53,445 [INFO] WebApp:194 - Connection lost
2025-08-30 21:05:53,706 [INFO] WebApp:191 - Connection restablished
2025-08-30 23:28:51,716 [ERROR] LogOutputStream:75 - [STDERR_REDIRECT] 
2025-08-30 23:28:51,716 [ERROR] LogOutputStream:75 - [STDERR_REDIRECT] 
