2025-09-04 10:54:25,631 [INFO] Activator:176 - 


2025-09-04 10:54:25,636 [INFO] Activator:177 - !SESSION log4j initialized
2025-09-04 10:54:29,784 [INFO] LogOutputStream:77 - [STDOUT_REDIRECT] 
2025-09-04 10:54:30,404 [INFO] ApplicationProperties:184 - Using Application install path: D:\STM32CubeIDE_1.18.1\STM32CubeIDE\plugins\com.st.stm32cube.common.mx_6.14.1.202504091515
2025-09-04 10:54:30,422 [INFO] DbMcusXml:78 - Set database path to: D:\STM32CubeIDE_1.18.1\STM32CubeIDE\plugins\com.st.stm32cube.common.mx_6.14.1.202504091515\\db\/mcu/
2025-09-04 10:54:30,422 [INFO] ApiDb:274 - Set plugin database path to: D:\STM32CubeIDE_1.18.1\STM32CubeIDE\plugins\com.st.stm32cube.common.mx_6.14.1.202504091515\\db\/plugins/boardmanager/
2025-09-04 10:54:30,429 [WARN] ApiDb:259 - Overriding images path with different value:  => D:\STM32CubeIDE_1.18.1\STM32CubeIDE\plugins\com.st.stm32cube.common.mx_6.14.1.202504091515\\db\/plugins/mcufinder/images/
2025-09-04 10:54:30,434 [INFO] ApiDb:250 - Set database path to: C:\Users\ADMIN\.stmcufinder\plugins\mcufinder//mcu/
2025-09-04 10:54:30,437 [INFO] DbMcusAds:125 - Set database path to: C:\Users\ADMIN\.stmcufinder\plugins\mcufinder//mcu/
2025-09-04 10:54:30,439 [INFO] CrossReferenceDbSqlite:203 - Set database path to: C:\Users\ADMIN\.stmcufinder\plugins\mcufinder//mcu/cs/
2025-09-04 10:54:30,545 [INFO] RulesReader:64 - Compatibility file has been processed (302 Rules)
2025-09-04 10:54:30,606 [INFO] DbMcusXml:78 - Set database path to: D:\STM32CubeIDE_1.18.1\STM32CubeIDE\plugins\com.st.stm32cube.common.mx_6.14.1.202504091515\\db\/mcu/
2025-09-04 10:54:30,606 [INFO] ApiDb:274 - Set plugin database path to: D:\STM32CubeIDE_1.18.1\STM32CubeIDE\plugins\com.st.stm32cube.common.mx_6.14.1.202504091515\\db\/plugins/boardmanager/
2025-09-04 10:54:30,606 [INFO] ApiDb:261 - Set plugin images path to: D:\STM32CubeIDE_1.18.1\STM32CubeIDE\plugins\com.st.stm32cube.common.mx_6.14.1.202504091515\\db\/plugins/mcufinder/images/
2025-09-04 10:54:30,606 [WARN] DbFile:41 - Overriding database path with different value: C:\Users\ADMIN\.stmcufinder\plugins\mcufinder/ => C:\Users\ADMIN\.stmcufinder\plugins\mcufinder
2025-09-04 10:54:30,606 [INFO] ApiDb:250 - Set database path to: C:\Users\ADMIN\.stmcufinder\plugins\mcufinder//mcu/
2025-09-04 10:54:30,606 [WARN] DbFile:41 - Overriding database path with different value: C:\Users\ADMIN\.stmcufinder\plugins\mcufinder/ => C:\Users\ADMIN\.stmcufinder\plugins\mcufinder
2025-09-04 10:54:30,606 [INFO] DbMcusAds:125 - Set database path to: C:\Users\ADMIN\.stmcufinder\plugins\mcufinder//mcu/
2025-09-04 10:54:30,606 [WARN] DbFile:41 - Overriding database path with different value: C:\Users\ADMIN\.stmcufinder\plugins\mcufinder/ => C:\Users\ADMIN\.stmcufinder\plugins\mcufinder
2025-09-04 10:54:30,606 [WARN] DbFile:41 - Overriding database path with different value: C:\Users\ADMIN\.stmcufinder\plugins\mcufinder/ => C:\Users\ADMIN\.stmcufinder\plugins\mcufinder
2025-09-04 10:54:30,606 [INFO] CrossReferenceDbSqlite:203 - Set database path to: C:\Users\ADMIN\.stmcufinder\plugins\mcufinder//mcu/cs/
2025-09-04 10:54:30,658 [INFO] MainPanel:272 - HeapMemory: 268435456
2025-09-04 10:54:30,728 [INFO] DbMcusXml:78 - Set database path to: D:\STM32CubeIDE_1.18.1\STM32CubeIDE\plugins\com.st.stm32cube.common.mx_6.14.1.202504091515\\db\/mcu/
2025-09-04 10:54:30,728 [INFO] ApiDb:274 - Set plugin database path to: D:\STM32CubeIDE_1.18.1\STM32CubeIDE\plugins\com.st.stm32cube.common.mx_6.14.1.202504091515\\db\/plugins/boardmanager/
2025-09-04 10:54:30,728 [INFO] ApiDb:261 - Set plugin images path to: D:\STM32CubeIDE_1.18.1\STM32CubeIDE\plugins\com.st.stm32cube.common.mx_6.14.1.202504091515\\db\/plugins/mcufinder/images/
2025-09-04 10:54:30,729 [WARN] DbFile:41 - Overriding database path with different value: C:\Users\ADMIN\.stmcufinder\plugins\mcufinder/ => C:\Users\ADMIN\.stmcufinder\plugins\mcufinder
2025-09-04 10:54:30,729 [INFO] ApiDb:250 - Set database path to: C:\Users\ADMIN\.stmcufinder\plugins\mcufinder//mcu/
2025-09-04 10:54:30,729 [WARN] DbFile:41 - Overriding database path with different value: C:\Users\ADMIN\.stmcufinder\plugins\mcufinder/ => C:\Users\ADMIN\.stmcufinder\plugins\mcufinder
2025-09-04 10:54:30,729 [INFO] DbMcusAds:125 - Set database path to: C:\Users\ADMIN\.stmcufinder\plugins\mcufinder//mcu/
2025-09-04 10:54:30,729 [WARN] DbFile:41 - Overriding database path with different value: C:\Users\ADMIN\.stmcufinder\plugins\mcufinder/ => C:\Users\ADMIN\.stmcufinder\plugins\mcufinder
2025-09-04 10:54:30,729 [WARN] DbFile:41 - Overriding database path with different value: C:\Users\ADMIN\.stmcufinder\plugins\mcufinder/ => C:\Users\ADMIN\.stmcufinder\plugins\mcufinder
2025-09-04 10:54:30,729 [INFO] CrossReferenceDbSqlite:203 - Set database path to: C:\Users\ADMIN\.stmcufinder\plugins\mcufinder//mcu/cs/
2025-09-04 10:54:30,743 [INFO] ApplicationProperties:184 - Using Application install path: D:\STM32CubeIDE_1.18.1\STM32CubeIDE\plugins\com.st.stm32cube.common.mx_6.14.1.202504091515
2025-09-04 10:54:30,744 [INFO] PluginManage:196 - Search for loadable plugins [exclusion list=, ]
2025-09-04 10:54:30,744 [INFO] PluginManage:310 - Check plugin analytics
2025-09-04 10:54:30,895 [INFO] AnalyticsPlugin:253 - Accepted Software Licenses: STM32CubeMX.6.12.0
2025-09-04 10:54:30,895 [INFO] AnalyticsPlugin:255 - Accepted CMSIS Pack Licenses: 
2025-09-04 10:54:30,895 [INFO] AnalyticsPlugin:257 - Accepted Firmware Licenses: FW.F4.1.28.0,FW.H5.1.1.0,FW.H7.1.11.0
2025-09-04 10:54:30,898 [INFO] PluginManage:359 - Loaded plugin analytics (category:tool,tabindex:-1)
2025-09-04 10:54:30,898 [INFO] PluginManage:310 - Check plugin cadmodel
2025-09-04 10:54:30,902 [INFO] CADModel:105 - Init CAD model plugin
2025-09-04 10:54:30,902 [INFO] PluginManage:359 - Loaded plugin cadmodel (category:power,tabindex:5)
2025-09-04 10:54:30,902 [INFO] PluginManage:310 - Check plugin clock
2025-09-04 10:54:30,909 [INFO] PluginManage:359 - Loaded plugin clock (category:base,tabindex:2)
2025-09-04 10:54:30,909 [INFO] PluginManage:310 - Check plugin ddr
2025-09-04 10:54:30,911 [INFO] PluginManage:359 - Loaded plugin ddr (category:tool,tabindex:6)
2025-09-04 10:54:30,911 [INFO] PluginManage:310 - Check plugin filemanager
2025-09-04 10:54:31,031 [INFO] PluginManage:359 - Loaded plugin filemanager (category:base,tabindex:10)
2025-09-04 10:54:31,031 [INFO] PluginManage:310 - Check plugin ipmanager
2025-09-04 10:54:31,035 [INFO] PluginManage:359 - Loaded plugin ipmanager (category:base,tabindex:5)
2025-09-04 10:54:31,035 [INFO] PluginManage:310 - Check plugin lpbam
2025-09-04 10:54:31,041 [INFO] PluginManage:359 - Loaded plugin lpbam (category:base,tabindex:0)
2025-09-04 10:54:31,042 [INFO] PluginManage:310 - Check plugin memorymap
2025-09-04 10:54:31,049 [INFO] PluginManage:359 - Loaded plugin memorymap (category:base,tabindex:4)
2025-09-04 10:54:31,049 [INFO] PluginManage:310 - Check plugin pinoutandconfiguration
2025-09-04 10:54:31,055 [INFO] PluginManage:359 - Loaded plugin pinoutandconfiguration (category:base,tabindex:1)
2025-09-04 10:54:31,055 [INFO] PluginManage:310 - Check plugin pinoutconfig
2025-09-04 10:54:31,130 [WARN] SupportedApi:132 - Cannot load RTOS API schema: s4s-elt-must-match.1: The content of 'definitions' must match (annotation?, (simpleType | complexType)?, (unique | key | keyref)*)). A problem was found starting at: attribute.
2025-09-04 10:54:31,243 [INFO] PluginManage:359 - Loaded plugin pinoutconfig (category:base,tabindex:0)
2025-09-04 10:54:31,244 [INFO] PluginManage:310 - Check plugin power
2025-09-04 10:54:31,249 [INFO] PluginManage:359 - Loaded plugin power (category:power,tabindex:4)
2025-09-04 10:54:31,249 [INFO] PluginManage:310 - Check plugin projectmanager
2025-09-04 10:54:31,261 [INFO] PluginManage:359 - Loaded plugin projectmanager (category:projectmanager,tabindex:4)
2025-09-04 10:54:31,261 [INFO] PluginManage:310 - Check plugin rif
2025-09-04 10:54:31,266 [INFO] PluginManage:359 - Loaded plugin rif (category:base,tabindex:3)
2025-09-04 10:54:31,266 [INFO] PluginManage:310 - Check plugin thirdparty
2025-09-04 10:54:31,362 [INFO] PluginManage:359 - Loaded plugin thirdparty (category:base,tabindex:-1)
2025-09-04 10:54:31,362 [WARN] IntegrityCheckThread:84 - waiting for thirdparty lock release [integrity check]
2025-09-04 10:54:31,362 [INFO] IntegrityCheckThread:86 - entering critical section [integrity check]
2025-09-04 10:54:31,362 [INFO] PluginManage:310 - Check plugin tools
2025-09-04 10:54:31,362 [INFO] ThirdPartyUpdaterWithRetryManager:70 - Updater plugin not ready yet. [1/15]
2025-09-04 10:54:31,363 [INFO] PluginManage:359 - Loaded plugin tools (category:base,tabindex:7)
2025-09-04 10:54:31,365 [INFO] PluginManage:310 - Check plugin tutovideos
2025-09-04 10:54:31,481 [INFO] PluginManage:359 - Loaded plugin tutovideos (category:base,tabindex:-1)
2025-09-04 10:54:31,481 [INFO] PluginManage:310 - Check plugin updater
2025-09-04 10:54:31,495 [INFO] PluginManage:359 - Loaded plugin updater (category:base,tabindex:12)
2025-09-04 10:54:31,495 [INFO] PluginManage:310 - Check plugin userauth
2025-09-04 10:54:31,497 [INFO] UserAuth:118 - Init User Auth plugin
2025-09-04 10:54:31,498 [INFO] PluginManage:359 - Loaded plugin userauth (category:base,tabindex:14)
2025-09-04 10:54:31,498 [INFO] PluginManage:283 - PluginManage : Loaded plugins [18]
2025-09-04 10:54:31,670 [INFO] PinOutPanel:1589 - setPackage(No Configuration,No Configuration)
2025-09-04 10:54:31,731 [INFO] CADModel:165 - CPN selected for project level
2025-09-04 10:54:31,731 [INFO] CADModel:114 - Register for checkConnection events
2025-09-04 10:54:31,742 [INFO] IPUIPlugin:80 - create IPUIPlugin
2025-09-04 10:54:31,742 [INFO] PluginManager:220 - loadIPPluginJar : add adc
2025-09-04 10:54:31,743 [INFO] IPUIPlugin:80 - create IPUIPlugin
2025-09-04 10:54:31,743 [INFO] PluginManager:220 - loadIPPluginJar : add aes
2025-09-04 10:54:31,744 [INFO] IPUIPlugin:80 - create IPUIPlugin
2025-09-04 10:54:31,744 [INFO] PluginManager:220 - loadIPPluginJar : add can
2025-09-04 10:54:31,746 [INFO] IPUIPlugin:80 - create IPUIPlugin
2025-09-04 10:54:31,746 [INFO] PluginManager:220 - loadIPPluginJar : add comp
2025-09-04 10:54:31,747 [INFO] IPUIPlugin:80 - create IPUIPlugin
2025-09-04 10:54:31,747 [INFO] PluginManager:220 - loadIPPluginJar : add cryp
2025-09-04 10:54:31,748 [INFO] IPUIPlugin:80 - create IPUIPlugin
2025-09-04 10:54:31,748 [INFO] PluginManager:220 - loadIPPluginJar : add ddr_ctrl_phy
2025-09-04 10:54:31,750 [INFO] IPUIPlugin:80 - create IPUIPlugin
2025-09-04 10:54:31,750 [INFO] PluginManager:220 - loadIPPluginJar : add dfsdm
2025-09-04 10:54:31,753 [INFO] IPUIPlugin:80 - create IPUIPlugin
2025-09-04 10:54:31,753 [INFO] PluginManager:220 - loadIPPluginJar : add dma
2025-09-04 10:54:31,754 [INFO] IPUIPlugin:80 - create IPUIPlugin
2025-09-04 10:54:31,754 [INFO] PluginManager:220 - loadIPPluginJar : add dma3
2025-09-04 10:54:31,755 [INFO] IPUIPlugin:80 - create IPUIPlugin
2025-09-04 10:54:31,755 [INFO] PluginManager:220 - loadIPPluginJar : add extmemmanager
2025-09-04 10:54:31,757 [INFO] IPUIPlugin:80 - create IPUIPlugin
2025-09-04 10:54:31,757 [INFO] PluginManager:220 - loadIPPluginJar : add fatfs
2025-09-04 10:54:31,759 [INFO] IPUIPlugin:80 - create IPUIPlugin
2025-09-04 10:54:31,759 [INFO] PluginManager:220 - loadIPPluginJar : add fmc
2025-09-04 10:54:31,762 [INFO] IPUIPlugin:80 - create IPUIPlugin
2025-09-04 10:54:31,762 [INFO] PluginManager:220 - loadIPPluginJar : add freertos
2025-09-04 10:54:31,763 [INFO] IPUIPlugin:80 - create IPUIPlugin
2025-09-04 10:54:31,763 [INFO] PluginManager:220 - loadIPPluginJar : add genericplugin
2025-09-04 10:54:31,764 [INFO] IPUIPlugin:80 - create IPUIPlugin
2025-09-04 10:54:31,764 [INFO] PluginManager:220 - loadIPPluginJar : add gfxmmu
2025-09-04 10:54:31,767 [INFO] IPUIPlugin:80 - create IPUIPlugin
2025-09-04 10:54:31,767 [INFO] PluginManager:220 - loadIPPluginJar : add gic
2025-09-04 10:54:31,768 [INFO] IPUIPlugin:80 - create IPUIPlugin
2025-09-04 10:54:31,768 [INFO] PluginManager:220 - loadIPPluginJar : add gpio
2025-09-04 10:54:31,770 [INFO] IPUIPlugin:80 - create IPUIPlugin
2025-09-04 10:54:31,770 [INFO] PluginManager:220 - loadIPPluginJar : add gtzc
2025-09-04 10:54:31,772 [INFO] IPUIPlugin:80 - create IPUIPlugin
2025-09-04 10:54:31,772 [INFO] PluginManager:220 - loadIPPluginJar : add hash
2025-09-04 10:54:31,773 [INFO] IPUIPlugin:80 - create IPUIPlugin
2025-09-04 10:54:31,773 [INFO] PluginManager:220 - loadIPPluginJar : add i2c
2025-09-04 10:54:31,774 [INFO] IPUIPlugin:80 - create IPUIPlugin
2025-09-04 10:54:31,774 [INFO] PluginManager:220 - loadIPPluginJar : add i2s
2025-09-04 10:54:31,776 [INFO] IPUIPlugin:80 - create IPUIPlugin
2025-09-04 10:54:31,776 [INFO] PluginManager:220 - loadIPPluginJar : add i3c
2025-09-04 10:54:31,777 [INFO] IPUIPlugin:80 - create IPUIPlugin
2025-09-04 10:54:31,777 [INFO] PluginManager:220 - loadIPPluginJar : add ipddr
2025-09-04 10:54:31,782 [INFO] IPUIPlugin:80 - create IPUIPlugin
2025-09-04 10:54:31,782 [INFO] PluginManager:220 - loadIPPluginJar : add linkedlist
2025-09-04 10:54:31,783 [INFO] IPUIPlugin:80 - create IPUIPlugin
2025-09-04 10:54:31,783 [INFO] PluginManager:220 - loadIPPluginJar : add lorawan
2025-09-04 10:54:31,784 [INFO] IPUIPlugin:80 - create IPUIPlugin
2025-09-04 10:54:31,784 [INFO] PluginManager:220 - loadIPPluginJar : add ltdc
2025-09-04 10:54:31,787 [INFO] IPUIPlugin:80 - create IPUIPlugin
2025-09-04 10:54:31,787 [INFO] PluginManager:220 - loadIPPluginJar : add mdma
2025-09-04 10:54:31,788 [INFO] IPUIPlugin:80 - create IPUIPlugin
2025-09-04 10:54:31,788 [INFO] PluginManager:220 - loadIPPluginJar : add nvic
2025-09-04 10:54:31,791 [INFO] IPUIPlugin:80 - create IPUIPlugin
2025-09-04 10:54:31,791 [INFO] PluginManager:220 - loadIPPluginJar : add opamp
2025-09-04 10:54:31,792 [INFO] IPUIPlugin:80 - create IPUIPlugin
2025-09-04 10:54:31,792 [INFO] PluginManager:220 - loadIPPluginJar : add openamp
2025-09-04 10:54:31,793 [INFO] IPUIPlugin:80 - create IPUIPlugin
2025-09-04 10:54:31,794 [INFO] PluginManager:220 - loadIPPluginJar : add pdm2pcm
2025-09-04 10:54:31,798 [INFO] IPUIPlugin:80 - create IPUIPlugin
2025-09-04 10:54:31,800 [INFO] PluginManager:220 - loadIPPluginJar : add plateformsettings
2025-09-04 10:54:31,801 [INFO] IPUIPlugin:80 - create IPUIPlugin
2025-09-04 10:54:31,801 [INFO] PluginManager:220 - loadIPPluginJar : add quadspi
2025-09-04 10:54:31,802 [INFO] IPUIPlugin:80 - create IPUIPlugin
2025-09-04 10:54:31,802 [INFO] PluginManager:220 - loadIPPluginJar : add radio
2025-09-04 10:54:31,804 [INFO] IPUIPlugin:80 - create IPUIPlugin
2025-09-04 10:54:31,804 [INFO] PluginManager:220 - loadIPPluginJar : add resmgrutility
2025-09-04 10:54:31,806 [INFO] IPUIPlugin:80 - create IPUIPlugin
2025-09-04 10:54:31,806 [INFO] PluginManager:220 - loadIPPluginJar : add sai
2025-09-04 10:54:31,808 [INFO] IPUIPlugin:80 - create IPUIPlugin
2025-09-04 10:54:31,808 [INFO] PluginManager:220 - loadIPPluginJar : add spi
2025-09-04 10:54:31,811 [INFO] IPUIPlugin:80 - create IPUIPlugin
2025-09-04 10:54:31,811 [INFO] PluginManager:220 - loadIPPluginJar : add stm32_wpan
2025-09-04 10:54:31,813 [INFO] IPUIPlugin:80 - create IPUIPlugin
2025-09-04 10:54:31,813 [INFO] PluginManager:220 - loadIPPluginJar : add tim
2025-09-04 10:54:31,815 [INFO] IPUIPlugin:80 - create IPUIPlugin
2025-09-04 10:54:31,815 [INFO] PluginManager:220 - loadIPPluginJar : add touchsensing
2025-09-04 10:54:31,816 [INFO] IPUIPlugin:80 - create IPUIPlugin
2025-09-04 10:54:31,816 [INFO] PluginManager:220 - loadIPPluginJar : add tracer_emb
2025-09-04 10:54:31,817 [INFO] IPUIPlugin:80 - create IPUIPlugin
2025-09-04 10:54:31,817 [INFO] PluginManager:220 - loadIPPluginJar : add ts
2025-09-04 10:54:31,817 [INFO] IPUIPlugin:80 - create IPUIPlugin
2025-09-04 10:54:31,817 [INFO] PluginManager:220 - loadIPPluginJar : add tsc
2025-09-04 10:54:31,818 [INFO] IPUIPlugin:80 - create IPUIPlugin
2025-09-04 10:54:31,818 [INFO] PluginManager:220 - loadIPPluginJar : add ucpd
2025-09-04 10:54:31,820 [INFO] IPUIPlugin:80 - create IPUIPlugin
2025-09-04 10:54:31,820 [INFO] PluginManager:220 - loadIPPluginJar : add usart
2025-09-04 10:54:31,821 [INFO] IPUIPlugin:80 - create IPUIPlugin
2025-09-04 10:54:31,821 [INFO] PluginManager:220 - loadIPPluginJar : add usbx
2025-09-04 10:54:31,939 [FATAL] Updater:351 - Updater called before beeing initialized
2025-09-04 10:54:31,975 [INFO] RulesReader:64 - Compatibility file has been processed (302 Rules)
2025-09-04 10:54:31,982 [INFO] RulesReader:64 - Compatibility file has been processed (302 Rules)
2025-09-04 10:54:31,987 [INFO] CADModel:165 - CPN selected for project level
2025-09-04 10:54:31,987 [INFO] CADModel:114 - Register for checkConnection events
2025-09-04 10:54:31,987 [FATAL] Updater:351 - Updater called before beeing initialized
2025-09-04 10:54:31,987 [ERROR] CADModel:125 - Updater not yet initialized, retry later 
2025-09-04 10:54:32,079 [FATAL] Updater:351 - Updater called before beeing initialized
2025-09-04 10:54:32,079 [INFO] CADModel:165 - CPN selected for project level
2025-09-04 10:54:32,079 [INFO] CADModel:114 - Register for checkConnection events
2025-09-04 10:54:32,080 [FATAL] Updater:351 - Updater called before beeing initialized
2025-09-04 10:54:32,080 [ERROR] CADModel:125 - Updater not yet initialized, retry later 
2025-09-04 10:54:32,082 [FATAL] Updater:351 - Updater called before beeing initialized
2025-09-04 10:54:32,162 [FATAL] Updater:351 - Updater called before beeing initialized
2025-09-04 10:54:32,165 [INFO] DbMcusAds:53 - JSON generation date=Tue Jul 08 15:14:23 GMT+07:00 2025 (1751962463582)
2025-09-04 10:54:32,165 [FATAL] Updater:351 - Updater called before beeing initialized
2025-09-04 10:54:32,190 [WARN] DetailPanel:346 - Failed to get advertising image, set to default
2025-09-04 10:54:32,415 [FATAL] Updater:351 - Updater called before beeing initialized
2025-09-04 10:54:32,416 [FATAL] Updater:351 - Updater called before beeing initialized
2025-09-04 10:54:32,416 [FATAL] Updater:351 - Updater called before beeing initialized
2025-09-04 10:54:32,416 [WARN] DetailPanel:346 - Failed to get advertising image, set to default
2025-09-04 10:54:32,417 [FATAL] Updater:351 - Updater called before beeing initialized
2025-09-04 10:54:32,448 [ERROR] Updater:1198 - MainUpdater not yet initialized. External WinMGr cannot be set.
2025-09-04 10:54:32,449 [INFO] Updater:1134 - Updater Version found : 6.14.1
2025-09-04 10:54:32,465 [INFO] ApplicationProperties:184 - Using Application install path: D:\STM32CubeIDE_1.18.1\STM32CubeIDE\plugins\com.st.stm32cube.common.mx_6.14.1.202504091515
2025-09-04 10:54:34,035 [ERROR] LogOutputStream:75 - [STDERR_REDIRECT] Sep 04, 2025 10:54:34 AM java.util.prefs.WindowsPreferences <init>
2025-09-04 10:54:34,036 [ERROR] LogOutputStream:75 - [STDERR_REDIRECT] WARNING: Could not open/create prefs root node Software\JavaSoft\Prefs at root 0xffffffff80000002. Windows RegCreateKeyEx(...) returned error code 5.
2025-09-04 10:54:34,037 [ERROR] LogOutputStream:75 - [STDERR_REDIRECT] 
2025-09-04 10:54:34,364 [INFO] ThirdPartyUpdaterWithRetryManager:70 - Updater plugin not ready yet. [2/15]
2025-09-04 10:54:34,364 [INFO] MainUpdater:2872 - connection check result : 10
2025-09-04 10:54:34,365 [INFO] MainUpdater:289 - Updater Check For Update Now.
2025-09-04 10:54:34,365 [INFO] MicroXplorer:498 - Change Database Version : DB.6.0.141
2025-09-04 10:54:34,371 [INFO] McuFinderGlobals:63 - Set McuFinder mode to 2 (CubeIDE integrated)
2025-09-04 10:54:34,372 [INFO] UserAuth:484 - Internet connection configuration mode: 1
2025-09-04 10:54:34,383 [INFO] JxBrowserEngine:152 - Initiate JxBrowser Engine with user profile folder
2025-09-04 10:54:34,527 [INFO] CheckServerUpdateThread:120 - End of CheckServer Thread
2025-09-04 10:54:34,878 [INFO] WebApp:169 - Instantiating new browser for Auth
2025-09-04 10:54:35,393 [INFO] WebApp:463 - Apply proxy settings
2025-09-04 10:54:35,393 [INFO] WebApp:548 - Chromium requires no authentication
2025-09-04 10:54:35,398 [INFO] WebApp:491 - Direct internet connection detected
2025-09-04 10:54:35,415 [INFO] WebApp:894 - Register for checkConnection events
2025-09-04 10:54:35,415 [INFO] WebApp:463 - Apply proxy settings
2025-09-04 10:54:35,415 [INFO] WebApp:548 - Chromium requires no authentication
2025-09-04 10:54:35,415 [INFO] WebApp:491 - Direct internet connection detected
2025-09-04 10:54:35,571 [INFO] WebApp:225 - Starting web application
2025-09-04 10:54:35,571 [INFO] WebApp:593 - Web application path used D:\STM32CubeIDE_1.18.1\STM32CubeIDE\plugins\com.st.stm32cube.common.mx_6.14.1.202504091515\db\plugins\mcufinder\reactClient1\index.html
2025-09-04 10:54:35,653 [INFO] UserAuth:484 - Internet connection configuration mode: 1
2025-09-04 10:54:35,780 [INFO] WebApp:191 - Connection restablished
2025-09-04 10:54:37,668 [WARN] PackLoader:240 - Cannot read IP mode file for STMicroelectronics.FP-SNS-MOTENVWB1.1.4.0
2025-09-04 10:54:37,679 [WARN] PackLoader:240 - Cannot read IP mode file for STMicroelectronics.FP-ATR-ASTRA1.2.0.2
2025-09-04 10:54:37,686 [WARN] PackLoader:240 - Cannot read IP mode file for STMicroelectronics.FP-ATR-ASTRA1.2.0.1
2025-09-04 10:54:37,695 [WARN] PackLoader:240 - Cannot read IP mode file for STMicroelectronics.X-CUBE-SMBUS.2.1.0
2025-09-04 10:54:37,707 [WARN] PackLoader:240 - Cannot read IP mode file for STMicroelectronics.X-CUBE-WB05N.1.1.0
2025-09-04 10:54:37,715 [WARN] PackLoader:240 - Cannot read IP mode file for STMicroelectronics.X-CUBE-ST60.1.0.0
2025-09-04 10:54:37,724 [WARN] PackLoader:240 - Cannot read IP mode file for STMicroelectronics.X-CUBE-TOUCHGFX.4.23.0
2025-09-04 10:54:37,728 [WARN] PackLoader:240 - Cannot read IP mode file for STMicroelectronics.X-CUBE-TOUCHGFX.4.23.2
2025-09-04 10:54:37,775 [WARN] PackLoader:240 - Cannot read IP mode file for STMicroelectronics.X-CUBE-AZRTOS-F7.1.1.0
2025-09-04 10:54:37,786 [WARN] PackLoader:240 - Cannot read IP mode file for STMicroelectronics.FP-SNS-MOTENV1.4.3.2
2025-09-04 10:54:37,851 [WARN] PackLoader:240 - Cannot read IP mode file for STMicroelectronics.X-CUBE-MEMS1.11.0.0
2025-09-04 10:54:37,915 [ERROR] LogOutputStream:75 - [STDERR_REDIRECT] 
2025-09-04 18:15:49,469 [INFO] Activator:176 - 


2025-09-04 18:15:49,472 [INFO] Activator:177 - !SESSION log4j initialized
2025-09-04 18:15:54,063 [INFO] LogOutputStream:77 - [STDOUT_REDIRECT] 
2025-09-04 18:15:54,675 [INFO] ApplicationProperties:184 - Using Application install path: D:\STM32CubeIDE_1.18.1\STM32CubeIDE\plugins\com.st.stm32cube.common.mx_6.14.1.202504091515
2025-09-04 18:15:54,691 [INFO] DbMcusXml:78 - Set database path to: D:\STM32CubeIDE_1.18.1\STM32CubeIDE\plugins\com.st.stm32cube.common.mx_6.14.1.202504091515\\db\/mcu/
2025-09-04 18:15:54,691 [INFO] ApiDb:274 - Set plugin database path to: D:\STM32CubeIDE_1.18.1\STM32CubeIDE\plugins\com.st.stm32cube.common.mx_6.14.1.202504091515\\db\/plugins/boardmanager/
2025-09-04 18:15:54,692 [WARN] ApiDb:259 - Overriding images path with different value:  => D:\STM32CubeIDE_1.18.1\STM32CubeIDE\plugins\com.st.stm32cube.common.mx_6.14.1.202504091515\\db\/plugins/mcufinder/images/
2025-09-04 18:15:54,698 [INFO] ApiDb:250 - Set database path to: C:\Users\ADMIN\.stmcufinder\plugins\mcufinder//mcu/
2025-09-04 18:15:54,699 [INFO] DbMcusAds:125 - Set database path to: C:\Users\ADMIN\.stmcufinder\plugins\mcufinder//mcu/
2025-09-04 18:15:54,701 [INFO] CrossReferenceDbSqlite:203 - Set database path to: C:\Users\ADMIN\.stmcufinder\plugins\mcufinder//mcu/cs/
2025-09-04 18:15:54,797 [INFO] RulesReader:64 - Compatibility file has been processed (302 Rules)
2025-09-04 18:15:54,872 [INFO] DbMcusXml:78 - Set database path to: D:\STM32CubeIDE_1.18.1\STM32CubeIDE\plugins\com.st.stm32cube.common.mx_6.14.1.202504091515\\db\/mcu/
2025-09-04 18:15:54,872 [INFO] ApiDb:274 - Set plugin database path to: D:\STM32CubeIDE_1.18.1\STM32CubeIDE\plugins\com.st.stm32cube.common.mx_6.14.1.202504091515\\db\/plugins/boardmanager/
2025-09-04 18:15:54,873 [INFO] ApiDb:261 - Set plugin images path to: D:\STM32CubeIDE_1.18.1\STM32CubeIDE\plugins\com.st.stm32cube.common.mx_6.14.1.202504091515\\db\/plugins/mcufinder/images/
2025-09-04 18:15:54,873 [WARN] DbFile:41 - Overriding database path with different value: C:\Users\ADMIN\.stmcufinder\plugins\mcufinder/ => C:\Users\ADMIN\.stmcufinder\plugins\mcufinder
2025-09-04 18:15:54,873 [INFO] ApiDb:250 - Set database path to: C:\Users\ADMIN\.stmcufinder\plugins\mcufinder//mcu/
2025-09-04 18:15:54,873 [WARN] DbFile:41 - Overriding database path with different value: C:\Users\ADMIN\.stmcufinder\plugins\mcufinder/ => C:\Users\ADMIN\.stmcufinder\plugins\mcufinder
2025-09-04 18:15:54,873 [INFO] DbMcusAds:125 - Set database path to: C:\Users\ADMIN\.stmcufinder\plugins\mcufinder//mcu/
2025-09-04 18:15:54,873 [WARN] DbFile:41 - Overriding database path with different value: C:\Users\ADMIN\.stmcufinder\plugins\mcufinder/ => C:\Users\ADMIN\.stmcufinder\plugins\mcufinder
2025-09-04 18:15:54,873 [WARN] DbFile:41 - Overriding database path with different value: C:\Users\ADMIN\.stmcufinder\plugins\mcufinder/ => C:\Users\ADMIN\.stmcufinder\plugins\mcufinder
2025-09-04 18:15:54,873 [INFO] CrossReferenceDbSqlite:203 - Set database path to: C:\Users\ADMIN\.stmcufinder\plugins\mcufinder//mcu/cs/
2025-09-04 18:15:54,964 [INFO] MainPanel:272 - HeapMemory: 268435456
2025-09-04 18:15:55,064 [INFO] DbMcusXml:78 - Set database path to: D:\STM32CubeIDE_1.18.1\STM32CubeIDE\plugins\com.st.stm32cube.common.mx_6.14.1.202504091515\\db\/mcu/
2025-09-04 18:15:55,064 [INFO] ApiDb:274 - Set plugin database path to: D:\STM32CubeIDE_1.18.1\STM32CubeIDE\plugins\com.st.stm32cube.common.mx_6.14.1.202504091515\\db\/plugins/boardmanager/
2025-09-04 18:15:55,064 [INFO] ApiDb:261 - Set plugin images path to: D:\STM32CubeIDE_1.18.1\STM32CubeIDE\plugins\com.st.stm32cube.common.mx_6.14.1.202504091515\\db\/plugins/mcufinder/images/
2025-09-04 18:15:55,066 [WARN] DbFile:41 - Overriding database path with different value: C:\Users\ADMIN\.stmcufinder\plugins\mcufinder/ => C:\Users\ADMIN\.stmcufinder\plugins\mcufinder
2025-09-04 18:15:55,066 [INFO] ApiDb:250 - Set database path to: C:\Users\ADMIN\.stmcufinder\plugins\mcufinder//mcu/
2025-09-04 18:15:55,066 [WARN] DbFile:41 - Overriding database path with different value: C:\Users\ADMIN\.stmcufinder\plugins\mcufinder/ => C:\Users\ADMIN\.stmcufinder\plugins\mcufinder
2025-09-04 18:15:55,066 [INFO] DbMcusAds:125 - Set database path to: C:\Users\ADMIN\.stmcufinder\plugins\mcufinder//mcu/
2025-09-04 18:15:55,066 [WARN] DbFile:41 - Overriding database path with different value: C:\Users\ADMIN\.stmcufinder\plugins\mcufinder/ => C:\Users\ADMIN\.stmcufinder\plugins\mcufinder
2025-09-04 18:15:55,066 [WARN] DbFile:41 - Overriding database path with different value: C:\Users\ADMIN\.stmcufinder\plugins\mcufinder/ => C:\Users\ADMIN\.stmcufinder\plugins\mcufinder
2025-09-04 18:15:55,066 [INFO] CrossReferenceDbSqlite:203 - Set database path to: C:\Users\ADMIN\.stmcufinder\plugins\mcufinder//mcu/cs/
2025-09-04 18:15:55,081 [INFO] ApplicationProperties:184 - Using Application install path: D:\STM32CubeIDE_1.18.1\STM32CubeIDE\plugins\com.st.stm32cube.common.mx_6.14.1.202504091515
2025-09-04 18:15:55,082 [INFO] PluginManage:196 - Search for loadable plugins [exclusion list=, ]
2025-09-04 18:15:55,084 [INFO] PluginManage:310 - Check plugin analytics
2025-09-04 18:15:55,250 [INFO] AnalyticsPlugin:253 - Accepted Software Licenses: STM32CubeMX.6.12.0
2025-09-04 18:15:55,250 [INFO] AnalyticsPlugin:255 - Accepted CMSIS Pack Licenses: 
2025-09-04 18:15:55,251 [INFO] AnalyticsPlugin:257 - Accepted Firmware Licenses: FW.F4.1.28.0,FW.H5.1.1.0,FW.H7.1.11.0
2025-09-04 18:15:55,252 [INFO] PluginManage:359 - Loaded plugin analytics (category:tool,tabindex:-1)
2025-09-04 18:15:55,253 [INFO] PluginManage:310 - Check plugin cadmodel
2025-09-04 18:15:55,258 [INFO] CADModel:105 - Init CAD model plugin
2025-09-04 18:15:55,258 [INFO] PluginManage:359 - Loaded plugin cadmodel (category:power,tabindex:5)
2025-09-04 18:15:55,259 [INFO] PluginManage:310 - Check plugin clock
2025-09-04 18:15:55,271 [INFO] PluginManage:359 - Loaded plugin clock (category:base,tabindex:2)
2025-09-04 18:15:55,311 [INFO] PluginManage:310 - Check plugin ddr
2025-09-04 18:15:55,313 [INFO] PluginManage:359 - Loaded plugin ddr (category:tool,tabindex:6)
2025-09-04 18:15:55,314 [INFO] PluginManage:310 - Check plugin filemanager
2025-09-04 18:15:55,429 [INFO] PluginManage:359 - Loaded plugin filemanager (category:base,tabindex:10)
2025-09-04 18:15:55,429 [INFO] PluginManage:310 - Check plugin ipmanager
2025-09-04 18:15:55,435 [INFO] PluginManage:359 - Loaded plugin ipmanager (category:base,tabindex:5)
2025-09-04 18:15:55,436 [INFO] PluginManage:310 - Check plugin lpbam
2025-09-04 18:15:55,441 [INFO] PluginManage:359 - Loaded plugin lpbam (category:base,tabindex:0)
2025-09-04 18:15:55,442 [INFO] PluginManage:310 - Check plugin memorymap
2025-09-04 18:15:55,452 [INFO] PluginManage:359 - Loaded plugin memorymap (category:base,tabindex:4)
2025-09-04 18:15:55,452 [INFO] PluginManage:310 - Check plugin pinoutandconfiguration
2025-09-04 18:15:55,459 [INFO] PluginManage:359 - Loaded plugin pinoutandconfiguration (category:base,tabindex:1)
2025-09-04 18:15:55,459 [INFO] PluginManage:310 - Check plugin pinoutconfig
2025-09-04 18:15:55,525 [WARN] SupportedApi:132 - Cannot load RTOS API schema: s4s-elt-must-match.1: The content of 'definitions' must match (annotation?, (simpleType | complexType)?, (unique | key | keyref)*)). A problem was found starting at: attribute.
2025-09-04 18:15:55,636 [INFO] PluginManage:359 - Loaded plugin pinoutconfig (category:base,tabindex:0)
2025-09-04 18:15:55,636 [INFO] PluginManage:310 - Check plugin power
2025-09-04 18:15:55,644 [INFO] PluginManage:359 - Loaded plugin power (category:power,tabindex:4)
2025-09-04 18:15:55,644 [INFO] PluginManage:310 - Check plugin projectmanager
2025-09-04 18:15:55,657 [INFO] PluginManage:359 - Loaded plugin projectmanager (category:projectmanager,tabindex:4)
2025-09-04 18:15:55,657 [INFO] PluginManage:310 - Check plugin rif
2025-09-04 18:15:55,663 [INFO] PluginManage:359 - Loaded plugin rif (category:base,tabindex:3)
2025-09-04 18:15:55,663 [INFO] PluginManage:310 - Check plugin thirdparty
2025-09-04 18:15:55,802 [INFO] PluginManage:359 - Loaded plugin thirdparty (category:base,tabindex:-1)
2025-09-04 18:15:55,802 [WARN] IntegrityCheckThread:84 - waiting for thirdparty lock release [integrity check]
2025-09-04 18:15:55,802 [INFO] IntegrityCheckThread:86 - entering critical section [integrity check]
2025-09-04 18:15:55,802 [INFO] PluginManage:310 - Check plugin tools
2025-09-04 18:15:55,802 [INFO] ThirdPartyUpdaterWithRetryManager:70 - Updater plugin not ready yet. [1/15]
2025-09-04 18:15:55,805 [INFO] PluginManage:359 - Loaded plugin tools (category:base,tabindex:7)
2025-09-04 18:15:55,805 [INFO] PluginManage:310 - Check plugin tutovideos
2025-09-04 18:15:56,004 [INFO] PluginManage:359 - Loaded plugin tutovideos (category:base,tabindex:-1)
2025-09-04 18:15:56,004 [INFO] PluginManage:310 - Check plugin updater
2025-09-04 18:15:56,021 [INFO] PluginManage:359 - Loaded plugin updater (category:base,tabindex:12)
2025-09-04 18:15:56,021 [INFO] PluginManage:310 - Check plugin userauth
2025-09-04 18:15:56,024 [INFO] UserAuth:118 - Init User Auth plugin
2025-09-04 18:15:56,024 [INFO] PluginManage:359 - Loaded plugin userauth (category:base,tabindex:14)
2025-09-04 18:15:56,024 [INFO] PluginManage:283 - PluginManage : Loaded plugins [18]
2025-09-04 18:15:56,173 [INFO] PinOutPanel:1589 - setPackage(No Configuration,No Configuration)
2025-09-04 18:15:56,242 [INFO] CADModel:165 - CPN selected for project level
2025-09-04 18:15:56,242 [INFO] CADModel:114 - Register for checkConnection events
2025-09-04 18:15:56,257 [INFO] IPUIPlugin:80 - create IPUIPlugin
2025-09-04 18:15:56,257 [INFO] PluginManager:220 - loadIPPluginJar : add adc
2025-09-04 18:15:56,259 [INFO] IPUIPlugin:80 - create IPUIPlugin
2025-09-04 18:15:56,259 [INFO] PluginManager:220 - loadIPPluginJar : add aes
2025-09-04 18:15:56,261 [INFO] IPUIPlugin:80 - create IPUIPlugin
2025-09-04 18:15:56,261 [INFO] PluginManager:220 - loadIPPluginJar : add can
2025-09-04 18:15:56,262 [INFO] IPUIPlugin:80 - create IPUIPlugin
2025-09-04 18:15:56,262 [INFO] PluginManager:220 - loadIPPluginJar : add comp
2025-09-04 18:15:56,265 [INFO] IPUIPlugin:80 - create IPUIPlugin
2025-09-04 18:15:56,265 [INFO] PluginManager:220 - loadIPPluginJar : add cryp
2025-09-04 18:15:56,267 [INFO] IPUIPlugin:80 - create IPUIPlugin
2025-09-04 18:15:56,267 [INFO] PluginManager:220 - loadIPPluginJar : add ddr_ctrl_phy
2025-09-04 18:15:56,268 [INFO] IPUIPlugin:80 - create IPUIPlugin
2025-09-04 18:15:56,268 [INFO] PluginManager:220 - loadIPPluginJar : add dfsdm
2025-09-04 18:15:56,272 [INFO] IPUIPlugin:80 - create IPUIPlugin
2025-09-04 18:15:56,272 [INFO] PluginManager:220 - loadIPPluginJar : add dma
2025-09-04 18:15:56,274 [INFO] IPUIPlugin:80 - create IPUIPlugin
2025-09-04 18:15:56,274 [INFO] PluginManager:220 - loadIPPluginJar : add dma3
2025-09-04 18:15:56,276 [INFO] IPUIPlugin:80 - create IPUIPlugin
2025-09-04 18:15:56,276 [INFO] PluginManager:220 - loadIPPluginJar : add extmemmanager
2025-09-04 18:15:56,278 [INFO] IPUIPlugin:80 - create IPUIPlugin
2025-09-04 18:15:56,278 [INFO] PluginManager:220 - loadIPPluginJar : add fatfs
2025-09-04 18:15:56,280 [INFO] IPUIPlugin:80 - create IPUIPlugin
2025-09-04 18:15:56,280 [INFO] PluginManager:220 - loadIPPluginJar : add fmc
2025-09-04 18:15:56,286 [INFO] IPUIPlugin:80 - create IPUIPlugin
2025-09-04 18:15:56,286 [INFO] PluginManager:220 - loadIPPluginJar : add freertos
2025-09-04 18:15:56,287 [INFO] IPUIPlugin:80 - create IPUIPlugin
2025-09-04 18:15:56,287 [INFO] PluginManager:220 - loadIPPluginJar : add genericplugin
2025-09-04 18:15:56,288 [INFO] IPUIPlugin:80 - create IPUIPlugin
2025-09-04 18:15:56,288 [INFO] PluginManager:220 - loadIPPluginJar : add gfxmmu
2025-09-04 18:15:56,291 [INFO] IPUIPlugin:80 - create IPUIPlugin
2025-09-04 18:15:56,291 [INFO] PluginManager:220 - loadIPPluginJar : add gic
2025-09-04 18:15:56,294 [INFO] IPUIPlugin:80 - create IPUIPlugin
2025-09-04 18:15:56,294 [INFO] PluginManager:220 - loadIPPluginJar : add gpio
2025-09-04 18:15:56,296 [INFO] IPUIPlugin:80 - create IPUIPlugin
2025-09-04 18:15:56,296 [INFO] PluginManager:220 - loadIPPluginJar : add gtzc
2025-09-04 18:15:56,297 [INFO] IPUIPlugin:80 - create IPUIPlugin
2025-09-04 18:15:56,297 [INFO] PluginManager:220 - loadIPPluginJar : add hash
2025-09-04 18:15:56,300 [INFO] IPUIPlugin:80 - create IPUIPlugin
2025-09-04 18:15:56,300 [INFO] PluginManager:220 - loadIPPluginJar : add i2c
2025-09-04 18:15:56,301 [INFO] IPUIPlugin:80 - create IPUIPlugin
2025-09-04 18:15:56,301 [INFO] PluginManager:220 - loadIPPluginJar : add i2s
2025-09-04 18:15:56,303 [INFO] IPUIPlugin:80 - create IPUIPlugin
2025-09-04 18:15:56,303 [INFO] PluginManager:220 - loadIPPluginJar : add i3c
2025-09-04 18:15:56,305 [INFO] IPUIPlugin:80 - create IPUIPlugin
2025-09-04 18:15:56,305 [INFO] PluginManager:220 - loadIPPluginJar : add ipddr
2025-09-04 18:15:56,310 [INFO] IPUIPlugin:80 - create IPUIPlugin
2025-09-04 18:15:56,310 [INFO] PluginManager:220 - loadIPPluginJar : add linkedlist
2025-09-04 18:15:56,313 [INFO] IPUIPlugin:80 - create IPUIPlugin
2025-09-04 18:15:56,313 [INFO] PluginManager:220 - loadIPPluginJar : add lorawan
2025-09-04 18:15:56,314 [INFO] IPUIPlugin:80 - create IPUIPlugin
2025-09-04 18:15:56,314 [INFO] PluginManager:220 - loadIPPluginJar : add ltdc
2025-09-04 18:15:56,318 [INFO] IPUIPlugin:80 - create IPUIPlugin
2025-09-04 18:15:56,318 [INFO] PluginManager:220 - loadIPPluginJar : add mdma
2025-09-04 18:15:56,320 [INFO] IPUIPlugin:80 - create IPUIPlugin
2025-09-04 18:15:56,320 [INFO] PluginManager:220 - loadIPPluginJar : add nvic
2025-09-04 18:15:56,322 [INFO] IPUIPlugin:80 - create IPUIPlugin
2025-09-04 18:15:56,322 [INFO] PluginManager:220 - loadIPPluginJar : add opamp
2025-09-04 18:15:56,324 [INFO] IPUIPlugin:80 - create IPUIPlugin
2025-09-04 18:15:56,324 [INFO] PluginManager:220 - loadIPPluginJar : add openamp
2025-09-04 18:15:56,325 [INFO] IPUIPlugin:80 - create IPUIPlugin
2025-09-04 18:15:56,327 [INFO] PluginManager:220 - loadIPPluginJar : add pdm2pcm
2025-09-04 18:15:56,330 [INFO] IPUIPlugin:80 - create IPUIPlugin
2025-09-04 18:15:56,333 [INFO] PluginManager:220 - loadIPPluginJar : add plateformsettings
2025-09-04 18:15:56,334 [INFO] IPUIPlugin:80 - create IPUIPlugin
2025-09-04 18:15:56,334 [INFO] PluginManager:220 - loadIPPluginJar : add quadspi
2025-09-04 18:15:56,336 [INFO] IPUIPlugin:80 - create IPUIPlugin
2025-09-04 18:15:56,336 [INFO] PluginManager:220 - loadIPPluginJar : add radio
2025-09-04 18:15:56,340 [INFO] IPUIPlugin:80 - create IPUIPlugin
2025-09-04 18:15:56,340 [INFO] PluginManager:220 - loadIPPluginJar : add resmgrutility
2025-09-04 18:15:56,342 [INFO] IPUIPlugin:80 - create IPUIPlugin
2025-09-04 18:15:56,342 [INFO] PluginManager:220 - loadIPPluginJar : add sai
2025-09-04 18:15:56,343 [INFO] IPUIPlugin:80 - create IPUIPlugin
2025-09-04 18:15:56,343 [INFO] PluginManager:220 - loadIPPluginJar : add spi
2025-09-04 18:15:56,347 [INFO] IPUIPlugin:80 - create IPUIPlugin
2025-09-04 18:15:56,348 [INFO] PluginManager:220 - loadIPPluginJar : add stm32_wpan
2025-09-04 18:15:56,349 [INFO] IPUIPlugin:80 - create IPUIPlugin
2025-09-04 18:15:56,349 [INFO] PluginManager:220 - loadIPPluginJar : add tim
2025-09-04 18:15:56,351 [INFO] IPUIPlugin:80 - create IPUIPlugin
2025-09-04 18:15:56,351 [INFO] PluginManager:220 - loadIPPluginJar : add touchsensing
2025-09-04 18:15:56,354 [INFO] IPUIPlugin:80 - create IPUIPlugin
2025-09-04 18:15:56,354 [INFO] PluginManager:220 - loadIPPluginJar : add tracer_emb
2025-09-04 18:15:56,355 [INFO] IPUIPlugin:80 - create IPUIPlugin
2025-09-04 18:15:56,355 [INFO] PluginManager:220 - loadIPPluginJar : add ts
2025-09-04 18:15:56,356 [INFO] IPUIPlugin:80 - create IPUIPlugin
2025-09-04 18:15:56,356 [INFO] PluginManager:220 - loadIPPluginJar : add tsc
2025-09-04 18:15:56,357 [INFO] IPUIPlugin:80 - create IPUIPlugin
2025-09-04 18:15:56,357 [INFO] PluginManager:220 - loadIPPluginJar : add ucpd
2025-09-04 18:15:56,359 [INFO] IPUIPlugin:80 - create IPUIPlugin
2025-09-04 18:15:56,359 [INFO] PluginManager:220 - loadIPPluginJar : add usart
2025-09-04 18:15:56,361 [INFO] IPUIPlugin:80 - create IPUIPlugin
2025-09-04 18:15:56,361 [INFO] PluginManager:220 - loadIPPluginJar : add usbx
2025-09-04 18:15:56,474 [FATAL] Updater:351 - Updater called before beeing initialized
2025-09-04 18:15:56,495 [INFO] RulesReader:64 - Compatibility file has been processed (302 Rules)
2025-09-04 18:15:56,503 [INFO] RulesReader:64 - Compatibility file has been processed (302 Rules)
2025-09-04 18:15:56,508 [INFO] CADModel:165 - CPN selected for project level
2025-09-04 18:15:56,508 [INFO] CADModel:114 - Register for checkConnection events
2025-09-04 18:15:56,508 [FATAL] Updater:351 - Updater called before beeing initialized
2025-09-04 18:15:56,508 [ERROR] CADModel:125 - Updater not yet initialized, retry later 
2025-09-04 18:15:56,663 [FATAL] Updater:351 - Updater called before beeing initialized
2025-09-04 18:15:56,665 [INFO] CADModel:165 - CPN selected for project level
2025-09-04 18:15:56,665 [INFO] CADModel:114 - Register for checkConnection events
2025-09-04 18:15:56,665 [FATAL] Updater:351 - Updater called before beeing initialized
2025-09-04 18:15:56,665 [ERROR] CADModel:125 - Updater not yet initialized, retry later 
2025-09-04 18:15:56,668 [FATAL] Updater:351 - Updater called before beeing initialized
2025-09-04 18:15:56,744 [FATAL] Updater:351 - Updater called before beeing initialized
2025-09-04 18:15:56,750 [INFO] DbMcusAds:53 - JSON generation date=Tue Jul 08 15:14:23 GMT+07:00 2025 (1751962463582)
2025-09-04 18:15:56,750 [FATAL] Updater:351 - Updater called before beeing initialized
2025-09-04 18:15:56,788 [WARN] DetailPanel:346 - Failed to get advertising image, set to default
2025-09-04 18:15:57,000 [FATAL] Updater:351 - Updater called before beeing initialized
2025-09-04 18:15:57,002 [FATAL] Updater:351 - Updater called before beeing initialized
2025-09-04 18:15:57,002 [FATAL] Updater:351 - Updater called before beeing initialized
2025-09-04 18:15:57,002 [WARN] DetailPanel:346 - Failed to get advertising image, set to default
2025-09-04 18:15:57,003 [FATAL] Updater:351 - Updater called before beeing initialized
2025-09-04 18:15:57,042 [ERROR] Updater:1198 - MainUpdater not yet initialized. External WinMGr cannot be set.
2025-09-04 18:15:57,044 [INFO] Updater:1134 - Updater Version found : 6.14.1
2025-09-04 18:15:57,061 [INFO] ApplicationProperties:184 - Using Application install path: D:\STM32CubeIDE_1.18.1\STM32CubeIDE\plugins\com.st.stm32cube.common.mx_6.14.1.202504091515
2025-09-04 18:15:58,629 [ERROR] LogOutputStream:75 - [STDERR_REDIRECT] Sep 04, 2025 6:15:58 PM java.util.prefs.WindowsPreferences <init>
2025-09-04 18:15:58,630 [ERROR] LogOutputStream:75 - [STDERR_REDIRECT] WARNING: Could not open/create prefs root node Software\JavaSoft\Prefs at root 0xffffffff80000002. Windows RegCreateKeyEx(...) returned error code 5.
2025-09-04 18:15:58,630 [ERROR] LogOutputStream:75 - [STDERR_REDIRECT] 
2025-09-04 18:15:58,804 [INFO] ThirdPartyUpdaterWithRetryManager:70 - Updater plugin not ready yet. [2/15]
2025-09-04 18:15:58,963 [INFO] MainUpdater:2872 - connection check result : 10
2025-09-04 18:15:58,963 [INFO] MainUpdater:289 - Updater Check For Update Now.
2025-09-04 18:15:58,963 [INFO] MicroXplorer:498 - Change Database Version : DB.6.0.141
2025-09-04 18:15:58,969 [INFO] McuFinderGlobals:63 - Set McuFinder mode to 2 (CubeIDE integrated)
2025-09-04 18:15:58,970 [INFO] UserAuth:484 - Internet connection configuration mode: 1
2025-09-04 18:15:58,985 [INFO] JxBrowserEngine:152 - Initiate JxBrowser Engine with user profile folder
2025-09-04 18:15:59,126 [INFO] CheckServerUpdateThread:120 - End of CheckServer Thread
2025-09-04 18:16:00,102 [INFO] WebApp:169 - Instantiating new browser for Auth
2025-09-04 18:16:00,698 [INFO] WebApp:463 - Apply proxy settings
2025-09-04 18:16:00,698 [INFO] WebApp:548 - Chromium requires no authentication
2025-09-04 18:16:00,705 [INFO] WebApp:491 - Direct internet connection detected
2025-09-04 18:16:00,726 [INFO] WebApp:894 - Register for checkConnection events
2025-09-04 18:16:00,727 [INFO] WebApp:463 - Apply proxy settings
2025-09-04 18:16:00,727 [INFO] WebApp:548 - Chromium requires no authentication
2025-09-04 18:16:00,727 [INFO] WebApp:491 - Direct internet connection detected
2025-09-04 18:16:00,879 [INFO] WebApp:225 - Starting web application
2025-09-04 18:16:00,879 [INFO] WebApp:593 - Web application path used D:\STM32CubeIDE_1.18.1\STM32CubeIDE\plugins\com.st.stm32cube.common.mx_6.14.1.202504091515\db\plugins\mcufinder\reactClient1\index.html
2025-09-04 18:16:01,029 [INFO] WebApp:191 - Connection restablished
2025-09-04 18:16:01,042 [INFO] UserAuth:484 - Internet connection configuration mode: 1
2025-09-04 18:16:01,950 [WARN] PackLoader:240 - Cannot read IP mode file for STMicroelectronics.FP-SNS-MOTENVWB1.1.4.0
2025-09-04 18:16:01,957 [WARN] PackLoader:240 - Cannot read IP mode file for STMicroelectronics.FP-ATR-ASTRA1.2.0.2
2025-09-04 18:16:01,962 [WARN] PackLoader:240 - Cannot read IP mode file for STMicroelectronics.FP-ATR-ASTRA1.2.0.1
2025-09-04 18:16:01,971 [WARN] PackLoader:240 - Cannot read IP mode file for STMicroelectronics.X-CUBE-SMBUS.2.1.0
2025-09-04 18:16:01,979 [WARN] PackLoader:240 - Cannot read IP mode file for STMicroelectronics.X-CUBE-WB05N.1.1.0
2025-09-04 18:16:01,984 [WARN] PackLoader:240 - Cannot read IP mode file for STMicroelectronics.X-CUBE-ST60.1.0.0
2025-09-04 18:16:01,990 [WARN] PackLoader:240 - Cannot read IP mode file for STMicroelectronics.X-CUBE-TOUCHGFX.4.23.0
2025-09-04 18:16:01,991 [WARN] PackLoader:240 - Cannot read IP mode file for STMicroelectronics.X-CUBE-TOUCHGFX.4.23.2
2025-09-04 18:16:02,014 [WARN] PackLoader:240 - Cannot read IP mode file for STMicroelectronics.X-CUBE-AZRTOS-F7.1.1.0
2025-09-04 18:16:02,034 [WARN] PackLoader:240 - Cannot read IP mode file for STMicroelectronics.FP-SNS-MOTENV1.4.3.2
2025-09-04 18:16:02,118 [WARN] PackLoader:240 - Cannot read IP mode file for STMicroelectronics.X-CUBE-MEMS1.11.0.0
2025-09-04 18:16:02,253 [WARN] PackLoader:240 - Cannot read IP mode file for STMicroelectronics.FP-SNS-FLIGHT1.5.0.2
2025-09-04 18:16:02,270 [WARN] PackLoader:240 - Cannot read IP mode file for Infineon.AIROC-Wi-Fi-Bluetooth-STM32.1.7.0
2025-09-04 18:16:02,299 [WARN] PackLoader:240 - Cannot read IP mode file for STMicroelectronics.X-CUBE-AZRTOS-H7.3.4.0
2025-09-04 18:16:02,312 [WARN] PackLoader:240 - Cannot read IP mode file for STMicroelectronics.X-CUBE-DISPLAY.3.0.0
2025-09-04 18:16:02,322 [WARN] PackLoader:240 - Cannot read IP mode file for STMicroelectronics.X-CUBE-BLE1.7.0.0
2025-09-04 18:16:02,332 [WARN] PackLoader:240 - Cannot read IP mode file for STMicroelectronics.X-CUBE-NFC10.1.0.0
2025-09-04 18:16:02,345 [WARN] PackLoader:240 - Cannot read IP mode file for STMicroelectronics.X-CUBE-BLEMGR.4.0.0
2025-09-04 18:16:02,355 [WARN] PackLoader:240 - Cannot read IP mode file for emotas.I-CUBE-CANOPEN.1.3.0
2025-09-04 18:16:02,361 [WARN] ConditionMgr:438 - getConditionDescription Invalid condition id : Cortex-A Device cause : null
2025-09-04 18:16:02,374 [WARN] ConditionMgr:1044 - genDependencies : Invalid condition id : Cortex-A Device cause : null
2025-09-04 18:16:02,375 [WARN] ConditionMgr:1044 - genDependencies : Invalid condition id : Cortex-A Device cause : null
2025-09-04 18:16:02,375 [WARN] ConditionMgr:1044 - genDependencies : Invalid condition id : Cortex-A Device cause : null
2025-09-04 18:16:02,384 [WARN] PackLoader:240 - Cannot read IP mode file for STMicroelectronics.X-CUBE-BLEMGR.3.1.0
2025-09-04 18:16:02,390 [WARN] PackLoader:240 - Cannot read IP mode file for STMicroelectronics.X-CUBE-AI.10.0.0
2025-09-04 18:16:02,413 [ERROR] Engine:466 - C:\Users\ADMIN\.stm32cubemx\thirdparties\pdsc\STMicroelectronics.FP-SNS-STBOX1.2.1.0.pdsc: PDSC version is not supported
2025-09-04 18:16:02,421 [WARN] PackLoader:240 - Cannot read IP mode file for STMicroelectronics.FP-SNS-SMARTAG2.1.2.0
2025-09-04 18:16:02,428 [WARN] PackLoader:240 - Cannot read IP mode file for STMicroelectronics.FP-SNS-FLIGHT1.5.1.0
2025-09-04 18:16:02,471 [WARN] PackLoader:240 - Cannot read IP mode file for STMicroelectronics.X-CUBE-MEMS1.11.1.0
2025-09-04 18:16:02,583 [INFO] LogOutputStream:77 - [STDOUT_REDIRECT] 1 : Invalid condition id : UX_CORESTACK_Condition cause : null
2025-09-04 18:16:02,584 [INFO] LogOutputStream:77 - [STDOUT_REDIRECT] 1 : Invalid condition id : UX_CORESTACK_Condition cause : null
2025-09-04 18:16:02,585 [INFO] LogOutputStream:77 - [STDOUT_REDIRECT] 1 : Invalid condition id : UX_CORESTACK_Condition cause : null
2025-09-04 18:16:02,585 [INFO] LogOutputStream:77 - [STDOUT_REDIRECT] 1 : Invalid condition id : UX_CORESTACK_Condition cause : null
2025-09-04 18:16:02,586 [INFO] LogOutputStream:77 - [STDOUT_REDIRECT] 1 : Invalid condition id : UX_CORESTACK_Condition cause : null
2025-09-04 18:16:02,589 [WARN] PackLoader:240 - Cannot read IP mode file for STMicroelectronics.X-CUBE-AZRTOS-WL.2.0.0
2025-09-04 18:16:02,593 [WARN] PackLoader:240 - Cannot read IP mode file for STMicroelectronics.FP-SNS-MOTENV1.5.0.0
2025-09-04 18:16:02,600 [WARN] PackLoader:240 - Cannot read IP mode file for wolfSSL.I-CUBE-wolfMQTT.1.19.0
2025-09-04 18:16:02,607 [WARN] PackLoader:240 - Cannot read IP mode file for WES.I-CUBE-Cesium.1.3.0
2025-09-04 18:16:02,611 [WARN] PackLoader:240 - Cannot read IP mode file for STMicroelectronics.X-CUBE-BLE2.3.3.0
2025-09-04 18:16:02,617 [WARN] PackLoader:240 - Cannot read IP mode file for STMicroelectronics.X-CUBE-NFC9.1.0.0
2025-09-04 18:16:02,622 [WARN] PackLoader:240 - Cannot read IP mode file for wolfSSL.I-CUBE-wolfSSL.5.8.0
2025-09-04 18:16:02,627 [WARN] PackLoader:240 - Cannot read IP mode file for STMicroelectronics.X-CUBE-BLE1.7.1.0
2025-09-04 18:16:02,630 [WARN] PackLoader:240 - Cannot read IP mode file for wolfSSL.I-CUBE-wolfMQTT.1.19.2
2025-09-04 18:16:02,637 [WARN] PackLoader:240 - Cannot read IP mode file for STMicroelectronics.X-CUBE-TCPP.4.1.0
2025-09-04 18:16:02,643 [WARN] PackLoader:240 - Cannot read IP mode file for STMicroelectronics.X-CUBE-EEPRMA1.5.2.0
2025-09-04 18:16:02,647 [WARN] PackLoader:240 - Cannot read IP mode file for STMicroelectronics.X-CUBE-AI.10.1.0
2025-09-04 18:16:02,652 [WARN] PackLoader:240 - Cannot read IP mode file for STMicroelectronics.X-CUBE-ALGOBUILD.1.3.0
2025-09-04 18:16:02,693 [WARN] PackLoader:240 - Cannot read IP mode file for STMicroelectronics.X-CUBE-MEMS1.11.2.0
2025-09-04 18:16:02,905 [WARN] PackLoader:240 - Cannot read IP mode file for STMicroelectronics.X-CUBE-AZRTOS-G0.1.1.0
2025-09-04 18:16:02,933 [WARN] PackLoader:240 - Cannot read IP mode file for STMicroelectronics.X-CUBE-SAFEA1.1.2.2
2025-09-04 18:16:02,939 [WARN] PackLoader:240 - Cannot read IP mode file for STMicroelectronics.X-CUBE-NFC4.3.0.0
2025-09-04 18:16:02,949 [WARN] PackLoader:240 - Cannot read IP mode file for EmbeddedOffice.I-CUBE-FS-RTOS.1.0.1
2025-09-04 18:16:02,955 [WARN] PackLoader:240 - Cannot read IP mode file for STMicroelectronics.X-CUBE-WB05N.2.0.0
2025-09-04 18:16:02,967 [WARN] PackLoader:240 - Cannot read IP mode file for STMicroelectronics.X-CUBE-BLEMGR.3.0.0
2025-09-04 18:16:02,975 [WARN] PackLoader:240 - Cannot read IP mode file for wolfSSL.I-CUBE-wolfTPM.3.8.0
2025-09-04 18:16:02,981 [WARN] PackLoader:240 - Cannot read IP mode file for STMicroelectronics.X-CUBE-TCPP.4.2.0
2025-09-04 18:16:02,988 [WARN] PackLoader:240 - Cannot read IP mode file for RealThread.X-CUBE-RT-Thread_Nano.4.1.1
2025-09-04 18:16:02,994 [WARN] PackLoader:240 - Cannot read IP mode file for STMicroelectronics.FP-ATR-SIGFOX1.3.2.0
2025-09-04 18:16:03,001 [WARN] ConditionMgr:438 - getConditionDescription Invalid condition id : Cortex-A Device cause : null
2025-09-04 18:16:03,024 [WARN] ConditionMgr:1044 - genDependencies : Invalid condition id : Cortex-A Device cause : null
2025-09-04 18:16:03,024 [WARN] ConditionMgr:1044 - genDependencies : Invalid condition id : Cortex-A Device cause : null
2025-09-04 18:16:03,027 [WARN] ConditionMgr:1044 - genDependencies : Invalid condition id : Cortex-A Device cause : null
2025-09-04 18:16:03,039 [WARN] PackLoader:240 - Cannot read IP mode file for STMicroelectronics.X-CUBE-EEPRMA1.5.1.0
2025-09-04 18:16:03,063 [WARN] PackLoader:240 - Cannot read IP mode file for ITTIA_DB.I-CUBE-ITTIADB.8.9.0
2025-09-04 18:16:03,075 [WARN] PackLoader:240 - Cannot read IP mode file for STMicroelectronics.X-CUBE-ST67W61.1.0.0
2025-09-04 18:16:03,081 [WARN] PackLoader:240 - Cannot read IP mode file for STMicroelectronics.X-CUBE-AI.10.2.0
2025-09-04 18:16:03,112 [WARN] PackLoader:240 - Cannot read IP mode file for SEGGER.I-CUBE-embOS.1.3.1
2025-09-04 18:16:03,151 [WARN] PackLoader:240 - Cannot read IP mode file for STMicroelectronics.X-CUBE-ALGOBUILD.1.4.0
2025-09-04 18:16:03,195 [WARN] PackLoader:240 - Cannot read IP mode file for STMicroelectronics.X-CUBE-MEMS1.11.3.0
2025-09-04 18:16:03,382 [WARN] PackLoader:240 - Cannot read IP mode file for STMicroelectronics.X-CUBE-AI.9.1.0
2025-09-04 18:16:03,393 [WARN] PackLoader:240 - Cannot read IP mode file for STMicroelectronics.X-CUBE-PM33A1.1.0.0
2025-09-04 18:16:03,408 [WARN] PackLoader:240 - Cannot read IP mode file for STMicroelectronics.X-CUBE-GNSS1.6.0.0
2025-09-04 18:16:03,443 [WARN] PackLoader:240 - Cannot read IP mode file for STMicroelectronics.X-CUBE-AZRTOS-F4.1.1.0
2025-09-04 18:16:03,455 [WARN] PackLoader:240 - Cannot read IP mode file for Avnet-IotConnect.X-CUBE-IoTC-DA16k-PMOD.1.0.0
2025-09-04 18:16:03,461 [WARN] PackLoader:240 - Cannot read IP mode file for STMicroelectronics.X-CUBE-ISPU.2.1.0
2025-09-04 18:16:03,468 [WARN] PackLoader:240 - Cannot read IP mode file for STMicroelectronics.X-CUBE-FREERTOS.1.2.0
2025-09-04 18:16:03,472 [WARN] PackLoader:240 - Cannot read IP mode file for wolfSSL.I-CUBE-wolfSSL.5.6.6
2025-09-04 18:16:03,480 [WARN] PackLoader:240 - Cannot read IP mode file for STMicroelectronics.X-CUBE-NFC12.1.0.0
2025-09-04 18:16:03,495 [WARN] PackLoader:240 - Cannot read IP mode file for STMicroelectronics.X-CUBE-AZRTOS-L5.2.0.0
2025-09-04 18:16:03,503 [WARN] PackLoader:240 - Cannot read IP mode file for STMicroelectronics.X-CUBE-NFC6.3.1.0
2025-09-04 18:16:03,508 [WARN] PackLoader:240 - Cannot read IP mode file for ITTIA_DB.I-CUBE-ITTIADB.8.8.0
2025-09-04 18:16:03,512 [WARN] PackLoader:240 - Cannot read IP mode file for STMicroelectronics.X-CUBE-DPower.1.2.0
2025-09-04 18:16:03,516 [WARN] PackLoader:240 - Cannot read IP mode file for STMicroelectronics.X-CUBE-AI.9.0.0
2025-09-04 18:16:03,520 [WARN] PackLoader:240 - Cannot read IP mode file for STMicroelectronics.X-CUBE-FREERTOS.1.3.1
2025-09-04 18:16:03,524 [WARN] PackLoader:240 - Cannot read IP mode file for STMicroelectronics.X-CUBE-FREERTOS.1.3.0
2025-09-04 18:16:03,528 [WARN] PackLoader:240 - Cannot read IP mode file for STMicroelectronics.X-CUBE-NFC7.1.0.1
2025-09-04 18:16:03,531 [WARN] PackLoader:240 - Cannot read IP mode file for wolfSSL.I-CUBE-wolfTPM.3.2.0
2025-09-04 18:16:03,536 [WARN] PackLoader:240 - Cannot read IP mode file for STMicroelectronics.X-CUBE-NFC6.3.0.0
2025-09-04 18:16:03,545 [WARN] PackLoader:240 - Cannot read IP mode file for STMicroelectronics.FP-SNS-STAIOTCFT.1.0.0
2025-09-04 18:16:03,548 [WARN] PackLoader:240 - Cannot read IP mode file for STMicroelectronics.X-CUBE-DPower.1.3.0
2025-09-04 18:16:03,558 [WARN] PackLoader:240 - Cannot read IP mode file for STMicroelectronics.X-CUBE-AI.8.1.0
2025-09-04 18:16:03,581 [WARN] ConditionMgr:438 - getConditionDescription Invalid condition id : LAN8742 Phy interface Condition cause : null
2025-09-04 18:16:03,582 [WARN] PackLoader:240 - Cannot read IP mode file for STMicroelectronics.X-CUBE-AZRTOS-L4.2.0.0
2025-09-04 18:16:03,583 [WARN] ConditionMgr:1044 - genDependencies : Invalid condition id : LAN8742 Phy interface Condition cause : null
2025-09-04 18:16:03,584 [WARN] ConditionMgr:1044 - genDependencies : Invalid condition id : LAN8742 Phy interface Condition cause : null
2025-09-04 18:16:03,584 [WARN] ConditionMgr:1044 - genDependencies : Invalid condition id : LAN8742 Phy interface Condition cause : null
2025-09-04 18:16:03,593 [WARN] PackLoader:240 - Cannot read IP mode file for STMicroelectronics.X-CUBE-SFXS2LP1.4.0.0
2025-09-04 18:16:03,612 [WARN] PackLoader:240 - Cannot read IP mode file for STMicroelectronics.X-CUBE-AZRTOS-H7.3.3.0
2025-09-04 18:16:03,633 [WARN] PackLoader:240 - Cannot read IP mode file for STMicroelectronics.X-CUBE-BLEMGR.4.1.0
2025-09-04 18:16:03,649 [WARN] PackLoader:240 - Cannot read IP mode file for STMicroelectronics.X-CUBE-IPS.3.0.0
2025-09-04 18:16:03,668 [WARN] ConditionMgr:438 - getConditionDescription Invalid condition id : UX DEVICE CLASS RTOS Condition cause : null
2025-09-04 18:16:03,668 [WARN] ConditionMgr:438 - getConditionDescription Invalid condition id : UX DEVICE CLASS RTOS Condition cause : null
2025-09-04 18:16:03,670 [WARN] PackLoader:240 - Cannot read IP mode file for STMicroelectronics.X-CUBE-AZRTOS-WB.2.0.0
2025-09-04 18:16:03,671 [WARN] ConditionMgr:1044 - genDependencies : Invalid condition id : UX DEVICE CLASS RTOS Condition cause : null
2025-09-04 18:16:03,671 [WARN] ConditionMgr:1044 - genDependencies : Invalid condition id : UX DEVICE CLASS RTOS Condition cause : null
2025-09-04 18:16:03,671 [WARN] ConditionMgr:1044 - genDependencies : Invalid condition id : UX DEVICE CLASS RTOS Condition cause : null
2025-09-04 18:16:03,671 [WARN] ConditionMgr:1044 - genDependencies : Invalid condition id : UX DEVICE CLASS RTOS Condition cause : null
2025-09-04 18:16:03,672 [WARN] ConditionMgr:1044 - genDependencies : Invalid condition id : UX DEVICE CLASS RTOS Condition cause : null
2025-09-04 18:16:03,677 [WARN] PackLoader:240 - Cannot read IP mode file for STMicroelectronics.X-CUBE-GNSS1.7.0.0
2025-09-04 18:16:03,682 [WARN] PackLoader:240 - Cannot read IP mode file for STMicroelectronics.X-CUBE-GNSS1.7.0.1
2025-09-04 18:16:03,685 [WARN] PackLoader:240 - Cannot read IP mode file for STMicroelectronics.X-CUBE-TOUCHGFX.4.25.0
2025-09-04 18:16:03,690 [WARN] PackLoader:240 - Cannot read IP mode file for STMicroelectronics.FP-SNS-STBOX1.2.0.0
2025-09-04 18:16:03,698 [WARN] PackLoader:240 - Cannot read IP mode file for STMicroelectronics.X-CUBE-SUBG2.5.0.0
2025-09-04 18:16:03,719 [WARN] PackLoader:240 - Cannot read IP mode file for STMicroelectronics.X-CUBE-AZRTOS-H7RS.1.1.0
2025-09-04 18:16:03,726 [WARN] PackLoader:240 - Cannot read IP mode file for Cesanta.I-CUBE-Mongoose.7.13.0
2025-09-04 18:16:03,740 [WARN] PackLoader:240 - Cannot read IP mode file for STMicroelectronics.X-CUBE-AZRTOS-G4.2.0.0
2025-09-04 18:16:03,751 [WARN] PackLoader:240 - Cannot read IP mode file for Infineon.AIROC-Wi-Fi-Bluetooth-STM32.1.5.1
2025-09-04 18:16:03,756 [WARN] PackLoader:240 - Cannot read IP mode file for wolfSSL.I-CUBE-wolfSSH.1.4.20
2025-09-04 18:16:03,760 [WARN] PackLoader:240 - Cannot read IP mode file for STMicroelectronics.X-CUBE-NFC7.2.0.0
2025-09-04 18:16:03,763 [WARN] PackLoader:240 - Cannot read IP mode file for STMicroelectronics.FP-SNS-MOTENVWB1.1.3.1
2025-09-04 18:16:03,766 [WARN] PackLoader:240 - Cannot read IP mode file for STMicroelectronics.X-CUBE-ISPU.2.0.0
2025-09-04 18:16:03,774 [WARN] PackLoader:240 - Cannot read IP mode file for STMicroelectronics.X-CUBE-IPS.3.1.0
2025-09-04 18:16:03,788 [WARN] PackLoader:240 - Cannot read IP mode file for STMicroelectronics.X-CUBE-ALS.1.0.2
2025-09-04 18:16:03,820 [WARN] PackLoader:240 - Cannot read IP mode file for STMicroelectronics.X-CUBE-MEMS1.10.0.0
2025-09-04 18:16:03,977 [WARN] PackLoader:240 - Cannot read IP mode file for STMicroelectronics.X-CUBE-FREERTOS.1.1.0
2025-09-04 18:16:03,981 [WARN] PackLoader:240 - Cannot read IP mode file for STMicroelectronics.X-CUBE-TOUCHGFX.4.24.0
2025-09-04 18:16:03,986 [WARN] PackLoader:240 - Cannot read IP mode file for STMicroelectronics.X-CUBE-TOUCHGFX.4.24.2
2025-09-04 18:16:03,989 [WARN] PackLoader:240 - Cannot read IP mode file for STMicroelectronics.X-CUBE-TOUCHGFX.4.24.1
2025-09-04 18:16:03,997 [WARN] PackLoader:240 - Cannot read IP mode file for portGmbH.I-Cube-SoM-uGOAL.1.1.0
2025-09-04 18:16:04,003 [WARN] PackLoader:240 - Cannot read IP mode file for STMicroelectronics.X-CUBE-ALS.1.0.1
2025-09-04 18:16:04,039 [WARN] PackLoader:240 - Cannot read IP mode file for STMicroelectronics.X-CUBE-AZRTOS-H7RS.1.0.0
2025-09-04 18:16:04,046 [WARN] PackLoader:240 - Cannot read IP mode file for STMicroelectronics.FP-ATR-ASTRA1.2.0.0
2025-09-04 18:16:04,059 [WARN] PackLoader:240 - Cannot read IP mode file for STMicroelectronics.X-CUBE-TOF1.3.4.2
2025-09-04 18:16:04,084 [WARN] PackLoader:240 - Cannot read IP mode file for STMicroelectronics.X-CUBE-TOF1.3.4.3
2025-09-04 18:16:04,103 [WARN] PackLoader:240 - Cannot read IP mode file for STMicroelectronics.X-CUBE-TOF1.3.4.0
2025-09-04 18:16:04,122 [WARN] PackLoader:240 - Cannot read IP mode file for STMicroelectronics.X-CUBE-TOF1.3.4.1
2025-09-04 18:16:04,148 [WARN] PackLoader:240 - Cannot read IP mode file for STMicroelectronics.X-CUBE-AZRTOS-H7.3.2.0
2025-09-04 18:16:04,153 [WARN] PackLoader:240 - Cannot read IP mode file for wolfSSL.I-CUBE-wolfSSH.1.4.17
2025-09-04 18:16:04,155 [INFO] ThirdParty:978 - Integrity check success = true
2025-09-04 18:16:04,155 [INFO] IntegrityCheckThread:100 - exiting critical section [integrity check]
2025-09-04 18:16:04,155 [INFO] IntegrityCheckThread:103 - End integrity checks thread
2025-09-04 19:02:29,767 [INFO] LogOutputStream:77 - [STDOUT_REDIRECT] StartTraceHandler.execute(), success : Collect=false
2025-09-04 19:02:32,350 [INFO] LogOutputStream:77 - [STDOUT_REDIRECT] StartTraceHandler.execute(), success : Collect=true
2025-09-04 20:14:55,442 [INFO] LogOutputStream:77 - [STDOUT_REDIRECT] StartTraceHandler.execute(), success : Collect=false
2025-09-04 20:14:58,175 [INFO] LogOutputStream:77 - [STDOUT_REDIRECT] StartTraceHandler.execute(), success : Collect=true
2025-09-04 23:02:07,144 [ERROR] LogOutputStream:75 - [STDERR_REDIRECT] 
