16:54:25 **** Incremental Build of configuration Debug for project Protocols ****
make -j12 all 
arm-none-eabi-gcc "../Src/main.c" -mcpu=cortex-m4 -std=gnu11 -g3 -DDEBUG -DSTM32 -DSTM32F407G_DISC1 -DSTM32F4 -DSTM32F407VGTx -c -I../Inc -I"C:/Users/ADMIN/Desktop/Protocols/Protocols/Drivers/inc" -O0 -ffunction-sections -fdata-sections -Wall -fstack-usage -fcyclomatic-complexity -MMD -MP -MF"Src/main.d" -MT"Src/main.o" --specs=nano.specs -mfpu=fpv4-sp-d16 -mfloat-abi=hard -mthumb -o "Src/main.o"
../Src/main.c: In function 'main':
../Src/main.c:17:17: warning: implicit declaration of function 'GPIO_TOGGLE' [-Wimplicit-function-declaration]
   17 |                 GPIO_TOGGLE(GPIOD, GPIO_PIN_13);
      |                 ^~~~~~~~~~~
arm-none-eabi-gcc -o "Protocols.elf" @"objects.list"   -mcpu=cortex-m4 -T"C:\Users\ADMIN\Desktop\Protocols\Protocols\STM32F407VGTX_FLASH.ld" --specs=nosys.specs -Wl,-Map="Protocols.map" -Wl,--gc-sections -static --specs=nano.specs -mfpu=fpv4-sp-d16 -mfloat-abi=hard -mthumb -Wl,--start-group -lc -lm -Wl,--end-group
D:/STM32CubeIDE_1.18.1/STM32CubeIDE/plugins/com.st.stm32cube.ide.mcu.externaltools.gnu-tools-for-stm32.13.3.rel1.win32_1.0.0.202411081344/tools/bin/../lib/gcc/arm-none-eabi/13.3.1/../../../../arm-none-eabi/bin/ld.exe: warning: Protocols.elf has a LOAD segment with RWX permissions
Finished building target: Protocols.elf
 
arm-none-eabi-size  Protocols.elf 
arm-none-eabi-objdump -h -S Protocols.elf  > "Protocols.list"
   text	   data	    bss	    dec	    hex	filename
   1584	      8	   1576	   3168	    c60	Protocols.elf
Finished building: default.size.stdout
 
Finished building: Protocols.list
 
16:54:44 **** Incremental Build of configuration Debug for project Protocols ****
make -j12 all 
arm-none-eabi-gcc "../Src/main.c" -mcpu=cortex-m4 -std=gnu11 -g3 -DDEBUG -DSTM32 -DSTM32F407G_DISC1 -DSTM32F4 -DSTM32F407VGTx -c -I../Inc -I"C:/Users/ADMIN/Desktop/Protocols/Protocols/Drivers/inc" -O0 -ffunction-sections -fdata-sections -Wall -fstack-usage -fcyclomatic-complexity -MMD -MP -MF"Src/main.d" -MT"Src/main.o" --specs=nano.specs -mfpu=fpv4-sp-d16 -mfloat-abi=hard -mthumb -o "Src/main.o"
arm-none-eabi-gcc "../Drivers/src/stm32f4xx_cus_gpio.c" -mcpu=cortex-m4 -std=gnu11 -g3 -DDEBUG -DSTM32 -DSTM32F407G_DISC1 -DSTM32F4 -DSTM32F407VGTx -c -I../Inc -I"C:/Users/ADMIN/Desktop/Protocols/Protocols/Drivers/inc" -O0 -ffunction-sections -fdata-sections -Wall -fstack-usage -fcyclomatic-complexity -MMD -MP -MF"Drivers/src/stm32f4xx_cus_gpio.d" -MT"Drivers/src/stm32f4xx_cus_gpio.o" --specs=nano.specs -mfpu=fpv4-sp-d16 -mfloat-abi=hard -mthumb -o "Drivers/src/stm32f4xx_cus_gpio.o"
arm-none-eabi-gcc -o "Protocols.elf" @"objects.list"   -mcpu=cortex-m4 -T"C:\Users\ADMIN\Desktop\Protocols\Protocols\STM32F407VGTX_FLASH.ld" --specs=nosys.specs -Wl,-Map="Protocols.map" -Wl,--gc-sections -static --specs=nano.specs -mfpu=fpv4-sp-d16 -mfloat-abi=hard -mthumb -Wl,--start-group -lc -lm -Wl,--end-group
D:/STM32CubeIDE_1.18.1/STM32CubeIDE/plugins/com.st.stm32cube.ide.mcu.externaltools.gnu-tools-for-stm32.13.3.rel1.win32_1.0.0.202411081344/tools/bin/../lib/gcc/arm-none-eabi/13.3.1/../../../../arm-none-eabi/bin/ld.exe: warning: Protocols.elf has a LOAD segment with RWX permissions
Finished building target: Protocols.elf
 
arm-none-eabi-size  Protocols.elf 
arm-none-eabi-objdump -h -S Protocols.elf  > "Protocols.list"
   text	   data	    bss	    dec	    hex	filename
   1584	      8	   1576	   3168	    c60	Protocols.elf
Finished building: default.size.stdout
 
Finished building: Protocols.list
 
16:55:15 **** Incremental Build of configuration Debug for project Protocols ****
make -j12 all 
arm-none-eabi-size  Protocols.elf 
   text	   data	    bss	    dec	    hex	filename
   1584	      8	   1576	   3168	    c60	Protocols.elf
Finished building: default.size.stdout
 
16:55:37 **** Incremental Build of configuration Debug for project Protocols ****
make -j12 all 
arm-none-eabi-size  Protocols.elf 
   text	   data	    bss	    dec	    hex	filename
   1584	      8	   1576	   3168	    c60	Protocols.elf
Finished building: default.size.stdout
 
17:00:30 **** Incremental Build of configuration Debug for project Protocols ****
make -j12 all 
arm-none-eabi-gcc "../Src/main.c" -mcpu=cortex-m4 -std=gnu11 -g3 -DDEBUG -DSTM32 -DSTM32F407G_DISC1 -DSTM32F4 -DSTM32F407VGTx -c -I../Inc -I"C:/Users/ADMIN/Desktop/Protocols/Protocols/Drivers/inc" -O0 -ffunction-sections -fdata-sections -Wall -fstack-usage -fcyclomatic-complexity -MMD -MP -MF"Src/main.d" -MT"Src/main.o" --specs=nano.specs -mfpu=fpv4-sp-d16 -mfloat-abi=hard -mthumb -o "Src/main.o"
arm-none-eabi-gcc "../Drivers/src/stm32f4xx_cus_gpio.c" -mcpu=cortex-m4 -std=gnu11 -g3 -DDEBUG -DSTM32 -DSTM32F407G_DISC1 -DSTM32F4 -DSTM32F407VGTx -c -I../Inc -I"C:/Users/ADMIN/Desktop/Protocols/Protocols/Drivers/inc" -O0 -ffunction-sections -fdata-sections -Wall -fstack-usage -fcyclomatic-complexity -MMD -MP -MF"Drivers/src/stm32f4xx_cus_gpio.d" -MT"Drivers/src/stm32f4xx_cus_gpio.o" --specs=nano.specs -mfpu=fpv4-sp-d16 -mfloat-abi=hard -mthumb -o "Drivers/src/stm32f4xx_cus_gpio.o"
arm-none-eabi-gcc -o "Protocols.elf" @"objects.list"   -mcpu=cortex-m4 -T"C:\Users\ADMIN\Desktop\Protocols\Protocols\STM32F407VGTX_FLASH.ld" --specs=nosys.specs -Wl,-Map="Protocols.map" -Wl,--gc-sections -static --specs=nano.specs -mfpu=fpv4-sp-d16 -mfloat-abi=hard -mthumb -Wl,--start-group -lc -lm -Wl,--end-group
D:/STM32CubeIDE_1.18.1/STM32CubeIDE/plugins/com.st.stm32cube.ide.mcu.externaltools.gnu-tools-for-stm32.13.3.rel1.win32_1.0.0.202411081344/tools/bin/../lib/gcc/arm-none-eabi/13.3.1/../../../../arm-none-eabi/bin/ld.exe: warning: Protocols.elf has a LOAD segment with RWX permissions
Finished building target: Protocols.elf
 
arm-none-eabi-size  Protocols.elf 
arm-none-eabi-objdump -h -S Protocols.elf  > "Protocols.list"
   text	   data	    bss	    dec	    hex	filename
   1584	      8	   1576	   3168	    c60	Protocols.elf
Finished building: default.size.stdout
 
Finished building: Protocols.list
 
17:02:30 **** Incremental Build of configuration Debug for project Protocols ****
make -j12 all 
arm-none-eabi-size  Protocols.elf 
   text	   data	    bss	    dec	    hex	filename
   1584	      8	   1576	   3168	    c60	Protocols.elf
Finished building: default.size.stdout
 
17:02:42 **** Incremental Build of configuration Debug for project Protocols ****
make -j12 all 
arm-none-eabi-size  Protocols.elf 
   text	   data	    bss	    dec	    hex	filename
   1584	      8	   1576	   3168	    c60	Protocols.elf
Finished building: default.size.stdout
 
17:03:50 **** Incremental Build of configuration Debug for project Protocols ****
make -j12 all 
arm-none-eabi-gcc "../Drivers/src/stm32f4xx_cus_gpio.c" -mcpu=cortex-m4 -std=gnu11 -g3 -DDEBUG -DSTM32 -DSTM32F407G_DISC1 -DSTM32F4 -DSTM32F407VGTx -c -I../Inc -I"C:/Users/ADMIN/Desktop/Protocols/Protocols/Drivers/inc" -O0 -ffunction-sections -fdata-sections -Wall -fstack-usage -fcyclomatic-complexity -MMD -MP -MF"Drivers/src/stm32f4xx_cus_gpio.d" -MT"Drivers/src/stm32f4xx_cus_gpio.o" --specs=nano.specs -mfpu=fpv4-sp-d16 -mfloat-abi=hard -mthumb -o "Drivers/src/stm32f4xx_cus_gpio.o"
../Drivers/src/stm32f4xx_cus_gpio.c: In function 'GPIO_OUTPUT':
../Drivers/src/stm32f4xx_cus_gpio.c:79:54: warning: suggest parentheses around '+' inside '<<' [-Wparentheses]
   79 |                 gpiox->BSRR |= (HIGH << Shift_16_pos + gpio_pins);
arm-none-eabi-gcc -o "Protocols.elf" @"objects.list"   -mcpu=cortex-m4 -T"C:\Users\ADMIN\Desktop\Protocols\Protocols\STM32F407VGTX_FLASH.ld" --specs=nosys.specs -Wl,-Map="Protocols.map" -Wl,--gc-sections -static --specs=nano.specs -mfpu=fpv4-sp-d16 -mfloat-abi=hard -mthumb -Wl,--start-group -lc -lm -Wl,--end-group
D:/STM32CubeIDE_1.18.1/STM32CubeIDE/plugins/com.st.stm32cube.ide.mcu.externaltools.gnu-tools-for-stm32.13.3.rel1.win32_1.0.0.202411081344/tools/bin/../lib/gcc/arm-none-eabi/13.3.1/../../../../arm-none-eabi/bin/ld.exe: warning: Protocols.elf has a LOAD segment with RWX permissions
Finished building target: Protocols.elf
 
arm-none-eabi-size  Protocols.elf 
arm-none-eabi-objdump -h -S Protocols.elf  > "Protocols.list"
   text	   data	    bss	    dec	    hex	filename
   1584	      8	   1576	   3168	    c60	Protocols.elf
Finished building: default.size.stdout
 
Finished building: Protocols.list
 
17:08:08 **** Incremental Build of configuration Debug for project Protocols ****
make -j12 all 
arm-none-eabi-gcc "../Src/main.c" -mcpu=cortex-m4 -std=gnu11 -g3 -DDEBUG -DSTM32 -DSTM32F407G_DISC1 -DSTM32F4 -DSTM32F407VGTx -c -I../Inc -I"C:/Users/ADMIN/Desktop/Protocols/Protocols/Drivers/inc" -O0 -ffunction-sections -fdata-sections -Wall -fstack-usage -fcyclomatic-complexity -MMD -MP -MF"Src/main.d" -MT"Src/main.o" --specs=nano.specs -mfpu=fpv4-sp-d16 -mfloat-abi=hard -mthumb -o "Src/main.o"
../Src/main.c: In function 'main':
../Src/main.c:9:17: warning: variable 'read_input' set but not used [-Wunused-but-set-variable]
    9 |         uint8_t read_input = 0;
      |                 ^~~~~~~~~~
arm-none-eabi-gcc -o "Protocols.elf" @"objects.list"   -mcpu=cortex-m4 -T"C:\Users\ADMIN\Desktop\Protocols\Protocols\STM32F407VGTX_FLASH.ld" --specs=nosys.specs -Wl,-Map="Protocols.map" -Wl,--gc-sections -static --specs=nano.specs -mfpu=fpv4-sp-d16 -mfloat-abi=hard -mthumb -Wl,--start-group -lc -lm -Wl,--end-group
D:/STM32CubeIDE_1.18.1/STM32CubeIDE/plugins/com.st.stm32cube.ide.mcu.externaltools.gnu-tools-for-stm32.13.3.rel1.win32_1.0.0.202411081344/tools/bin/../lib/gcc/arm-none-eabi/13.3.1/../../../../arm-none-eabi/bin/ld.exe: warning: Protocols.elf has a LOAD segment with RWX permissions
Finished building target: Protocols.elf
 
arm-none-eabi-size  Protocols.elf 
arm-none-eabi-objdump -h -S Protocols.elf  > "Protocols.list"
   text	   data	    bss	    dec	    hex	filename
   1684	      8	   1576	   3268	    cc4	Protocols.elf
Finished building: default.size.stdout
 
Finished building: Protocols.list
 
17:10:34 **** Incremental Build of configuration Debug for project Protocols ****
make -j12 all 
arm-none-eabi-gcc "../Src/main.c" -mcpu=cortex-m4 -std=gnu11 -g3 -DDEBUG -DSTM32 -DSTM32F407G_DISC1 -DSTM32F4 -DSTM32F407VGTx -c -I../Inc -I"C:/Users/ADMIN/Desktop/Protocols/Protocols/Drivers/inc" -O0 -ffunction-sections -fdata-sections -Wall -fstack-usage -fcyclomatic-complexity -MMD -MP -MF"Src/main.d" -MT"Src/main.o" --specs=nano.specs -mfpu=fpv4-sp-d16 -mfloat-abi=hard -mthumb -o "Src/main.o"
arm-none-eabi-gcc -o "Protocols.elf" @"objects.list"   -mcpu=cortex-m4 -T"C:\Users\ADMIN\Desktop\Protocols\Protocols\STM32F407VGTX_FLASH.ld" --specs=nosys.specs -Wl,-Map="Protocols.map" -Wl,--gc-sections -static --specs=nano.specs -mfpu=fpv4-sp-d16 -mfloat-abi=hard -mthumb -Wl,--start-group -lc -lm -Wl,--end-group
D:/STM32CubeIDE_1.18.1/STM32CubeIDE/plugins/com.st.stm32cube.ide.mcu.externaltools.gnu-tools-for-stm32.13.3.rel1.win32_1.0.0.202411081344/tools/bin/../lib/gcc/arm-none-eabi/13.3.1/../../../../arm-none-eabi/bin/ld.exe: warning: Protocols.elf has a LOAD segment with RWX permissions
Finished building target: Protocols.elf
 
arm-none-eabi-size  Protocols.elf 
arm-none-eabi-objdump -h -S Protocols.elf  > "Protocols.list"
   text	   data	    bss	    dec	    hex	filename
   1688	      8	   1584	   3280	    cd0	Protocols.elf
Finished building: default.size.stdout
 
Finished building: Protocols.list
 
17:14:43 **** Incremental Build of configuration Debug for project Protocols ****
make -j12 all 
arm-none-eabi-gcc "../Src/main.c" -mcpu=cortex-m4 -std=gnu11 -g3 -DDEBUG -DSTM32 -DSTM32F407G_DISC1 -DSTM32F4 -DSTM32F407VGTx -c -I../Inc -I"C:/Users/ADMIN/Desktop/Protocols/Protocols/Drivers/inc" -O0 -ffunction-sections -fdata-sections -Wall -fstack-usage -fcyclomatic-complexity -MMD -MP -MF"Src/main.d" -MT"Src/main.o" --specs=nano.specs -mfpu=fpv4-sp-d16 -mfloat-abi=hard -mthumb -o "Src/main.o"
arm-none-eabi-gcc -o "Protocols.elf" @"objects.list"   -mcpu=cortex-m4 -T"C:\Users\ADMIN\Desktop\Protocols\Protocols\STM32F407VGTX_FLASH.ld" --specs=nosys.specs -Wl,-Map="Protocols.map" -Wl,--gc-sections -static --specs=nano.specs -mfpu=fpv4-sp-d16 -mfloat-abi=hard -mthumb -Wl,--start-group -lc -lm -Wl,--end-group
D:/STM32CubeIDE_1.18.1/STM32CubeIDE/plugins/com.st.stm32cube.ide.mcu.externaltools.gnu-tools-for-stm32.13.3.rel1.win32_1.0.0.202411081344/tools/bin/../lib/gcc/arm-none-eabi/13.3.1/../../../../arm-none-eabi/bin/ld.exe: warning: Protocols.elf has a LOAD segment with RWX permissions
Finished building target: Protocols.elf
 
arm-none-eabi-size  Protocols.elf 
arm-none-eabi-objdump -h -S Protocols.elf  > "Protocols.list"
   text	   data	    bss	    dec	    hex	filename
   1740	      8	   1584	   3332	    d04	Protocols.elf
Finished building: default.size.stdout
 
Finished building: Protocols.list
 
