08:33:30 **** Incremental Build of configuration Debug for project Protocols ****
make -j12 all 
arm-none-eabi-gcc "../Src/UART_Send_Receive.c" -mcpu=cortex-m4 -std=gnu11 -g3 -DDEBUG -DSTM32 -DSTM32F407G_DISC1 -DSTM32F4 -DSTM32F407VGTx -c -I../Inc -I"C:/Users/ADMIN/Desktop/Protocols/Protocols/Drivers/inc" -O0 -ffunction-sections -fdata-sections -Wall -fstack-usage -fcyclomatic-complexity -MMD -MP -MF"Src/UART_Send_Receive.d" -MT"Src/UART_Send_Receive.o" --specs=nano.specs -mfpu=fpv4-sp-d16 -mfloat-abi=hard -mthumb -o "Src/UART_Send_Receive.o"
arm-none-eabi-gcc "../Drivers/src/stm32f4xx_cus.c" -mcpu=cortex-m4 -std=gnu11 -g3 -DDEBUG -DSTM32 -DSTM32F407G_DISC1 -DSTM32F4 -DSTM32F407VGTx -c -I../Inc -I"C:/Users/ADMIN/Desktop/Protocols/Protocols/Drivers/inc" -O0 -ffunction-sections -fdata-sections -Wall -fstack-usage -fcyclomatic-complexity -MMD -MP -MF"Drivers/src/stm32f4xx_cus.d" -MT"Drivers/src/stm32f4xx_cus.o" --specs=nano.specs -mfpu=fpv4-sp-d16 -mfloat-abi=hard -mthumb -o "Drivers/src/stm32f4xx_cus.o"
arm-none-eabi-gcc "../Drivers/src/stm32f4xx_cus_gpio.c" -mcpu=cortex-m4 -std=gnu11 -g3 -DDEBUG -DSTM32 -DSTM32F407G_DISC1 -DSTM32F4 -DSTM32F407VGTx -c -I../Inc -I"C:/Users/ADMIN/Desktop/Protocols/Protocols/Drivers/inc" -O0 -ffunction-sections -fdata-sections -Wall -fstack-usage -fcyclomatic-complexity -MMD -MP -MF"Drivers/src/stm32f4xx_cus_gpio.d" -MT"Drivers/src/stm32f4xx_cus_gpio.o" --specs=nano.specs -mfpu=fpv4-sp-d16 -mfloat-abi=hard -mthumb -o "Drivers/src/stm32f4xx_cus_gpio.o"
arm-none-eabi-gcc "../Drivers/src/stm32f4xx_cus_i2c.c" -mcpu=cortex-m4 -std=gnu11 -g3 -DDEBUG -DSTM32 -DSTM32F407G_DISC1 -DSTM32F4 -DSTM32F407VGTx -c -I../Inc -I"C:/Users/ADMIN/Desktop/Protocols/Protocols/Drivers/inc" -O0 -ffunction-sections -fdata-sections -Wall -fstack-usage -fcyclomatic-complexity -MMD -MP -MF"Drivers/src/stm32f4xx_cus_i2c.d" -MT"Drivers/src/stm32f4xx_cus_i2c.o" --specs=nano.specs -mfpu=fpv4-sp-d16 -mfloat-abi=hard -mthumb -o "Drivers/src/stm32f4xx_cus_i2c.o"
arm-none-eabi-gcc "../Drivers/src/stm32f4xx_cus_spi.c" -mcpu=cortex-m4 -std=gnu11 -g3 -DDEBUG -DSTM32 -DSTM32F407G_DISC1 -DSTM32F4 -DSTM32F407VGTx -c -I../Inc -I"C:/Users/ADMIN/Desktop/Protocols/Protocols/Drivers/inc" -O0 -ffunction-sections -fdata-sections -Wall -fstack-usage -fcyclomatic-complexity -MMD -MP -MF"Drivers/src/stm32f4xx_cus_spi.d" -MT"Drivers/src/stm32f4xx_cus_spi.o" --specs=nano.specs -mfpu=fpv4-sp-d16 -mfloat-abi=hard -mthumb -o "Drivers/src/stm32f4xx_cus_spi.o"
arm-none-eabi-gcc "../Drivers/src/stm32f4xx_cus_uart.c" -mcpu=cortex-m4 -std=gnu11 -g3 -DDEBUG -DSTM32 -DSTM32F407G_DISC1 -DSTM32F4 -DSTM32F407VGTx -c -I../Inc -I"C:/Users/ADMIN/Desktop/Protocols/Protocols/Drivers/inc" -O0 -ffunction-sections -fdata-sections -Wall -fstack-usage -fcyclomatic-complexity -MMD -MP -MF"Drivers/src/stm32f4xx_cus_uart.d" -MT"Drivers/src/stm32f4xx_cus_uart.o" --specs=nano.specs -mfpu=fpv4-sp-d16 -mfloat-abi=hard -mthumb -o "Drivers/src/stm32f4xx_cus_uart.o"
../Src/UART_Send_Receive.c: In function 'main':
../Src/UART_Send_Receive.c:50:53: warning: pointer targets in passing argument 2 of 'USART_read_IT' differ in signedness [-Wpointer-sign]
   50 |                 while (USART_read_IT(&USART_Handle, rx_buf, strlen(msg[cnt]))
      |                                                     ^~~~~~
      |                                                     |
      |                                                     char *
In file included from C:/Users/ADMIN/Desktop/Protocols/Protocols/Drivers/inc/stm32f4xx_cus.h:214,
                 from ../Src/UART_Send_Receive.c:1:
C:/Users/ADMIN/Desktop/Protocols/Protocols/Drivers/inc/stm32f4xx_cus_uart.h:136:67: note: expected 'uint8_t *' {aka 'unsigned char *'} but argument is of type 'char *'
  136 | uint8_t USART_read_IT(USART_HandleTypedef *usart_handle, uint8_t *data,
      |                                                          ~~~~~~~~~^~~~
arm-none-eabi-gcc -o "Protocols.elf" @"objects.list"   -mcpu=cortex-m4 -T"C:\Users\ADMIN\Desktop\Protocols\Protocols\STM32F407VGTX_FLASH.ld" --specs=nosys.specs -Wl,-Map="Protocols.map" -Wl,--gc-sections -static --specs=nano.specs -mfpu=fpv4-sp-d16 -mfloat-abi=hard -mthumb -Wl,--start-group -lc -lm -Wl,--end-group
D:/STM32CubeIDE_1.18.1/STM32CubeIDE/plugins/com.st.stm32cube.ide.mcu.externaltools.gnu-tools-for-stm32.13.3.rel1.win32_1.0.0.202411081344/tools/bin/../lib/gcc/arm-none-eabi/13.3.1/../../../../arm-none-eabi/bin/ld.exe: warning: Protocols.elf has a LOAD segment with RWX permissions
Finished building target: Protocols.elf
 
arm-none-eabi-size  Protocols.elf 
arm-none-eabi-objdump -h -S Protocols.elf  > "Protocols.list"
   text	   data	    bss	    dec	    hex	filename
   9108	    112	   2992	  12212	   2fb4	Protocols.elf
Finished building: default.size.stdout
 
Finished building: Protocols.list
 

08:33:31 Build Finished. 0 errors, 2 warnings. (took 644ms)

